#
# There is insufficient memory for the Java Runtime Environment to continue.
# Native memory allocation (malloc) failed to allocate 32744 bytes. Error detail: Chunk::new
# Possible reasons:
#   The system is out of physical RAM or swap space
#   This process is running with CompressedOops enabled, and the Java Heap may be blocking the growth of the native heap
# Possible solutions:
#   Reduce memory load on the system
#   Increase physical memory or swap space
#   Check if swap backing store is full
#   Decrease Java heap size (-Xmx/-Xms)
#   Decrease number of Java threads
#   Decrease Java thread stack sizes (-Xss)
#   Set larger code cache with -XX:ReservedCodeCacheSize=
#   JVM is running with Unscaled Compressed Oops mode in which the Java heap is
#     placed in the first 4GB address space. The Java Heap base address is the
#     maximum limit for the native heap growth. Please use -XX:HeapBaseMinAddress
#     to set the Java Heap base and to place the Java Heap above 4GB virtual address.
# This output file may be truncated or incomplete.
#
#  Out of Memory Error (arena.cpp:168), pid=6732, tid=12976
#
# JRE version: OpenJDK Runtime Environment Temurin-21.0.10+7 (21.0.10+7) (build 21.0.10+7-LTS)
# Java VM: OpenJDK 64-Bit Server VM Temurin-21.0.10+7 (21.0.10+7-LTS, mixed mode, sharing, tiered, compressed oops, compressed class ptrs, parallel gc, windows-amd64)
# No core dump will be written. Minidumps are not enabled by default on client versions of Windows
#

---------------  S U M M A R Y ------------

Command Line: --add-modules=ALL-SYSTEM --add-opens=java.base/java.util=ALL-UNNAMED --add-opens=java.base/java.lang=ALL-UNNAMED --add-opens=java.base/sun.nio.fs=ALL-UNNAMED -Declipse.application=org.eclipse.jdt.ls.core.id1 -Dosgi.bundles.defaultStartLevel=4 -Declipse.product=org.eclipse.jdt.ls.core.product -Djava.import.generatesMetadataFilesAtProjectRoot=false -DDetectVMInstallationsJob.disabled=true -Dfile.encoding=utf8 -XX:+UseParallelGC -XX:GCTimeRatio=4 -XX:AdaptiveSizePolicyWeight=90 -Dsun.zip.disableMemoryMapping=true -Xmx2G -Xms100m -Xlog:disable -javaagent:c:\Users\KHAN\.vscode\extensions\redhat.java-1.53.0-win32-x64\lombok\lombok-1.18.39-4050.jar -XX:+HeapDumpOnOutOfMemoryError -XX:HeapDumpPath=c:\Users\KHAN\AppData\Roaming\Code\User\workspaceStorage\68ccc319445cd5e44a420bc5d8f9fddf\redhat.java -Daether.dependencyCollector.impl=bf c:\Users\KHAN\.vscode\extensions\redhat.java-1.53.0-win32-x64\server\plugins\org.eclipse.equinox.launcher_1.7.100.v20251111-0406.jar -configuration c:\Users\KHAN\AppData\Roaming\Code\User\globalStorage\redhat.java\1.53.0\config_win -data c:\Users\KHAN\AppData\Roaming\Code\User\workspaceStorage\68ccc319445cd5e44a420bc5d8f9fddf\redhat.java\jdt_ws --pipe=\\.\pipe\lsp-cb0fc4fef87dc7f34d990556e2f5e60e-sock

Host: Intel(R) Core(TM) i5-3320M CPU @ 2.60GHz, 4 cores, 7G,  Windows 10 , 64 bit Build 19041 (10.0.19041.5915)
Time: Fri Apr  3 02:49:53 2026 Pakistan Standard Time elapsed time: 26.117331 seconds (0d 0h 0m 26s)

---------------  T H R E A D  ---------------

Current thread (0x0000025ac415d900):  JavaThread "C1 CompilerThread0" daemon [_thread_in_native, id=12976, stack(0x00000071ed500000,0x00000071ed600000) (1024K)]


Current CompileTask:
C1:26117 1834       3       org.eclipse.core.runtime.adaptor.EclipseStarter::searchFor (349 bytes)

Stack: [0x00000071ed500000,0x00000071ed600000]
Native frames: (J=compiled Java code, j=interpreted, Vv=VM code, C=native code)
V  [jvm.dll+0x6d7a39]
V  [jvm.dll+0x8b4b26]
V  [jvm.dll+0x8b70de]
V  [jvm.dll+0x8b77c3]
V  [jvm.dll+0x284346]
V  [jvm.dll+0xc66ed]
V  [jvm.dll+0xc6c31]
V  [jvm.dll+0xd26cd]
V  [jvm.dll+0x193603]
V  [jvm.dll+0x18057e]
V  [jvm.dll+0x16e690]
V  [jvm.dll+0x157327]
V  [jvm.dll+0x156c57]
V  [jvm.dll+0x156e84]
V  [jvm.dll+0x15629c]
V  [jvm.dll+0x15802d]
V  [jvm.dll+0x25b85d]
V  [jvm.dll+0x259dea]
V  [jvm.dll+0x3f857e]
V  [jvm.dll+0x85f59d]
V  [jvm.dll+0x6d626d]
C  [ucrtbase.dll+0x21bb2]
C  [KERNEL32.DLL+0x17374]
C  [ntdll.dll+0x4cc91]


---------------  P R O C E S S  ---------------

Threads class SMR info:
_java_thread_list=0x0000025ae0500650, length=12, elements={
0x0000025ac41f6670, 0x0000025ac42a9400, 0x0000025ac42acd20, 0x0000025ac42adce0,
0x0000025ac40e5c50, 0x0000025ac40e27d0, 0x0000025ac40e34f0, 0x0000025ac40e8920,
0x0000025ac415d900, 0x0000025ac40e2e60, 0x0000025ac40e3b80, 0x0000025ac40e4f30
}

Java Threads: ( => current thread )
  0x0000025ac41f6670 JavaThread "main"                              [_thread_in_native, id=9272, stack(0x00000071eca00000,0x00000071ecb00000) (1024K)]
  0x0000025ac42a9400 JavaThread "Reference Handler"          daemon [_thread_blocked, id=17240, stack(0x00000071ece00000,0x00000071ecf00000) (1024K)]
  0x0000025ac42acd20 JavaThread "Finalizer"                  daemon [_thread_blocked, id=4728, stack(0x00000071ecf00000,0x00000071ed000000) (1024K)]
  0x0000025ac42adce0 JavaThread "Signal Dispatcher"          daemon [_thread_blocked, id=14856, stack(0x00000071ed000000,0x00000071ed100000) (1024K)]
  0x0000025ac40e5c50 JavaThread "Attach Listener"            daemon [_thread_blocked, id=4164, stack(0x00000071ed100000,0x00000071ed200000) (1024K)]
  0x0000025ac40e27d0 JavaThread "Service Thread"             daemon [_thread_blocked, id=6888, stack(0x00000071ed200000,0x00000071ed300000) (1024K)]
  0x0000025ac40e34f0 JavaThread "Monitor Deflation Thread"   daemon [_thread_blocked, id=236, stack(0x00000071ed300000,0x00000071ed400000) (1024K)]
  0x0000025ac40e8920 JavaThread "C2 CompilerThread0"         daemon [_thread_blocked, id=13036, stack(0x00000071ed400000,0x00000071ed500000) (1024K)]
=>0x0000025ac415d900 JavaThread "C1 CompilerThread0"         daemon [_thread_in_native, id=12976, stack(0x00000071ed500000,0x00000071ed600000) (1024K)]
  0x0000025ac40e2e60 JavaThread "Common-Cleaner"             daemon [_thread_blocked, id=20488, stack(0x00000071ed600000,0x00000071ed700000) (1024K)]
  0x0000025ac40e3b80 JavaThread "Notification Thread"        daemon [_thread_blocked, id=11580, stack(0x00000071ed700000,0x00000071ed800000) (1024K)]
  0x0000025ac40e4f30 JavaThread "Active Thread: Equinox Container: 21d3b4c4-ead1-46c1-8c1e-a9e0115ccb1c"        [_thread_blocked, id=5992, stack(0x00000071edb00000,0x00000071edc00000) (1024K)]
Total: 12

Other Threads:
  0x0000025ac428e7f0 VMThread "VM Thread"                           [id=7824, stack(0x00000071ecd00000,0x00000071ece00000) (1024K)]
  0x0000025ac425e9e0 WatcherThread "VM Periodic Task Thread"        [id=4604, stack(0x00000071ecc00000,0x00000071ecd00000) (1024K)]
  0x0000025ac4213570 WorkerThread "GC Thread#0"                     [id=20892, stack(0x00000071ecb00000,0x00000071ecc00000) (1024K)]
  0x0000025ae0467240 WorkerThread "GC Thread#1"                     [id=18720, stack(0x00000071ed800000,0x00000071ed900000) (1024K)]
  0x0000025ae03c3460 WorkerThread "GC Thread#2"                     [id=14660, stack(0x00000071ed900000,0x00000071eda00000) (1024K)]
  0x0000025ae045aff0 WorkerThread "GC Thread#3"                     [id=2768, stack(0x00000071eda00000,0x00000071edb00000) (1024K)]
Total: 6

Threads with active compile tasks:
C1 CompilerThread0  26169 1834       3       org.eclipse.core.runtime.adaptor.EclipseStarter::searchFor (349 bytes)
Total: 1

VM state: not at safepoint (normal execution)

VM Mutex/Monitor currently owned by a thread: None

Heap address: 0x0000000080000000, size: 2048 MB, Compressed Oops mode: 32-bit

CDS archive(s) mapped at: [0x0000025a80000000-0x0000025a80ba0000-0x0000025a80ba0000), size 12189696, SharedBaseAddress: 0x0000025a80000000, ArchiveRelocationMode: 1.
Compressed class space mapped at: 0x0000025a81000000-0x0000025ac1000000, reserved size: 1073741824
Narrow klass base: 0x0000025a80000000, Narrow klass shift: 0, Narrow klass range: 0x100000000

GC Precious Log:
 CardTable entry size: 512
 CPUs: 4 total, 4 available
 Memory: 8095M
 Large Page Support: Disabled
 NUMA Support: Disabled
 Compressed Oops: Enabled (32-bit)
 Alignments: Space 512K, Generation 512K, Heap 2M
 Heap Min Capacity: 100M
 Heap Initial Capacity: 100M
 Heap Max Capacity: 2G
 Pre-touch: Disabled
 Parallel Workers: 4

Heap:
 PSYoungGen      total 29696K, used 28903K [0x00000000d5580000, 0x00000000d7680000, 0x0000000100000000)
  eden space 25600K, 100% used [0x00000000d5580000,0x00000000d6e80000,0x00000000d6e80000)
  from space 4096K, 80% used [0x00000000d6e80000,0x00000000d71b9e98,0x00000000d7280000)
  to   space 4096K, 0% used [0x00000000d7280000,0x00000000d7280000,0x00000000d7680000)
 ParOldGen       total 68608K, used 0K [0x0000000080000000, 0x0000000084300000, 0x00000000d5580000)
  object space 68608K, 0% used [0x0000000080000000,0x0000000080000000,0x0000000084300000)
 Metaspace       used 8010K, committed 8320K, reserved 1114112K
  class space    used 831K, committed 960K, reserved 1048576K

Card table byte_map: [0x0000025ac3b90000,0x0000025ac3fa0000] _byte_map_base: 0x0000025ac3790000

Marking Bits: (ParMarkBitMap*) 0x00007ff87e273450
 Begin Bits: [0x0000025ad66a0000, 0x0000025ad86a0000)
 End Bits:   [0x0000025ad86a0000, 0x0000025ada6a0000)

Polling page: 0x0000025ac20a0000

Metaspace:

Usage:
  Non-class:      7.01 MB used.
      Class:    831.02 KB used.
       Both:      7.82 MB used.

Virtual space:
  Non-class space:       64.00 MB reserved,       7.19 MB ( 11%) committed,  1 nodes.
      Class space:        1.00 GB reserved,     960.00 KB ( <1%) committed,  1 nodes.
             Both:        1.06 GB reserved,       8.12 MB ( <1%) committed. 

Chunk freelists:
   Non-Class:  8.80 MB
       Class:  14.91 MB
        Both:  23.70 MB

MaxMetaspaceSize: unlimited
CompressedClassSpaceSize: 1.00 GB
Initial GC threshold: 21.00 MB
Current GC threshold: 21.00 MB
CDS: on
 - commit_granule_bytes: 65536.
 - commit_granule_words: 8192.
 - virtual_space_node_default_size: 8388608.
 - enlarge_chunks_in_place: 1.
 - use_allocation_guard: 0.


Internal statistics:

num_allocs_failed_limit: 0.
num_arena_births: 228.
num_arena_deaths: 0.
num_vsnodes_births: 2.
num_vsnodes_deaths: 0.
num_space_committed: 130.
num_space_uncommitted: 0.
num_chunks_returned_to_freelist: 0.
num_chunks_taken_from_freelist: 422.
num_chunk_merges: 0.
num_chunk_splits: 269.
num_chunks_enlarged: 179.
num_inconsistent_stats: 0.

CodeHeap 'non-profiled nmethods': size=120000Kb used=761Kb max_used=761Kb free=119238Kb
 bounds [0x0000025aceec0000, 0x0000025acf130000, 0x0000025ad63f0000]
CodeHeap 'profiled nmethods': size=120000Kb used=3445Kb max_used=3445Kb free=116554Kb
 bounds [0x0000025ac73f0000, 0x0000025ac7750000, 0x0000025ace920000]
CodeHeap 'non-nmethods': size=5760Kb used=1214Kb max_used=1234Kb free=4545Kb
 bounds [0x0000025ace920000, 0x0000025aceb90000, 0x0000025aceec0000]
CodeCache: size=245760Kb, used=5420Kb, max_used=5440Kb, free=240337Kb
 total_blobs=2313, nmethods=1831, adapters=389, full_count=0
Compilation: enabled, stopped_count=0, restarted_count=0

Compilation events (20 events):
Event: 11.130 Thread 0x0000025ac415d900 nmethod 1823 0x0000025ac7746910 code [0x0000025ac7746ec0, 0x0000025ac77499f0]
Event: 11.130 Thread 0x0000025ac415d900 1824       1       sun.nio.fs.NativeBuffer::setOwner (6 bytes)
Event: 11.130 Thread 0x0000025ac415d900 nmethod 1824 0x0000025acef7d710 code [0x0000025acef7d8a0, 0x0000025acef7d980]
Event: 11.702 Thread 0x0000025ac415d900 1825       3       org.eclipse.core.runtime.adaptor.EclipseStarter::createURL (6 bytes)
Event: 11.702 Thread 0x0000025ac415d900 nmethod 1825 0x0000025ac774ac10 code [0x0000025ac774adc0, 0x0000025ac774aee8]
Event: 11.702 Thread 0x0000025ac415d900 1826       3       org.eclipse.osgi.storage.url.reference.Handler::parseURL (47 bytes)
Event: 11.703 Thread 0x0000025ac415d900 nmethod 1826 0x0000025ac774af90 code [0x0000025ac774b160, 0x0000025ac774b4a8]
Event: 11.703 Thread 0x0000025ac415d900 1827       3       org.eclipse.equinox.plurl.PlurlStreamHandlerBase::setURL (56 bytes)
Event: 11.703 Thread 0x0000025ac415d900 nmethod 1827 0x0000025ac774b610 code [0x0000025ac774b7e0, 0x0000025ac774bab0]
Event: 12.719 Thread 0x0000025ac415d900 1828       3       org.eclipse.osgi.framework.util.FilePath::hasTrailingSlash (13 bytes)
Event: 12.719 Thread 0x0000025ac415d900 nmethod 1828 0x0000025ac774bc10 code [0x0000025ac774bdc0, 0x0000025ac774bf38]
Event: 21.700 Thread 0x0000025ac415d900 1829       1       sun.nio.fs.NativeBuffer::owner (5 bytes)
Event: 21.700 Thread 0x0000025ac415d900 nmethod 1829 0x0000025acef7de10 code [0x0000025acef7dfa0, 0x0000025acef7e068]
Event: 21.700 Thread 0x0000025ac415d900 1830       3       jdk.internal.misc.Unsafe::checkPrimitivePointer (19 bytes)
Event: 21.702 Thread 0x0000025ac415d900 nmethod 1830 0x0000025ac774c010 code [0x0000025ac774c220, 0x0000025ac774c818]
Event: 21.702 Thread 0x0000025ac415d900 1831       3       jdk.internal.misc.Unsafe::checkPointer (19 bytes)
Event: 21.702 Thread 0x0000025ac415d900 nmethod 1831 0x0000025ac774ca90 code [0x0000025ac774cc60, 0x0000025ac774cfe8]
Event: 22.556 Thread 0x0000025ac415d900 1833       3       java.util.Collections::emptySet (4 bytes)
Event: 22.556 Thread 0x0000025ac415d900 nmethod 1833 0x0000025ac774d190 code [0x0000025ac774d320, 0x0000025ac774d418]
Event: 26.108 Thread 0x0000025ac415d900 1834       3       org.eclipse.core.runtime.adaptor.EclipseStarter::searchFor (349 bytes)

GC Heap History (2 events):
Event: 4.727 GC heap before
{Heap before GC invocations=1 (full 0):
 PSYoungGen      total 29696K, used 25600K [0x00000000d5580000, 0x00000000d7680000, 0x0000000100000000)
  eden space 25600K, 100% used [0x00000000d5580000,0x00000000d6e80000,0x00000000d6e80000)
  from space 4096K, 0% used [0x00000000d7280000,0x00000000d7280000,0x00000000d7680000)
  to   space 4096K, 0% used [0x00000000d6e80000,0x00000000d6e80000,0x00000000d7280000)
 ParOldGen       total 68608K, used 0K [0x0000000080000000, 0x0000000084300000, 0x00000000d5580000)
  object space 68608K, 0% used [0x0000000080000000,0x0000000080000000,0x0000000084300000)
 Metaspace       used 4354K, committed 4608K, reserved 1114112K
  class space    used 474K, committed 576K, reserved 1048576K
}
Event: 4.757 GC heap after
{Heap after GC invocations=1 (full 0):
 PSYoungGen      total 29696K, used 3303K [0x00000000d5580000, 0x00000000d7680000, 0x0000000100000000)
  eden space 25600K, 0% used [0x00000000d5580000,0x00000000d5580000,0x00000000d6e80000)
  from space 4096K, 80% used [0x00000000d6e80000,0x00000000d71b9e98,0x00000000d7280000)
  to   space 4096K, 0% used [0x00000000d7280000,0x00000000d7280000,0x00000000d7680000)
 ParOldGen       total 68608K, used 0K [0x0000000080000000, 0x0000000084300000, 0x00000000d5580000)
  object space 68608K, 0% used [0x0000000080000000,0x0000000080000000,0x0000000084300000)
 Metaspace       used 4354K, committed 4608K, reserved 1114112K
  class space    used 474K, committed 576K, reserved 1048576K
}

Dll operation events (8 events):
Event: 0.023 Loaded shared library c:\Users\KHAN\.vscode\extensions\redhat.java-1.53.0-win32-x64\jre\21.0.10-win32-x86_64\bin\java.dll
Event: 0.571 Loaded shared library c:\Users\KHAN\.vscode\extensions\redhat.java-1.53.0-win32-x64\jre\21.0.10-win32-x86_64\bin\zip.dll
Event: 0.704 Loaded shared library C:\Users\KHAN\.vscode\extensions\redhat.java-1.53.0-win32-x64\jre\21.0.10-win32-x86_64\bin\instrument.dll
Event: 0.792 Loaded shared library C:\Users\KHAN\.vscode\extensions\redhat.java-1.53.0-win32-x64\jre\21.0.10-win32-x86_64\bin\net.dll
Event: 0.797 Loaded shared library C:\Users\KHAN\.vscode\extensions\redhat.java-1.53.0-win32-x64\jre\21.0.10-win32-x86_64\bin\nio.dll
Event: 0.806 Loaded shared library C:\Users\KHAN\.vscode\extensions\redhat.java-1.53.0-win32-x64\jre\21.0.10-win32-x86_64\bin\zip.dll
Event: 1.151 Loaded shared library C:\Users\KHAN\.vscode\extensions\redhat.java-1.53.0-win32-x64\jre\21.0.10-win32-x86_64\bin\jimage.dll
Event: 1.926 Loaded shared library c:\Users\KHAN\.vscode\extensions\redhat.java-1.53.0-win32-x64\jre\21.0.10-win32-x86_64\bin\verify.dll

Deoptimization events (20 events):
Event: 6.139 Thread 0x0000025ac41f6670 DEOPT PACKING pc=0x0000025acef5f9a8 sp=0x00000071ecafe3c0
Event: 6.139 Thread 0x0000025ac41f6670 DEOPT UNPACKING pc=0x0000025ace973aa2 sp=0x00000071ecafe308 mode 2
Event: 6.192 Thread 0x0000025ac41f6670 Uncommon trap: trap_request=0xffffffde fr.pc=0x0000025acef5b2b4 relative=0x00000000000009b4
Event: 6.192 Thread 0x0000025ac41f6670 Uncommon trap: reason=class_check action=maybe_recompile pc=0x0000025acef5b2b4 method=java.util.HashMap.putVal(ILjava/lang/Object;Ljava/lang/Object;ZZ)Ljava/lang/Object; @ 253 c2
Event: 6.192 Thread 0x0000025ac41f6670 DEOPT PACKING pc=0x0000025acef5b2b4 sp=0x00000071ecafe260
Event: 6.192 Thread 0x0000025ac41f6670 DEOPT UNPACKING pc=0x0000025ace973aa2 sp=0x00000071ecafe188 mode 2
Event: 6.197 Thread 0x0000025ac41f6670 Uncommon trap: trap_request=0xffffffde fr.pc=0x0000025acef5b2b4 relative=0x00000000000009b4
Event: 6.197 Thread 0x0000025ac41f6670 Uncommon trap: reason=class_check action=maybe_recompile pc=0x0000025acef5b2b4 method=java.util.HashMap.putVal(ILjava/lang/Object;Ljava/lang/Object;ZZ)Ljava/lang/Object; @ 253 c2
Event: 6.197 Thread 0x0000025ac41f6670 DEOPT PACKING pc=0x0000025acef5b2b4 sp=0x00000071ecafe260
Event: 6.197 Thread 0x0000025ac41f6670 DEOPT UNPACKING pc=0x0000025ace973aa2 sp=0x00000071ecafe188 mode 2
Event: 6.198 Thread 0x0000025ac41f6670 Uncommon trap: trap_request=0xffffffde fr.pc=0x0000025acef0b3fc relative=0x000000000000091c
Event: 6.198 Thread 0x0000025ac41f6670 Uncommon trap: reason=class_check action=maybe_recompile pc=0x0000025acef0b3fc method=java.util.HashMap.putVal(ILjava/lang/Object;Ljava/lang/Object;ZZ)Ljava/lang/Object; @ 253 c2
Event: 6.198 Thread 0x0000025ac41f6670 DEOPT PACKING pc=0x0000025acef0b3fc sp=0x00000071ecafe0c0
Event: 6.198 Thread 0x0000025ac41f6670 DEOPT UNPACKING pc=0x0000025ace973aa2 sp=0x00000071ecafe080 mode 2
Event: 6.336 Thread 0x0000025ac41f6670 DEOPT PACKING pc=0x0000025ac74f098b sp=0x00000071ecafc840
Event: 6.336 Thread 0x0000025ac41f6670 DEOPT UNPACKING pc=0x0000025ace974242 sp=0x00000071ecafbcb8 mode 0
Event: 6.338 Thread 0x0000025ac41f6670 DEOPT PACKING pc=0x0000025ac74ebe86 sp=0x00000071ecafc300
Event: 6.338 Thread 0x0000025ac41f6670 DEOPT UNPACKING pc=0x0000025ace974242 sp=0x00000071ecafb780 mode 0
Event: 6.340 Thread 0x0000025ac41f6670 DEOPT PACKING pc=0x0000025ac74ebe86 sp=0x00000071ecafc550
Event: 6.340 Thread 0x0000025ac41f6670 DEOPT UNPACKING pc=0x0000025ace974242 sp=0x00000071ecafb9d0 mode 0

Classes loaded (20 events):
Event: 6.328 Loading class java/security/KeyStoreException
Event: 6.328 Loading class java/security/KeyStoreException done
Event: 6.401 Loading class java/util/LinkedList$Node
Event: 6.401 Loading class java/util/LinkedList$Node done
Event: 6.401 Loading class java/util/LinkedList$ListItr
Event: 6.402 Loading class java/util/LinkedList$ListItr done
Event: 6.403 Loading class java/lang/Thread$Builder$OfPlatform
Event: 6.404 Loading class java/lang/Thread$Builder
Event: 6.404 Loading class java/lang/Thread$Builder done
Event: 6.404 Loading class java/lang/Thread$Builder$OfPlatform done
Event: 6.404 Loading class java/lang/Thread$Builder$OfVirtual
Event: 6.404 Loading class java/lang/Thread$Builder$OfVirtual done
Event: 6.419 Loading class sun/nio/fs/WindowsChannelFactory
Event: 6.420 Loading class sun/nio/fs/WindowsChannelFactory done
Event: 6.420 Loading class sun/nio/fs/WindowsChannelFactory$1
Event: 6.420 Loading class sun/nio/fs/WindowsChannelFactory$1 done
Event: 6.420 Loading class sun/nio/fs/WindowsChannelFactory$Flags
Event: 6.420 Loading class sun/nio/fs/WindowsChannelFactory$Flags done
Event: 6.420 Loading class sun/nio/ch/FileChannelImpl$Closer
Event: 6.421 Loading class sun/nio/ch/FileChannelImpl$Closer done

Classes unloaded (0 events):
No events

Classes redefined (0 events):
No events

Internal exceptions (20 events):
Event: 3.986 Thread 0x0000025ac41f6670 Exception <a 'java/lang/NoSuchMethodError'{0x00000000d65ffca0}: 'java.lang.Object java.lang.invoke.DirectMethodHandle$Holder.invokeInterface(java.lang.Object, java.lang.Object, int)'> (0x00000000d65ffca0) 
thrown [s\src\hotspot\share\interpreter\linkResolver.cpp, line 773]
Event: 4.443 Thread 0x0000025ac41f6670 Exception <a 'java/lang/NoSuchMethodError'{0x00000000d6a66b18}: 'java.lang.ClassLoader java.lang.ClassLoader.getPlatformClassLoader(java.lang.Class)'> (0x00000000d6a66b18) 
thrown [s\src\hotspot\share\interpreter\linkResolver.cpp, line 773]
Event: 4.760 Thread 0x0000025ac41f6670 Exception <a 'java/lang/ClassNotFoundException'{0x00000000d5588520}: sun/net/www/protocol/c/Handler> (0x00000000d5588520) 
thrown [s\src\hotspot\share\classfile\systemDictionary.cpp, line 312]
Event: 4.761 Thread 0x0000025ac41f6670 Exception <a 'java/lang/ClassNotFoundException'{0x00000000d5589880}: sun/net/www/protocol/c/Handler> (0x00000000d5589880) 
thrown [s\src\hotspot\share\classfile\systemDictionary.cpp, line 312]
Event: 4.761 Thread 0x0000025ac41f6670 Exception <a 'java/lang/ClassNotFoundException'{0x00000000d558a9f8}: sun/net/www/protocol/c/Handler> (0x00000000d558a9f8) 
thrown [s\src\hotspot\share\classfile\systemDictionary.cpp, line 312]
Event: 4.815 Thread 0x0000025ac41f6670 Exception <a 'java/io/FileNotFoundException'{0x00000000d55bc778}> (0x00000000d55bc778) 
thrown [s\src\hotspot\share\prims\jni.cpp, line 520]
Event: 4.971 Thread 0x0000025ac41f6670 Implicit null exception at 0x0000025acef21049 to 0x0000025acef219bc
Event: 4.972 Thread 0x0000025ac41f6670 Implicit null exception at 0x0000025acef2ed1a to 0x0000025acef2ef20
Event: 4.973 Thread 0x0000025ac41f6670 Exception <a 'java/lang/NoSuchMethodError'{0x00000000d56f0570}: 'void java.lang.invoke.DirectMethodHandle$Holder.invokeStatic(java.lang.Object, java.lang.Object, java.lang.Object, java.lang.Object)'> (0x00000000d56f0570) 
thrown [s\src\hotspot\share\interpreter\linkResolver.cpp, line 773]
Event: 4.977 Thread 0x0000025ac41f6670 Implicit null exception at 0x0000025acef2841a to 0x0000025acef28624
Event: 4.977 Thread 0x0000025ac41f6670 Implicit null exception at 0x0000025acef1fdbd to 0x0000025acef1fe41
Event: 5.282 Thread 0x0000025ac41f6670 Exception <a 'java/lang/NoSuchMethodError'{0x00000000d59ca6d0}: 'void java.lang.invoke.DirectMethodHandle$Holder.invokeSpecial(java.lang.Object, java.lang.Object, java.lang.Object)'> (0x00000000d59ca6d0) 
thrown [s\src\hotspot\share\interpreter\linkResolver.cpp, line 773]
Event: 5.933 Thread 0x0000025ac41f6670 Exception <a 'java/lang/NoSuchMethodError'{0x00000000d63dd5a0}: 'int java.lang.invoke.DirectMethodHandle$Holder.invokeVirtual(java.lang.Object, java.lang.Object)'> (0x00000000d63dd5a0) 
thrown [s\src\hotspot\share\interpreter\linkResolver.cpp, line 773]
Event: 6.048 Thread 0x0000025ac41f6670 Exception <a 'java/lang/NoSuchMethodError'{0x00000000d6564270}: 'int java.lang.invoke.DirectMethodHandle$Holder.invokeStaticInit(java.lang.Object, java.lang.Object, java.lang.Object, java.lang.Object)'> (0x00000000d6564270) 
thrown [s\src\hotspot\share\interpreter\linkResolver.cpp, line 773]
Event: 6.050 Thread 0x0000025ac41f6670 Exception <a 'java/lang/IncompatibleClassChangeError'{0x00000000d656c678}: Found class java.lang.Object, but interface was expected> (0x00000000d656c678) 
thrown [s\src\hotspot\share\interpreter\linkResolver.cpp, line 840]
Event: 6.051 Thread 0x0000025ac41f6670 Exception <a 'java/lang/NoSuchMethodError'{0x00000000d6573528}: 'void java.lang.invoke.DirectMethodHandle$Holder.invokeStaticInit(java.lang.Object, java.lang.Object)'> (0x00000000d6573528) 
thrown [s\src\hotspot\share\interpreter\linkResolver.cpp, line 773]
Event: 6.053 Thread 0x0000025ac41f6670 Exception <a 'java/lang/NoSuchMethodError'{0x00000000d657d060}: 'int java.lang.invoke.DirectMethodHandle$Holder.invokeStaticInit(java.lang.Object, java.lang.Object)'> (0x00000000d657d060) 
thrown [s\src\hotspot\share\interpreter\linkResolver.cpp, line 773]
Event: 6.163 Thread 0x0000025ac41f6670 Exception <a 'java/lang/NoSuchMethodError'{0x00000000d67f0210}: 'java.lang.Object java.lang.invoke.DirectMethodHandle$Holder.newInvokeSpecial(java.lang.Object, int, java.lang.Object)'> (0x00000000d67f0210) 
thrown [s\src\hotspot\share\interpreter\linkResolver.cpp, line 773]
Event: 6.259 Thread 0x0000025ac41f6670 Exception <a 'java/lang/ClassNotFoundException'{0x00000000d6a11670}: sun/net/www/protocol/plurl/Handler> (0x00000000d6a11670) 
thrown [s\src\hotspot\share\classfile\systemDictionary.cpp, line 312]
Event: 6.259 Thread 0x0000025ac41f6670 Exception <a 'java/lang/ClassNotFoundException'{0x00000000d6a124f0}: sun/net/www/protocol/plurl/Handler> (0x00000000d6a124f0) 
thrown [s\src\hotspot\share\classfile\systemDictionary.cpp, line 312]

ZGC Phase Switch (0 events):
No events

VM Operations (20 events):
Event: 4.671 Executing non-safepoint VM operation: HandshakeAllThreads (Deoptimize)
Event: 4.671 Executing non-safepoint VM operation: HandshakeAllThreads (Deoptimize) done
Event: 4.671 Executing safepoint VM operation: Cleanup
Event: 4.671 Executing safepoint VM operation: Cleanup done
Event: 4.727 Executing safepoint VM operation: ParallelGCFailedAllocation (Allocation Failure)
Event: 4.757 Executing safepoint VM operation: ParallelGCFailedAllocation (Allocation Failure) done
Event: 5.771 Executing safepoint VM operation: Cleanup
Event: 5.771 Executing safepoint VM operation: Cleanup done
Event: 6.108 Executing non-safepoint VM operation: HandshakeAllThreads (Deoptimize)
Event: 6.131 Executing non-safepoint VM operation: HandshakeAllThreads (Deoptimize) done
Event: 6.146 Executing non-safepoint VM operation: HandshakeAllThreads (Deoptimize)
Event: 6.146 Executing non-safepoint VM operation: HandshakeAllThreads (Deoptimize) done
Event: 6.235 Executing non-safepoint VM operation: HandshakeAllThreads (Deoptimize)
Event: 6.235 Executing non-safepoint VM operation: HandshakeAllThreads (Deoptimize) done
Event: 6.253 Executing non-safepoint VM operation: HandshakeAllThreads (Deoptimize)
Event: 6.253 Executing non-safepoint VM operation: HandshakeAllThreads (Deoptimize) done
Event: 7.256 Executing safepoint VM operation: Cleanup
Event: 7.256 Executing safepoint VM operation: Cleanup done
Event: 8.257 Executing safepoint VM operation: Cleanup
Event: 8.257 Executing safepoint VM operation: Cleanup done

Memory protections (0 events):
No events

Nmethod flushes (0 events):
No events

Events (12 events):
Event: 0.111 Thread 0x0000025ac41f6670 Thread added: 0x0000025ac41f6670
Event: 0.203 Thread 0x0000025ac41f6670 Thread added: 0x0000025ac42a9400
Event: 0.203 Thread 0x0000025ac41f6670 Thread added: 0x0000025ac42acd20
Event: 0.204 Thread 0x0000025ac41f6670 Thread added: 0x0000025ac42adce0
Event: 0.204 Thread 0x0000025ac41f6670 Thread added: 0x0000025ac40e5c50
Event: 0.204 Thread 0x0000025ac41f6670 Thread added: 0x0000025ac40e27d0
Event: 0.204 Thread 0x0000025ac41f6670 Thread added: 0x0000025ac40e34f0
Event: 0.204 Thread 0x0000025ac41f6670 Thread added: 0x0000025ac40e8920
Event: 0.274 Thread 0x0000025ac41f6670 Thread added: 0x0000025ac415d900
Event: 0.708 Thread 0x0000025ac41f6670 Thread added: 0x0000025ac40e2e60
Event: 2.794 Thread 0x0000025ac41f6670 Thread added: 0x0000025ac40e3b80
Event: 6.093 Thread 0x0000025ac41f6670 Thread added: 0x0000025ac40e4f30


Dynamic libraries:
0x00007ff6a56f0000 - 0x00007ff6a56fe000 	c:\Users\KHAN\.vscode\extensions\redhat.java-1.53.0-win32-x64\jre\21.0.10-win32-x86_64\bin\java.exe
0x00007ff8b8f50000 - 0x00007ff8b9148000 	C:\Windows\SYSTEM32\ntdll.dll
0x00007ff8b7770000 - 0x00007ff8b7832000 	C:\Windows\System32\KERNEL32.DLL
0x00007ff8b6750000 - 0x00007ff8b6a46000 	C:\Windows\System32\KERNELBASE.dll
0x00007ff8afce0000 - 0x00007ff8afd74000 	C:\Windows\SYSTEM32\apphelp.dll
0x00007ff8b6be0000 - 0x00007ff8b6ce0000 	C:\Windows\System32\ucrtbase.dll
0x00007ff8ace60000 - 0x00007ff8ace78000 	c:\Users\KHAN\.vscode\extensions\redhat.java-1.53.0-win32-x64\jre\21.0.10-win32-x86_64\bin\jli.dll
0x00007ff8b7840000 - 0x00007ff8b79e1000 	C:\Windows\System32\USER32.dll
0x00007ff8b6a50000 - 0x00007ff8b6a72000 	C:\Windows\System32\win32u.dll
0x00007ff8b7150000 - 0x00007ff8b717b000 	C:\Windows\System32\GDI32.dll
0x00007ff8b6630000 - 0x00007ff8b6749000 	C:\Windows\System32\gdi32full.dll
0x00007ff8b6d70000 - 0x00007ff8b6e0d000 	C:\Windows\System32\msvcp_win.dll
0x00007ff8abff0000 - 0x00007ff8ac00e000 	c:\Users\KHAN\.vscode\extensions\redhat.java-1.53.0-win32-x64\jre\21.0.10-win32-x86_64\bin\VCRUNTIME140.dll
0x00007ff8a7770000 - 0x00007ff8a7a0b000 	C:\Windows\WinSxS\amd64_microsoft.windows.common-controls_6595b64144ccf1df_6.0.19041.6456_none_60b8a6cb71f64256\COMCTL32.dll
0x00007ff8b7200000 - 0x00007ff8b729e000 	C:\Windows\System32\msvcrt.dll
0x00007ff8b6f70000 - 0x00007ff8b6f9f000 	C:\Windows\System32\IMM32.DLL
0x00007ff8b24e0000 - 0x00007ff8b24ec000 	c:\Users\KHAN\.vscode\extensions\redhat.java-1.53.0-win32-x64\jre\21.0.10-win32-x86_64\bin\vcruntime140_1.dll
0x00007ff89f730000 - 0x00007ff89f7bd000 	c:\Users\KHAN\.vscode\extensions\redhat.java-1.53.0-win32-x64\jre\21.0.10-win32-x86_64\bin\msvcp140.dll
0x00007ff87d5b0000 - 0x00007ff87e351000 	c:\Users\KHAN\.vscode\extensions\redhat.java-1.53.0-win32-x64\jre\21.0.10-win32-x86_64\bin\server\jvm.dll
0x00007ff8b7470000 - 0x00007ff8b7521000 	C:\Windows\System32\ADVAPI32.dll
0x00007ff8b72a0000 - 0x00007ff8b733f000 	C:\Windows\System32\sechost.dll
0x00007ff8b7030000 - 0x00007ff8b7150000 	C:\Windows\System32\RPCRT4.dll
0x00007ff8b6a80000 - 0x00007ff8b6aa7000 	C:\Windows\System32\bcrypt.dll
0x00007ff8b7db0000 - 0x00007ff8b7e1b000 	C:\Windows\System32\WS2_32.dll
0x00007ff8b5b70000 - 0x00007ff8b5bbb000 	C:\Windows\SYSTEM32\POWRPROF.dll
0x00007ff8a6d00000 - 0x00007ff8a6d27000 	C:\Windows\SYSTEM32\WINMM.dll
0x00007ff8a6dc0000 - 0x00007ff8a6dca000 	C:\Windows\SYSTEM32\VERSION.dll
0x00007ff8b59e0000 - 0x00007ff8b59f2000 	C:\Windows\SYSTEM32\UMPDC.dll
0x00007ff8b4de0000 - 0x00007ff8b4df2000 	C:\Windows\SYSTEM32\kernel.appcore.dll
0x00007ff8b1f50000 - 0x00007ff8b1f5a000 	c:\Users\KHAN\.vscode\extensions\redhat.java-1.53.0-win32-x64\jre\21.0.10-win32-x86_64\bin\jimage.dll
0x00007ff8b3b80000 - 0x00007ff8b3d81000 	C:\Windows\SYSTEM32\DBGHELP.DLL
0x00007ff8a08e0000 - 0x00007ff8a0914000 	C:\Windows\SYSTEM32\dbgcore.DLL
0x00007ff8b6ce0000 - 0x00007ff8b6d62000 	C:\Windows\System32\bcryptPrimitives.dll
0x00007ff8b3ad0000 - 0x00007ff8b3adf000 	c:\Users\KHAN\.vscode\extensions\redhat.java-1.53.0-win32-x64\jre\21.0.10-win32-x86_64\bin\instrument.dll
0x00007ff8a94d0000 - 0x00007ff8a94f0000 	c:\Users\KHAN\.vscode\extensions\redhat.java-1.53.0-win32-x64\jre\21.0.10-win32-x86_64\bin\java.dll
0x00007ff8b7fd0000 - 0x00007ff8b8740000 	C:\Windows\System32\SHELL32.dll
0x00007ff8b4630000 - 0x00007ff8b4dd5000 	C:\Windows\SYSTEM32\windows.storage.dll
0x00007ff8b79f0000 - 0x00007ff8b7d44000 	C:\Windows\System32\combase.dll
0x00007ff8b6010000 - 0x00007ff8b603b000 	C:\Windows\SYSTEM32\Wldp.dll
0x00007ff8b73a0000 - 0x00007ff8b746d000 	C:\Windows\System32\OLEAUT32.dll
0x00007ff8b8870000 - 0x00007ff8b891d000 	C:\Windows\System32\SHCORE.dll
0x00007ff8b8a40000 - 0x00007ff8b8a9b000 	C:\Windows\System32\shlwapi.dll
0x00007ff8b6510000 - 0x00007ff8b6534000 	C:\Windows\SYSTEM32\profapi.dll
0x00007ff8a9310000 - 0x00007ff8a9328000 	c:\Users\KHAN\.vscode\extensions\redhat.java-1.53.0-win32-x64\jre\21.0.10-win32-x86_64\bin\zip.dll
0x00007ff8b11d0000 - 0x00007ff8b11e0000 	C:\Users\KHAN\.vscode\extensions\redhat.java-1.53.0-win32-x64\jre\21.0.10-win32-x86_64\bin\net.dll
0x00007ff8ae0f0000 - 0x00007ff8ae1fa000 	C:\Windows\SYSTEM32\WINHTTP.dll
0x00007ff8b5d70000 - 0x00007ff8b5dda000 	C:\Windows\system32\mswsock.dll
0x00007ff8a82e0000 - 0x00007ff8a82f6000 	C:\Users\KHAN\.vscode\extensions\redhat.java-1.53.0-win32-x64\jre\21.0.10-win32-x86_64\bin\nio.dll
0x00007ff8afbc0000 - 0x00007ff8afbd0000 	c:\Users\KHAN\.vscode\extensions\redhat.java-1.53.0-win32-x64\jre\21.0.10-win32-x86_64\bin\verify.dll

JVMTI agents:
c:\Users\KHAN\.vscode\extensions\redhat.java-1.53.0-win32-x64\lombok\lombok-1.18.39-4050.jar path:c:\Users\KHAN\.vscode\extensions\redhat.java-1.53.0-win32-x64\jre\21.0.10-win32-x86_64\bin\instrument.dll, loaded, initialized, instrumentlib options:none

dbghelp: loaded successfully - version: 4.0.5 - missing functions: none
symbol engine: initialized successfully - sym options: 0x614 - pdb path: .;c:\Users\KHAN\.vscode\extensions\redhat.java-1.53.0-win32-x64\jre\21.0.10-win32-x86_64\bin;C:\Windows\SYSTEM32;C:\Windows\WinSxS\amd64_microsoft.windows.common-controls_6595b64144ccf1df_6.0.19041.6456_none_60b8a6cb71f64256;c:\Users\KHAN\.vscode\extensions\redhat.java-1.53.0-win32-x64\jre\21.0.10-win32-x86_64\bin\server

VM Arguments:
jvm_args: --add-modules=ALL-SYSTEM --add-opens=java.base/java.util=ALL-UNNAMED --add-opens=java.base/java.lang=ALL-UNNAMED --add-opens=java.base/sun.nio.fs=ALL-UNNAMED -Declipse.application=org.eclipse.jdt.ls.core.id1 -Dosgi.bundles.defaultStartLevel=4 -Declipse.product=org.eclipse.jdt.ls.core.product -Djava.import.generatesMetadataFilesAtProjectRoot=false -DDetectVMInstallationsJob.disabled=true -Dfile.encoding=utf8 -XX:+UseParallelGC -XX:GCTimeRatio=4 -XX:AdaptiveSizePolicyWeight=90 -Dsun.zip.disableMemoryMapping=true -Xmx2G -Xms100m -Xlog:disable -javaagent:c:\Users\KHAN\.vscode\extensions\redhat.java-1.53.0-win32-x64\lombok\lombok-1.18.39-4050.jar -XX:+HeapDumpOnOutOfMemoryError -XX:HeapDumpPath=c:\Users\KHAN\AppData\Roaming\Code\User\workspaceStorage\68ccc319445cd5e44a420bc5d8f9fddf\redhat.java -Daether.dependencyCollector.impl=bf 
java_command: c:\Users\KHAN\.vscode\extensions\redhat.java-1.53.0-win32-x64\server\plugins\org.eclipse.equinox.launcher_1.7.100.v20251111-0406.jar -configuration c:\Users\KHAN\AppData\Roaming\Code\User\globalStorage\redhat.java\1.53.0\config_win -data c:\Users\KHAN\AppData\Roaming\Code\User\workspaceStorage\68ccc319445cd5e44a420bc5d8f9fddf\redhat.java\jdt_ws --pipe=\\.\pipe\lsp-cb0fc4fef87dc7f34d990556e2f5e60e-sock
java_class_path (initial): c:\Users\KHAN\.vscode\extensions\redhat.java-1.53.0-win32-x64\server\plugins\org.eclipse.equinox.launcher_1.7.100.v20251111-0406.jar
Launcher Type: SUN_STANDARD

[Global flags]
    uintx AdaptiveSizePolicyWeight                 = 90                                        {product} {command line}
     intx CICompilerCount                          = 3                                         {product} {ergonomic}
    uintx GCTimeRatio                              = 4                                         {product} {command line}
     bool HeapDumpOnOutOfMemoryError               = true                                   {manageable} {command line}
    ccstr HeapDumpPath                             = c:\Users\KHAN\AppData\Roaming\Code\User\workspaceStorage\68ccc319445cd5e44a420bc5d8f9fddf\redhat.java         {manageable} {command line}
   size_t InitialHeapSize                          = 104857600                                 {product} {command line}
   size_t MaxHeapSize                              = 2147483648                                {product} {command line}
   size_t MaxNewSize                               = 715653120                                 {product} {ergonomic}
   size_t MinHeapDeltaBytes                        = 524288                                    {product} {ergonomic}
   size_t MinHeapSize                              = 104857600                                 {product} {command line}
   size_t NewSize                                  = 34603008                                  {product} {ergonomic}
    uintx NonNMethodCodeHeapSize                   = 5832780                                {pd product} {ergonomic}
    uintx NonProfiledCodeHeapSize                  = 122912730                              {pd product} {ergonomic}
   size_t OldSize                                  = 70254592                                  {product} {ergonomic}
    uintx ProfiledCodeHeapSize                     = 122912730                              {pd product} {ergonomic}
    uintx ReservedCodeCacheSize                    = 251658240                              {pd product} {ergonomic}
     bool SegmentedCodeCache                       = true                                      {product} {ergonomic}
   size_t SoftMaxHeapSize                          = 2147483648                             {manageable} {ergonomic}
     bool UseCompressedOops                        = true                           {product lp64_product} {ergonomic}
     bool UseLargePagesIndividualAllocation        = false                                  {pd product} {ergonomic}
     bool UseParallelGC                            = true                                      {product} {command line}

Logging:
Log output configuration:
 #0: stdout all=off uptime,level,tags foldmultilines=false
 #1: stderr all=off uptime,level,tags foldmultilines=false

Release file:
JAVA_VERSION="21.0.10" 
MODULES="java.base java.compiler java.datatransfer java.xml java.prefs java.desktop java.instrument java.logging java.management java.security.sasl java.naming java.rmi java.management.rmi java.net.http java.scripting java.security.jgss java.transaction.xa java.sql java.sql.rowset java.xml.crypto java.se java.smartcardio jdk.accessibility jdk.internal.jvmstat jdk.attach jdk.charsets jdk.internal.opt jdk.zipfs jdk.compiler jdk.crypto.ec jdk.crypto.cryptoki jdk.crypto.mscapi jdk.dynalink jdk.internal.ed jdk.editpad jdk.hotspot.agent jdk.httpserver jdk.internal.le jdk.internal.vm.ci jdk.internal.vm.compiler jdk.internal.vm.compiler.management jdk.jartool jdk.javadoc jdk.jcmd jdk.management jdk.management.agent jdk.jconsole jdk.jdeps jdk.jdwp.agent jdk.jdi jdk.jfr jdk.jshell jdk.jsobject jdk.jstatd jdk.localedata jdk.management.jfr jdk.naming.dns jdk.naming.rmi jdk.net jdk.nio.mapmode jdk.random jdk.sctp jdk.security.auth jdk.security.jgss jdk.unsupported jdk.unsupported.desktop jdk.xml.dom" 

Environment Variables:
JAVA_HOME=C:\Program Files\Microsoft\jdk-17.0.10.7-hotspot\
PATH=C:\Users\KHAN\AppData\Local\Programs\Microsoft VS Code;C:\Python312\Scripts\;C:\Python312\;C:\Program Files\Microsoft\jdk-17.0.10.7-hotspot\bin;C:\Windows\system32;C:\Windows;C:\Windows\System32\Wbem;C:\Windows\System32\WindowsPowerShell\v1.0\;C:\Windows\System32\OpenSSH\;C:\ProgramData\chocolatey\bin;C:\Program Files\Git\cmd;C:\Users\KHAN\AppData\Local\Android\Sdk\platform-tools;C:\Users\KHAN\AppData\Local\Android\Sdk\tools;C:\Program Files\nodejs\;C:\Program Files (x86)\Microsoft SQL Server\160\Tools\Binn\;C:\Program Files\Microsoft SQL Server\160\Tools\Binn\;C:\Program Files\Microsoft SQL Server\Client SDK\ODBC\170\Tools\Binn\;C:\Program Files\Microsoft SQL Server\160\DTS\Binn\;C:\Program Files\MongoDB\Server\8.2\bin;C:\tools\php85;C:\ProgramData\ComposerSetup\bin;C:\Users\KHAN\AppData\Local\Microsoft\WindowsApps;C:\Users\KHAN\AppData\Local\Programs\Microsoft VS Code\bin;C:\Users\KHAN\AppData\Local\Android\Sdk\platform-tools;C:\Users\KHAN\AppData\Local\Android\Sdk\platform-tools;C:\Users\KHAN\AppData\Roaming\npm;C:\Program Files\mongosh\;C:\Users\KHAN\AppData\Local\Programs\Antigravity\bin;C:\Users\KHAN\AppData\Roaming\Composer\vendor\bin
USERNAME=KHAN
OS=Windows_NT
PROCESSOR_IDENTIFIER=Intel64 Family 6 Model 58 Stepping 9, GenuineIntel
TMP=C:\Users\KHAN\AppData\Local\Temp
TEMP=C:\Users\KHAN\AppData\Local\Temp




Periodic native trim disabled

---------------  S Y S T E M  ---------------

OS:
 Windows 10 , 64 bit Build 19041 (10.0.19041.5915)
OS uptime: 22 days 3:35 hours

CPU: total 4 (initial active 4) (2 cores per cpu, 2 threads per core) family 6 model 58 stepping 9 microcode 0x21, cx8, cmov, fxsr, ht, mmx, sse, sse2, sse3, ssse3, sse4.1, sse4.2, popcnt, tsc, tscinvbit, avx, aes, erms, clmul, vzeroupper, clflush, rdtscp, f16c
Processor Information for the first 4 processors :
  Max Mhz: 2601, Current Mhz: 2300, Mhz Limit: 2288

Memory: 4k page, system-wide physical 8095M (269M free)
TotalPageFile size 23286M (AvailPageFile size 0M)
current process WorkingSet (physical memory assigned to process): 81M, peak: 87M
current process commit charge ("private bytes"): 221M, peak: 226M

vm_info: OpenJDK 64-Bit Server VM (21.0.10+7-LTS) for windows-amd64 JRE (21.0.10+7-LTS), built on 2026-01-20T00:00:00Z by "admin" with MS VC++ 17.12 (VS2022)

END.
