#
# There is insufficient memory for the Java Runtime Environment to continue.
# Native memory allocation (malloc) failed to allocate 241840 bytes. Error detail: Chunk::new
# Possible reasons:
#   The system is out of physical RAM or swap space
#   This process is running with CompressedOops enabled, and the Java Heap may be blocking the growth of the native heap
# Possible solutions:
#   Reduce memory load on the system
#   Increase physical memory or swap space
#   Check if swap backing store is full
#   Decrease Java heap size (-Xmx/-Xms)
#   Decrease number of Java threads
#   Decrease Java thread stack sizes (-Xss)
#   Set larger code cache with -XX:ReservedCodeCacheSize=
#   JVM is running with Unscaled Compressed Oops mode in which the Java heap is
#     placed in the first 4GB address space. The Java Heap base address is the
#     maximum limit for the native heap growth. Please use -XX:HeapBaseMinAddress
#     to set the Java Heap base and to place the Java Heap above 4GB virtual address.
# This output file may be truncated or incomplete.
#
#  Out of Memory Error (arena.cpp:168), pid=16300, tid=508
#
# JRE version: OpenJDK Runtime Environment Temurin-21.0.10+7 (21.0.10+7) (build 21.0.10+7-LTS)
# Java VM: OpenJDK 64-Bit Server VM Temurin-21.0.10+7 (21.0.10+7-LTS, mixed mode, sharing, tiered, compressed oops, compressed class ptrs, parallel gc, windows-amd64)
# No core dump will be written. Minidumps are not enabled by default on client versions of Windows
#

---------------  S U M M A R Y ------------

Command Line: --add-modules=ALL-SYSTEM --add-opens=java.base/java.util=ALL-UNNAMED --add-opens=java.base/java.lang=ALL-UNNAMED --add-opens=java.base/sun.nio.fs=ALL-UNNAMED -Declipse.application=org.eclipse.jdt.ls.core.id1 -Dosgi.bundles.defaultStartLevel=4 -Declipse.product=org.eclipse.jdt.ls.core.product -Djava.import.generatesMetadataFilesAtProjectRoot=false -DDetectVMInstallationsJob.disabled=true -Dfile.encoding=utf8 -XX:+UseParallelGC -XX:GCTimeRatio=4 -XX:AdaptiveSizePolicyWeight=90 -Dsun.zip.disableMemoryMapping=true -Xmx2G -Xms100m -Xlog:disable -javaagent:c:\Users\KHAN\.vscode\extensions\redhat.java-1.54.0-win32-x64\lombok\lombok-1.18.39-4050.jar -XX:+HeapDumpOnOutOfMemoryError -XX:HeapDumpPath=c:\Users\KHAN\AppData\Roaming\Code\User\workspaceStorage\68ccc319445cd5e44a420bc5d8f9fddf\redhat.java -Daether.dependencyCollector.impl=bf c:\Users\KHAN\.vscode\extensions\redhat.java-1.54.0-win32-x64\server\plugins\org.eclipse.equinox.launcher_1.7.100.v20251111-0406.jar -configuration c:\Users\KHAN\AppData\Roaming\Code\User\globalStorage\redhat.java\1.54.0\config_win -data c:\Users\KHAN\AppData\Roaming\Code\User\workspaceStorage\68ccc319445cd5e44a420bc5d8f9fddf\redhat.java\jdt_ws --pipe=\\.\pipe\lsp-cdd9d65edd2161e9fcc0943d37c1f019-sock

Host: Intel(R) Core(TM) i5-3320M CPU @ 2.60GHz, 4 cores, 7G,  Windows 10 , 64 bit Build 19041 (10.0.19041.5915)
Time: Mon Apr 20 09:38:08 2026 Pakistan Standard Time elapsed time: 135.252600 seconds (0d 0h 2m 15s)

---------------  T H R E A D  ---------------

Current thread (0x000001c638de7b70):  JavaThread "C2 CompilerThread0" daemon [_thread_in_native, id=508, stack(0x0000004adc000000,0x0000004adc100000) (1024K)]


Current CompileTask:
C2:135252 8650   !   4       org.eclipse.core.internal.jobs.JobListeners::waitAndSendEvents (445 bytes)

Stack: [0x0000004adc000000,0x0000004adc100000]
Native frames: (J=compiled Java code, j=interpreted, Vv=VM code, C=native code)
V  [jvm.dll+0x6d7a39]
V  [jvm.dll+0x8b4b26]
V  [jvm.dll+0x8b70de]
V  [jvm.dll+0x8b77c3]
V  [jvm.dll+0x284346]
V  [jvm.dll+0xc66ed]
V  [jvm.dll+0xc6c31]
V  [jvm.dll+0x3bec3b]
V  [jvm.dll+0x38b162]
V  [jvm.dll+0x38a5aa]
V  [jvm.dll+0x24c560]
V  [jvm.dll+0x24bb40]
V  [jvm.dll+0x1cb34e]
V  [jvm.dll+0x25b85d]
V  [jvm.dll+0x259dea]
V  [jvm.dll+0x3f857e]
V  [jvm.dll+0x85f59d]
V  [jvm.dll+0x6d626d]
C  [ucrtbase.dll+0x21bb2]
C  [KERNEL32.DLL+0x17374]
C  [ntdll.dll+0x4cc91]


---------------  P R O C E S S  ---------------

Threads class SMR info:
_java_thread_list=0x000001c6985110f0, length=36, elements={
0x000001c636c671d0, 0x000001c638dbe6c0, 0x000001c638dbf470, 0x000001c638dc20e0,
0x000001c638dc4fe0, 0x000001c638de5c50, 0x000001c638de6d30, 0x000001c638de7b70,
0x000001c638e5e490, 0x000001c6916daf50, 0x000001c6917f3130, 0x000001c696545570,
0x000001c696772a30, 0x000001c6965808e0, 0x000001c696269440, 0x000001c638e50c20,
0x000001c696c2b880, 0x000001c696c2ab60, 0x000001c696c2bf10, 0x000001c696c29120,
0x000001c696c297b0, 0x000001c696c29e40, 0x000001c697bfa970, 0x000001c697bfb000,
0x000001c697bfbd20, 0x000001c697bfd760, 0x000001c697bfb690, 0x000001c697bfc3b0,
0x000001c697bfca40, 0x000001c699156630, 0x000001c699154560, 0x000001c699153ed0,
0x000001c699157350, 0x000001c699155910, 0x000001c699154bf0, 0x000001c699150a50
}

Java Threads: ( => current thread )
  0x000001c636c671d0 JavaThread "main"                              [_thread_blocked, id=16920, stack(0x0000004adb500000,0x0000004adb600000) (1024K)]
  0x000001c638dbe6c0 JavaThread "Reference Handler"          daemon [_thread_blocked, id=9664, stack(0x0000004adba00000,0x0000004adbb00000) (1024K)]
  0x000001c638dbf470 JavaThread "Finalizer"                  daemon [_thread_blocked, id=7576, stack(0x0000004adbb00000,0x0000004adbc00000) (1024K)]
  0x000001c638dc20e0 JavaThread "Signal Dispatcher"          daemon [_thread_blocked, id=14032, stack(0x0000004adbc00000,0x0000004adbd00000) (1024K)]
  0x000001c638dc4fe0 JavaThread "Attach Listener"            daemon [_thread_blocked, id=18716, stack(0x0000004adbd00000,0x0000004adbe00000) (1024K)]
  0x000001c638de5c50 JavaThread "Service Thread"             daemon [_thread_blocked, id=3980, stack(0x0000004adbe00000,0x0000004adbf00000) (1024K)]
  0x000001c638de6d30 JavaThread "Monitor Deflation Thread"   daemon [_thread_blocked, id=15748, stack(0x0000004adbf00000,0x0000004adc000000) (1024K)]
=>0x000001c638de7b70 JavaThread "C2 CompilerThread0"         daemon [_thread_in_native, id=508, stack(0x0000004adc000000,0x0000004adc100000) (1024K)]
  0x000001c638e5e490 JavaThread "C1 CompilerThread0"         daemon [_thread_blocked, id=16536, stack(0x0000004adc100000,0x0000004adc200000) (1024K)]
  0x000001c6916daf50 JavaThread "Common-Cleaner"             daemon [_thread_blocked, id=10380, stack(0x0000004adc200000,0x0000004adc300000) (1024K)]
  0x000001c6917f3130 JavaThread "Notification Thread"        daemon [_thread_blocked, id=15036, stack(0x0000004adc300000,0x0000004adc400000) (1024K)]
  0x000001c696545570 JavaThread "Active Thread: Equinox Container: c17f835d-f395-47d4-b392-9afb7786e9e0"        [_thread_blocked, id=692, stack(0x0000004adcb00000,0x0000004adcc00000) (1024K)]
  0x000001c696772a30 JavaThread "Framework Event Dispatcher: Equinox Container: c17f835d-f395-47d4-b392-9afb7786e9e0" daemon [_thread_blocked, id=8432, stack(0x0000004adc400000,0x0000004adc500000) (1024K)]
  0x000001c6965808e0 JavaThread "Start Level: Equinox Container: c17f835d-f395-47d4-b392-9afb7786e9e0" daemon [_thread_blocked, id=6048, stack(0x0000004adc800000,0x0000004adc900000) (1024K)]
  0x000001c696269440 JavaThread "Bundle File Closer"         daemon [_thread_blocked, id=16880, stack(0x0000004adc900000,0x0000004adca00000) (1024K)]
  0x000001c638e50c20 JavaThread "Refresh Thread: Equinox Container: c17f835d-f395-47d4-b392-9afb7786e9e0" daemon [_thread_blocked, id=3452, stack(0x0000004adca00000,0x0000004adcb00000) (1024K)]
  0x000001c696c2b880 JavaThread "SCR Component Actor"        daemon [_thread_blocked, id=16348, stack(0x0000004adcc00000,0x0000004adcd00000) (1024K)]
  0x000001c696c2ab60 JavaThread "Worker-JM"                         [_thread_blocked, id=18264, stack(0x0000004adce00000,0x0000004adcf00000) (1024K)]
  0x000001c696c2bf10 JavaThread "JNA Cleaner"                daemon [_thread_blocked, id=2164, stack(0x0000004adcd00000,0x0000004adce00000) (1024K)]
  0x000001c696c29120 JavaThread "Worker-2"                          [_thread_blocked, id=17148, stack(0x0000004add100000,0x0000004add200000) (1024K)]
  0x000001c696c297b0 JavaThread "Worker-3: Initialize Workspace"        [_thread_blocked, id=6784, stack(0x0000004add200000,0x0000004add300000) (1024K)]
  0x000001c696c29e40 JavaThread "Java indexing"              daemon [_thread_blocked, id=15292, stack(0x0000004add300000,0x0000004add400000) (1024K)]
  0x000001c697bfa970 JavaThread "Worker-4"                          [_thread_blocked, id=9020, stack(0x0000004add600000,0x0000004add700000) (1024K)]
  0x000001c697bfb000 JavaThread "Thread-1"                   daemon [_thread_in_native, id=9876, stack(0x0000004add800000,0x0000004add900000) (1024K)]
  0x000001c697bfbd20 JavaThread "Thread-2"                   daemon [_thread_in_native, id=11696, stack(0x0000004add900000,0x0000004adda00000) (1024K)]
  0x000001c697bfd760 JavaThread "Thread-3"                   daemon [_thread_in_native, id=5424, stack(0x0000004adda00000,0x0000004addb00000) (1024K)]
  0x000001c697bfb690 JavaThread "Thread-4"                   daemon [_thread_in_native, id=10536, stack(0x0000004addb00000,0x0000004addc00000) (1024K)]
  0x000001c697bfc3b0 JavaThread "Thread-5"                   daemon [_thread_in_native, id=11748, stack(0x0000004addc00000,0x0000004addd00000) (1024K)]
  0x000001c697bfca40 JavaThread "pool-2-thread-1"                   [_thread_blocked, id=6436, stack(0x0000004addd00000,0x0000004adde00000) (1024K)]
  0x000001c699156630 JavaThread "WorkspaceEventsHandler"            [_thread_blocked, id=18848, stack(0x0000004addf00000,0x0000004ade000000) (1024K)]
  0x000001c699154560 JavaThread "pool-1-thread-1"                   [_thread_blocked, id=13860, stack(0x0000004ade000000,0x0000004ade100000) (1024K)]
  0x000001c699153ed0 JavaThread "ForkJoinPool.commonPool-worker-2" daemon [_thread_blocked, id=11484, stack(0x0000004ade300000,0x0000004ade400000) (1024K)]
  0x000001c699157350 JavaThread "ForkJoinPool.commonPool-worker-3" daemon [_thread_blocked, id=608, stack(0x0000004ade400000,0x0000004ade500000) (1024K)]
  0x000001c699155910 JavaThread "ProjectImportProgressReporter" daemon [_thread_blocked, id=7324, stack(0x0000004ade900000,0x0000004adea00000) (1024K)]
  0x000001c699154bf0 JavaThread "Timer-0"                           [_thread_blocked, id=5776, stack(0x0000004adea00000,0x0000004adeb00000) (1024K)]
  0x000001c699150a50 JavaThread "Connection worker"                 [_thread_in_native, id=616, stack(0x0000004adeb00000,0x0000004adec00000) (1024K)]
Total: 36

Other Threads:
  0x000001c638f94600 VMThread "VM Thread"                           [id=12856, stack(0x0000004adb900000,0x0000004adba00000) (1024K)]
  0x000001c638d6bc60 WatcherThread "VM Periodic Task Thread"        [id=15732, stack(0x0000004adb800000,0x0000004adb900000) (1024K)]
  0x000001c638ef0de0 WorkerThread "GC Thread#0"                     [id=7908, stack(0x0000004adb700000,0x0000004adb800000) (1024K)]
  0x000001c6963880b0 WorkerThread "GC Thread#1"                     [id=3820, stack(0x0000004adc500000,0x0000004adc600000) (1024K)]
  0x000001c696271c90 WorkerThread "GC Thread#2"                     [id=6384, stack(0x0000004adc600000,0x0000004adc700000) (1024K)]
  0x000001c696272040 WorkerThread "GC Thread#3"                     [id=8860, stack(0x0000004adc700000,0x0000004adc800000) (1024K)]
Total: 6

Threads with active compile tasks:
C2 CompilerThread0  135309 8650   !   4       org.eclipse.core.internal.jobs.JobListeners::waitAndSendEvents (445 bytes)
Total: 1

VM state: not at safepoint (normal execution)

VM Mutex/Monitor currently owned by a thread: None

Heap address: 0x0000000080000000, size: 2048 MB, Compressed Oops mode: 32-bit

CDS archive(s) mapped at: [0x000001c650000000-0x000001c650ba0000-0x000001c650ba0000), size 12189696, SharedBaseAddress: 0x000001c650000000, ArchiveRelocationMode: 1.
Compressed class space mapped at: 0x000001c651000000-0x000001c691000000, reserved size: 1073741824
Narrow klass base: 0x000001c650000000, Narrow klass shift: 0, Narrow klass range: 0x100000000

GC Precious Log:
 CardTable entry size: 512
 CPUs: 4 total, 4 available
 Memory: 8095M
 Large Page Support: Disabled
 NUMA Support: Disabled
 Compressed Oops: Enabled (32-bit)
 Alignments: Space 512K, Generation 512K, Heap 2M
 Heap Min Capacity: 100M
 Heap Initial Capacity: 100M
 Heap Max Capacity: 2G
 Pre-touch: Disabled
 Parallel Workers: 4

Heap:
 PSYoungGen      total 17408K, used 13185K [0x00000000d5580000, 0x00000000d7200000, 0x0000000100000000)
  eden space 16384K, 77% used [0x00000000d5580000,0x00000000d61d8740,0x00000000d6580000)
  from space 1024K, 53% used [0x00000000d7100000,0x00000000d7188000,0x00000000d7200000)
  to   space 1024K, 0% used [0x00000000d7000000,0x00000000d7000000,0x00000000d7100000)
 ParOldGen       total 69120K, used 68942K [0x0000000080000000, 0x0000000084380000, 0x00000000d5580000)
  object space 69120K, 99% used [0x0000000080000000,0x0000000084353818,0x0000000084380000)
 Metaspace       used 56836K, committed 58112K, reserved 1114112K
  class space    used 6393K, committed 6976K, reserved 1048576K

Card table byte_map: [0x000001c638880000,0x000001c638c90000] _byte_map_base: 0x000001c638480000

Marking Bits: (ParMarkBitMap*) 0x00007ffe77bf3450
 Begin Bits: [0x000001c64b390000, 0x000001c64d390000)
 End Bits:   [0x000001c64d390000, 0x000001c64f390000)

Polling page: 0x000001c636bc0000

Metaspace:

Usage:
  Non-class:     49.26 MB used.
      Class:      6.24 MB used.
       Both:     55.50 MB used.

Virtual space:
  Non-class space:       64.00 MB reserved,      49.94 MB ( 78%) committed,  1 nodes.
      Class space:        1.00 GB reserved,       6.81 MB ( <1%) committed,  1 nodes.
             Both:        1.06 GB reserved,      56.75 MB (  5%) committed. 

Chunk freelists:
   Non-Class:  13.92 MB
       Class:  9.11 MB
        Both:  23.03 MB

MaxMetaspaceSize: unlimited
CompressedClassSpaceSize: 1.00 GB
Initial GC threshold: 21.00 MB
Current GC threshold: 58.38 MB
CDS: on
 - commit_granule_bytes: 65536.
 - commit_granule_words: 8192.
 - virtual_space_node_default_size: 8388608.
 - enlarge_chunks_in_place: 1.
 - use_allocation_guard: 0.


Internal statistics:

num_allocs_failed_limit: 6.
num_arena_births: 882.
num_arena_deaths: 36.
num_vsnodes_births: 2.
num_vsnodes_deaths: 0.
num_space_committed: 908.
num_space_uncommitted: 0.
num_chunks_returned_to_freelist: 53.
num_chunks_taken_from_freelist: 3224.
num_chunk_merges: 12.
num_chunk_splits: 2008.
num_chunks_enlarged: 1204.
num_inconsistent_stats: 0.

CodeHeap 'non-profiled nmethods': size=120000Kb used=4205Kb max_used=4205Kb free=115794Kb
 bounds [0x000001c643bb0000, 0x000001c643fd0000, 0x000001c64b0e0000]
CodeHeap 'profiled nmethods': size=120000Kb used=15986Kb max_used=15986Kb free=104013Kb
 bounds [0x000001c63c0e0000, 0x000001c63d080000, 0x000001c643610000]
CodeHeap 'non-nmethods': size=5760Kb used=1413Kb max_used=1456Kb free=4346Kb
 bounds [0x000001c643610000, 0x000001c643880000, 0x000001c643bb0000]
CodeCache: size=245760Kb, used=21604Kb, max_used=21647Kb, free=224153Kb
 total_blobs=8578, nmethods=7860, adapters=624, full_count=0
Compilation: enabled, stopped_count=0, restarted_count=0

Compilation events (20 events):
Event: 126.743 Thread 0x000001c638de7b70 nmethod 8640 0x000001c643fc9710 code [0x000001c643fc98a0, 0x000001c643fc9968]
Event: 126.888 Thread 0x000001c638e5e490 8641       1       org.gradle.internal.classpath.DefaultClassPath::getAsFiles (5 bytes)
Event: 126.888 Thread 0x000001c638e5e490 nmethod 8641 0x000001c643fc9a10 code [0x000001c643fc9ba0, 0x000001c643fc9c68]
Event: 126.888 Thread 0x000001c638e5e490 8642       1       org.gradle.api.internal.classpath.DefaultModuleRegistry$DefaultModule::getClasspath (5 bytes)
Event: 126.889 Thread 0x000001c638e5e490 nmethod 8642 0x000001c643fc9d10 code [0x000001c643fc9ea0, 0x000001c643fc9f68]
Event: 126.889 Thread 0x000001c638e5e490 8643       3       org.gradle.internal.classpath.DefaultClassPath::isEmpty (8 bytes)
Event: 126.889 Thread 0x000001c638e5e490 nmethod 8643 0x000001c63d07a790 code [0x000001c63d07a940, 0x000001c63d07aba0]
Event: 128.283 Thread 0x000001c638de7b70 8644       4       org.eclipse.core.internal.jobs.JobManager::select (60 bytes)
Event: 128.291 Thread 0x000001c638de7b70 nmethod 8644 0x000001c643fca010 code [0x000001c643fca1e0, 0x000001c643fca688]
Event: 132.214 Thread 0x000001c638de7b70 8645       4       java.util.LinkedHashMap::keysToArray (80 bytes)
Event: 132.220 Thread 0x000001c638de7b70 nmethod 8645 0x000001c643fcaa10 code [0x000001c643fcaba0, 0x000001c643fcadf0]
Event: 132.420 Thread 0x000001c638e5e490 8646       3       java.lang.Integer::compareTo (9 bytes)
Event: 132.420 Thread 0x000001c638e5e490 nmethod 8646 0x000001c63d07ac90 code [0x000001c63d07ae60, 0x000001c63d07b200]
Event: 132.420 Thread 0x000001c638e5e490 8647       3       java.lang.Integer::compareTo (12 bytes)
Event: 132.421 Thread 0x000001c638e5e490 nmethod 8647 0x000001c63d07b310 code [0x000001c63d07b4c0, 0x000001c63d07b710]
Event: 134.178 Thread 0x000001c638de7b70 8648       4       java.util.stream.AbstractPipeline::evaluate (94 bytes)
Event: 134.181 Thread 0x000001c638de7b70 nmethod 8648 0x000001c643fcaf10 code [0x000001c643fcb0c0, 0x000001c643fcb2c0]
Event: 135.098 Thread 0x000001c638e5e490 8649       3       java.util.concurrent.atomic.AtomicReference::getAndSet (9 bytes)
Event: 135.099 Thread 0x000001c638e5e490 nmethod 8649 0x000001c63d07b810 code [0x000001c63d07baa0, 0x000001c63d07c818]
Event: 135.224 Thread 0x000001c638de7b70 8650   !   4       org.eclipse.core.internal.jobs.JobListeners::waitAndSendEvents (445 bytes)

GC Heap History (20 events):
Event: 70.056 GC heap before
{Heap before GC invocations=27 (full 2):
 PSYoungGen      total 18432K, used 18427K [0x00000000d5580000, 0x00000000d7880000, 0x0000000100000000)
  eden space 16384K, 100% used [0x00000000d5580000,0x00000000d6580000,0x00000000d6580000)
  from space 2048K, 99% used [0x00000000d6c80000,0x00000000d6e7ee98,0x00000000d6e80000)
  to   space 7168K, 0% used [0x00000000d6580000,0x00000000d6580000,0x00000000d6c80000)
 ParOldGen       total 68608K, used 33658K [0x0000000080000000, 0x0000000084300000, 0x00000000d5580000)
  object space 68608K, 49% used [0x0000000080000000,0x00000000820de8d8,0x0000000084300000)
 Metaspace       used 51428K, committed 52608K, reserved 1114112K
  class space    used 5560K, committed 6080K, reserved 1048576K
}
Event: 70.070 GC heap after
{Heap after GC invocations=27 (full 2):
 PSYoungGen      total 23552K, used 7143K [0x00000000d5580000, 0x00000000d8c80000, 0x0000000100000000)
  eden space 16384K, 0% used [0x00000000d5580000,0x00000000d5580000,0x00000000d6580000)
  from space 7168K, 99% used [0x00000000d6580000,0x00000000d6c79dd8,0x00000000d6c80000)
  to   space 19968K, 0% used [0x00000000d7900000,0x00000000d7900000,0x00000000d8c80000)
 ParOldGen       total 68608K, used 44253K [0x0000000080000000, 0x0000000084300000, 0x00000000d5580000)
  object space 68608K, 64% used [0x0000000080000000,0x0000000082b377a0,0x0000000084300000)
 Metaspace       used 51428K, committed 52608K, reserved 1114112K
  class space    used 5560K, committed 6080K, reserved 1048576K
}
Event: 70.471 GC heap before
{Heap before GC invocations=28 (full 2):
 PSYoungGen      total 23552K, used 23527K [0x00000000d5580000, 0x00000000d8c80000, 0x0000000100000000)
  eden space 16384K, 100% used [0x00000000d5580000,0x00000000d6580000,0x00000000d6580000)
  from space 7168K, 99% used [0x00000000d6580000,0x00000000d6c79dd8,0x00000000d6c80000)
  to   space 19968K, 0% used [0x00000000d7900000,0x00000000d7900000,0x00000000d8c80000)
 ParOldGen       total 68608K, used 44253K [0x0000000080000000, 0x0000000084300000, 0x00000000d5580000)
  object space 68608K, 64% used [0x0000000080000000,0x0000000082b377a0,0x0000000084300000)
 Metaspace       used 51696K, committed 52800K, reserved 1114112K
  class space    used 5591K, committed 6080K, reserved 1048576K
}
Event: 70.487 GC heap after
{Heap after GC invocations=28 (full 2):
 PSYoungGen      total 25600K, used 8958K [0x00000000d5580000, 0x00000000d8200000, 0x0000000100000000)
  eden space 16384K, 0% used [0x00000000d5580000,0x00000000d5580000,0x00000000d6580000)
  from space 9216K, 97% used [0x00000000d7900000,0x00000000d81bf888,0x00000000d8200000)
  to   space 12288K, 0% used [0x00000000d6a00000,0x00000000d6a00000,0x00000000d7600000)
 ParOldGen       total 68608K, used 51448K [0x0000000080000000, 0x0000000084300000, 0x00000000d5580000)
  object space 68608K, 74% used [0x0000000080000000,0x000000008323e158,0x0000000084300000)
 Metaspace       used 51696K, committed 52800K, reserved 1114112K
  class space    used 5591K, committed 6080K, reserved 1048576K
}
Event: 71.455 GC heap before
{Heap before GC invocations=29 (full 2):
 PSYoungGen      total 25600K, used 25328K [0x00000000d5580000, 0x00000000d8200000, 0x0000000100000000)
  eden space 16384K, 99% used [0x00000000d5580000,0x00000000d657ca18,0x00000000d6580000)
  from space 9216K, 97% used [0x00000000d7900000,0x00000000d81bf888,0x00000000d8200000)
  to   space 12288K, 0% used [0x00000000d6a00000,0x00000000d6a00000,0x00000000d7600000)
 ParOldGen       total 68608K, used 51448K [0x0000000080000000, 0x0000000084300000, 0x00000000d5580000)
  object space 68608K, 74% used [0x0000000080000000,0x000000008323e158,0x0000000084300000)
 Metaspace       used 52299K, committed 53504K, reserved 1114112K
  class space    used 5666K, committed 6208K, reserved 1048576K
}
Event: 71.461 GC heap after
{Heap after GC invocations=29 (full 2):
 PSYoungGen      total 17408K, used 556K [0x00000000d5580000, 0x00000000d7980000, 0x0000000100000000)
  eden space 16384K, 0% used [0x00000000d5580000,0x00000000d5580000,0x00000000d6580000)
  from space 1024K, 54% used [0x00000000d6a00000,0x00000000d6a8b170,0x00000000d6b00000)
  to   space 4608K, 0% used [0x00000000d7500000,0x00000000d7500000,0x00000000d7980000)
 ParOldGen       total 68608K, used 58357K [0x0000000080000000, 0x0000000084300000, 0x00000000d5580000)
  object space 68608K, 85% used [0x0000000080000000,0x00000000838fd7f8,0x0000000084300000)
 Metaspace       used 52299K, committed 53504K, reserved 1114112K
  class space    used 5666K, committed 6208K, reserved 1048576K
}
Event: 74.145 GC heap before
{Heap before GC invocations=30 (full 2):
 PSYoungGen      total 17408K, used 16940K [0x00000000d5580000, 0x00000000d7980000, 0x0000000100000000)
  eden space 16384K, 100% used [0x00000000d5580000,0x00000000d6580000,0x00000000d6580000)
  from space 1024K, 54% used [0x00000000d6a00000,0x00000000d6a8b170,0x00000000d6b00000)
  to   space 4608K, 0% used [0x00000000d7500000,0x00000000d7500000,0x00000000d7980000)
 ParOldGen       total 68608K, used 58357K [0x0000000080000000, 0x0000000084300000, 0x00000000d5580000)
  object space 68608K, 85% used [0x0000000080000000,0x00000000838fd7f8,0x0000000084300000)
 Metaspace       used 52759K, committed 53952K, reserved 1114112K
  class space    used 5704K, committed 6208K, reserved 1048576K
}
Event: 74.146 GC heap after
{Heap after GC invocations=30 (full 2):
 PSYoungGen      total 16896K, used 160K [0x00000000d5580000, 0x00000000d7580000, 0x0000000100000000)
  eden space 16384K, 0% used [0x00000000d5580000,0x00000000d5580000,0x00000000d6580000)
  from space 512K, 31% used [0x00000000d7500000,0x00000000d7528000,0x00000000d7580000)
  to   space 1024K, 0% used [0x00000000d7380000,0x00000000d7380000,0x00000000d7480000)
 ParOldGen       total 68608K, used 58761K [0x0000000080000000, 0x0000000084300000, 0x00000000d5580000)
  object space 68608K, 85% used [0x0000000080000000,0x0000000083962488,0x0000000084300000)
 Metaspace       used 52759K, committed 53952K, reserved 1114112K
  class space    used 5704K, committed 6208K, reserved 1048576K
}
Event: 75.484 GC heap before
{Heap before GC invocations=31 (full 2):
 PSYoungGen      total 16896K, used 16544K [0x00000000d5580000, 0x00000000d7580000, 0x0000000100000000)
  eden space 16384K, 100% used [0x00000000d5580000,0x00000000d6580000,0x00000000d6580000)
  from space 512K, 31% used [0x00000000d7500000,0x00000000d7528000,0x00000000d7580000)
  to   space 1024K, 0% used [0x00000000d7380000,0x00000000d7380000,0x00000000d7480000)
 ParOldGen       total 68608K, used 58761K [0x0000000080000000, 0x0000000084300000, 0x00000000d5580000)
  object space 68608K, 85% used [0x0000000080000000,0x0000000083962488,0x0000000084300000)
 Metaspace       used 54202K, committed 55488K, reserved 1114112K
  class space    used 5954K, committed 6528K, reserved 1048576K
}
Event: 75.491 GC heap after
{Heap after GC invocations=31 (full 2):
 PSYoungGen      total 17408K, used 384K [0x00000000d5580000, 0x00000000d7580000, 0x0000000100000000)
  eden space 16384K, 0% used [0x00000000d5580000,0x00000000d5580000,0x00000000d6580000)
  from space 1024K, 37% used [0x00000000d7380000,0x00000000d73e0000,0x00000000d7480000)
  to   space 512K, 0% used [0x00000000d7500000,0x00000000d7500000,0x00000000d7580000)
 ParOldGen       total 68608K, used 58849K [0x0000000080000000, 0x0000000084300000, 0x00000000d5580000)
  object space 68608K, 85% used [0x0000000080000000,0x0000000083978488,0x0000000084300000)
 Metaspace       used 54202K, committed 55488K, reserved 1114112K
  class space    used 5954K, committed 6528K, reserved 1048576K
}
Event: 108.324 GC heap before
{Heap before GC invocations=32 (full 2):
 PSYoungGen      total 17408K, used 16525K [0x00000000d5580000, 0x00000000d7580000, 0x0000000100000000)
  eden space 16384K, 98% used [0x00000000d5580000,0x00000000d65435e8,0x00000000d6580000)
  from space 1024K, 37% used [0x00000000d7380000,0x00000000d73e0000,0x00000000d7480000)
  to   space 512K, 0% used [0x00000000d7500000,0x00000000d7500000,0x00000000d7580000)
 ParOldGen       total 68608K, used 58849K [0x0000000080000000, 0x0000000084300000, 0x00000000d5580000)
  object space 68608K, 85% used [0x0000000080000000,0x0000000083978488,0x0000000084300000)
 Metaspace       used 54665K, committed 55936K, reserved 1114112K
  class space    used 6018K, committed 6592K, reserved 1048576K
}
Event: 108.331 GC heap after
{Heap after GC invocations=32 (full 2):
 PSYoungGen      total 16896K, used 510K [0x00000000d5580000, 0x00000000d7780000, 0x0000000100000000)
  eden space 16384K, 0% used [0x00000000d5580000,0x00000000d5580000,0x00000000d6580000)
  from space 512K, 99% used [0x00000000d7500000,0x00000000d757fac0,0x00000000d7580000)
  to   space 9216K, 0% used [0x00000000d6580000,0x00000000d6580000,0x00000000d6e80000)
 ParOldGen       total 68608K, used 66147K [0x0000000080000000, 0x0000000084300000, 0x00000000d5580000)
  object space 68608K, 96% used [0x0000000080000000,0x0000000084098e38,0x0000000084300000)
 Metaspace       used 54665K, committed 55936K, reserved 1114112K
  class space    used 6018K, committed 6592K, reserved 1048576K
}
Event: 113.731 GC heap before
{Heap before GC invocations=33 (full 2):
 PSYoungGen      total 16896K, used 16894K [0x00000000d5580000, 0x00000000d7780000, 0x0000000100000000)
  eden space 16384K, 100% used [0x00000000d5580000,0x00000000d6580000,0x00000000d6580000)
  from space 512K, 99% used [0x00000000d7500000,0x00000000d757fac0,0x00000000d7580000)
  to   space 9216K, 0% used [0x00000000d6580000,0x00000000d6580000,0x00000000d6e80000)
 ParOldGen       total 68608K, used 66147K [0x0000000080000000, 0x0000000084300000, 0x00000000d5580000)
  object space 68608K, 96% used [0x0000000080000000,0x0000000084098e38,0x0000000084300000)
 Metaspace       used 56037K, committed 57344K, reserved 1114112K
  class space    used 6273K, committed 6848K, reserved 1048576K
}
Event: 113.735 GC heap after
{Heap after GC invocations=33 (full 2):
 PSYoungGen      total 25600K, used 1439K [0x00000000d5580000, 0x00000000d7580000, 0x0000000100000000)
  eden space 16384K, 0% used [0x00000000d5580000,0x00000000d5580000,0x00000000d6580000)
  from space 9216K, 15% used [0x00000000d6580000,0x00000000d66e7da0,0x00000000d6e80000)
  to   space 4096K, 0% used [0x00000000d7180000,0x00000000d7180000,0x00000000d7580000)
 ParOldGen       total 68608K, used 66674K [0x0000000080000000, 0x0000000084300000, 0x00000000d5580000)
  object space 68608K, 97% used [0x0000000080000000,0x000000008411cba8,0x0000000084300000)
 Metaspace       used 56037K, committed 57344K, reserved 1114112K
  class space    used 6273K, committed 6848K, reserved 1048576K
}
Event: 115.072 GC heap before
{Heap before GC invocations=34 (full 2):
 PSYoungGen      total 25600K, used 17823K [0x00000000d5580000, 0x00000000d7580000, 0x0000000100000000)
  eden space 16384K, 100% used [0x00000000d5580000,0x00000000d6580000,0x00000000d6580000)
  from space 9216K, 15% used [0x00000000d6580000,0x00000000d66e7da0,0x00000000d6e80000)
  to   space 4096K, 0% used [0x00000000d7180000,0x00000000d7180000,0x00000000d7580000)
 ParOldGen       total 68608K, used 66674K [0x0000000080000000, 0x0000000084300000, 0x00000000d5580000)
  object space 68608K, 97% used [0x0000000080000000,0x000000008411cba8,0x0000000084300000)
 Metaspace       used 56809K, committed 58048K, reserved 1114112K
  class space    used 6393K, committed 6976K, reserved 1048576K
}
Event: 115.075 GC heap after
{Heap after GC invocations=34 (full 2):
 PSYoungGen      total 17408K, used 576K [0x00000000d5580000, 0x00000000d7280000, 0x0000000100000000)
  eden space 16384K, 0% used [0x00000000d5580000,0x00000000d5580000,0x00000000d6580000)
  from space 1024K, 56% used [0x00000000d7180000,0x00000000d7210000,0x00000000d7280000)
  to   space 1536K, 0% used [0x00000000d6f80000,0x00000000d6f80000,0x00000000d7100000)
 ParOldGen       total 68608K, used 68021K [0x0000000080000000, 0x0000000084300000, 0x00000000d5580000)
  object space 68608K, 99% used [0x0000000080000000,0x000000008426d478,0x0000000084300000)
 Metaspace       used 56809K, committed 58048K, reserved 1114112K
  class space    used 6393K, committed 6976K, reserved 1048576K
}
Event: 118.104 GC heap before
{Heap before GC invocations=35 (full 2):
 PSYoungGen      total 17408K, used 16960K [0x00000000d5580000, 0x00000000d7280000, 0x0000000100000000)
  eden space 16384K, 100% used [0x00000000d5580000,0x00000000d6580000,0x00000000d6580000)
  from space 1024K, 56% used [0x00000000d7180000,0x00000000d7210000,0x00000000d7280000)
  to   space 1536K, 0% used [0x00000000d6f80000,0x00000000d6f80000,0x00000000d7100000)
 ParOldGen       total 68608K, used 68021K [0x0000000080000000, 0x0000000084300000, 0x00000000d5580000)
  object space 68608K, 99% used [0x0000000080000000,0x000000008426d478,0x0000000084300000)
 Metaspace       used 56834K, committed 58112K, reserved 1114112K
  class space    used 6393K, committed 6976K, reserved 1048576K
}
Event: 118.105 GC heap after
{Heap after GC invocations=35 (full 2):
 PSYoungGen      total 17920K, used 416K [0x00000000d5580000, 0x00000000d7200000, 0x0000000100000000)
  eden space 16384K, 0% used [0x00000000d5580000,0x00000000d5580000,0x00000000d6580000)
  from space 1536K, 27% used [0x00000000d6f80000,0x00000000d6fe8000,0x00000000d7100000)
  to   space 1024K, 0% used [0x00000000d7100000,0x00000000d7100000,0x00000000d7200000)
 ParOldGen       total 68608K, used 68574K [0x0000000080000000, 0x0000000084300000, 0x00000000d5580000)
  object space 68608K, 99% used [0x0000000080000000,0x00000000842f7818,0x0000000084300000)
 Metaspace       used 56834K, committed 58112K, reserved 1114112K
  class space    used 6393K, committed 6976K, reserved 1048576K
}
Event: 125.908 GC heap before
{Heap before GC invocations=36 (full 2):
 PSYoungGen      total 17920K, used 16800K [0x00000000d5580000, 0x00000000d7200000, 0x0000000100000000)
  eden space 16384K, 100% used [0x00000000d5580000,0x00000000d6580000,0x00000000d6580000)
  from space 1536K, 27% used [0x00000000d6f80000,0x00000000d6fe8000,0x00000000d7100000)
  to   space 1024K, 0% used [0x00000000d7100000,0x00000000d7100000,0x00000000d7200000)
 ParOldGen       total 68608K, used 68574K [0x0000000080000000, 0x0000000084300000, 0x00000000d5580000)
  object space 68608K, 99% used [0x0000000080000000,0x00000000842f7818,0x0000000084300000)
 Metaspace       used 56834K, committed 58112K, reserved 1114112K
  class space    used 6393K, committed 6976K, reserved 1048576K
}
Event: 125.909 GC heap after
{Heap after GC invocations=36 (full 2):
 PSYoungGen      total 17408K, used 544K [0x00000000d5580000, 0x00000000d7200000, 0x0000000100000000)
  eden space 16384K, 0% used [0x00000000d5580000,0x00000000d5580000,0x00000000d6580000)
  from space 1024K, 53% used [0x00000000d7100000,0x00000000d7188000,0x00000000d7200000)
  to   space 1024K, 0% used [0x00000000d7000000,0x00000000d7000000,0x00000000d7100000)
 ParOldGen       total 69120K, used 68942K [0x0000000080000000, 0x0000000084380000, 0x00000000d5580000)
  object space 69120K, 99% used [0x0000000080000000,0x0000000084353818,0x0000000084380000)
 Metaspace       used 56834K, committed 58112K, reserved 1114112K
  class space    used 6393K, committed 6976K, reserved 1048576K
}

Dll operation events (13 events):
Event: 0.036 Loaded shared library c:\Users\KHAN\.vscode\extensions\redhat.java-1.54.0-win32-x64\jre\21.0.10-win32-x86_64\bin\java.dll
Event: 0.383 Loaded shared library c:\Users\KHAN\.vscode\extensions\redhat.java-1.54.0-win32-x64\jre\21.0.10-win32-x86_64\bin\zip.dll
Event: 0.575 Loaded shared library C:\Users\KHAN\.vscode\extensions\redhat.java-1.54.0-win32-x64\jre\21.0.10-win32-x86_64\bin\instrument.dll
Event: 0.591 Loaded shared library C:\Users\KHAN\.vscode\extensions\redhat.java-1.54.0-win32-x64\jre\21.0.10-win32-x86_64\bin\net.dll
Event: 0.594 Loaded shared library C:\Users\KHAN\.vscode\extensions\redhat.java-1.54.0-win32-x64\jre\21.0.10-win32-x86_64\bin\nio.dll
Event: 0.599 Loaded shared library C:\Users\KHAN\.vscode\extensions\redhat.java-1.54.0-win32-x64\jre\21.0.10-win32-x86_64\bin\zip.dll
Event: 0.699 Loaded shared library C:\Users\KHAN\.vscode\extensions\redhat.java-1.54.0-win32-x64\jre\21.0.10-win32-x86_64\bin\jimage.dll
Event: 1.033 Loaded shared library c:\Users\KHAN\.vscode\extensions\redhat.java-1.54.0-win32-x64\jre\21.0.10-win32-x86_64\bin\verify.dll
Event: 27.931 Loaded shared library C:\Users\KHAN\AppData\Roaming\Code\User\globalStorage\redhat.java\1.54.0\config_win\org.eclipse.equinox.launcher\org.eclipse.equinox.launcher.win32.win32.x86_64_1.3.0.v20260203-2149\eclipse_11919.dll
Event: 57.019 Loaded shared library C:\Users\KHAN\AppData\Local\Temp\jna-2305610\jna11008721211472011063.dll
Event: 65.100 Loaded shared library C:\Users\KHAN\.vscode\extensions\redhat.java-1.54.0-win32-x64\jre\21.0.10-win32-x86_64\bin\sunmscapi.dll
Event: 65.358 Loaded shared library C:\Users\KHAN\.vscode\extensions\redhat.java-1.54.0-win32-x64\jre\21.0.10-win32-x86_64\bin\extnet.dll
Event: 113.591 Loaded shared library C:\Users\KHAN\.gradle\native\1def1411415f61bf3af743bc5b6707747c0891f09f0c88961ee8f79bc544acac\windows-amd64\native-platform.dll

Deoptimization events (20 events):
Event: 114.760 Thread 0x000001c699150a50 DEOPT PACKING pc=0x000001c643f20ac0 sp=0x0000004adebfd230
Event: 114.760 Thread 0x000001c699150a50 DEOPT UNPACKING pc=0x000001c643663aa2 sp=0x0000004adebfd180 mode 2
Event: 114.765 Thread 0x000001c699150a50 DEOPT PACKING pc=0x000001c63d0015a6 sp=0x0000004adebfd0f0
Event: 114.765 Thread 0x000001c699150a50 DEOPT UNPACKING pc=0x000001c643664242 sp=0x0000004adebfc5e0 mode 0
Event: 114.885 Thread 0x000001c699150a50 DEOPT PACKING pc=0x000001c63d0015a6 sp=0x0000004adebfcea0
Event: 114.885 Thread 0x000001c699150a50 DEOPT UNPACKING pc=0x000001c643664242 sp=0x0000004adebfc390 mode 0
Event: 114.986 Thread 0x000001c699150a50 DEOPT PACKING pc=0x000001c63d0015a6 sp=0x0000004adebfcea0
Event: 114.986 Thread 0x000001c699150a50 DEOPT UNPACKING pc=0x000001c643664242 sp=0x0000004adebfc390 mode 0
Event: 115.106 Thread 0x000001c699150a50 DEOPT PACKING pc=0x000001c63d0015a6 sp=0x0000004adebfcea0
Event: 115.106 Thread 0x000001c699150a50 DEOPT UNPACKING pc=0x000001c643664242 sp=0x0000004adebfc390 mode 0
Event: 115.135 Thread 0x000001c699150a50 DEOPT PACKING pc=0x000001c63d0015a6 sp=0x0000004adebfcea0
Event: 115.135 Thread 0x000001c699150a50 DEOPT UNPACKING pc=0x000001c643664242 sp=0x0000004adebfc390 mode 0
Event: 115.181 Thread 0x000001c699150a50 DEOPT PACKING pc=0x000001c63d0015a6 sp=0x0000004adebfcea0
Event: 115.181 Thread 0x000001c699150a50 DEOPT UNPACKING pc=0x000001c643664242 sp=0x0000004adebfc390 mode 0
Event: 115.211 Thread 0x000001c699150a50 DEOPT PACKING pc=0x000001c63d0015a6 sp=0x0000004adebfce60
Event: 115.211 Thread 0x000001c699150a50 DEOPT UNPACKING pc=0x000001c643664242 sp=0x0000004adebfc350 mode 0
Event: 128.086 Thread 0x000001c699150a50 DEOPT PACKING pc=0x000001c63d032c67 sp=0x0000004adebfcd10
Event: 128.086 Thread 0x000001c699150a50 DEOPT UNPACKING pc=0x000001c643664242 sp=0x0000004adebfc280 mode 0
Event: 132.465 Thread 0x000001c699150a50 DEOPT PACKING pc=0x000001c63d032c67 sp=0x0000004adebfc660
Event: 132.465 Thread 0x000001c699150a50 DEOPT UNPACKING pc=0x000001c643664242 sp=0x0000004adebfbbd0 mode 0

Classes loaded (20 events):
Event: 75.069 Loading class java/util/Timer
Event: 75.069 Loading class java/util/Timer done
Event: 75.069 Loading class java/util/TaskQueue
Event: 75.070 Loading class java/util/TaskQueue done
Event: 75.080 Loading class java/util/TimerThread
Event: 75.080 Loading class java/util/TimerThread done
Event: 75.081 Loading class java/util/Timer$ThreadReaper
Event: 75.081 Loading class java/util/Timer$ThreadReaper done
Event: 75.179 Loading class java/util/concurrent/CopyOnWriteArraySet
Event: 75.179 Loading class java/util/concurrent/CopyOnWriteArraySet done
Event: 75.306 Loading class java/util/concurrent/ArrayBlockingQueue
Event: 75.307 Loading class java/util/concurrent/ArrayBlockingQueue done
Event: 75.656 Loading class java/io/FileFilter
Event: 75.656 Loading class java/io/FileFilter done
Event: 75.717 Loading class java/util/concurrent/ConcurrentHashMap$ValueSpliterator
Event: 75.718 Loading class java/util/concurrent/ConcurrentHashMap$ValueSpliterator done
Event: 75.720 Loading class jdk/internal/loader/BootLoader$PackageHelper
Event: 75.720 Loading class jdk/internal/loader/BootLoader$PackageHelper done
Event: 113.659 Loading class java/lang/Class$EnclosingMethodInfo
Event: 113.659 Loading class java/lang/Class$EnclosingMethodInfo done

Classes unloaded (18 events):
Event: 59.416 Thread 0x000001c638f94600 Unloading class 0x000001c6511b9000 'java/lang/invoke/LambdaForm$MH+0x000001c6511b9000'
Event: 59.416 Thread 0x000001c638f94600 Unloading class 0x000001c6511b8c00 'java/lang/invoke/LambdaForm$MH+0x000001c6511b8c00'
Event: 59.416 Thread 0x000001c638f94600 Unloading class 0x000001c6511b8800 'java/lang/invoke/LambdaForm$MH+0x000001c6511b8800'
Event: 59.416 Thread 0x000001c638f94600 Unloading class 0x000001c6511b8400 'java/lang/invoke/LambdaForm$MH+0x000001c6511b8400'
Event: 59.416 Thread 0x000001c638f94600 Unloading class 0x000001c6511b8000 'java/lang/invoke/LambdaForm$BMH+0x000001c6511b8000'
Event: 59.416 Thread 0x000001c638f94600 Unloading class 0x000001c6511b7c00 'java/lang/invoke/LambdaForm$DMH+0x000001c6511b7c00'
Event: 59.416 Thread 0x000001c638f94600 Unloading class 0x000001c6511b6800 'java/lang/invoke/LambdaForm$DMH+0x000001c6511b6800'
Event: 63.779 Thread 0x000001c638f94600 Unloading class 0x000001c6512f6000 'java/lang/invoke/LambdaForm$MH+0x000001c6512f6000'
Event: 63.779 Thread 0x000001c638f94600 Unloading class 0x000001c6512f5800 'java/lang/invoke/LambdaForm$MH+0x000001c6512f5800'
Event: 63.779 Thread 0x000001c638f94600 Unloading class 0x000001c6512f4c00 'java/lang/invoke/LambdaForm$MH+0x000001c6512f4c00'
Event: 63.779 Thread 0x000001c638f94600 Unloading class 0x000001c6512f1000 'java/lang/invoke/LambdaForm$MH+0x000001c6512f1000'
Event: 63.779 Thread 0x000001c638f94600 Unloading class 0x000001c6512f0800 'java/lang/invoke/LambdaForm$MH+0x000001c6512f0800'
Event: 63.779 Thread 0x000001c638f94600 Unloading class 0x000001c6512f0000 'java/lang/invoke/LambdaForm$MH+0x000001c6512f0000'
Event: 63.779 Thread 0x000001c638f94600 Unloading class 0x000001c6512ef400 'java/lang/invoke/LambdaForm$MH+0x000001c6512ef400'
Event: 63.779 Thread 0x000001c638f94600 Unloading class 0x000001c6512eec00 'java/lang/invoke/LambdaForm$MH+0x000001c6512eec00'
Event: 63.779 Thread 0x000001c638f94600 Unloading class 0x000001c6512ee800 'java/lang/invoke/LambdaForm$MH+0x000001c6512ee800'
Event: 63.779 Thread 0x000001c638f94600 Unloading class 0x000001c6512ee000 'java/lang/invoke/LambdaForm$MH+0x000001c6512ee000'
Event: 63.779 Thread 0x000001c638f94600 Unloading class 0x000001c6512ed800 'java/lang/invoke/LambdaForm$MH+0x000001c6512ed800'

Classes redefined (0 events):
No events

Internal exceptions (20 events):
Event: 74.444 Thread 0x000001c696c297b0 Exception <a 'sun/nio/fs/WindowsException'{0x00000000d58d5a88}> (0x00000000d58d5a88) 
thrown [s\src\hotspot\share\prims\jni.cpp, line 520]
Event: 74.445 Thread 0x000001c696c297b0 Exception <a 'sun/nio/fs/WindowsException'{0x00000000d58d6058}> (0x00000000d58d6058) 
thrown [s\src\hotspot\share\prims\jni.cpp, line 520]
Event: 74.445 Thread 0x000001c696c297b0 Exception <a 'sun/nio/fs/WindowsException'{0x00000000d58da158}> (0x00000000d58da158) 
thrown [s\src\hotspot\share\prims\jni.cpp, line 520]
Event: 74.446 Thread 0x000001c696c297b0 Exception <a 'sun/nio/fs/WindowsException'{0x00000000d58da730}> (0x00000000d58da730) 
thrown [s\src\hotspot\share\prims\jni.cpp, line 520]
Event: 74.446 Thread 0x000001c696c297b0 Exception <a 'sun/nio/fs/WindowsException'{0x00000000d58dad18}> (0x00000000d58dad18) 
thrown [s\src\hotspot\share\prims\jni.cpp, line 520]
Event: 74.446 Thread 0x000001c696c297b0 Exception <a 'sun/nio/fs/WindowsException'{0x00000000d58db310}> (0x00000000d58db310) 
thrown [s\src\hotspot\share\prims\jni.cpp, line 520]
Event: 74.447 Thread 0x000001c696c297b0 Exception <a 'sun/nio/fs/WindowsException'{0x00000000d58e55f0}> (0x00000000d58e55f0) 
thrown [s\src\hotspot\share\prims\jni.cpp, line 520]
Event: 74.447 Thread 0x000001c696c297b0 Exception <a 'sun/nio/fs/WindowsException'{0x00000000d58e5bc0}> (0x00000000d58e5bc0) 
thrown [s\src\hotspot\share\prims\jni.cpp, line 520]
Event: 74.447 Thread 0x000001c696c297b0 Exception <a 'sun/nio/fs/WindowsException'{0x00000000d58e6190}> (0x00000000d58e6190) 
thrown [s\src\hotspot\share\prims\jni.cpp, line 520]
Event: 74.447 Thread 0x000001c696c297b0 Exception <a 'sun/nio/fs/WindowsException'{0x00000000d58e6780}> (0x00000000d58e6780) 
thrown [s\src\hotspot\share\prims\jni.cpp, line 520]
Event: 74.448 Thread 0x000001c696c297b0 Exception <a 'sun/nio/fs/WindowsException'{0x00000000d58eaa40}> (0x00000000d58eaa40) 
thrown [s\src\hotspot\share\prims\jni.cpp, line 520]
Event: 74.448 Thread 0x000001c696c297b0 Exception <a 'sun/nio/fs/WindowsException'{0x00000000d58eb010}> (0x00000000d58eb010) 
thrown [s\src\hotspot\share\prims\jni.cpp, line 520]
Event: 74.449 Thread 0x000001c696c297b0 Exception <a 'sun/nio/fs/WindowsException'{0x00000000d58eb5e0}> (0x00000000d58eb5e0) 
thrown [s\src\hotspot\share\prims\jni.cpp, line 520]
Event: 74.449 Thread 0x000001c696c297b0 Exception <a 'sun/nio/fs/WindowsException'{0x00000000d58ebbd0}> (0x00000000d58ebbd0) 
thrown [s\src\hotspot\share\prims\jni.cpp, line 520]
Event: 74.449 Thread 0x000001c696c297b0 Exception <a 'sun/nio/fs/WindowsException'{0x00000000d58f0148}> (0x00000000d58f0148) 
thrown [s\src\hotspot\share\prims\jni.cpp, line 520]
Event: 74.449 Thread 0x000001c696c297b0 Exception <a 'sun/nio/fs/WindowsException'{0x00000000d58f06f8}> (0x00000000d58f06f8) 
thrown [s\src\hotspot\share\prims\jni.cpp, line 520]
Event: 74.450 Thread 0x000001c696c297b0 Exception <a 'sun/nio/fs/WindowsException'{0x00000000d58f0ca8}> (0x00000000d58f0ca8) 
thrown [s\src\hotspot\share\prims\jni.cpp, line 520]
Event: 74.450 Thread 0x000001c696c297b0 Exception <a 'sun/nio/fs/WindowsException'{0x00000000d58f1278}> (0x00000000d58f1278) 
thrown [s\src\hotspot\share\prims\jni.cpp, line 520]
Event: 75.184 Thread 0x000001c696c297b0 Exception <a 'java/lang/NoSuchMethodError'{0x00000000d5f91a18}: 'java.lang.Object java.lang.invoke.DirectMethodHandle$Holder.invokeVirtual(java.lang.Object, java.lang.Object, java.lang.Object, java.lang.Object)'> (0x00000000d5f91a18) 
thrown [s\src\hotspot\share\interpreter\linkResolver.cpp, line 773]
Event: 75.188 Thread 0x000001c696c297b0 Exception <a 'java/lang/NoSuchMethodError'{0x00000000d5fb43d0}: 'java.lang.Object java.lang.invoke.DirectMethodHandle$Holder.invokeVirtual(java.lang.Object, java.lang.Object, java.lang.Object, java.lang.Object, java.lang.Object)'> (0x00000000d5fb43d0) 
thrown [s\src\hotspot\share\interpreter\linkResolver.cpp, line 773]

ZGC Phase Switch (0 events):
No events

VM Operations (20 events):
Event: 118.104 Executing safepoint VM operation: ParallelGCFailedAllocation (Allocation Failure)
Event: 118.105 Executing safepoint VM operation: ParallelGCFailedAllocation (Allocation Failure) done
Event: 120.106 Executing safepoint VM operation: Cleanup
Event: 120.106 Executing safepoint VM operation: Cleanup done
Event: 120.201 Executing non-safepoint VM operation: HandshakeAllThreads (HandshakeForDeflation)
Event: 120.201 Executing non-safepoint VM operation: HandshakeAllThreads (HandshakeForDeflation) done
Event: 120.201 Executing non-safepoint VM operation: RendezvousGCThreads
Event: 120.201 Executing non-safepoint VM operation: RendezvousGCThreads done
Event: 123.201 Executing safepoint VM operation: Cleanup
Event: 123.201 Executing safepoint VM operation: Cleanup done
Event: 125.908 Executing safepoint VM operation: ParallelGCFailedAllocation (Allocation Failure)
Event: 125.909 Executing safepoint VM operation: ParallelGCFailedAllocation (Allocation Failure) done
Event: 127.910 Executing safepoint VM operation: Cleanup
Event: 127.910 Executing safepoint VM operation: Cleanup done
Event: 128.910 Executing safepoint VM operation: Cleanup
Event: 128.910 Executing safepoint VM operation: Cleanup done
Event: 130.910 Executing safepoint VM operation: Cleanup
Event: 130.910 Executing safepoint VM operation: Cleanup done
Event: 132.937 Executing safepoint VM operation: Cleanup
Event: 132.937 Executing safepoint VM operation: Cleanup done

Memory protections (0 events):
No events

Nmethod flushes (20 events):
Event: 63.797 Thread 0x000001c638f94600 flushing  nmethod 0x000001c63c939190
Event: 63.797 Thread 0x000001c638f94600 flushing  nmethod 0x000001c63c93cf90
Event: 63.797 Thread 0x000001c638f94600 flushing  nmethod 0x000001c63c940390
Event: 63.797 Thread 0x000001c638f94600 flushing  nmethod 0x000001c63c940710
Event: 63.797 Thread 0x000001c638f94600 flushing  nmethod 0x000001c63c941f10
Event: 63.797 Thread 0x000001c638f94600 flushing  nmethod 0x000001c63c956910
Event: 63.797 Thread 0x000001c638f94600 flushing  nmethod 0x000001c63c96b690
Event: 63.797 Thread 0x000001c638f94600 flushing  nmethod 0x000001c63c999410
Event: 63.797 Thread 0x000001c638f94600 flushing  nmethod 0x000001c63c999810
Event: 63.797 Thread 0x000001c638f94600 flushing  nmethod 0x000001c63c99a110
Event: 63.797 Thread 0x000001c638f94600 flushing  nmethod 0x000001c63c99b310
Event: 63.797 Thread 0x000001c638f94600 flushing  nmethod 0x000001c63c99c610
Event: 63.797 Thread 0x000001c638f94600 flushing  nmethod 0x000001c63c99e310
Event: 63.797 Thread 0x000001c638f94600 flushing  nmethod 0x000001c63c99fb90
Event: 63.797 Thread 0x000001c638f94600 flushing  nmethod 0x000001c63c9a0890
Event: 63.797 Thread 0x000001c638f94600 flushing  nmethod 0x000001c63c9a1910
Event: 63.797 Thread 0x000001c638f94600 flushing  nmethod 0x000001c63c9a1c10
Event: 63.797 Thread 0x000001c638f94600 flushing  nmethod 0x000001c63c9a2110
Event: 63.797 Thread 0x000001c638f94600 flushing  nmethod 0x000001c63ca44810
Event: 63.797 Thread 0x000001c638f94600 flushing  nmethod 0x000001c63ca7d590

Events (20 events):
Event: 69.838 Thread 0x000001c696c29120 Thread added: 0x000001c699153ed0
Event: 69.841 Thread 0x000001c699151770 Thread added: 0x000001c699157350
Event: 70.325 Thread 0x000001c699154560 Thread added: 0x000001c699155fa0
Event: 70.329 Thread 0x000001c6965808e0 Thread added: 0x000001c6991579e0
Event: 70.368 Thread 0x000001c699155fa0 Thread added: 0x000001c6991531b0
Event: 70.369 Thread 0x000001c699155fa0 Thread added: 0x000001c699155280
Event: 71.870 Thread 0x000001c696c297b0 Thread added: 0x000001c699155910
Event: 75.081 Thread 0x000001c696c297b0 Thread added: 0x000001c699154bf0
Event: 75.399 Thread 0x000001c696c297b0 Thread added: 0x000001c699150a50
Event: 78.084 Thread 0x000001c6991510e0 Thread exited: 0x000001c6991510e0
Event: 80.588 Thread 0x000001c6991579e0 Thread exited: 0x000001c6991579e0
Event: 80.589 Thread 0x000001c6991531b0 Thread exited: 0x000001c6991531b0
Event: 80.589 Thread 0x000001c699155280 Thread exited: 0x000001c699155280
Event: 80.589 Thread 0x000001c699155fa0 Thread exited: 0x000001c699155fa0
Event: 97.168 Thread 0x000001c638e5e490 Thread added: 0x000001c697899810
Event: 100.634 Thread 0x000001c697899810 Thread exited: 0x000001c697899810
Event: 130.174 Thread 0x000001c699151770 Thread exited: 0x000001c699151770
Event: 130.499 Thread 0x000001c696c2b1f0 Thread exited: 0x000001c696c2b1f0
Event: 130.510 Thread 0x000001c696c2c5a0 Thread exited: 0x000001c696c2c5a0
Event: 130.528 Thread 0x000001c697bfddf0 Thread exited: 0x000001c697bfddf0


Dynamic libraries:
0x00007ff69e380000 - 0x00007ff69e38e000 	c:\Users\KHAN\.vscode\extensions\redhat.java-1.54.0-win32-x64\jre\21.0.10-win32-x86_64\bin\java.exe
0x00007ffec1a70000 - 0x00007ffec1c68000 	C:\Windows\SYSTEM32\ntdll.dll
0x00007ffec0210000 - 0x00007ffec02d2000 	C:\Windows\System32\KERNEL32.DLL
0x00007ffebf660000 - 0x00007ffebf956000 	C:\Windows\System32\KERNELBASE.dll
0x00007ffebf320000 - 0x00007ffebf420000 	C:\Windows\System32\ucrtbase.dll
0x00007ffea5740000 - 0x00007ffea5758000 	c:\Users\KHAN\.vscode\extensions\redhat.java-1.54.0-win32-x64\jre\21.0.10-win32-x86_64\bin\jli.dll
0x00007ffec0cc0000 - 0x00007ffec0e61000 	C:\Windows\System32\USER32.dll
0x00007ffebf1d0000 - 0x00007ffebf1f2000 	C:\Windows\System32\win32u.dll
0x00007ffec0c90000 - 0x00007ffec0cbb000 	C:\Windows\System32\GDI32.dll
0x00007ffebf200000 - 0x00007ffebf319000 	C:\Windows\System32\gdi32full.dll
0x00007ffebf960000 - 0x00007ffebf9fd000 	C:\Windows\System32\msvcp_win.dll
0x00007ffea52b0000 - 0x00007ffea52ce000 	c:\Users\KHAN\.vscode\extensions\redhat.java-1.54.0-win32-x64\jre\21.0.10-win32-x86_64\bin\VCRUNTIME140.dll
0x00007ffeafc80000 - 0x00007ffeaff1b000 	C:\Windows\WinSxS\amd64_microsoft.windows.common-controls_6595b64144ccf1df_6.0.19041.6456_none_60b8a6cb71f64256\COMCTL32.dll
0x00007ffec0050000 - 0x00007ffec00ee000 	C:\Windows\System32\msvcrt.dll
0x00007ffec0150000 - 0x00007ffec017f000 	C:\Windows\System32\IMM32.DLL
0x00007ffeb2990000 - 0x00007ffeb299c000 	c:\Users\KHAN\.vscode\extensions\redhat.java-1.54.0-win32-x64\jre\21.0.10-win32-x86_64\bin\vcruntime140_1.dll
0x00007ffe9adc0000 - 0x00007ffe9ae4d000 	c:\Users\KHAN\.vscode\extensions\redhat.java-1.54.0-win32-x64\jre\21.0.10-win32-x86_64\bin\msvcp140.dll
0x00007ffe76f30000 - 0x00007ffe77cd1000 	c:\Users\KHAN\.vscode\extensions\redhat.java-1.54.0-win32-x64\jre\21.0.10-win32-x86_64\bin\server\jvm.dll
0x00007ffec0e70000 - 0x00007ffec0f21000 	C:\Windows\System32\ADVAPI32.dll
0x00007ffebfdf0000 - 0x00007ffebfe8f000 	C:\Windows\System32\sechost.dll
0x00007ffebfa90000 - 0x00007ffebfbb0000 	C:\Windows\System32\RPCRT4.dll
0x00007ffebf4d0000 - 0x00007ffebf4f7000 	C:\Windows\System32\bcrypt.dll
0x00007ffec1050000 - 0x00007ffec10bb000 	C:\Windows\System32\WS2_32.dll
0x00007ffebe640000 - 0x00007ffebe68b000 	C:\Windows\SYSTEM32\POWRPROF.dll
0x00007ffeb0ac0000 - 0x00007ffeb0ae7000 	C:\Windows\SYSTEM32\WINMM.dll
0x00007ffeb0b00000 - 0x00007ffeb0b0a000 	C:\Windows\SYSTEM32\VERSION.dll
0x00007ffebe500000 - 0x00007ffebe512000 	C:\Windows\SYSTEM32\UMPDC.dll
0x00007ffebcf70000 - 0x00007ffebcf82000 	C:\Windows\SYSTEM32\kernel.appcore.dll
0x00007ffeb25d0000 - 0x00007ffeb25da000 	c:\Users\KHAN\.vscode\extensions\redhat.java-1.54.0-win32-x64\jre\21.0.10-win32-x86_64\bin\jimage.dll
0x00007ffeb0030000 - 0x00007ffeb0231000 	C:\Windows\SYSTEM32\DBGHELP.DLL
0x00007ffea9b90000 - 0x00007ffea9bc4000 	C:\Windows\SYSTEM32\dbgcore.DLL
0x00007ffebfa00000 - 0x00007ffebfa82000 	C:\Windows\System32\bcryptPrimitives.dll
0x00007ffeae550000 - 0x00007ffeae55f000 	c:\Users\KHAN\.vscode\extensions\redhat.java-1.54.0-win32-x64\jre\21.0.10-win32-x86_64\bin\instrument.dll
0x00007ffea2c70000 - 0x00007ffea2c90000 	c:\Users\KHAN\.vscode\extensions\redhat.java-1.54.0-win32-x64\jre\21.0.10-win32-x86_64\bin\java.dll
0x00007ffec03c0000 - 0x00007ffec0b30000 	C:\Windows\System32\SHELL32.dll
0x00007ffebd170000 - 0x00007ffebd915000 	C:\Windows\SYSTEM32\windows.storage.dll
0x00007ffec11e0000 - 0x00007ffec1534000 	C:\Windows\System32\combase.dll
0x00007ffebeb30000 - 0x00007ffebeb5b000 	C:\Windows\SYSTEM32\Wldp.dll
0x00007ffec0b30000 - 0x00007ffec0bfd000 	C:\Windows\System32\OLEAUT32.dll
0x00007ffec0fa0000 - 0x00007ffec104d000 	C:\Windows\System32\SHCORE.dll
0x00007ffec1540000 - 0x00007ffec159b000 	C:\Windows\System32\shlwapi.dll
0x00007ffebf030000 - 0x00007ffebf054000 	C:\Windows\SYSTEM32\profapi.dll
0x00007ffe9f560000 - 0x00007ffe9f578000 	c:\Users\KHAN\.vscode\extensions\redhat.java-1.54.0-win32-x64\jre\21.0.10-win32-x86_64\bin\zip.dll
0x00007ffeae2c0000 - 0x00007ffeae2d0000 	C:\Users\KHAN\.vscode\extensions\redhat.java-1.54.0-win32-x64\jre\21.0.10-win32-x86_64\bin\net.dll
0x00007ffeb6540000 - 0x00007ffeb664a000 	C:\Windows\SYSTEM32\WINHTTP.dll
0x00007ffebe890000 - 0x00007ffebe8fa000 	C:\Windows\system32\mswsock.dll
0x00007ffe9f540000 - 0x00007ffe9f556000 	C:\Users\KHAN\.vscode\extensions\redhat.java-1.54.0-win32-x64\jre\21.0.10-win32-x86_64\bin\nio.dll
0x00007ffeae000000 - 0x00007ffeae010000 	c:\Users\KHAN\.vscode\extensions\redhat.java-1.54.0-win32-x64\jre\21.0.10-win32-x86_64\bin\verify.dll
0x00007ffe9d070000 - 0x00007ffe9d0b5000 	C:\Users\KHAN\AppData\Roaming\Code\User\globalStorage\redhat.java\1.54.0\config_win\org.eclipse.equinox.launcher\org.eclipse.equinox.launcher.win32.win32.x86_64_1.3.0.v20260203-2149\eclipse_11919.dll
0x00007ffebfc10000 - 0x00007ffebfd3b000 	C:\Windows\System32\ole32.dll
0x00007ffebea90000 - 0x00007ffebeaa8000 	C:\Windows\SYSTEM32\CRYPTSP.dll
0x00007ffebe140000 - 0x00007ffebe178000 	C:\Windows\system32\rsaenh.dll
0x00007ffebeff0000 - 0x00007ffebf01e000 	C:\Windows\SYSTEM32\USERENV.dll
0x00007ffebea80000 - 0x00007ffebea8c000 	C:\Windows\SYSTEM32\CRYPTBASE.dll
0x00007ffebe520000 - 0x00007ffebe55b000 	C:\Windows\SYSTEM32\IPHLPAPI.DLL
0x00007ffec0040000 - 0x00007ffec0048000 	C:\Windows\System32\NSI.dll
0x00007ffe9c470000 - 0x00007ffe9c4b9000 	C:\Users\KHAN\AppData\Local\Temp\jna-2305610\jna11008721211472011063.dll
0x00007ffec0f30000 - 0x00007ffec0f38000 	C:\Windows\System32\PSAPI.DLL
0x00007ffeb6e40000 - 0x00007ffeb6e57000 	C:\Windows\SYSTEM32\dhcpcsvc6.DLL
0x00007ffeb7c30000 - 0x00007ffeb7c4d000 	C:\Windows\SYSTEM32\dhcpcsvc.DLL
0x00007ffeb9120000 - 0x00007ffeb912e000 	C:\Users\KHAN\.vscode\extensions\redhat.java-1.54.0-win32-x64\jre\21.0.10-win32-x86_64\bin\sunmscapi.dll
0x00007ffebf500000 - 0x00007ffebf65d000 	C:\Windows\System32\CRYPT32.dll
0x00007ffebeba0000 - 0x00007ffebebc7000 	C:\Windows\SYSTEM32\ncrypt.dll
0x00007ffebeb60000 - 0x00007ffebeb9b000 	C:\Windows\SYSTEM32\NTASN1.dll
0x00007ffebe570000 - 0x00007ffebe63a000 	C:\Windows\SYSTEM32\DNSAPI.dll
0x00007ffeb1930000 - 0x00007ffeb193a000 	C:\Windows\System32\rasadhlp.dll
0x00007ffeb1a20000 - 0x00007ffeb1aa0000 	C:\Windows\System32\fwpuclnt.dll
0x00007ffeadd10000 - 0x00007ffeadd19000 	C:\Users\KHAN\.vscode\extensions\redhat.java-1.54.0-win32-x64\jre\21.0.10-win32-x86_64\bin\extnet.dll
0x00007ffeb25e0000 - 0x00007ffeb2607000 	C:\Users\KHAN\.gradle\native\1def1411415f61bf3af743bc5b6707747c0891f09f0c88961ee8f79bc544acac\windows-amd64\native-platform.dll

JVMTI agents:
c:\Users\KHAN\.vscode\extensions\redhat.java-1.54.0-win32-x64\lombok\lombok-1.18.39-4050.jar path:c:\Users\KHAN\.vscode\extensions\redhat.java-1.54.0-win32-x64\jre\21.0.10-win32-x86_64\bin\instrument.dll, loaded, initialized, instrumentlib options:none

dbghelp: loaded successfully - version: 4.0.5 - missing functions: none
symbol engine: initialized successfully - sym options: 0x614 - pdb path: .;c:\Users\KHAN\.vscode\extensions\redhat.java-1.54.0-win32-x64\jre\21.0.10-win32-x86_64\bin;C:\Windows\SYSTEM32;C:\Windows\WinSxS\amd64_microsoft.windows.common-controls_6595b64144ccf1df_6.0.19041.6456_none_60b8a6cb71f64256;c:\Users\KHAN\.vscode\extensions\redhat.java-1.54.0-win32-x64\jre\21.0.10-win32-x86_64\bin\server;C:\Users\KHAN\AppData\Roaming\Code\User\globalStorage\redhat.java\1.54.0\config_win\org.eclipse.equinox.launcher\org.eclipse.equinox.launcher.win32.win32.x86_64_1.3.0.v20260203-2149;C:\Users\KHAN\AppData\Local\Temp\jna-2305610;C:\Users\KHAN\.gradle\native\1def1411415f61bf3af743bc5b6707747c0891f09f0c88961ee8f79bc544acac\windows-amd64

VM Arguments:
jvm_args: --add-modules=ALL-SYSTEM --add-opens=java.base/java.util=ALL-UNNAMED --add-opens=java.base/java.lang=ALL-UNNAMED --add-opens=java.base/sun.nio.fs=ALL-UNNAMED -Declipse.application=org.eclipse.jdt.ls.core.id1 -Dosgi.bundles.defaultStartLevel=4 -Declipse.product=org.eclipse.jdt.ls.core.product -Djava.import.generatesMetadataFilesAtProjectRoot=false -DDetectVMInstallationsJob.disabled=true -Dfile.encoding=utf8 -XX:+UseParallelGC -XX:GCTimeRatio=4 -XX:AdaptiveSizePolicyWeight=90 -Dsun.zip.disableMemoryMapping=true -Xmx2G -Xms100m -Xlog:disable -javaagent:c:\Users\KHAN\.vscode\extensions\redhat.java-1.54.0-win32-x64\lombok\lombok-1.18.39-4050.jar -XX:+HeapDumpOnOutOfMemoryError -XX:HeapDumpPath=c:\Users\KHAN\AppData\Roaming\Code\User\workspaceStorage\68ccc319445cd5e44a420bc5d8f9fddf\redhat.java -Daether.dependencyCollector.impl=bf 
java_command: c:\Users\KHAN\.vscode\extensions\redhat.java-1.54.0-win32-x64\server\plugins\org.eclipse.equinox.launcher_1.7.100.v20251111-0406.jar -configuration c:\Users\KHAN\AppData\Roaming\Code\User\globalStorage\redhat.java\1.54.0\config_win -data c:\Users\KHAN\AppData\Roaming\Code\User\workspaceStorage\68ccc319445cd5e44a420bc5d8f9fddf\redhat.java\jdt_ws --pipe=\\.\pipe\lsp-cdd9d65edd2161e9fcc0943d37c1f019-sock
java_class_path (initial): c:\Users\KHAN\.vscode\extensions\redhat.java-1.54.0-win32-x64\server\plugins\org.eclipse.equinox.launcher_1.7.100.v20251111-0406.jar
Launcher Type: SUN_STANDARD

[Global flags]
    uintx AdaptiveSizePolicyWeight                 = 90                                        {product} {command line}
     intx CICompilerCount                          = 3                                         {product} {ergonomic}
    uintx GCTimeRatio                              = 4                                         {product} {command line}
     bool HeapDumpOnOutOfMemoryError               = true                                   {manageable} {command line}
    ccstr HeapDumpPath                             = c:\Users\KHAN\AppData\Roaming\Code\User\workspaceStorage\68ccc319445cd5e44a420bc5d8f9fddf\redhat.java         {manageable} {command line}
   size_t InitialHeapSize                          = 104857600                                 {product} {command line}
   size_t MaxHeapSize                              = 2147483648                                {product} {command line}
   size_t MaxNewSize                               = 715653120                                 {product} {ergonomic}
   size_t MinHeapDeltaBytes                        = 524288                                    {product} {ergonomic}
   size_t MinHeapSize                              = 104857600                                 {product} {command line}
   size_t NewSize                                  = 34603008                                  {product} {ergonomic}
    uintx NonNMethodCodeHeapSize                   = 5832780                                {pd product} {ergonomic}
    uintx NonProfiledCodeHeapSize                  = 122912730                              {pd product} {ergonomic}
   size_t OldSize                                  = 70254592                                  {product} {ergonomic}
    uintx ProfiledCodeHeapSize                     = 122912730                              {pd product} {ergonomic}
    uintx ReservedCodeCacheSize                    = 251658240                              {pd product} {ergonomic}
     bool SegmentedCodeCache                       = true                                      {product} {ergonomic}
   size_t SoftMaxHeapSize                          = 2147483648                             {manageable} {ergonomic}
     bool UseCompressedOops                        = true                           {product lp64_product} {ergonomic}
     bool UseLargePagesIndividualAllocation        = false                                  {pd product} {ergonomic}
     bool UseParallelGC                            = true                                      {product} {command line}

Logging:
Log output configuration:
 #0: stdout all=off uptime,level,tags foldmultilines=false
 #1: stderr all=off uptime,level,tags foldmultilines=false

Release file:
JAVA_VERSION="21.0.10" 
MODULES="java.base java.compiler java.datatransfer java.xml java.prefs java.desktop java.instrument java.logging java.management java.security.sasl java.naming java.rmi java.management.rmi java.net.http java.scripting java.security.jgss java.transaction.xa java.sql java.sql.rowset java.xml.crypto java.se java.smartcardio jdk.accessibility jdk.internal.jvmstat jdk.attach jdk.charsets jdk.internal.opt jdk.zipfs jdk.compiler jdk.crypto.ec jdk.crypto.cryptoki jdk.crypto.mscapi jdk.dynalink jdk.internal.ed jdk.editpad jdk.hotspot.agent jdk.httpserver jdk.internal.le jdk.internal.vm.ci jdk.internal.vm.compiler jdk.internal.vm.compiler.management jdk.jartool jdk.javadoc jdk.jcmd jdk.management jdk.management.agent jdk.jconsole jdk.jdeps jdk.jdwp.agent jdk.jdi jdk.jfr jdk.jshell jdk.jsobject jdk.jstatd jdk.localedata jdk.management.jfr jdk.naming.dns jdk.naming.rmi jdk.net jdk.nio.mapmode jdk.random jdk.sctp jdk.security.auth jdk.security.jgss jdk.unsupported jdk.unsupported.desktop jdk.xml.dom" 

Environment Variables:
JAVA_HOME=C:\Program Files\Microsoft\jdk-17.0.10.7-hotspot\
PATH=C:\Python312\Scripts\;C:\Python312\;C:\Program Files\Microsoft\jdk-17.0.10.7-hotspot\bin;C:\Windows\system32;C:\Windows;C:\Windows\System32\Wbem;C:\Windows\System32\WindowsPowerShell\v1.0\;C:\Windows\System32\OpenSSH\;C:\ProgramData\chocolatey\bin;C:\Program Files\Git\cmd;C:\Users\KHAN\AppData\Local\Android\Sdk\platform-tools;C:\Users\KHAN\AppData\Local\Android\Sdk\tools;C:\Program Files\nodejs\;C:\Program Files (x86)\Microsoft SQL Server\160\Tools\Binn\;C:\Program Files\Microsoft SQL Server\160\Tools\Binn\;C:\Program Files\Microsoft SQL Server\Client SDK\ODBC\170\Tools\Binn\;C:\Program Files\Microsoft SQL Server\160\DTS\Binn\;C:\Program Files\MongoDB\Server\8.2\bin;C:\tools\php85;C:\ProgramData\ComposerSetup\bin;C:\Users\KHAN\AppData\Local\Microsoft\WindowsApps;C:\Users\KHAN\AppData\Local\Programs\Microsoft VS Code\bin;C:\Users\KHAN\AppData\Local\Android\Sdk\platform-tools;C:\Users\KHAN\AppData\Local\Android\Sdk\platform-tools;C:\Users\KHAN\AppData\Roaming\npm;C:\Program Files\mongosh\;C:\Users\KHAN\AppData\Local\Programs\Antigravity\bin;C:\Users\KHAN\AppData\Roaming\Composer\vendor\bin;C:\Users\KHAN\AppData\Local\Programs\Windsurf\bin
USERNAME=KHAN
OS=Windows_NT
PROCESSOR_IDENTIFIER=Intel64 Family 6 Model 58 Stepping 9, GenuineIntel
TMP=C:\Users\KHAN\AppData\Local\Temp
TEMP=C:\Users\KHAN\AppData\Local\Temp




Periodic native trim disabled

---------------  S Y S T E M  ---------------

OS:
 Windows 10 , 64 bit Build 19041 (10.0.19041.5915)
OS uptime: 5 days 18:10 hours

CPU: total 4 (initial active 4) (2 cores per cpu, 2 threads per core) family 6 model 58 stepping 9 microcode 0x21, cx8, cmov, fxsr, ht, mmx, sse, sse2, sse3, ssse3, sse4.1, sse4.2, popcnt, tsc, tscinvbit, avx, aes, erms, clmul, vzeroupper, clflush, rdtscp, f16c
Processor Information for the first 4 processors :
  Max Mhz: 2601, Current Mhz: 2601, Mhz Limit: 2601

Memory: 4k page, system-wide physical 8095M (425M free)
TotalPageFile size 23286M (AvailPageFile size 0M)
current process WorkingSet (physical memory assigned to process): 200M, peak: 275M
current process commit charge ("private bytes"): 326M, peak: 346M

vm_info: OpenJDK 64-Bit Server VM (21.0.10+7-LTS) for windows-amd64 JRE (21.0.10+7-LTS), built on 2026-01-20T00:00:00Z by "admin" with MS VC++ 17.12 (VS2022)

END.
