#
# There is insufficient memory for the Java Runtime Environment to continue.
# Native memory allocation (malloc) failed to allocate 1048576 bytes. Error detail: AllocateHeap
# Possible reasons:
#   The system is out of physical RAM or swap space
#   This process is running with CompressedOops enabled, and the Java Heap may be blocking the growth of the native heap
# Possible solutions:
#   Reduce memory load on the system
#   Increase physical memory or swap space
#   Check if swap backing store is full
#   Decrease Java heap size (-Xmx/-Xms)
#   Decrease number of Java threads
#   Decrease Java thread stack sizes (-Xss)
#   Set larger code cache with -XX:ReservedCodeCacheSize=
#   JVM is running with Unscaled Compressed Oops mode in which the Java heap is
#     placed in the first 4GB address space. The Java Heap base address is the
#     maximum limit for the native heap growth. Please use -XX:HeapBaseMinAddress
#     to set the Java Heap base and to place the Java Heap above 4GB virtual address.
# This output file may be truncated or incomplete.
#
#  Out of Memory Error (allocation.cpp:44), pid=10412, tid=20292
#
# JRE version: OpenJDK Runtime Environment Temurin-21.0.10+7 (21.0.10+7) (build 21.0.10+7-LTS)
# Java VM: OpenJDK 64-Bit Server VM Temurin-21.0.10+7 (21.0.10+7-LTS, mixed mode, sharing, tiered, compressed oops, compressed class ptrs, parallel gc, windows-amd64)
# No core dump will be written. Minidumps are not enabled by default on client versions of Windows
#

---------------  S U M M A R Y ------------

Command Line: --add-modules=ALL-SYSTEM --add-opens=java.base/java.util=ALL-UNNAMED --add-opens=java.base/java.lang=ALL-UNNAMED --add-opens=java.base/sun.nio.fs=ALL-UNNAMED -Declipse.application=org.eclipse.jdt.ls.core.id1 -Dosgi.bundles.defaultStartLevel=4 -Declipse.product=org.eclipse.jdt.ls.core.product -Djava.import.generatesMetadataFilesAtProjectRoot=false -DDetectVMInstallationsJob.disabled=true -Dfile.encoding=utf8 -XX:+UseParallelGC -XX:GCTimeRatio=4 -XX:AdaptiveSizePolicyWeight=90 -Dsun.zip.disableMemoryMapping=true -Xmx2G -Xms100m -Xlog:disable -javaagent:c:\Users\KHAN\.vscode\extensions\redhat.java-1.53.0-win32-x64\lombok\lombok-1.18.39-4050.jar -XX:+HeapDumpOnOutOfMemoryError -XX:HeapDumpPath=c:\Users\KHAN\AppData\Roaming\Code\User\workspaceStorage\68ccc319445cd5e44a420bc5d8f9fddf\redhat.java -Daether.dependencyCollector.impl=bf c:\Users\KHAN\.vscode\extensions\redhat.java-1.53.0-win32-x64\server\plugins\org.eclipse.equinox.launcher_1.7.100.v20251111-0406.jar -configuration c:\Users\KHAN\AppData\Roaming\Code\User\globalStorage\redhat.java\1.53.0\config_win -data c:\Users\KHAN\AppData\Roaming\Code\User\workspaceStorage\68ccc319445cd5e44a420bc5d8f9fddf\redhat.java\jdt_ws --pipe=\\.\pipe\lsp-07bef466eb2601fbcedb7aacc3aede3c-sock

Host: Intel(R) Core(TM) i5-3320M CPU @ 2.60GHz, 4 cores, 7G,  Windows 10 , 64 bit Build 19041 (10.0.19041.5915)
Time: Fri Apr  3 02:49:25 2026 Pakistan Standard Time elapsed time: 1333.207475 seconds (0d 0h 22m 13s)

---------------  T H R E A D  ---------------

Current thread (0x000001860ea646f0):  JavaThread "Attach Listener" daemon [_thread_in_vm, id=20292, stack(0x0000001143a00000,0x0000001143b00000) (1024K)]

Stack: [0x0000001143a00000,0x0000001143b00000]
Native frames: (J=compiled Java code, j=interpreted, Vv=VM code, C=native code)
V  [jvm.dll+0x6d7a39]
V  [jvm.dll+0x8b4b26]
V  [jvm.dll+0x8b70de]
V  [jvm.dll+0x8b77c3]
V  [jvm.dll+0x284346]
V  [jvm.dll+0xc1277]
V  [jvm.dll+0x6d82e9]
V  [jvm.dll+0x1334a6]
V  [jvm.dll+0x3f857e]
V  [jvm.dll+0x85f59d]
V  [jvm.dll+0x6d626d]
C  [ucrtbase.dll+0x21bb2]
C  [KERNEL32.DLL+0x17374]
C  [ntdll.dll+0x4cc91]


---------------  P R O C E S S  ---------------

Threads class SMR info:
_java_thread_list=0x000001866eecbc60, length=31, elements={
0x000001860eb72650, 0x000001860ec2a3b0, 0x000001860ec2dcd0, 0x000001860ea61640,
0x000001860ea646f0, 0x000001860ea662c0, 0x000001860ea66d20, 0x000001860ea67b60,
0x000001860ead6790, 0x0000018667261bd0, 0x0000018667375cf0, 0x000001866796edc0,
0x0000018667911c40, 0x000001860eafc790, 0x000001860eafd1d0, 0x000001866c394510,
0x000001866c8c6cc0, 0x00000186671e0820, 0x000001866c31ff90, 0x000001866c320620,
0x000001866c320cb0, 0x000001866d1c4700, 0x000001866d1c4d90, 0x000001866d1c2cc0,
0x000001866d1c2630, 0x000001866d1c1fa0, 0x000001866d1c1280, 0x000001866d1c67d0,
0x000001866d1c3350, 0x000001866d1c6e60, 0x000001866d1c0bf0
}

Java Threads: ( => current thread )
  0x000001860eb72650 JavaThread "main"                              [_thread_blocked, id=19388, stack(0x0000001143300000,0x0000001143400000) (1024K)]
  0x000001860ec2a3b0 JavaThread "Reference Handler"          daemon [_thread_blocked, id=7152, stack(0x0000001143700000,0x0000001143800000) (1024K)]
  0x000001860ec2dcd0 JavaThread "Finalizer"                  daemon [_thread_blocked, id=21376, stack(0x0000001143800000,0x0000001143900000) (1024K)]
  0x000001860ea61640 JavaThread "Signal Dispatcher"          daemon [_thread_blocked, id=10208, stack(0x0000001143900000,0x0000001143a00000) (1024K)]
=>0x000001860ea646f0 JavaThread "Attach Listener"            daemon [_thread_in_vm, id=20292, stack(0x0000001143a00000,0x0000001143b00000) (1024K)]
  0x000001860ea662c0 JavaThread "Service Thread"             daemon [_thread_blocked, id=19916, stack(0x0000001143b00000,0x0000001143c00000) (1024K)]
  0x000001860ea66d20 JavaThread "Monitor Deflation Thread"   daemon [_thread_blocked, id=1556, stack(0x0000001143c00000,0x0000001143d00000) (1024K)]
  0x000001860ea67b60 JavaThread "C2 CompilerThread0"         daemon [_thread_blocked, id=21508, stack(0x0000001143d00000,0x0000001143e00000) (1024K)]
  0x000001860ead6790 JavaThread "C1 CompilerThread0"         daemon [_thread_blocked, id=15824, stack(0x0000001143e00000,0x0000001143f00000) (1024K)]
  0x0000018667261bd0 JavaThread "Common-Cleaner"             daemon [_thread_blocked, id=6220, stack(0x0000001143f00000,0x0000001144000000) (1024K)]
  0x0000018667375cf0 JavaThread "Notification Thread"        daemon [_thread_blocked, id=12812, stack(0x0000001144000000,0x0000001144100000) (1024K)]
  0x000001866796edc0 JavaThread "Active Thread: Equinox Container: 12083d19-4873-45b5-ba96-10bda960e027"        [_thread_blocked, id=14244, stack(0x0000001144400000,0x0000001144500000) (1024K)]
  0x0000018667911c40 JavaThread "Refresh Thread: Equinox Container: 12083d19-4873-45b5-ba96-10bda960e027" daemon [_thread_blocked, id=5016, stack(0x0000001144500000,0x0000001144600000) (1024K)]
  0x000001860eafc790 JavaThread "Framework Event Dispatcher: Equinox Container: 12083d19-4873-45b5-ba96-10bda960e027" daemon [_thread_blocked, id=3076, stack(0x0000001144600000,0x0000001144700000) (1024K)]
  0x000001860eafd1d0 JavaThread "Start Level: Equinox Container: 12083d19-4873-45b5-ba96-10bda960e027" daemon [_thread_blocked, id=2716, stack(0x0000001144700000,0x0000001144800000) (1024K)]
  0x000001866c394510 JavaThread "Bundle File Closer"         daemon [_thread_blocked, id=21136, stack(0x0000001144800000,0x0000001144900000) (1024K)]
  0x000001866c8c6cc0 JavaThread "SCR Component Actor"        daemon [_thread_blocked, id=5984, stack(0x0000001143100000,0x0000001143200000) (1024K)]
  0x00000186671e0820 JavaThread "Worker-JM"                         [_thread_blocked, id=1828, stack(0x0000001144900000,0x0000001144a00000) (1024K)]
  0x000001866c31ff90 JavaThread "JNA Cleaner"                daemon [_thread_blocked, id=3944, stack(0x0000001144b00000,0x0000001144c00000) (1024K)]
  0x000001866c320620 JavaThread "Java indexing"              daemon [_thread_blocked, id=11940, stack(0x0000001145100000,0x0000001145200000) (1024K)]
  0x000001866c320cb0 JavaThread "Worker-4"                          [_thread_blocked, id=4392, stack(0x0000001145300000,0x0000001145400000) (1024K)]
  0x000001866d1c4700 JavaThread "Thread-1"                   daemon [_thread_in_native, id=19348, stack(0x0000001145600000,0x0000001145700000) (1024K)]
  0x000001866d1c4d90 JavaThread "Thread-2"                   daemon [_thread_in_native, id=12624, stack(0x0000001145700000,0x0000001145800000) (1024K)]
  0x000001866d1c2cc0 JavaThread "Thread-3"                   daemon [_thread_in_native, id=12568, stack(0x0000001145800000,0x0000001145900000) (1024K)]
  0x000001866d1c2630 JavaThread "Thread-4"                   daemon [_thread_in_native, id=5172, stack(0x0000001145900000,0x0000001145a00000) (1024K)]
  0x000001866d1c1fa0 JavaThread "Thread-5"                   daemon [_thread_in_native, id=22512, stack(0x0000001145a00000,0x0000001145b00000) (1024K)]
  0x000001866d1c1280 JavaThread "pool-2-thread-1"                   [_thread_blocked, id=8696, stack(0x0000001145b00000,0x0000001145c00000) (1024K)]
  0x000001866d1c67d0 JavaThread "WorkspaceEventsHandler"            [_thread_blocked, id=7932, stack(0x0000001145c00000,0x0000001145d00000) (1024K)]
  0x000001866d1c3350 JavaThread "pool-1-thread-1"                   [_thread_blocked, id=4268, stack(0x0000001145d00000,0x0000001145e00000) (1024K)]
  0x000001866d1c6e60 JavaThread "Timer-0"                           [_thread_blocked, id=6740, stack(0x0000001146000000,0x0000001146100000) (1024K)]
  0x000001866d1c0bf0 JavaThread "Worker-6"                          [_thread_blocked, id=9036, stack(0x0000001143200000,0x0000001143300000) (1024K)]
Total: 31

Other Threads:
  0x000001860ec0f6b0 VMThread "VM Thread"                           [id=7172, stack(0x0000001143600000,0x0000001143700000) (1024K)]
  0x000001860ebda9f0 WatcherThread "VM Periodic Task Thread"        [id=10960, stack(0x0000001143500000,0x0000001143600000) (1024K)]
  0x000001860eb8f580 WorkerThread "GC Thread#0"                     [id=15712, stack(0x0000001143400000,0x0000001143500000) (1024K)]
  0x00000186679ca070 WorkerThread "GC Thread#1"                     [id=9324, stack(0x0000001144100000,0x0000001144200000) (1024K)]
  0x00000186679ca420 WorkerThread "GC Thread#2"                     [id=15408, stack(0x0000001144200000,0x0000001144300000) (1024K)]
  0x00000186679d0ee0 WorkerThread "GC Thread#3"                     [id=19424, stack(0x0000001144300000,0x0000001144400000) (1024K)]
Total: 6

Threads with active compile tasks:
Total: 0

VM state: not at safepoint (normal execution)

VM Mutex/Monitor currently owned by a thread: None

Heap address: 0x0000000080000000, size: 2048 MB, Compressed Oops mode: 32-bit

CDS archive(s) mapped at: [0x0000018626000000-0x0000018626ba0000-0x0000018626ba0000), size 12189696, SharedBaseAddress: 0x0000018626000000, ArchiveRelocationMode: 1.
Compressed class space mapped at: 0x0000018627000000-0x0000018667000000, reserved size: 1073741824
Narrow klass base: 0x0000018626000000, Narrow klass shift: 0, Narrow klass range: 0x100000000

GC Precious Log:
 CardTable entry size: 512
 CPUs: 4 total, 4 available
 Memory: 8095M
 Large Page Support: Disabled
 NUMA Support: Disabled
 Compressed Oops: Enabled (32-bit)
 Alignments: Space 512K, Generation 512K, Heap 2M
 Heap Min Capacity: 100M
 Heap Initial Capacity: 100M
 Heap Max Capacity: 2G
 Pre-touch: Disabled
 Parallel Workers: 4

Heap:
 PSYoungGen      total 22528K, used 17712K [0x00000000d5580000, 0x00000000d6e00000, 0x0000000100000000)
  eden space 20992K, 82% used [0x00000000d5580000,0x00000000d6674248,0x00000000d6a00000)
  from space 1536K, 22% used [0x00000000d6b00000,0x00000000d6b58000,0x00000000d6c80000)
  to   space 1024K, 0% used [0x00000000d6d00000,0x00000000d6d00000,0x00000000d6e00000)
 ParOldGen       total 111104K, used 110796K [0x0000000080000000, 0x0000000086c80000, 0x00000000d5580000)
  object space 111104K, 99% used [0x0000000080000000,0x0000000086c33148,0x0000000086c80000)
 Metaspace       used 63965K, committed 65536K, reserved 1114112K
  class space    used 7466K, committed 8128K, reserved 1048576K

Card table byte_map: [0x000001860e510000,0x000001860e920000] _byte_map_base: 0x000001860e110000

Marking Bits: (ParMarkBitMap*) 0x00007ff87e273450
 Begin Bits: [0x0000018621020000, 0x0000018623020000)
 End Bits:   [0x0000018623020000, 0x0000018625020000)

Polling page: 0x000001860c9a0000

Metaspace:

Usage:
  Non-class:     55.18 MB used.
      Class:      7.29 MB used.
       Both:     62.47 MB used.

Virtual space:
  Non-class space:       64.00 MB reserved,      56.06 MB ( 88%) committed,  1 nodes.
      Class space:        1.00 GB reserved,       7.94 MB ( <1%) committed,  1 nodes.
             Both:        1.06 GB reserved,      64.00 MB (  6%) committed. 

Chunk freelists:
   Non-Class:  7.80 MB
       Class:  8.03 MB
        Both:  15.83 MB

MaxMetaspaceSize: unlimited
CompressedClassSpaceSize: 1.00 GB
Initial GC threshold: 21.00 MB
Current GC threshold: 97.31 MB
CDS: on
 - commit_granule_bytes: 65536.
 - commit_granule_words: 8192.
 - virtual_space_node_default_size: 8388608.
 - enlarge_chunks_in_place: 1.
 - use_allocation_guard: 0.


Internal statistics:

num_allocs_failed_limit: 9.
num_arena_births: 1318.
num_arena_deaths: 26.
num_vsnodes_births: 2.
num_vsnodes_deaths: 0.
num_space_committed: 1024.
num_space_uncommitted: 0.
num_chunks_returned_to_freelist: 37.
num_chunks_taken_from_freelist: 4169.
num_chunk_merges: 8.
num_chunk_splits: 2644.
num_chunks_enlarged: 1601.
num_inconsistent_stats: 0.

CodeHeap 'non-profiled nmethods': size=120000Kb used=7643Kb max_used=7643Kb free=112356Kb
 bounds [0x0000018619840000, 0x0000018619fc0000, 0x0000018620d70000]
CodeHeap 'profiled nmethods': size=120000Kb used=19625Kb max_used=19625Kb free=100374Kb
 bounds [0x0000018611d70000, 0x00000186130a0000, 0x00000186192a0000]
CodeHeap 'non-nmethods': size=5760Kb used=1408Kb max_used=1461Kb free=4352Kb
 bounds [0x00000186192a0000, 0x0000018619510000, 0x0000018619840000]
CodeCache: size=245760Kb, used=28676Kb, max_used=28729Kb, free=217082Kb
 total_blobs=10058, nmethods=9341, adapters=623, full_count=0
Compilation: enabled, stopped_count=0, restarted_count=0

Compilation events (20 events):
Event: 1231.847 Thread 0x000001860ead6790 10172       3       org.eclipse.core.internal.dtree.AbstractDataTreeNode::assembleWith (177 bytes)
Event: 1231.848 Thread 0x000001860ea67b60 10174       4       java.util.Arrays::copyOfRange (90 bytes)
Event: 1231.849 Thread 0x000001860ead6790 nmethod 10172 0x0000018613095c90 code [0x0000018613095fe0, 0x0000018613097310]
Event: 1231.849 Thread 0x000001860ead6790 10173       3       org.eclipse.core.internal.watson.ElementTree::getParent (22 bytes)
Event: 1231.849 Thread 0x000001860ead6790 nmethod 10173 0x0000018613097810 code [0x00000186130979e0, 0x0000018613097d98]
Event: 1231.850 Thread 0x000001860ead6790 10175       1       org.eclipse.core.internal.events.InternalBuilder::setLastBuiltTree (6 bytes)
Event: 1231.850 Thread 0x000001860ead6790 nmethod 10175 0x0000018619fb5610 code [0x0000018619fb57a0, 0x0000018619fb5880]
Event: 1231.851 Thread 0x000001860ead6790 10177       3       org.eclipse.core.internal.events.ResourceComparator::getBuildComparator (4 bytes)
Event: 1231.851 Thread 0x000001860ead6790 nmethod 10177 0x0000018613097f10 code [0x00000186130980a0, 0x0000018613098198]
Event: 1231.854 Thread 0x000001860ea67b60 nmethod 10174 0x0000018619fb5910 code [0x0000018619fb5ac0, 0x0000018619fb5fd0]
Event: 1231.854 Thread 0x000001860ea67b60 10176       4       org.eclipse.core.internal.events.ResourceComparator::compare (383 bytes)
Event: 1231.859 Thread 0x000001860ea67b60 nmethod 10176 0x0000018619fb6290 code [0x0000018619fb6500, 0x0000018619fb6a50]
Event: 1256.488 Thread 0x000001860ead6790 10178   !   3       java.util.concurrent.locks.AbstractQueuedSynchronizer$ConditionObject::newConditionNode (78 bytes)
Event: 1256.489 Thread 0x000001860ead6790 nmethod 10178 0x0000018613098210 code [0x0000018613098480, 0x0000018613098c60]
Event: 1256.489 Thread 0x000001860ead6790 10179       3       java.util.concurrent.locks.AbstractQueuedSynchronizer$ConditionNode::<init> (5 bytes)
Event: 1256.489 Thread 0x000001860ead6790 nmethod 10179 0x0000018613098f10 code [0x00000186130990c0, 0x0000018613099288]
Event: 1256.489 Thread 0x000001860ead6790 10180       3       java.util.concurrent.locks.AbstractQueuedSynchronizer$ConditionObject::enableWait (84 bytes)
Event: 1256.490 Thread 0x000001860ead6790 nmethod 10180 0x0000018613099390 code [0x00000186130995a0, 0x0000018613099bd8]
Event: 1286.525 Thread 0x000001860ead6790 10181   !   3       java.util.concurrent.locks.AbstractQueuedSynchronizer::reacquire (64 bytes)
Event: 1286.525 Thread 0x000001860ead6790 nmethod 10181 0x0000018613099e10 code [0x0000018613099fe0, 0x000001861309a350]

GC Heap History (20 events):
Event: 490.451 GC heap before
{Heap before GC invocations=85 (full 3):
 PSYoungGen      total 22016K, used 21504K [0x00000000d5580000, 0x00000000d6f80000, 0x0000000100000000)
  eden space 20992K, 100% used [0x00000000d5580000,0x00000000d6a00000,0x00000000d6a00000)
  from space 1024K, 50% used [0x00000000d6d80000,0x00000000d6e00000,0x00000000d6e80000)
  to   space 1024K, 0% used [0x00000000d6e80000,0x00000000d6e80000,0x00000000d6f80000)
 ParOldGen       total 104448K, used 104079K [0x0000000080000000, 0x0000000086600000, 0x00000000d5580000)
  object space 104448K, 99% used [0x0000000080000000,0x00000000865a3f78,0x0000000086600000)
 Metaspace       used 62702K, committed 64192K, reserved 1114112K
  class space    used 7320K, committed 8000K, reserved 1048576K
}
Event: 490.453 GC heap after
{Heap after GC invocations=85 (full 3):
 PSYoungGen      total 22016K, used 544K [0x00000000d5580000, 0x00000000d6f80000, 0x0000000100000000)
  eden space 20992K, 0% used [0x00000000d5580000,0x00000000d5580000,0x00000000d6a00000)
  from space 1024K, 53% used [0x00000000d6e80000,0x00000000d6f08000,0x00000000d6f80000)
  to   space 1024K, 0% used [0x00000000d6d80000,0x00000000d6d80000,0x00000000d6e80000)
 ParOldGen       total 104960K, used 104535K [0x0000000080000000, 0x0000000086680000, 0x00000000d5580000)
  object space 104960K, 99% used [0x0000000080000000,0x0000000086615f88,0x0000000086680000)
 Metaspace       used 62702K, committed 64192K, reserved 1114112K
  class space    used 7320K, committed 8000K, reserved 1048576K
}
Event: 490.659 GC heap before
{Heap before GC invocations=86 (full 3):
 PSYoungGen      total 22016K, used 21536K [0x00000000d5580000, 0x00000000d6f80000, 0x0000000100000000)
  eden space 20992K, 100% used [0x00000000d5580000,0x00000000d6a00000,0x00000000d6a00000)
  from space 1024K, 53% used [0x00000000d6e80000,0x00000000d6f08000,0x00000000d6f80000)
  to   space 1024K, 0% used [0x00000000d6d80000,0x00000000d6d80000,0x00000000d6e80000)
 ParOldGen       total 104960K, used 104535K [0x0000000080000000, 0x0000000086680000, 0x00000000d5580000)
  object space 104960K, 99% used [0x0000000080000000,0x0000000086615f88,0x0000000086680000)
 Metaspace       used 62702K, committed 64192K, reserved 1114112K
  class space    used 7320K, committed 8000K, reserved 1048576K
}
Event: 490.660 GC heap after
{Heap after GC invocations=86 (full 3):
 PSYoungGen      total 22016K, used 544K [0x00000000d5580000, 0x00000000d6f00000, 0x0000000100000000)
  eden space 20992K, 0% used [0x00000000d5580000,0x00000000d5580000,0x00000000d6a00000)
  from space 1024K, 53% used [0x00000000d6d80000,0x00000000d6e08000,0x00000000d6e80000)
  to   space 512K, 0% used [0x00000000d6e80000,0x00000000d6e80000,0x00000000d6f00000)
 ParOldGen       total 105472K, used 104999K [0x0000000080000000, 0x0000000086700000, 0x00000000d5580000)
  object space 105472K, 99% used [0x0000000080000000,0x0000000086689f88,0x0000000086700000)
 Metaspace       used 62702K, committed 64192K, reserved 1114112K
  class space    used 7320K, committed 8000K, reserved 1048576K
}
Event: 490.820 GC heap before
{Heap before GC invocations=87 (full 3):
 PSYoungGen      total 22016K, used 21536K [0x00000000d5580000, 0x00000000d6f00000, 0x0000000100000000)
  eden space 20992K, 100% used [0x00000000d5580000,0x00000000d6a00000,0x00000000d6a00000)
  from space 1024K, 53% used [0x00000000d6d80000,0x00000000d6e08000,0x00000000d6e80000)
  to   space 512K, 0% used [0x00000000d6e80000,0x00000000d6e80000,0x00000000d6f00000)
 ParOldGen       total 105472K, used 104999K [0x0000000080000000, 0x0000000086700000, 0x00000000d5580000)
  object space 105472K, 99% used [0x0000000080000000,0x0000000086689f88,0x0000000086700000)
 Metaspace       used 62702K, committed 64192K, reserved 1114112K
  class space    used 7320K, committed 8000K, reserved 1048576K
}
Event: 490.822 GC heap after
{Heap after GC invocations=87 (full 3):
 PSYoungGen      total 21504K, used 512K [0x00000000d5580000, 0x00000000d6f00000, 0x0000000100000000)
  eden space 20992K, 0% used [0x00000000d5580000,0x00000000d5580000,0x00000000d6a00000)
  from space 512K, 100% used [0x00000000d6e80000,0x00000000d6f00000,0x00000000d6f00000)
  to   space 1024K, 0% used [0x00000000d6d00000,0x00000000d6d00000,0x00000000d6e00000)
 ParOldGen       total 105472K, used 105471K [0x0000000080000000, 0x0000000086700000, 0x00000000d5580000)
  object space 105472K, 99% used [0x0000000080000000,0x00000000866fff88,0x0000000086700000)
 Metaspace       used 62702K, committed 64192K, reserved 1114112K
  class space    used 7320K, committed 8000K, reserved 1048576K
}
Event: 490.927 GC heap before
{Heap before GC invocations=88 (full 3):
 PSYoungGen      total 21504K, used 21504K [0x00000000d5580000, 0x00000000d6f00000, 0x0000000100000000)
  eden space 20992K, 100% used [0x00000000d5580000,0x00000000d6a00000,0x00000000d6a00000)
  from space 512K, 100% used [0x00000000d6e80000,0x00000000d6f00000,0x00000000d6f00000)
  to   space 1024K, 0% used [0x00000000d6d00000,0x00000000d6d00000,0x00000000d6e00000)
 ParOldGen       total 105472K, used 105471K [0x0000000080000000, 0x0000000086700000, 0x00000000d5580000)
  object space 105472K, 99% used [0x0000000080000000,0x00000000866fff88,0x0000000086700000)
 Metaspace       used 62702K, committed 64192K, reserved 1114112K
  class space    used 7320K, committed 8000K, reserved 1048576K
}
Event: 490.930 GC heap after
{Heap after GC invocations=88 (full 3):
 PSYoungGen      total 22016K, used 512K [0x00000000d5580000, 0x00000000d6f00000, 0x0000000100000000)
  eden space 20992K, 0% used [0x00000000d5580000,0x00000000d5580000,0x00000000d6a00000)
  from space 1024K, 50% used [0x00000000d6d00000,0x00000000d6d80000,0x00000000d6e00000)
  to   space 1024K, 0% used [0x00000000d6e00000,0x00000000d6e00000,0x00000000d6f00000)
 ParOldGen       total 105984K, used 105924K [0x0000000080000000, 0x0000000086780000, 0x00000000d5580000)
  object space 105984K, 99% used [0x0000000080000000,0x00000000867712e0,0x0000000086780000)
 Metaspace       used 62702K, committed 64192K, reserved 1114112K
  class space    used 7320K, committed 8000K, reserved 1048576K
}
Event: 491.040 GC heap before
{Heap before GC invocations=89 (full 3):
 PSYoungGen      total 22016K, used 21504K [0x00000000d5580000, 0x00000000d6f00000, 0x0000000100000000)
  eden space 20992K, 100% used [0x00000000d5580000,0x00000000d6a00000,0x00000000d6a00000)
  from space 1024K, 50% used [0x00000000d6d00000,0x00000000d6d80000,0x00000000d6e00000)
  to   space 1024K, 0% used [0x00000000d6e00000,0x00000000d6e00000,0x00000000d6f00000)
 ParOldGen       total 105984K, used 105924K [0x0000000080000000, 0x0000000086780000, 0x00000000d5580000)
  object space 105984K, 99% used [0x0000000080000000,0x00000000867712e0,0x0000000086780000)
 Metaspace       used 62702K, committed 64192K, reserved 1114112K
  class space    used 7320K, committed 8000K, reserved 1048576K
}
Event: 491.042 GC heap after
{Heap after GC invocations=89 (full 3):
 PSYoungGen      total 22016K, used 576K [0x00000000d5580000, 0x00000000d6f00000, 0x0000000100000000)
  eden space 20992K, 0% used [0x00000000d5580000,0x00000000d5580000,0x00000000d6a00000)
  from space 1024K, 56% used [0x00000000d6e00000,0x00000000d6e90000,0x00000000d6f00000)
  to   space 1024K, 0% used [0x00000000d6d00000,0x00000000d6d00000,0x00000000d6e00000)
 ParOldGen       total 106496K, used 106364K [0x0000000080000000, 0x0000000086800000, 0x00000000d5580000)
  object space 106496K, 99% used [0x0000000080000000,0x00000000867df2f0,0x0000000086800000)
 Metaspace       used 62702K, committed 64192K, reserved 1114112K
  class space    used 7320K, committed 8000K, reserved 1048576K
}
Event: 491.283 GC heap before
{Heap before GC invocations=90 (full 3):
 PSYoungGen      total 22016K, used 21568K [0x00000000d5580000, 0x00000000d6f00000, 0x0000000100000000)
  eden space 20992K, 100% used [0x00000000d5580000,0x00000000d6a00000,0x00000000d6a00000)
  from space 1024K, 56% used [0x00000000d6e00000,0x00000000d6e90000,0x00000000d6f00000)
  to   space 1024K, 0% used [0x00000000d6d00000,0x00000000d6d00000,0x00000000d6e00000)
 ParOldGen       total 106496K, used 106364K [0x0000000080000000, 0x0000000086800000, 0x00000000d5580000)
  object space 106496K, 99% used [0x0000000080000000,0x00000000867df2f0,0x0000000086800000)
 Metaspace       used 62702K, committed 64192K, reserved 1114112K
  class space    used 7320K, committed 8000K, reserved 1048576K
}
Event: 491.284 GC heap after
{Heap after GC invocations=90 (full 3):
 PSYoungGen      total 22016K, used 544K [0x00000000d5580000, 0x00000000d6e80000, 0x0000000100000000)
  eden space 20992K, 0% used [0x00000000d5580000,0x00000000d5580000,0x00000000d6a00000)
  from space 1024K, 53% used [0x00000000d6d00000,0x00000000d6d88000,0x00000000d6e00000)
  to   space 512K, 0% used [0x00000000d6e00000,0x00000000d6e00000,0x00000000d6e80000)
 ParOldGen       total 107008K, used 106900K [0x0000000080000000, 0x0000000086880000, 0x00000000d5580000)
  object space 107008K, 99% used [0x0000000080000000,0x00000000868652f0,0x0000000086880000)
 Metaspace       used 62702K, committed 64192K, reserved 1114112K
  class space    used 7320K, committed 8000K, reserved 1048576K
}
Event: 491.420 GC heap before
{Heap before GC invocations=91 (full 3):
 PSYoungGen      total 22016K, used 21536K [0x00000000d5580000, 0x00000000d6e80000, 0x0000000100000000)
  eden space 20992K, 100% used [0x00000000d5580000,0x00000000d6a00000,0x00000000d6a00000)
  from space 1024K, 53% used [0x00000000d6d00000,0x00000000d6d88000,0x00000000d6e00000)
  to   space 512K, 0% used [0x00000000d6e00000,0x00000000d6e00000,0x00000000d6e80000)
 ParOldGen       total 107008K, used 106900K [0x0000000080000000, 0x0000000086880000, 0x00000000d5580000)
  object space 107008K, 99% used [0x0000000080000000,0x00000000868652f0,0x0000000086880000)
 Metaspace       used 62702K, committed 64192K, reserved 1114112K
  class space    used 7320K, committed 8000K, reserved 1048576K
}
Event: 491.422 GC heap after
{Heap after GC invocations=91 (full 3):
 PSYoungGen      total 21504K, used 512K [0x00000000d5580000, 0x00000000d6e80000, 0x0000000100000000)
  eden space 20992K, 0% used [0x00000000d5580000,0x00000000d5580000,0x00000000d6a00000)
  from space 512K, 100% used [0x00000000d6e00000,0x00000000d6e80000,0x00000000d6e80000)
  to   space 1024K, 0% used [0x00000000d6c80000,0x00000000d6c80000,0x00000000d6d80000)
 ParOldGen       total 107520K, used 107420K [0x0000000080000000, 0x0000000086900000, 0x00000000d5580000)
  object space 107520K, 99% used [0x0000000080000000,0x00000000868e72f0,0x0000000086900000)
 Metaspace       used 62702K, committed 64192K, reserved 1114112K
  class space    used 7320K, committed 8000K, reserved 1048576K
}
Event: 491.761 GC heap before
{Heap before GC invocations=92 (full 3):
 PSYoungGen      total 21504K, used 21504K [0x00000000d5580000, 0x00000000d6e80000, 0x0000000100000000)
  eden space 20992K, 100% used [0x00000000d5580000,0x00000000d6a00000,0x00000000d6a00000)
  from space 512K, 100% used [0x00000000d6e00000,0x00000000d6e80000,0x00000000d6e80000)
  to   space 1024K, 0% used [0x00000000d6c80000,0x00000000d6c80000,0x00000000d6d80000)
 ParOldGen       total 107520K, used 107420K [0x0000000080000000, 0x0000000086900000, 0x00000000d5580000)
  object space 107520K, 99% used [0x0000000080000000,0x00000000868e72f0,0x0000000086900000)
 Metaspace       used 62705K, committed 64192K, reserved 1114112K
  class space    used 7320K, committed 8000K, reserved 1048576K
}
Event: 491.766 GC heap after
{Heap after GC invocations=92 (full 3):
 PSYoungGen      total 22016K, used 1024K [0x00000000d5580000, 0x00000000d7100000, 0x0000000100000000)
  eden space 20992K, 0% used [0x00000000d5580000,0x00000000d5580000,0x00000000d6a00000)
  from space 1024K, 100% used [0x00000000d6c80000,0x00000000d6d80000,0x00000000d6d80000)
  to   space 3584K, 0% used [0x00000000d6d80000,0x00000000d6d80000,0x00000000d7100000)
 ParOldGen       total 109568K, used 109325K [0x0000000080000000, 0x0000000086b00000, 0x00000000d5580000)
  object space 109568K, 99% used [0x0000000080000000,0x0000000086ac3448,0x0000000086b00000)
 Metaspace       used 62705K, committed 64192K, reserved 1114112K
  class space    used 7320K, committed 8000K, reserved 1048576K
}
Event: 491.890 GC heap before
{Heap before GC invocations=93 (full 3):
 PSYoungGen      total 22016K, used 22016K [0x00000000d5580000, 0x00000000d7100000, 0x0000000100000000)
  eden space 20992K, 100% used [0x00000000d5580000,0x00000000d6a00000,0x00000000d6a00000)
  from space 1024K, 100% used [0x00000000d6c80000,0x00000000d6d80000,0x00000000d6d80000)
  to   space 3584K, 0% used [0x00000000d6d80000,0x00000000d6d80000,0x00000000d7100000)
 ParOldGen       total 109568K, used 109325K [0x0000000080000000, 0x0000000086b00000, 0x00000000d5580000)
  object space 109568K, 99% used [0x0000000080000000,0x0000000086ac3448,0x0000000086b00000)
 Metaspace       used 62707K, committed 64192K, reserved 1114112K
  class space    used 7320K, committed 8000K, reserved 1048576K
}
Event: 491.894 GC heap after
{Heap after GC invocations=93 (full 3):
 PSYoungGen      total 21504K, used 512K [0x00000000d5580000, 0x00000000d6e00000, 0x0000000100000000)
  eden space 20992K, 0% used [0x00000000d5580000,0x00000000d5580000,0x00000000d6a00000)
  from space 512K, 100% used [0x00000000d6d80000,0x00000000d6e00000,0x00000000d6e00000)
  to   space 1536K, 0% used [0x00000000d6b00000,0x00000000d6b00000,0x00000000d6c80000)
 ParOldGen       total 110592K, used 110381K [0x0000000080000000, 0x0000000086c00000, 0x00000000d5580000)
  object space 110592K, 99% used [0x0000000080000000,0x0000000086bcb448,0x0000000086c00000)
 Metaspace       used 62707K, committed 64192K, reserved 1114112K
  class space    used 7320K, committed 8000K, reserved 1048576K
}
Event: 492.069 GC heap before
{Heap before GC invocations=94 (full 3):
 PSYoungGen      total 21504K, used 21504K [0x00000000d5580000, 0x00000000d6e00000, 0x0000000100000000)
  eden space 20992K, 100% used [0x00000000d5580000,0x00000000d6a00000,0x00000000d6a00000)
  from space 512K, 100% used [0x00000000d6d80000,0x00000000d6e00000,0x00000000d6e00000)
  to   space 1536K, 0% used [0x00000000d6b00000,0x00000000d6b00000,0x00000000d6c80000)
 ParOldGen       total 110592K, used 110381K [0x0000000080000000, 0x0000000086c00000, 0x00000000d5580000)
  object space 110592K, 99% used [0x0000000080000000,0x0000000086bcb448,0x0000000086c00000)
 Metaspace       used 62716K, committed 64192K, reserved 1114112K
  class space    used 7322K, committed 8000K, reserved 1048576K
}
Event: 492.072 GC heap after
{Heap after GC invocations=94 (full 3):
 PSYoungGen      total 22528K, used 352K [0x00000000d5580000, 0x00000000d6e00000, 0x0000000100000000)
  eden space 20992K, 0% used [0x00000000d5580000,0x00000000d5580000,0x00000000d6a00000)
  from space 1536K, 22% used [0x00000000d6b00000,0x00000000d6b58000,0x00000000d6c80000)
  to   space 1024K, 0% used [0x00000000d6d00000,0x00000000d6d00000,0x00000000d6e00000)
 ParOldGen       total 111104K, used 110796K [0x0000000080000000, 0x0000000086c80000, 0x00000000d5580000)
  object space 111104K, 99% used [0x0000000080000000,0x0000000086c33148,0x0000000086c80000)
 Metaspace       used 62716K, committed 64192K, reserved 1114112K
  class space    used 7322K, committed 8000K, reserved 1048576K
}

Dll operation events (15 events):
Event: 0.021 Loaded shared library c:\Users\KHAN\.vscode\extensions\redhat.java-1.53.0-win32-x64\jre\21.0.10-win32-x86_64\bin\java.dll
Event: 0.604 Loaded shared library c:\Users\KHAN\.vscode\extensions\redhat.java-1.53.0-win32-x64\jre\21.0.10-win32-x86_64\bin\zip.dll
Event: 0.800 Loaded shared library C:\Users\KHAN\.vscode\extensions\redhat.java-1.53.0-win32-x64\jre\21.0.10-win32-x86_64\bin\instrument.dll
Event: 0.811 Loaded shared library C:\Users\KHAN\.vscode\extensions\redhat.java-1.53.0-win32-x64\jre\21.0.10-win32-x86_64\bin\net.dll
Event: 0.815 Loaded shared library C:\Users\KHAN\.vscode\extensions\redhat.java-1.53.0-win32-x64\jre\21.0.10-win32-x86_64\bin\nio.dll
Event: 0.821 Loaded shared library C:\Users\KHAN\.vscode\extensions\redhat.java-1.53.0-win32-x64\jre\21.0.10-win32-x86_64\bin\zip.dll
Event: 0.932 Loaded shared library C:\Users\KHAN\.vscode\extensions\redhat.java-1.53.0-win32-x64\jre\21.0.10-win32-x86_64\bin\jimage.dll
Event: 1.353 Loaded shared library c:\Users\KHAN\.vscode\extensions\redhat.java-1.53.0-win32-x64\jre\21.0.10-win32-x86_64\bin\verify.dll
Event: 55.145 Loaded shared library C:\Users\KHAN\AppData\Roaming\Code\User\globalStorage\redhat.java\1.53.0\config_win\org.eclipse.equinox.launcher\org.eclipse.equinox.launcher.win32.win32.x86_64_1.3.0.v20260203-2149\eclipse_11919.dll
Event: 74.642 Loaded shared library C:\Users\KHAN\AppData\Local\Temp\jna-2305610\jna14104944965996154498.dll
Event: 106.479 Loaded shared library C:\Users\KHAN\.gradle\native\1def1411415f61bf3af743bc5b6707747c0891f09f0c88961ee8f79bc544acac\windows-amd64\native-platform.dll
Event: 110.697 Loaded shared library C:\Users\KHAN\.vscode\extensions\redhat.java-1.53.0-win32-x64\jre\21.0.10-win32-x86_64\bin\management.dll
Event: 110.735 Loaded shared library C:\Users\KHAN\.vscode\extensions\redhat.java-1.53.0-win32-x64\jre\21.0.10-win32-x86_64\bin\management_ext.dll
Event: 113.272 Loaded shared library C:\Users\KHAN\.vscode\extensions\redhat.java-1.53.0-win32-x64\jre\21.0.10-win32-x86_64\bin\extnet.dll
Event: 125.514 Loaded shared library C:\Users\KHAN\.vscode\extensions\redhat.java-1.53.0-win32-x64\jre\21.0.10-win32-x86_64\bin\sunmscapi.dll

Deoptimization events (20 events):
Event: 1230.841 Thread 0x000001866d1c67d0 Uncommon trap: trap_request=0xffffff45 fr.pc=0x0000018619e6f008 relative=0x0000000000000388
Event: 1230.841 Thread 0x000001866d1c67d0 Uncommon trap: reason=unstable_if action=reinterpret pc=0x0000018619e6f008 method=java.net.URI.needsNormalization(Ljava/lang/String;)I @ 62 c2
Event: 1230.841 Thread 0x000001866d1c67d0 DEOPT PACKING pc=0x0000018619e6f008 sp=0x0000001145cfeb00
Event: 1230.841 Thread 0x000001866d1c67d0 DEOPT UNPACKING pc=0x00000186192f3aa2 sp=0x0000001145cfeab0 mode 2
Event: 1231.064 Thread 0x000001866d1c67d0 Uncommon trap: trap_request=0xffffff45 fr.pc=0x0000018619eb38c8 relative=0x00000000000000a8
Event: 1231.064 Thread 0x000001866d1c67d0 Uncommon trap: reason=unstable_if action=reinterpret pc=0x0000018619eb38c8 method=org.eclipse.core.internal.jobs.InternalJob.getState()I @ 10 c2
Event: 1231.064 Thread 0x000001866d1c67d0 DEOPT PACKING pc=0x0000018619eb38c8 sp=0x0000001145cfee10
Event: 1231.064 Thread 0x000001866d1c67d0 DEOPT UNPACKING pc=0x00000186192f3aa2 sp=0x0000001145cfeda0 mode 2
Event: 1231.687 Thread 0x000001866c320cb0 Uncommon trap: trap_request=0xffffff45 fr.pc=0x0000018619fb248c relative=0x000000000000006c
Event: 1231.687 Thread 0x000001866c320cb0 Uncommon trap: reason=unstable_if action=reinterpret pc=0x0000018619fb248c method=org.eclipse.core.internal.events.ResourceComparator.compare(Ljava/lang/Object;Ljava/lang/Object;)I @ 2 c2
Event: 1231.687 Thread 0x000001866c320cb0 DEOPT PACKING pc=0x0000018619fb248c sp=0x00000011453fea40
Event: 1231.687 Thread 0x000001866c320cb0 DEOPT UNPACKING pc=0x00000186192f3aa2 sp=0x00000011453fe9d0 mode 2
Event: 1231.765 Thread 0x000001866c320cb0 Uncommon trap: trap_request=0xffffffbe fr.pc=0x00000186198c3324 relative=0x0000000000001124
Event: 1231.765 Thread 0x000001866c320cb0 Uncommon trap: reason=profile_predicate action=maybe_recompile pc=0x00000186198c3324 method=java.util.zip.InflaterInputStream.read([BII)I @ 37 c2
Event: 1231.765 Thread 0x000001866c320cb0 DEOPT PACKING pc=0x00000186198c3324 sp=0x00000011453fe670
Event: 1231.765 Thread 0x000001866c320cb0 DEOPT UNPACKING pc=0x00000186192f3aa2 sp=0x00000011453fe6c0 mode 2
Event: 1231.899 Thread 0x000001866c320cb0 Uncommon trap: trap_request=0xffffff45 fr.pc=0x0000018619fb689c relative=0x000000000000039c
Event: 1231.899 Thread 0x000001866c320cb0 Uncommon trap: reason=unstable_if action=reinterpret pc=0x0000018619fb689c method=org.eclipse.core.internal.events.ResourceComparator.compare(Ljava/lang/Object;Ljava/lang/Object;)I @ 307 c2
Event: 1231.899 Thread 0x000001866c320cb0 DEOPT PACKING pc=0x0000018619fb689c sp=0x00000011453ff100
Event: 1231.899 Thread 0x000001866c320cb0 DEOPT UNPACKING pc=0x00000186192f3aa2 sp=0x00000011453ff098 mode 2

Classes loaded (20 events):
Event: 475.435 Loading class java/util/stream/DistinctOps
Event: 475.483 Loading class java/util/stream/DistinctOps done
Event: 475.483 Loading class java/util/stream/DistinctOps$1
Event: 475.483 Loading class java/util/stream/DistinctOps$1 done
Event: 475.487 Loading class java/util/stream/DistinctOps$1$2
Event: 475.487 Loading class java/util/stream/DistinctOps$1$2 done
Event: 475.913 Loading class java/util/HashMap$EntrySpliterator
Event: 475.961 Loading class java/util/HashMap$EntrySpliterator done
Event: 492.691 Loading class java/io/SequenceInputStream
Event: 492.691 Loading class java/io/SequenceInputStream done
Event: 1178.724 Loading class java/util/AbstractList$RandomAccessSubList
Event: 1178.727 Loading class java/util/AbstractList$SubList
Event: 1178.728 Loading class java/util/AbstractList$SubList done
Event: 1178.728 Loading class java/util/AbstractList$RandomAccessSubList done
Event: 1178.729 Loading class java/util/AbstractList$SubList$1
Event: 1178.730 Loading class java/util/AbstractList$SubList$1 done
Event: 1179.158 Loading class java/util/WeakHashMap$KeyIterator
Event: 1179.160 Loading class java/util/WeakHashMap$KeyIterator done
Event: 1230.854 Loading class java/util/ImmutableCollections$SubList
Event: 1230.855 Loading class java/util/ImmutableCollections$SubList done

Classes unloaded (13 events):
Event: 79.759 Thread 0x000001860ec0f6b0 Unloading class 0x00000186271a3800 'java/lang/invoke/LambdaForm$MH+0x00000186271a3800'
Event: 79.759 Thread 0x000001860ec0f6b0 Unloading class 0x00000186271a3400 'java/lang/invoke/LambdaForm$MH+0x00000186271a3400'
Event: 79.759 Thread 0x000001860ec0f6b0 Unloading class 0x00000186271a3000 'java/lang/invoke/LambdaForm$MH+0x00000186271a3000'
Event: 79.759 Thread 0x000001860ec0f6b0 Unloading class 0x00000186271a2c00 'java/lang/invoke/LambdaForm$MH+0x00000186271a2c00'
Event: 79.759 Thread 0x000001860ec0f6b0 Unloading class 0x00000186271a2800 'java/lang/invoke/LambdaForm$BMH+0x00000186271a2800'
Event: 79.759 Thread 0x000001860ec0f6b0 Unloading class 0x00000186271a2400 'java/lang/invoke/LambdaForm$DMH+0x00000186271a2400'
Event: 79.759 Thread 0x000001860ec0f6b0 Unloading class 0x00000186271a1000 'java/lang/invoke/LambdaForm$DMH+0x00000186271a1000'
Event: 92.484 Thread 0x000001860ec0f6b0 Unloading class 0x00000186272c8800 'java/lang/invoke/LambdaForm$MH+0x00000186272c8800'
Event: 92.484 Thread 0x000001860ec0f6b0 Unloading class 0x00000186272c7c00 'java/lang/invoke/LambdaForm$MH+0x00000186272c7c00'
Event: 92.484 Thread 0x000001860ec0f6b0 Unloading class 0x00000186272c7400 'java/lang/invoke/LambdaForm$MH+0x00000186272c7400'
Event: 92.484 Thread 0x000001860ec0f6b0 Unloading class 0x00000186272c6c00 'java/lang/invoke/LambdaForm$MH+0x00000186272c6c00'
Event: 92.484 Thread 0x000001860ec0f6b0 Unloading class 0x00000186272c6400 'java/lang/invoke/LambdaForm$DMH+0x00000186272c6400'
Event: 92.484 Thread 0x000001860ec0f6b0 Unloading class 0x00000186272c5c00 'java/lang/invoke/LambdaForm$MH+0x00000186272c5c00'

Classes redefined (0 events):
No events

Internal exceptions (20 events):
Event: 1178.927 Thread 0x000001866d1c67d0 Exception <a 'sun/nio/fs/WindowsException'{0x00000000d5fa34a8}> (0x00000000d5fa34a8) 
thrown [s\src\hotspot\share\prims\jni.cpp, line 520]
Event: 1178.928 Thread 0x000001866d1c67d0 Exception <a 'sun/nio/fs/WindowsException'{0x00000000d5fa4eb0}> (0x00000000d5fa4eb0) 
thrown [s\src\hotspot\share\prims\jni.cpp, line 520]
Event: 1178.928 Thread 0x000001866d1c67d0 Exception <a 'sun/nio/fs/WindowsException'{0x00000000d5fa5838}> (0x00000000d5fa5838) 
thrown [s\src\hotspot\share\prims\jni.cpp, line 520]
Event: 1178.931 Thread 0x000001866d1c67d0 Exception <a 'sun/nio/fs/WindowsException'{0x00000000d5fa7400}> (0x00000000d5fa7400) 
thrown [s\src\hotspot\share\prims\jni.cpp, line 520]
Event: 1178.931 Thread 0x000001866d1c67d0 Exception <a 'sun/nio/fs/WindowsException'{0x00000000d5fa7fe8}> (0x00000000d5fa7fe8) 
thrown [s\src\hotspot\share\prims\jni.cpp, line 520]
Event: 1178.946 Thread 0x000001866d1c67d0 Exception <a 'sun/nio/fs/WindowsException'{0x00000000d5fb2450}> (0x00000000d5fb2450) 
thrown [s\src\hotspot\share\prims\jni.cpp, line 520]
Event: 1178.946 Thread 0x000001866d1c67d0 Exception <a 'sun/nio/fs/WindowsException'{0x00000000d5fb3020}> (0x00000000d5fb3020) 
thrown [s\src\hotspot\share\prims\jni.cpp, line 520]
Event: 1178.963 Thread 0x000001866d1c67d0 Exception <a 'sun/nio/fs/WindowsException'{0x00000000d5fb62d8}> (0x00000000d5fb62d8) 
thrown [s\src\hotspot\share\prims\jni.cpp, line 520]
Event: 1178.963 Thread 0x000001866d1c67d0 Exception <a 'sun/nio/fs/WindowsException'{0x00000000d5fb6c60}> (0x00000000d5fb6c60) 
thrown [s\src\hotspot\share\prims\jni.cpp, line 520]
Event: 1178.964 Thread 0x000001866d1c67d0 Exception <a 'sun/nio/fs/WindowsException'{0x00000000d5fb88a8}> (0x00000000d5fb88a8) 
thrown [s\src\hotspot\share\prims\jni.cpp, line 520]
Event: 1178.964 Thread 0x000001866d1c67d0 Exception <a 'sun/nio/fs/WindowsException'{0x00000000d5fb9230}> (0x00000000d5fb9230) 
thrown [s\src\hotspot\share\prims\jni.cpp, line 520]
Event: 1179.143 Thread 0x000001866d1c67d0 Exception <a 'sun/nio/fs/WindowsException'{0x00000000d5fbc6a8}> (0x00000000d5fbc6a8) 
thrown [s\src\hotspot\share\prims\jni.cpp, line 520]
Event: 1179.143 Thread 0x000001866d1c67d0 Exception <a 'sun/nio/fs/WindowsException'{0x00000000d5fbd030}> (0x00000000d5fbd030) 
thrown [s\src\hotspot\share\prims\jni.cpp, line 520]
Event: 1179.147 Thread 0x000001866d1c67d0 Exception <a 'sun/nio/fs/WindowsException'{0x00000000d5fc04f0}> (0x00000000d5fc04f0) 
thrown [s\src\hotspot\share\prims\jni.cpp, line 520]
Event: 1179.147 Thread 0x000001866d1c67d0 Exception <a 'sun/nio/fs/WindowsException'{0x00000000d5fc0e78}> (0x00000000d5fc0e78) 
thrown [s\src\hotspot\share\prims\jni.cpp, line 520]
Event: 1179.148 Thread 0x000001866d1c67d0 Exception <a 'sun/nio/fs/WindowsException'{0x00000000d5fc3480}> (0x00000000d5fc3480) 
thrown [s\src\hotspot\share\prims\jni.cpp, line 520]
Event: 1179.148 Thread 0x000001866d1c67d0 Exception <a 'sun/nio/fs/WindowsException'{0x00000000d5fc3e08}> (0x00000000d5fc3e08) 
thrown [s\src\hotspot\share\prims\jni.cpp, line 520]
Event: 1182.594 Thread 0x000001866c320cb0 Exception <a 'java/io/FileNotFoundException'{0x00000000d6154b78}> (0x00000000d6154b78) 
thrown [s\src\hotspot\share\prims\jni.cpp, line 520]
Event: 1182.595 Thread 0x000001866c320cb0 Exception <a 'java/io/FileNotFoundException'{0x00000000d6155e30}> (0x00000000d6155e30) 
thrown [s\src\hotspot\share\prims\jni.cpp, line 520]
Event: 1182.595 Thread 0x000001866c320cb0 Exception <a 'java/io/FileNotFoundException'{0x00000000d6156e40}> (0x00000000d6156e40) 
thrown [s\src\hotspot\share\prims\jni.cpp, line 520]

ZGC Phase Switch (0 events):
No events

VM Operations (20 events):
Event: 1182.809 Executing safepoint VM operation: Cleanup
Event: 1182.810 Executing safepoint VM operation: Cleanup done
Event: 1183.824 Executing safepoint VM operation: Cleanup
Event: 1183.824 Executing safepoint VM operation: Cleanup done
Event: 1186.832 Executing safepoint VM operation: Cleanup
Event: 1186.832 Executing safepoint VM operation: Cleanup done
Event: 1202.555 Executing non-safepoint VM operation: HandshakeAllThreads (HandshakeForDeflation)
Event: 1202.555 Executing non-safepoint VM operation: HandshakeAllThreads (HandshakeForDeflation) done
Event: 1202.555 Executing non-safepoint VM operation: RendezvousGCThreads
Event: 1202.555 Executing non-safepoint VM operation: RendezvousGCThreads done
Event: 1230.971 Executing non-safepoint VM operation: HandshakeAllThreads (Deoptimize)
Event: 1230.971 Executing non-safepoint VM operation: HandshakeAllThreads (Deoptimize) done
Event: 1230.971 Executing safepoint VM operation: Cleanup
Event: 1230.971 Executing safepoint VM operation: Cleanup done
Event: 1232.972 Executing safepoint VM operation: Cleanup
Event: 1232.972 Executing safepoint VM operation: Cleanup done
Event: 1262.735 Executing non-safepoint VM operation: HandshakeAllThreads (HandshakeForDeflation)
Event: 1262.736 Executing non-safepoint VM operation: HandshakeAllThreads (HandshakeForDeflation) done
Event: 1262.736 Executing non-safepoint VM operation: RendezvousGCThreads
Event: 1262.736 Executing non-safepoint VM operation: RendezvousGCThreads done

Memory protections (0 events):
No events

Nmethod flushes (20 events):
Event: 125.961 Thread 0x000001860ec0f6b0 flushing  nmethod 0x000001861269cd10
Event: 125.961 Thread 0x000001860ec0f6b0 flushing  nmethod 0x00000186126b2790
Event: 125.961 Thread 0x000001860ec0f6b0 flushing  nmethod 0x00000186126b8b10
Event: 125.961 Thread 0x000001860ec0f6b0 flushing  nmethod 0x00000186126ba110
Event: 125.961 Thread 0x000001860ec0f6b0 flushing  nmethod 0x00000186126c1410
Event: 125.961 Thread 0x000001860ec0f6b0 flushing  nmethod 0x0000018612708510
Event: 125.961 Thread 0x000001860ec0f6b0 flushing  nmethod 0x0000018612709e10
Event: 125.961 Thread 0x000001860ec0f6b0 flushing  nmethod 0x000001861270cd10
Event: 125.961 Thread 0x000001860ec0f6b0 flushing  nmethod 0x000001861270dd10
Event: 125.961 Thread 0x000001860ec0f6b0 flushing  nmethod 0x000001861270e210
Event: 125.961 Thread 0x000001860ec0f6b0 flushing  nmethod 0x000001861271ec10
Event: 125.961 Thread 0x000001860ec0f6b0 flushing  nmethod 0x0000018612724f10
Event: 125.961 Thread 0x000001860ec0f6b0 flushing  nmethod 0x000001861275b510
Event: 125.961 Thread 0x000001860ec0f6b0 flushing  nmethod 0x0000018612760210
Event: 125.961 Thread 0x000001860ec0f6b0 flushing  nmethod 0x0000018612761190
Event: 125.961 Thread 0x000001860ec0f6b0 flushing  nmethod 0x0000018612764990
Event: 125.961 Thread 0x000001860ec0f6b0 flushing  nmethod 0x000001861278d610
Event: 125.961 Thread 0x000001860ec0f6b0 flushing  nmethod 0x00000186127d0090
Event: 125.961 Thread 0x000001860ec0f6b0 flushing  nmethod 0x00000186127f2d90
Event: 125.961 Thread 0x000001860ec0f6b0 flushing  nmethod 0x00000186127f3390

Events (20 events):
Event: 467.363 Thread 0x000001860ead6790 Thread added: 0x000001866e632070
Event: 467.717 Thread 0x000001866e632070 Thread exited: 0x000001866e632070
Event: 468.342 Thread 0x000001860ead6790 Thread added: 0x000001866e6319a0
Event: 468.496 Thread 0x000001866e6319a0 Thread exited: 0x000001866e6319a0
Event: 468.519 Thread 0x000001860ead6790 Thread added: 0x000001866e632070
Event: 470.236 Thread 0x000001866e632070 Thread exited: 0x000001866e632070
Event: 470.361 Thread 0x000001860ead6790 Thread added: 0x000001866e6312d0
Event: 470.847 Thread 0x000001866e6312d0 Thread exited: 0x000001866e6312d0
Event: 471.628 Thread 0x000001860ead6790 Thread added: 0x000001866e630c00
Event: 474.609 Thread 0x000001866e630c00 Thread exited: 0x000001866e630c00
Event: 478.617 Thread 0x000001860ead6790 Thread added: 0x000001866e62f0c0
Event: 480.180 Thread 0x000001866e62f0c0 Thread exited: 0x000001866e62f0c0
Event: 480.206 Thread 0x000001860ead6790 Thread added: 0x000001866e62f790
Event: 481.013 Thread 0x000001866e62f790 Thread exited: 0x000001866e62f790
Event: 492.255 Thread 0x000001860ead6790 Thread added: 0x000001866e62f790
Event: 493.077 Thread 0x000001866e62f790 Thread exited: 0x000001866e62f790
Event: 540.379 Thread 0x000001866d1c39e0 Thread exited: 0x000001866d1c39e0
Event: 540.479 Thread 0x000001866c31ebe0 Thread exited: 0x000001866c31ebe0
Event: 600.588 Thread 0x000001866d1c5420 Thread exited: 0x000001866d1c5420
Event: 660.582 Thread 0x000001866d1c4070 Thread exited: 0x000001866d1c4070


Dynamic libraries:
0x00007ff6a56f0000 - 0x00007ff6a56fe000 	c:\Users\KHAN\.vscode\extensions\redhat.java-1.53.0-win32-x64\jre\21.0.10-win32-x86_64\bin\java.exe
0x00007ff8b8f50000 - 0x00007ff8b9148000 	C:\Windows\SYSTEM32\ntdll.dll
0x00007ff8b7770000 - 0x00007ff8b7832000 	C:\Windows\System32\KERNEL32.DLL
0x00007ff8b6750000 - 0x00007ff8b6a46000 	C:\Windows\System32\KERNELBASE.dll
0x00007ff8afce0000 - 0x00007ff8afd74000 	C:\Windows\SYSTEM32\apphelp.dll
0x00007ff8b6be0000 - 0x00007ff8b6ce0000 	C:\Windows\System32\ucrtbase.dll
0x00007ff8ace60000 - 0x00007ff8ace78000 	c:\Users\KHAN\.vscode\extensions\redhat.java-1.53.0-win32-x64\jre\21.0.10-win32-x86_64\bin\jli.dll
0x00007ff8b7840000 - 0x00007ff8b79e1000 	C:\Windows\System32\USER32.dll
0x00007ff8b6a50000 - 0x00007ff8b6a72000 	C:\Windows\System32\win32u.dll
0x00007ff8b7150000 - 0x00007ff8b717b000 	C:\Windows\System32\GDI32.dll
0x00007ff8b6630000 - 0x00007ff8b6749000 	C:\Windows\System32\gdi32full.dll
0x00007ff8b6d70000 - 0x00007ff8b6e0d000 	C:\Windows\System32\msvcp_win.dll
0x00007ff8abff0000 - 0x00007ff8ac00e000 	c:\Users\KHAN\.vscode\extensions\redhat.java-1.53.0-win32-x64\jre\21.0.10-win32-x86_64\bin\VCRUNTIME140.dll
0x00007ff8a7770000 - 0x00007ff8a7a0b000 	C:\Windows\WinSxS\amd64_microsoft.windows.common-controls_6595b64144ccf1df_6.0.19041.6456_none_60b8a6cb71f64256\COMCTL32.dll
0x00007ff8b7200000 - 0x00007ff8b729e000 	C:\Windows\System32\msvcrt.dll
0x00007ff8b6f70000 - 0x00007ff8b6f9f000 	C:\Windows\System32\IMM32.DLL
0x00007ff8b24e0000 - 0x00007ff8b24ec000 	c:\Users\KHAN\.vscode\extensions\redhat.java-1.53.0-win32-x64\jre\21.0.10-win32-x86_64\bin\vcruntime140_1.dll
0x00007ff89f730000 - 0x00007ff89f7bd000 	c:\Users\KHAN\.vscode\extensions\redhat.java-1.53.0-win32-x64\jre\21.0.10-win32-x86_64\bin\msvcp140.dll
0x00007ff87d5b0000 - 0x00007ff87e351000 	c:\Users\KHAN\.vscode\extensions\redhat.java-1.53.0-win32-x64\jre\21.0.10-win32-x86_64\bin\server\jvm.dll
0x00007ff8b7470000 - 0x00007ff8b7521000 	C:\Windows\System32\ADVAPI32.dll
0x00007ff8b72a0000 - 0x00007ff8b733f000 	C:\Windows\System32\sechost.dll
0x00007ff8b7030000 - 0x00007ff8b7150000 	C:\Windows\System32\RPCRT4.dll
0x00007ff8b6a80000 - 0x00007ff8b6aa7000 	C:\Windows\System32\bcrypt.dll
0x00007ff8b7db0000 - 0x00007ff8b7e1b000 	C:\Windows\System32\WS2_32.dll
0x00007ff8b5b70000 - 0x00007ff8b5bbb000 	C:\Windows\SYSTEM32\POWRPROF.dll
0x00007ff8a6d00000 - 0x00007ff8a6d27000 	C:\Windows\SYSTEM32\WINMM.dll
0x00007ff8a6dc0000 - 0x00007ff8a6dca000 	C:\Windows\SYSTEM32\VERSION.dll
0x00007ff8b59e0000 - 0x00007ff8b59f2000 	C:\Windows\SYSTEM32\UMPDC.dll
0x00007ff8b4de0000 - 0x00007ff8b4df2000 	C:\Windows\SYSTEM32\kernel.appcore.dll
0x00007ff8b1f50000 - 0x00007ff8b1f5a000 	c:\Users\KHAN\.vscode\extensions\redhat.java-1.53.0-win32-x64\jre\21.0.10-win32-x86_64\bin\jimage.dll
0x00007ff8b3b80000 - 0x00007ff8b3d81000 	C:\Windows\SYSTEM32\DBGHELP.DLL
0x00007ff8a08e0000 - 0x00007ff8a0914000 	C:\Windows\SYSTEM32\dbgcore.DLL
0x00007ff8b6ce0000 - 0x00007ff8b6d62000 	C:\Windows\System32\bcryptPrimitives.dll
0x00007ff8b1370000 - 0x00007ff8b137f000 	c:\Users\KHAN\.vscode\extensions\redhat.java-1.53.0-win32-x64\jre\21.0.10-win32-x86_64\bin\instrument.dll
0x00007ff8a94d0000 - 0x00007ff8a94f0000 	c:\Users\KHAN\.vscode\extensions\redhat.java-1.53.0-win32-x64\jre\21.0.10-win32-x86_64\bin\java.dll
0x00007ff8b7fd0000 - 0x00007ff8b8740000 	C:\Windows\System32\SHELL32.dll
0x00007ff8b4630000 - 0x00007ff8b4dd5000 	C:\Windows\SYSTEM32\windows.storage.dll
0x00007ff8b79f0000 - 0x00007ff8b7d44000 	C:\Windows\System32\combase.dll
0x00007ff8b6010000 - 0x00007ff8b603b000 	C:\Windows\SYSTEM32\Wldp.dll
0x00007ff8b73a0000 - 0x00007ff8b746d000 	C:\Windows\System32\OLEAUT32.dll
0x00007ff8b8870000 - 0x00007ff8b891d000 	C:\Windows\System32\SHCORE.dll
0x00007ff8b8a40000 - 0x00007ff8b8a9b000 	C:\Windows\System32\shlwapi.dll
0x00007ff8b6510000 - 0x00007ff8b6534000 	C:\Windows\SYSTEM32\profapi.dll
0x00007ff8a9310000 - 0x00007ff8a9328000 	c:\Users\KHAN\.vscode\extensions\redhat.java-1.53.0-win32-x64\jre\21.0.10-win32-x86_64\bin\zip.dll
0x00007ff8b11d0000 - 0x00007ff8b11e0000 	C:\Users\KHAN\.vscode\extensions\redhat.java-1.53.0-win32-x64\jre\21.0.10-win32-x86_64\bin\net.dll
0x00007ff8ae0f0000 - 0x00007ff8ae1fa000 	C:\Windows\SYSTEM32\WINHTTP.dll
0x00007ff8b5d70000 - 0x00007ff8b5dda000 	C:\Windows\system32\mswsock.dll
0x00007ff8a82e0000 - 0x00007ff8a82f6000 	C:\Users\KHAN\.vscode\extensions\redhat.java-1.53.0-win32-x64\jre\21.0.10-win32-x86_64\bin\nio.dll
0x00007ff8afbc0000 - 0x00007ff8afbd0000 	c:\Users\KHAN\.vscode\extensions\redhat.java-1.53.0-win32-x64\jre\21.0.10-win32-x86_64\bin\verify.dll
0x00007ff8acfd0000 - 0x00007ff8ad015000 	C:\Users\KHAN\AppData\Roaming\Code\User\globalStorage\redhat.java\1.53.0\config_win\org.eclipse.equinox.launcher\org.eclipse.equinox.launcher.win32.win32.x86_64_1.3.0.v20260203-2149\eclipse_11919.dll
0x00007ff8b8740000 - 0x00007ff8b886b000 	C:\Windows\System32\ole32.dll
0x00007ff8b5f70000 - 0x00007ff8b5f88000 	C:\Windows\SYSTEM32\CRYPTSP.dll
0x00007ff8b5620000 - 0x00007ff8b5658000 	C:\Windows\system32\rsaenh.dll
0x00007ff8b6490000 - 0x00007ff8b64be000 	C:\Windows\SYSTEM32\USERENV.dll
0x00007ff8b5f60000 - 0x00007ff8b5f6c000 	C:\Windows\SYSTEM32\CRYPTBASE.dll
0x00007ff8b5a00000 - 0x00007ff8b5a3b000 	C:\Windows\SYSTEM32\IPHLPAPI.DLL
0x00007ff8b7740000 - 0x00007ff8b7748000 	C:\Windows\System32\NSI.dll
0x00007ff8ac480000 - 0x00007ff8ac4c9000 	C:\Users\KHAN\AppData\Local\Temp\jna-2305610\jna14104944965996154498.dll
0x00007ff8b7180000 - 0x00007ff8b7188000 	C:\Windows\System32\PSAPI.DLL
0x00007ff8ae610000 - 0x00007ff8ae627000 	C:\Windows\SYSTEM32\dhcpcsvc6.DLL
0x00007ff8afe10000 - 0x00007ff8afe2d000 	C:\Windows\SYSTEM32\dhcpcsvc.DLL
0x00007ff89b0b0000 - 0x00007ff89b0d7000 	C:\Users\KHAN\.gradle\native\1def1411415f61bf3af743bc5b6707747c0891f09f0c88961ee8f79bc544acac\windows-amd64\native-platform.dll
0x00007ff8b24f0000 - 0x00007ff8b24fa000 	C:\Users\KHAN\.vscode\extensions\redhat.java-1.53.0-win32-x64\jre\21.0.10-win32-x86_64\bin\management.dll
0x00007ff8ac230000 - 0x00007ff8ac23c000 	C:\Users\KHAN\.vscode\extensions\redhat.java-1.53.0-win32-x64\jre\21.0.10-win32-x86_64\bin\management_ext.dll
0x00007ff8aacf0000 - 0x00007ff8aacf9000 	C:\Users\KHAN\.vscode\extensions\redhat.java-1.53.0-win32-x64\jre\21.0.10-win32-x86_64\bin\extnet.dll
0x00007ff8ac070000 - 0x00007ff8ac07e000 	C:\Users\KHAN\.vscode\extensions\redhat.java-1.53.0-win32-x64\jre\21.0.10-win32-x86_64\bin\sunmscapi.dll
0x00007ff8b6e10000 - 0x00007ff8b6f6d000 	C:\Windows\System32\CRYPT32.dll
0x00007ff8b6080000 - 0x00007ff8b60a7000 	C:\Windows\SYSTEM32\ncrypt.dll
0x00007ff8b6040000 - 0x00007ff8b607b000 	C:\Windows\SYSTEM32\NTASN1.dll
0x00007ff8aad40000 - 0x00007ff8aad47000 	C:\Windows\system32\wshunix.dll

JVMTI agents:
c:\Users\KHAN\.vscode\extensions\redhat.java-1.53.0-win32-x64\lombok\lombok-1.18.39-4050.jar path:c:\Users\KHAN\.vscode\extensions\redhat.java-1.53.0-win32-x64\jre\21.0.10-win32-x86_64\bin\instrument.dll, loaded, initialized, instrumentlib options:none

dbghelp: loaded successfully - version: 4.0.5 - missing functions: none
symbol engine: initialized successfully - sym options: 0x614 - pdb path: .;c:\Users\KHAN\.vscode\extensions\redhat.java-1.53.0-win32-x64\jre\21.0.10-win32-x86_64\bin;C:\Windows\SYSTEM32;C:\Windows\WinSxS\amd64_microsoft.windows.common-controls_6595b64144ccf1df_6.0.19041.6456_none_60b8a6cb71f64256;c:\Users\KHAN\.vscode\extensions\redhat.java-1.53.0-win32-x64\jre\21.0.10-win32-x86_64\bin\server;C:\Users\KHAN\AppData\Roaming\Code\User\globalStorage\redhat.java\1.53.0\config_win\org.eclipse.equinox.launcher\org.eclipse.equinox.launcher.win32.win32.x86_64_1.3.0.v20260203-2149;C:\Users\KHAN\AppData\Local\Temp\jna-2305610;C:\Users\KHAN\.gradle\native\1def1411415f61bf3af743bc5b6707747c0891f09f0c88961ee8f79bc544acac\windows-amd64

VM Arguments:
jvm_args: --add-modules=ALL-SYSTEM --add-opens=java.base/java.util=ALL-UNNAMED --add-opens=java.base/java.lang=ALL-UNNAMED --add-opens=java.base/sun.nio.fs=ALL-UNNAMED -Declipse.application=org.eclipse.jdt.ls.core.id1 -Dosgi.bundles.defaultStartLevel=4 -Declipse.product=org.eclipse.jdt.ls.core.product -Djava.import.generatesMetadataFilesAtProjectRoot=false -DDetectVMInstallationsJob.disabled=true -Dfile.encoding=utf8 -XX:+UseParallelGC -XX:GCTimeRatio=4 -XX:AdaptiveSizePolicyWeight=90 -Dsun.zip.disableMemoryMapping=true -Xmx2G -Xms100m -Xlog:disable -javaagent:c:\Users\KHAN\.vscode\extensions\redhat.java-1.53.0-win32-x64\lombok\lombok-1.18.39-4050.jar -XX:+HeapDumpOnOutOfMemoryError -XX:HeapDumpPath=c:\Users\KHAN\AppData\Roaming\Code\User\workspaceStorage\68ccc319445cd5e44a420bc5d8f9fddf\redhat.java -Daether.dependencyCollector.impl=bf 
java_command: c:\Users\KHAN\.vscode\extensions\redhat.java-1.53.0-win32-x64\server\plugins\org.eclipse.equinox.launcher_1.7.100.v20251111-0406.jar -configuration c:\Users\KHAN\AppData\Roaming\Code\User\globalStorage\redhat.java\1.53.0\config_win -data c:\Users\KHAN\AppData\Roaming\Code\User\workspaceStorage\68ccc319445cd5e44a420bc5d8f9fddf\redhat.java\jdt_ws --pipe=\\.\pipe\lsp-07bef466eb2601fbcedb7aacc3aede3c-sock
java_class_path (initial): c:\Users\KHAN\.vscode\extensions\redhat.java-1.53.0-win32-x64\server\plugins\org.eclipse.equinox.launcher_1.7.100.v20251111-0406.jar
Launcher Type: SUN_STANDARD

[Global flags]
    uintx AdaptiveSizePolicyWeight                 = 90                                        {product} {command line}
     intx CICompilerCount                          = 3                                         {product} {ergonomic}
    uintx GCTimeRatio                              = 4                                         {product} {command line}
     bool HeapDumpOnOutOfMemoryError               = true                                   {manageable} {command line}
    ccstr HeapDumpPath                             = c:\Users\KHAN\AppData\Roaming\Code\User\workspaceStorage\68ccc319445cd5e44a420bc5d8f9fddf\redhat.java         {manageable} {command line}
   size_t InitialHeapSize                          = 104857600                                 {product} {command line}
   size_t MaxHeapSize                              = 2147483648                                {product} {command line}
   size_t MaxNewSize                               = 715653120                                 {product} {ergonomic}
   size_t MinHeapDeltaBytes                        = 524288                                    {product} {ergonomic}
   size_t MinHeapSize                              = 104857600                                 {product} {command line}
   size_t NewSize                                  = 34603008                                  {product} {ergonomic}
    uintx NonNMethodCodeHeapSize                   = 5832780                                {pd product} {ergonomic}
    uintx NonProfiledCodeHeapSize                  = 122912730                              {pd product} {ergonomic}
   size_t OldSize                                  = 70254592                                  {product} {ergonomic}
    uintx ProfiledCodeHeapSize                     = 122912730                              {pd product} {ergonomic}
    uintx ReservedCodeCacheSize                    = 251658240                              {pd product} {ergonomic}
     bool SegmentedCodeCache                       = true                                      {product} {ergonomic}
   size_t SoftMaxHeapSize                          = 2147483648                             {manageable} {ergonomic}
     bool UseCompressedOops                        = true                           {product lp64_product} {ergonomic}
     bool UseLargePagesIndividualAllocation        = false                                  {pd product} {ergonomic}
     bool UseParallelGC                            = true                                      {product} {command line}

Logging:
Log output configuration:
 #0: stdout all=off uptime,level,tags foldmultilines=false
 #1: stderr all=off uptime,level,tags foldmultilines=false

Release file:
JAVA_VERSION="21.0.10" 
MODULES="java.base java.compiler java.datatransfer java.xml java.prefs java.desktop java.instrument java.logging java.management java.security.sasl java.naming java.rmi java.management.rmi java.net.http java.scripting java.security.jgss java.transaction.xa java.sql java.sql.rowset java.xml.crypto java.se java.smartcardio jdk.accessibility jdk.internal.jvmstat jdk.attach jdk.charsets jdk.internal.opt jdk.zipfs jdk.compiler jdk.crypto.ec jdk.crypto.cryptoki jdk.crypto.mscapi jdk.dynalink jdk.internal.ed jdk.editpad jdk.hotspot.agent jdk.httpserver jdk.internal.le jdk.internal.vm.ci jdk.internal.vm.compiler jdk.internal.vm.compiler.management jdk.jartool jdk.javadoc jdk.jcmd jdk.management jdk.management.agent jdk.jconsole jdk.jdeps jdk.jdwp.agent jdk.jdi jdk.jfr jdk.jshell jdk.jsobject jdk.jstatd jdk.localedata jdk.management.jfr jdk.naming.dns jdk.naming.rmi jdk.net jdk.nio.mapmode jdk.random jdk.sctp jdk.security.auth jdk.security.jgss jdk.unsupported jdk.unsupported.desktop jdk.xml.dom" 

Environment Variables:
JAVA_HOME=C:\Program Files\Microsoft\jdk-17.0.10.7-hotspot\
PATH=C:\Users\KHAN\AppData\Local\Programs\Microsoft VS Code;C:\Python312\Scripts\;C:\Python312\;C:\Program Files\Microsoft\jdk-17.0.10.7-hotspot\bin;C:\Windows\system32;C:\Windows;C:\Windows\System32\Wbem;C:\Windows\System32\WindowsPowerShell\v1.0\;C:\Windows\System32\OpenSSH\;C:\ProgramData\chocolatey\bin;C:\Program Files\Git\cmd;C:\Users\KHAN\AppData\Local\Android\Sdk\platform-tools;C:\Users\KHAN\AppData\Local\Android\Sdk\tools;C:\Program Files\nodejs\;C:\Program Files (x86)\Microsoft SQL Server\160\Tools\Binn\;C:\Program Files\Microsoft SQL Server\160\Tools\Binn\;C:\Program Files\Microsoft SQL Server\Client SDK\ODBC\170\Tools\Binn\;C:\Program Files\Microsoft SQL Server\160\DTS\Binn\;C:\Program Files\MongoDB\Server\8.2\bin;C:\tools\php85;C:\ProgramData\ComposerSetup\bin;C:\Users\KHAN\AppData\Local\Microsoft\WindowsApps;C:\Users\KHAN\AppData\Local\Programs\Microsoft VS Code\bin;C:\Users\KHAN\AppData\Local\Android\Sdk\platform-tools;C:\Users\KHAN\AppData\Local\Android\Sdk\platform-tools;C:\Users\KHAN\AppData\Roaming\npm;C:\Program Files\mongosh\;C:\Users\KHAN\AppData\Local\Programs\Antigravity\bin;C:\Users\KHAN\AppData\Roaming\Composer\vendor\bin
USERNAME=KHAN
OS=Windows_NT
PROCESSOR_IDENTIFIER=Intel64 Family 6 Model 58 Stepping 9, GenuineIntel
TMP=C:\Users\KHAN\AppData\Local\Temp
TEMP=C:\Users\KHAN\AppData\Local\Temp




Periodic native trim disabled

---------------  S Y S T E M  ---------------

OS:
 Windows 10 , 64 bit Build 19041 (10.0.19041.5915)
OS uptime: 22 days 3:34 hours

CPU: total 4 (initial active 4) (2 cores per cpu, 2 threads per core) family 6 model 58 stepping 9 microcode 0x21, cx8, cmov, fxsr, ht, mmx, sse, sse2, sse3, ssse3, sse4.1, sse4.2, popcnt, tsc, tscinvbit, avx, aes, erms, clmul, vzeroupper, clflush, rdtscp, f16c
Processor Information for the first 4 processors :
  Max Mhz: 2601, Current Mhz: 2600, Mhz Limit: 2574

Memory: 4k page, system-wide physical 8095M (242M free)
TotalPageFile size 23286M (AvailPageFile size 0M)
current process WorkingSet (physical memory assigned to process): 80M, peak: 305M
current process commit charge ("private bytes"): 413M, peak: 423M

vm_info: OpenJDK 64-Bit Server VM (21.0.10+7-LTS) for windows-amd64 JRE (21.0.10+7-LTS), built on 2026-01-20T00:00:00Z by "admin" with MS VC++ 17.12 (VS2022)

END.
