#
# There is insufficient memory for the Java Runtime Environment to continue.
# Native memory allocation (malloc) failed to allocate 831536 bytes. Error detail: Chunk::new
# Possible reasons:
#   The system is out of physical RAM or swap space
#   This process is running with CompressedOops enabled, and the Java Heap may be blocking the growth of the native heap
# Possible solutions:
#   Reduce memory load on the system
#   Increase physical memory or swap space
#   Check if swap backing store is full
#   Decrease Java heap size (-Xmx/-Xms)
#   Decrease number of Java threads
#   Decrease Java thread stack sizes (-Xss)
#   Set larger code cache with -XX:ReservedCodeCacheSize=
#   JVM is running with Unscaled Compressed Oops mode in which the Java heap is
#     placed in the first 4GB address space. The Java Heap base address is the
#     maximum limit for the native heap growth. Please use -XX:HeapBaseMinAddress
#     to set the Java Heap base and to place the Java Heap above 4GB virtual address.
# This output file may be truncated or incomplete.
#
#  Out of Memory Error (arena.cpp:168), pid=21468, tid=8096
#
# JRE version: OpenJDK Runtime Environment Temurin-21.0.10+7 (21.0.10+7) (build 21.0.10+7-LTS)
# Java VM: OpenJDK 64-Bit Server VM Temurin-21.0.10+7 (21.0.10+7-LTS, mixed mode, sharing, tiered, compressed oops, compressed class ptrs, g1 gc, windows-amd64)
# No core dump will be written. Minidumps are not enabled by default on client versions of Windows
#

---------------  S U M M A R Y ------------

Command Line: --add-opens=java.base/java.lang=ALL-UNNAMED --add-opens=java.base/java.lang.invoke=ALL-UNNAMED --add-opens=java.base/java.util=ALL-UNNAMED --add-opens=java.prefs/java.util.prefs=ALL-UNNAMED --add-exports=jdk.compiler/com.sun.tools.javac.api=ALL-UNNAMED --add-exports=jdk.compiler/com.sun.tools.javac.util=ALL-UNNAMED --add-opens=java.base/java.util=ALL-UNNAMED --add-opens=java.prefs/java.util.prefs=ALL-UNNAMED --add-opens=java.base/java.nio.charset=ALL-UNNAMED --add-opens=java.base/java.net=ALL-UNNAMED --add-opens=java.base/java.util.concurrent.atomic=ALL-UNNAMED --add-opens=java.xml/javax.xml.namespace=ALL-UNNAMED -XX:MaxMetaspaceSize=512m -Xmx2048m -Dfile.encoding=UTF-8 -Duser.country=US -Duser.language=en -Duser.variant -javaagent:C:\Users\KHAN\.gradle\wrapper\dists\gradle-8.14.1-bin\baw1sv0jfoi8rxs14qo3h49cs\gradle-8.14.1\lib\agents\gradle-instrumentation-agent-8.14.1.jar org.gradle.launcher.daemon.bootstrap.GradleDaemon 8.14.1

Host: Intel(R) Core(TM) i5-3320M CPU @ 2.60GHz, 4 cores, 7G,  Windows 10 , 64 bit Build 19041 (10.0.19041.5915)
Time: Tue Mar 17 17:44:08 2026 Pakistan Standard Time elapsed time: 12.613589 seconds (0d 0h 0m 12s)

---------------  T H R E A D  ---------------

Current thread (0x000002617f2297e0):  JavaThread "C2 CompilerThread0" daemon [_thread_in_native, id=8096, stack(0x000000ea05200000,0x000000ea05300000) (1024K)]


Current CompileTask:
C2:12613 4416   !   4       java.net.URLClassLoader::findClass (47 bytes)

Stack: [0x000000ea05200000,0x000000ea05300000]
Native frames: (J=compiled Java code, j=interpreted, Vv=VM code, C=native code)
V  [jvm.dll+0x6d7a39]
V  [jvm.dll+0x8b4b26]
V  [jvm.dll+0x8b70de]
V  [jvm.dll+0x8b77c3]
V  [jvm.dll+0x284346]
V  [jvm.dll+0xc66ed]
V  [jvm.dll+0xc6c31]
V  [jvm.dll+0x2fb29e]
V  [jvm.dll+0x5fe884]
V  [jvm.dll+0x255b17]
V  [jvm.dll+0x24e12a]
V  [jvm.dll+0x24ba42]
V  [jvm.dll+0x1cb34e]
V  [jvm.dll+0x25b85d]
V  [jvm.dll+0x259dea]
V  [jvm.dll+0x3f857e]
V  [jvm.dll+0x85f59d]
V  [jvm.dll+0x6d626d]
C  [ucrtbase.dll+0x21bb2]
C  [KERNEL32.DLL+0x17374]
C  [ntdll.dll+0x4cc91]


---------------  P R O C E S S  ---------------

Threads class SMR info:
_java_thread_list=0x0000026121b66970, length=34, elements={
0x000002616604db50, 0x000002617f220220, 0x000002617f222f50, 0x000002617f224b20,
0x000002617f225580, 0x000002617f225fe0, 0x000002617f226a40, 0x000002617f2297e0,
0x000002617f298050, 0x000002617f3f1d00, 0x000002617f50d990, 0x000002611f0f01f0,
0x000002611f3d9f10, 0x000002611fe93fd0, 0x000002611ff6e380, 0x000002611ff6e9f0,
0x000002611fec0960, 0x000002611febfc40, 0x000002611fec02d0, 0x000002611fec0ff0,
0x000002611fec1680, 0x000002611fec1d10, 0x000002611febf5b0, 0x000002611fec23a0,
0x000002612183e900, 0x000002612183d550, 0x000002612183bb10, 0x000002612183dbe0,
0x0000026121838d20, 0x000002612183ef90, 0x000002612183a0d0, 0x000002612183b480,
0x0000026121838000, 0x000002612183a760
}

Java Threads: ( => current thread )
  0x000002616604db50 JavaThread "main"                              [_thread_blocked, id=6348, stack(0x000000ea04400000,0x000000ea04500000) (1024K)]
  0x000002617f220220 JavaThread "Reference Handler"          daemon [_thread_blocked, id=15180, stack(0x000000ea04c00000,0x000000ea04d00000) (1024K)]
  0x000002617f222f50 JavaThread "Finalizer"                  daemon [_thread_blocked, id=6388, stack(0x000000ea04d00000,0x000000ea04e00000) (1024K)]
  0x000002617f224b20 JavaThread "Signal Dispatcher"          daemon [_thread_blocked, id=5668, stack(0x000000ea04e00000,0x000000ea04f00000) (1024K)]
  0x000002617f225580 JavaThread "Attach Listener"            daemon [_thread_blocked, id=13904, stack(0x000000ea04f00000,0x000000ea05000000) (1024K)]
  0x000002617f225fe0 JavaThread "Service Thread"             daemon [_thread_blocked, id=18848, stack(0x000000ea05000000,0x000000ea05100000) (1024K)]
  0x000002617f226a40 JavaThread "Monitor Deflation Thread"   daemon [_thread_blocked, id=5100, stack(0x000000ea05100000,0x000000ea05200000) (1024K)]
=>0x000002617f2297e0 JavaThread "C2 CompilerThread0"         daemon [_thread_in_native, id=8096, stack(0x000000ea05200000,0x000000ea05300000) (1024K)]
  0x000002617f298050 JavaThread "C1 CompilerThread0"         daemon [_thread_blocked, id=3052, stack(0x000000ea05300000,0x000000ea05400000) (1024K)]
  0x000002617f3f1d00 JavaThread "Common-Cleaner"             daemon [_thread_blocked, id=14424, stack(0x000000ea05400000,0x000000ea05500000) (1024K)]
  0x000002617f50d990 JavaThread "Notification Thread"        daemon [_thread_blocked, id=14488, stack(0x000000ea05500000,0x000000ea05600000) (1024K)]
  0x000002611f0f01f0 JavaThread "Daemon health stats"               [_thread_blocked, id=21312, stack(0x000000ea05900000,0x000000ea05a00000) (1024K)]
  0x000002611f3d9f10 JavaThread "Incoming local TCP Connector on port 63312"        [_thread_in_native, id=20684, stack(0x000000ea05a00000,0x000000ea05b00000) (1024K)]
  0x000002611fe93fd0 JavaThread "Daemon periodic checks"            [_thread_blocked, id=14660, stack(0x000000ea05b00000,0x000000ea05c00000) (1024K)]
  0x000002611ff6e380 JavaThread "Daemon"                            [_thread_blocked, id=124, stack(0x000000ea05c00000,0x000000ea05d00000) (1024K)]
  0x000002611ff6e9f0 JavaThread "Handler for socket connection from /127.0.0.1:63312 to /127.0.0.1:63313"        [_thread_in_native, id=17472, stack(0x000000ea05d00000,0x000000ea05e00000) (1024K)]
  0x000002611fec0960 JavaThread "Cancel handler"                    [_thread_blocked, id=15432, stack(0x000000ea05e00000,0x000000ea05f00000) (1024K)]
  0x000002611febfc40 JavaThread "Daemon worker"                     [_thread_in_Java, id=19488, stack(0x000000ea05f00000,0x000000ea06000000) (1024K)]
  0x000002611fec02d0 JavaThread "Asynchronous log dispatcher for DefaultDaemonConnection: socket connection from /127.0.0.1:63312 to /127.0.0.1:63313"        [_thread_blocked, id=2188, stack(0x000000ea06000000,0x000000ea06100000) (1024K)]
  0x000002611fec0ff0 JavaThread "Stdin handler"                     [_thread_blocked, id=18400, stack(0x000000ea06100000,0x000000ea06200000) (1024K)]
  0x000002611fec1680 JavaThread "Daemon client event forwarder"        [_thread_blocked, id=20720, stack(0x000000ea06200000,0x000000ea06300000) (1024K)]
  0x000002611fec1d10 JavaThread "Cache worker for journal cache (C:\Users\KHAN\.gradle\caches\journal-1)"        [_thread_blocked, id=13916, stack(0x000000ea06300000,0x000000ea06400000) (1024K)]
  0x000002611febf5b0 JavaThread "File lock request listener"        [_thread_in_native, id=17656, stack(0x000000ea06400000,0x000000ea06500000) (1024K)]
  0x000002611fec23a0 JavaThread "Cache worker for file hash cache (C:\Users\KHAN\.gradle\caches\8.14.1\fileHashes)"        [_thread_blocked, id=17752, stack(0x000000ea06500000,0x000000ea06600000) (1024K)]
  0x000002612183e900 JavaThread "Cache worker for file hash cache (C:\Users\KHAN\Shoppe\android\.gradle\8.14.1\fileHashes)"        [_thread_blocked, id=13244, stack(0x000000ea06600000,0x000000ea06700000) (1024K)]
  0x000002612183d550 JavaThread "Cache worker for Build Output Cleanup Cache (C:\Users\KHAN\Shoppe\android\.gradle\buildOutputCleanup)"        [_thread_blocked, id=3424, stack(0x000000ea06700000,0x000000ea06800000) (1024K)]
  0x000002612183bb10 JavaThread "File watcher server"        daemon [_thread_in_native, id=20784, stack(0x000000ea06800000,0x000000ea06900000) (1024K)]
  0x000002612183dbe0 JavaThread "File watcher consumer"      daemon [_thread_blocked, id=12412, stack(0x000000ea06900000,0x000000ea06a00000) (1024K)]
  0x0000026121838d20 JavaThread "jar transforms"                    [_thread_blocked, id=16780, stack(0x000000ea06a00000,0x000000ea06b00000) (1024K)]
  0x000002612183ef90 JavaThread "Cache worker for checksums cache (C:\Users\KHAN\Shoppe\android\.gradle\8.14.1\checksums)"        [_thread_blocked, id=17376, stack(0x000000ea06b00000,0x000000ea06c00000) (1024K)]
  0x000002612183a0d0 JavaThread "Cache worker for file content cache (C:\Users\KHAN\.gradle\caches\8.14.1\fileContent)"        [_thread_blocked, id=17908, stack(0x000000ea06c00000,0x000000ea06d00000) (1024K)]
  0x000002612183b480 JavaThread "Cache worker for cache directory md-supplier (C:\Users\KHAN\.gradle\caches\8.14.1\md-supplier)"        [_thread_blocked, id=16540, stack(0x000000ea06d00000,0x000000ea06e00000) (1024K)]
  0x0000026121838000 JavaThread "Cache worker for cache directory md-rule (C:\Users\KHAN\.gradle\caches\8.14.1\md-rule)"        [_thread_blocked, id=7432, stack(0x000000ea06e00000,0x000000ea06f00000) (1024K)]
  0x000002612183a760 JavaThread "Cache worker for Build Output Cleanup Cache (C:\Users\KHAN\Shoppe\node_modules\@react-native\gradle-plugin\.gradle\buildOutputCleanup)"        [_thread_blocked, id=17080, stack(0x000000ea06f00000,0x000000ea07000000) (1024K)]
Total: 34

Other Threads:
  0x000002617f1ffc20 VMThread "VM Thread"                           [id=19272, stack(0x000000ea04b00000,0x000000ea04c00000) (1024K)]
  0x000002617f1eed10 WatcherThread "VM Periodic Task Thread"        [id=5432, stack(0x000000ea04a00000,0x000000ea04b00000) (1024K)]
  0x00000261683a7310 WorkerThread "GC Thread#0"                     [id=1316, stack(0x000000ea04500000,0x000000ea04600000) (1024K)]
  0x000002617f52a390 WorkerThread "GC Thread#1"                     [id=19336, stack(0x000000ea05600000,0x000000ea05700000) (1024K)]
  0x000002617f5394f0 WorkerThread "GC Thread#2"                     [id=7028, stack(0x000000ea05700000,0x000000ea05800000) (1024K)]
  0x000002611f1528c0 WorkerThread "GC Thread#3"                     [id=18056, stack(0x000000ea05800000,0x000000ea05900000) (1024K)]
  0x00000261683b9710 ConcurrentGCThread "G1 Main Marker"            [id=10560, stack(0x000000ea04600000,0x000000ea04700000) (1024K)]
  0x00000261683ba220 WorkerThread "G1 Conc#0"                       [id=20276, stack(0x000000ea04700000,0x000000ea04800000) (1024K)]
  0x000002616840ddc0 ConcurrentGCThread "G1 Refine#0"               [id=18044, stack(0x000000ea04800000,0x000000ea04900000) (1024K)]
  0x000002616840e940 ConcurrentGCThread "G1 Service"                [id=16164, stack(0x000000ea04900000,0x000000ea04a00000) (1024K)]
Total: 10

Threads with active compile tasks:
C2 CompilerThread0  12667 4416   !   4       java.net.URLClassLoader::findClass (47 bytes)
Total: 1

VM state: not at safepoint (normal execution)

VM Mutex/Monitor currently owned by a thread: None

Heap address: 0x0000000080000000, size: 2048 MB, Compressed Oops mode: 32-bit

CDS archive(s) mapped at: [0x0000026100000000-0x0000026100ba0000-0x0000026100ba0000), size 12189696, SharedBaseAddress: 0x0000026100000000, ArchiveRelocationMode: 1.
Compressed class space mapped at: 0x0000026101000000-0x000002611b000000, reserved size: 436207616
Narrow klass base: 0x0000026100000000, Narrow klass shift: 0, Narrow klass range: 0x100000000

GC Precious Log:
 CardTable entry size: 512
 Card Set container configuration: InlinePtr #cards 5 size 8 Array Of Cards #cards 12 size 40 Howl #buckets 4 coarsen threshold 1843 Howl Bitmap #cards 512 size 80 coarsen threshold 460 Card regions per heap region 1 cards per card region 2048
 CPUs: 4 total, 4 available
 Memory: 8095M
 Large Page Support: Disabled
 NUMA Support: Disabled
 Compressed Oops: Enabled (32-bit)
 Heap Region Size: 1M
 Heap Min Capacity: 8M
 Heap Initial Capacity: 128M
 Heap Max Capacity: 2G
 Pre-touch: Disabled
 Parallel Workers: 4
 Concurrent Workers: 1
 Concurrent Refinement Workers: 4
 Periodic GC: Disabled

Heap:
 garbage-first heap   total 81920K, used 64330K [0x0000000080000000, 0x0000000100000000)
  region size 1024K, 32 young (32768K), 5 survivors (5120K)
 Metaspace       used 41544K, committed 42944K, reserved 491520K
  class space    used 5911K, committed 6592K, reserved 425984K

Heap Regions: E=young(eden), S=young(survivor), O=old, HS=humongous(starts), HC=humongous(continues), CS=collection set, F=free, TAMS=top-at-mark-start, PB=parsable bottom
|   0|0x0000000080000000, 0x0000000080100000, 0x0000000080100000|100%|HS|  |TAMS 0x0000000080000000| PB 0x0000000080000000| Complete 
|   1|0x0000000080100000, 0x0000000080200000, 0x0000000080200000|100%|HC|  |TAMS 0x0000000080100000| PB 0x0000000080100000| Complete 
|   2|0x0000000080200000, 0x0000000080300000, 0x0000000080300000|100%|HC|  |TAMS 0x0000000080200000| PB 0x0000000080200000| Complete 
|   3|0x0000000080300000, 0x0000000080400000, 0x0000000080400000|100%| O|  |TAMS 0x0000000080300000| PB 0x0000000080300000| Untracked 
|   4|0x0000000080400000, 0x0000000080500000, 0x0000000080500000|100%| O|  |TAMS 0x0000000080400000| PB 0x0000000080400000| Untracked 
|   5|0x0000000080500000, 0x0000000080600000, 0x0000000080600000|100%| O|  |TAMS 0x0000000080500000| PB 0x0000000080500000| Untracked 
|   6|0x0000000080600000, 0x0000000080700000, 0x0000000080700000|100%|HS|  |TAMS 0x0000000080600000| PB 0x0000000080600000| Complete 
|   7|0x0000000080700000, 0x0000000080800000, 0x0000000080800000|100%| O|  |TAMS 0x0000000080700000| PB 0x0000000080700000| Untracked 
|   8|0x0000000080800000, 0x0000000080900000, 0x0000000080900000|100%| O|  |TAMS 0x0000000080800000| PB 0x0000000080800000| Untracked 
|   9|0x0000000080900000, 0x0000000080a00000, 0x0000000080a00000|100%| O|  |TAMS 0x0000000080900000| PB 0x0000000080900000| Untracked 
|  10|0x0000000080a00000, 0x0000000080b00000, 0x0000000080b00000|100%| O|  |TAMS 0x0000000080a00000| PB 0x0000000080a00000| Untracked 
|  11|0x0000000080b00000, 0x0000000080c00000, 0x0000000080c00000|100%| O|  |TAMS 0x0000000080b00000| PB 0x0000000080b00000| Untracked 
|  12|0x0000000080c00000, 0x0000000080d00000, 0x0000000080d00000|100%| O|  |TAMS 0x0000000080c00000| PB 0x0000000080c00000| Untracked 
|  13|0x0000000080d00000, 0x0000000080e00000, 0x0000000080e00000|100%| O|  |TAMS 0x0000000080d00000| PB 0x0000000080d00000| Untracked 
|  14|0x0000000080e00000, 0x0000000080f00000, 0x0000000080f00000|100%| O|  |TAMS 0x0000000080e00000| PB 0x0000000080e00000| Untracked 
|  15|0x0000000080f00000, 0x0000000081000000, 0x0000000081000000|100%| O|  |TAMS 0x0000000080f00000| PB 0x0000000080f00000| Untracked 
|  16|0x0000000081000000, 0x0000000081100000, 0x0000000081100000|100%|HS|  |TAMS 0x0000000081000000| PB 0x0000000081000000| Complete 
|  17|0x0000000081100000, 0x0000000081200000, 0x0000000081200000|100%| O|  |TAMS 0x0000000081100000| PB 0x0000000081100000| Untracked 
|  18|0x0000000081200000, 0x0000000081300000, 0x0000000081300000|100%| O|  |TAMS 0x0000000081200000| PB 0x0000000081200000| Untracked 
|  19|0x0000000081300000, 0x0000000081400000, 0x0000000081400000|100%| O|  |TAMS 0x0000000081300000| PB 0x0000000081300000| Untracked 
|  20|0x0000000081400000, 0x0000000081500000, 0x0000000081500000|100%| O|  |TAMS 0x0000000081400000| PB 0x0000000081400000| Untracked 
|  21|0x0000000081500000, 0x0000000081600000, 0x0000000081600000|100%| O|  |TAMS 0x0000000081500000| PB 0x0000000081500000| Untracked 
|  22|0x0000000081600000, 0x0000000081700000, 0x0000000081700000|100%| O|  |TAMS 0x0000000081600000| PB 0x0000000081600000| Untracked 
|  23|0x0000000081700000, 0x0000000081800000, 0x0000000081800000|100%| O|  |TAMS 0x0000000081700000| PB 0x0000000081700000| Untracked 
|  24|0x0000000081800000, 0x0000000081900000, 0x0000000081900000|100%| O|Cm|TAMS 0x0000000081800000| PB 0x0000000081800000| Complete 
|  25|0x0000000081900000, 0x0000000081a00000, 0x0000000081a00000|100%| O|  |TAMS 0x0000000081900000| PB 0x0000000081900000| Untracked 
|  26|0x0000000081a00000, 0x0000000081b00000, 0x0000000081b00000|100%| O|  |TAMS 0x0000000081a00000| PB 0x0000000081a00000| Untracked 
|  27|0x0000000081b00000, 0x0000000081c00000, 0x0000000081c00000|100%|HS|  |TAMS 0x0000000081b00000| PB 0x0000000081b00000| Complete 
|  28|0x0000000081c00000, 0x0000000081c00000, 0x0000000081d00000|  0%| F|  |TAMS 0x0000000081c00000| PB 0x0000000081c00000| Untracked 
|  29|0x0000000081d00000, 0x0000000081d00000, 0x0000000081e00000|  0%| F|  |TAMS 0x0000000081d00000| PB 0x0000000081d00000| Untracked 
|  30|0x0000000081e00000, 0x0000000081e00000, 0x0000000081f00000|  0%| F|  |TAMS 0x0000000081e00000| PB 0x0000000081e00000| Untracked 
|  31|0x0000000081f00000, 0x0000000081f00000, 0x0000000082000000|  0%| F|  |TAMS 0x0000000081f00000| PB 0x0000000081f00000| Untracked 
|  32|0x0000000082000000, 0x0000000082000000, 0x0000000082100000|  0%| F|  |TAMS 0x0000000082000000| PB 0x0000000082000000| Untracked 
|  33|0x0000000082100000, 0x0000000082100000, 0x0000000082200000|  0%| F|  |TAMS 0x0000000082100000| PB 0x0000000082100000| Untracked 
|  34|0x0000000082200000, 0x00000000822d7670, 0x0000000082300000| 84%| S|CS|TAMS 0x0000000082200000| PB 0x0000000082200000| Complete 
|  35|0x0000000082300000, 0x0000000082400000, 0x0000000082400000|100%| S|CS|TAMS 0x0000000082300000| PB 0x0000000082300000| Complete 
|  36|0x0000000082400000, 0x0000000082500000, 0x0000000082500000|100%| S|CS|TAMS 0x0000000082400000| PB 0x0000000082400000| Complete 
|  37|0x0000000082500000, 0x0000000082600000, 0x0000000082600000|100%| O|  |TAMS 0x0000000082500000| PB 0x0000000082500000| Untracked 
|  38|0x0000000082600000, 0x0000000082700000, 0x0000000082700000|100%| O|  |TAMS 0x0000000082600000| PB 0x0000000082600000| Untracked 
|  39|0x0000000082700000, 0x0000000082800000, 0x0000000082800000|100%| O|  |TAMS 0x0000000082700000| PB 0x0000000082700000| Untracked 
|  40|0x0000000082800000, 0x0000000082900000, 0x0000000082900000|100%| O|  |TAMS 0x0000000082800000| PB 0x0000000082800000| Untracked 
|  41|0x0000000082900000, 0x00000000829fb4c0, 0x0000000082a00000| 98%| O|  |TAMS 0x0000000082900000| PB 0x0000000082900000| Untracked 
|  42|0x0000000082a00000, 0x0000000082b00000, 0x0000000082b00000|100%| S|CS|TAMS 0x0000000082a00000| PB 0x0000000082a00000| Complete 
|  43|0x0000000082b00000, 0x0000000082c00000, 0x0000000082c00000|100%| S|CS|TAMS 0x0000000082b00000| PB 0x0000000082b00000| Complete 
|  44|0x0000000082c00000, 0x0000000082c00000, 0x0000000082d00000|  0%| F|  |TAMS 0x0000000082c00000| PB 0x0000000082c00000| Untracked 
|  45|0x0000000082d00000, 0x0000000082d00000, 0x0000000082e00000|  0%| F|  |TAMS 0x0000000082d00000| PB 0x0000000082d00000| Untracked 
|  46|0x0000000082e00000, 0x0000000082e00000, 0x0000000082f00000|  0%| F|  |TAMS 0x0000000082e00000| PB 0x0000000082e00000| Untracked 
|  47|0x0000000082f00000, 0x0000000082f00000, 0x0000000083000000|  0%| F|  |TAMS 0x0000000082f00000| PB 0x0000000082f00000| Untracked 
|  48|0x0000000083000000, 0x0000000083000000, 0x0000000083100000|  0%| F|  |TAMS 0x0000000083000000| PB 0x0000000083000000| Untracked 
|  49|0x0000000083100000, 0x0000000083100000, 0x0000000083200000|  0%| F|  |TAMS 0x0000000083100000| PB 0x0000000083100000| Untracked 
|  50|0x0000000083200000, 0x0000000083200000, 0x0000000083300000|  0%| F|  |TAMS 0x0000000083200000| PB 0x0000000083200000| Untracked 
|  51|0x0000000083300000, 0x0000000083300000, 0x0000000083400000|  0%| F|  |TAMS 0x0000000083300000| PB 0x0000000083300000| Untracked 
|  52|0x0000000083400000, 0x0000000083400000, 0x0000000083500000|  0%| F|  |TAMS 0x0000000083400000| PB 0x0000000083400000| Untracked 
|  53|0x0000000083500000, 0x0000000083580000, 0x0000000083600000| 50%| E|  |TAMS 0x0000000083500000| PB 0x0000000083500000| Complete 
|  54|0x0000000083600000, 0x0000000083700000, 0x0000000083700000|100%| E|CS|TAMS 0x0000000083600000| PB 0x0000000083600000| Complete 
|  55|0x0000000083700000, 0x0000000083800000, 0x0000000083800000|100%| E|CS|TAMS 0x0000000083700000| PB 0x0000000083700000| Complete 
|  56|0x0000000083800000, 0x0000000083900000, 0x0000000083900000|100%| E|CS|TAMS 0x0000000083800000| PB 0x0000000083800000| Complete 
|  57|0x0000000083900000, 0x0000000083a00000, 0x0000000083a00000|100%| E|CS|TAMS 0x0000000083900000| PB 0x0000000083900000| Complete 
|  58|0x0000000083a00000, 0x0000000083b00000, 0x0000000083b00000|100%| E|CS|TAMS 0x0000000083a00000| PB 0x0000000083a00000| Complete 
|  59|0x0000000083b00000, 0x0000000083c00000, 0x0000000083c00000|100%| E|CS|TAMS 0x0000000083b00000| PB 0x0000000083b00000| Complete 
|  60|0x0000000083c00000, 0x0000000083d00000, 0x0000000083d00000|100%| E|CS|TAMS 0x0000000083c00000| PB 0x0000000083c00000| Complete 
|  61|0x0000000083d00000, 0x0000000083e00000, 0x0000000083e00000|100%| E|CS|TAMS 0x0000000083d00000| PB 0x0000000083d00000| Complete 
|  62|0x0000000083e00000, 0x0000000083f00000, 0x0000000083f00000|100%| E|CS|TAMS 0x0000000083e00000| PB 0x0000000083e00000| Complete 
|  63|0x0000000083f00000, 0x0000000084000000, 0x0000000084000000|100%| E|CS|TAMS 0x0000000083f00000| PB 0x0000000083f00000| Complete 
|  64|0x0000000084000000, 0x0000000084100000, 0x0000000084100000|100%| E|CS|TAMS 0x0000000084000000| PB 0x0000000084000000| Complete 
|  65|0x0000000084100000, 0x0000000084200000, 0x0000000084200000|100%| E|CS|TAMS 0x0000000084100000| PB 0x0000000084100000| Complete 
|  66|0x0000000084200000, 0x0000000084300000, 0x0000000084300000|100%| E|CS|TAMS 0x0000000084200000| PB 0x0000000084200000| Complete 
|  67|0x0000000084300000, 0x0000000084400000, 0x0000000084400000|100%| E|  |TAMS 0x0000000084300000| PB 0x0000000084300000| Complete 
|  68|0x0000000084400000, 0x0000000084500000, 0x0000000084500000|100%| E|CS|TAMS 0x0000000084400000| PB 0x0000000084400000| Complete 
|  69|0x0000000084500000, 0x0000000084600000, 0x0000000084600000|100%| E|CS|TAMS 0x0000000084500000| PB 0x0000000084500000| Complete 
|  70|0x0000000084600000, 0x0000000084700000, 0x0000000084700000|100%| E|CS|TAMS 0x0000000084600000| PB 0x0000000084600000| Complete 
|  99|0x0000000086300000, 0x0000000086400000, 0x0000000086400000|100%| E|CS|TAMS 0x0000000086300000| PB 0x0000000086300000| Complete 
| 100|0x0000000086400000, 0x0000000086500000, 0x0000000086500000|100%| E|CS|TAMS 0x0000000086400000| PB 0x0000000086400000| Complete 
| 101|0x0000000086500000, 0x0000000086600000, 0x0000000086600000|100%| E|CS|TAMS 0x0000000086500000| PB 0x0000000086500000| Complete 
| 102|0x0000000086600000, 0x0000000086700000, 0x0000000086700000|100%| E|CS|TAMS 0x0000000086600000| PB 0x0000000086600000| Complete 
| 103|0x0000000086700000, 0x0000000086800000, 0x0000000086800000|100%| E|CS|TAMS 0x0000000086700000| PB 0x0000000086700000| Complete 
| 104|0x0000000086800000, 0x0000000086900000, 0x0000000086900000|100%| E|CS|TAMS 0x0000000086800000| PB 0x0000000086800000| Complete 
| 105|0x0000000086900000, 0x0000000086a00000, 0x0000000086a00000|100%| E|CS|TAMS 0x0000000086900000| PB 0x0000000086900000| Complete 
| 126|0x0000000087e00000, 0x0000000087f00000, 0x0000000087f00000|100%| E|CS|TAMS 0x0000000087e00000| PB 0x0000000087e00000| Complete 
| 127|0x0000000087f00000, 0x0000000088000000, 0x0000000088000000|100%| E|CS|TAMS 0x0000000087f00000| PB 0x0000000087f00000| Complete 

Card table byte_map: [0x000002617a950000,0x000002617ad50000] _byte_map_base: 0x000002617a550000

Marking Bits: (CMBitMap*) 0x00000261683a8e30
 Bits: [0x000002617ad50000, 0x000002617cd50000)

Polling page: 0x0000026166320000

Metaspace:

Usage:
  Non-class:     34.80 MB used.
      Class:      5.77 MB used.
       Both:     40.57 MB used.

Virtual space:
  Non-class space:       64.00 MB reserved,      35.50 MB ( 55%) committed,  1 nodes.
      Class space:      416.00 MB reserved,       6.44 MB (  2%) committed,  1 nodes.
             Both:      480.00 MB reserved,      41.94 MB (  9%) committed. 

Chunk freelists:
   Non-Class:  12.34 MB
       Class:  9.52 MB
        Both:  21.86 MB

MaxMetaspaceSize: 512.00 MB
CompressedClassSpaceSize: 416.00 MB
Initial GC threshold: 21.00 MB
Current GC threshold: 59.50 MB
CDS: on
 - commit_granule_bytes: 65536.
 - commit_granule_words: 8192.
 - virtual_space_node_default_size: 8388608.
 - enlarge_chunks_in_place: 1.
 - use_allocation_guard: 0.


Internal statistics:

num_allocs_failed_limit: 9.
num_arena_births: 2564.
num_arena_deaths: 0.
num_vsnodes_births: 2.
num_vsnodes_deaths: 0.
num_space_committed: 671.
num_space_uncommitted: 0.
num_chunks_returned_to_freelist: 9.
num_chunks_taken_from_freelist: 4448.
num_chunk_merges: 9.
num_chunk_splits: 2914.
num_chunks_enlarged: 1819.
num_inconsistent_stats: 0.

CodeHeap 'non-profiled nmethods': size=120000Kb used=2025Kb max_used=2120Kb free=117974Kb
 bounds [0x0000026173020000, 0x0000026173290000, 0x000002617a550000]
CodeHeap 'profiled nmethods': size=120000Kb used=8077Kb max_used=8632Kb free=111922Kb
 bounds [0x000002616b550000, 0x000002616bdc0000, 0x0000026172a80000]
CodeHeap 'non-nmethods': size=5760Kb used=2571Kb max_used=2611Kb free=3188Kb
 bounds [0x0000026172a80000, 0x0000026172d20000, 0x0000026173020000]
CodeCache: size=245760Kb, used=12673Kb, max_used=13363Kb, free=233084Kb
 total_blobs=4923, nmethods=4083, adapters=743, full_count=0
Compilation: enabled, stopped_count=0, restarted_count=0

Compilation events (20 events):
Event: 12.566 Thread 0x000002617f298050 nmethod 4564 0x000002616b55df10 code [0x000002616b55e0e0, 0x000002616b55e350]
Event: 12.566 Thread 0x000002617f298050 4565       2       sun.security.provider.MD5::implCompressCheck (18 bytes)
Event: 12.566 Thread 0x000002617f298050 nmethod 4565 0x000002616b55d890 code [0x000002616b55da60, 0x000002616b55dc90]
Event: 12.598 Thread 0x000002617f298050 4566       2       org.gradle.internal.reflect.MethodSet::<init> (16 bytes)
Event: 12.598 Thread 0x000002617f298050 nmethod 4566 0x000002616b78fa10 code [0x000002616b78fbc0, 0x000002616b78fd88]
Event: 12.599 Thread 0x000002617f298050 4567       2       java.lang.Class::getDeclaredFields (27 bytes)
Event: 12.600 Thread 0x000002617f298050 nmethod 4567 0x000002616b78f610 code [0x000002616b78f7c0, 0x000002616b78f908]
Event: 12.602 Thread 0x000002617f298050 4568       2       org.gradle.model.internal.asm.MethodVisitorScope::_DUP (7 bytes)
Event: 12.602 Thread 0x000002617f298050 nmethod 4568 0x000002616b78f210 code [0x000002616b78f3c0, 0x000002616b78f508]
Event: 12.602 Thread 0x000002617f298050 4569       2       org.gradle.model.internal.asm.MethodVisitorScope::_INVOKESTATIC (12 bytes)
Event: 12.602 Thread 0x000002617f298050 nmethod 4569 0x000002616b78ee10 code [0x000002616b78efc0, 0x000002616b78f108]
Event: 12.603 Thread 0x000002617f298050 4571       2       java.lang.invoke.LambdaForm$DMH/0x00000261011e4800::newInvokeSpecial (32 bytes)
Event: 12.603 Thread 0x000002617f298050 nmethod 4571 0x000002616b946910 code [0x000002616b946ae0, 0x000002616b946d08]
Event: 12.603 Thread 0x000002617f298050 4572       2       java.lang.reflect.Constructor::getGenericParameterTypes (5 bytes)
Event: 12.605 Thread 0x000002617f298050 nmethod 4572 0x000002616b945f10 code [0x000002616b946120, 0x000002616b9466e0]
Event: 12.606 Thread 0x000002617f298050 4573       2       java.util.AbstractList$Itr::hasNext (20 bytes)
Event: 12.606 Thread 0x000002617f298050 nmethod 4573 0x000002616b639b90 code [0x000002616b639d40, 0x000002616b639e90]
Event: 12.606 Thread 0x000002617f298050 4574   !   2       java.util.AbstractList$Itr::next (46 bytes)
Event: 12.606 Thread 0x000002617f298050 nmethod 4574 0x000002616b639310 code [0x000002616b639500, 0x000002616b6398f8]
Event: 12.609 Thread 0x000002617f298050 4575       3       java.io.File::getName (42 bytes)

GC Heap History (18 events):
Event: 0.759 GC heap before
{Heap before GC invocations=0 (full 0):
 garbage-first heap   total 131072K, used 12288K [0x0000000080000000, 0x0000000100000000)
  region size 1024K, 13 young (13312K), 0 survivors (0K)
 Metaspace       used 829K, committed 960K, reserved 491520K
  class space    used 71K, committed 128K, reserved 425984K
}
Event: 0.774 GC heap after
{Heap after GC invocations=1 (full 0):
 garbage-first heap   total 131072K, used 1194K [0x0000000080000000, 0x0000000100000000)
  region size 1024K, 2 young (2048K), 2 survivors (2048K)
 Metaspace       used 829K, committed 960K, reserved 491520K
  class space    used 71K, committed 128K, reserved 425984K
}
Event: 1.850 GC heap before
{Heap before GC invocations=1 (full 0):
 garbage-first heap   total 131072K, used 28842K [0x0000000080000000, 0x0000000100000000)
  region size 1024K, 27 young (27648K), 2 survivors (2048K)
 Metaspace       used 3421K, committed 3648K, reserved 491520K
  class space    used 445K, committed 576K, reserved 425984K
}
Event: 1.856 GC heap after
{Heap after GC invocations=2 (full 0):
 garbage-first heap   total 131072K, used 10099K [0x0000000080000000, 0x0000000100000000)
  region size 1024K, 4 young (4096K), 4 survivors (4096K)
 Metaspace       used 3421K, committed 3648K, reserved 491520K
  class space    used 445K, committed 576K, reserved 425984K
}
Event: 3.597 GC heap before
{Heap before GC invocations=2 (full 0):
 garbage-first heap   total 131072K, used 85875K [0x0000000080000000, 0x0000000100000000)
  region size 1024K, 76 young (77824K), 4 survivors (4096K)
 Metaspace       used 6013K, committed 6208K, reserved 491520K
  class space    used 810K, committed 896K, reserved 425984K
}
Event: 3.610 GC heap after
{Heap after GC invocations=3 (full 0):
 garbage-first heap   total 131072K, used 17363K [0x0000000080000000, 0x0000000100000000)
  region size 1024K, 10 young (10240K), 10 survivors (10240K)
 Metaspace       used 6013K, committed 6208K, reserved 491520K
  class space    used 810K, committed 896K, reserved 425984K
}
Event: 6.630 GC heap before
{Heap before GC invocations=3 (full 0):
 garbage-first heap   total 131072K, used 84947K [0x0000000080000000, 0x0000000100000000)
  region size 1024K, 76 young (77824K), 10 survivors (10240K)
 Metaspace       used 18272K, committed 18816K, reserved 491520K
  class space    used 2644K, committed 2880K, reserved 425984K
}
Event: 6.649 GC heap after
{Heap after GC invocations=4 (full 0):
 garbage-first heap   total 131072K, used 22528K [0x0000000080000000, 0x0000000100000000)
  region size 1024K, 5 young (5120K), 5 survivors (5120K)
 Metaspace       used 18272K, committed 18816K, reserved 491520K
  class space    used 2644K, committed 2880K, reserved 425984K
}
Event: 7.370 GC heap before
{Heap before GC invocations=4 (full 0):
 garbage-first heap   total 131072K, used 44032K [0x0000000080000000, 0x0000000100000000)
  region size 1024K, 27 young (27648K), 5 survivors (5120K)
 Metaspace       used 20881K, committed 21504K, reserved 491520K
  class space    used 3090K, committed 3392K, reserved 425984K
}
Event: 7.379 GC heap after
{Heap after GC invocations=5 (full 0):
 garbage-first heap   total 131072K, used 23804K [0x0000000080000000, 0x0000000100000000)
  region size 1024K, 7 young (7168K), 7 survivors (7168K)
 Metaspace       used 20881K, committed 21504K, reserved 491520K
  class space    used 3090K, committed 3392K, reserved 425984K
}
Event: 8.878 GC heap before
{Heap before GC invocations=6 (full 0):
 garbage-first heap   total 81920K, used 65788K [0x0000000080000000, 0x0000000100000000)
  region size 1024K, 48 young (49152K), 7 survivors (7168K)
 Metaspace       used 26170K, committed 27136K, reserved 491520K
  class space    used 3923K, committed 4416K, reserved 425984K
}
Event: 8.891 GC heap after
{Heap after GC invocations=7 (full 0):
 garbage-first heap   total 81920K, used 25990K [0x0000000080000000, 0x0000000100000000)
  region size 1024K, 4 young (4096K), 4 survivors (4096K)
 Metaspace       used 26170K, committed 27136K, reserved 491520K
  class space    used 3923K, committed 4416K, reserved 425984K
}
Event: 10.036 GC heap before
{Heap before GC invocations=7 (full 0):
 garbage-first heap   total 81920K, used 68998K [0x0000000080000000, 0x0000000100000000)
  region size 1024K, 47 young (48128K), 4 survivors (4096K)
 Metaspace       used 32172K, committed 33152K, reserved 491520K
  class space    used 4590K, committed 5056K, reserved 425984K
}
Event: 10.051 GC heap after
{Heap after GC invocations=8 (full 0):
 garbage-first heap   total 81920K, used 31192K [0x0000000080000000, 0x0000000100000000)
  region size 1024K, 6 young (6144K), 6 survivors (6144K)
 Metaspace       used 32172K, committed 33152K, reserved 491520K
  class space    used 4590K, committed 5056K, reserved 425984K
}
Event: 10.967 GC heap before
{Heap before GC invocations=8 (full 0):
 garbage-first heap   total 81920K, used 59864K [0x0000000080000000, 0x0000000100000000)
  region size 1024K, 30 young (30720K), 6 survivors (6144K)
 Metaspace       used 35103K, committed 36096K, reserved 491520K
  class space    used 5022K, committed 5504K, reserved 425984K
}
Event: 10.981 GC heap after
{Heap after GC invocations=9 (full 0):
 garbage-first heap   total 81920K, used 36098K [0x0000000080000000, 0x0000000100000000)
  region size 1024K, 3 young (3072K), 3 survivors (3072K)
 Metaspace       used 35103K, committed 36096K, reserved 491520K
  class space    used 5022K, committed 5504K, reserved 425984K
}
Event: 12.068 GC heap before
{Heap before GC invocations=10 (full 0):
 garbage-first heap   total 81920K, used 69890K [0x0000000080000000, 0x0000000100000000)
  region size 1024K, 36 young (36864K), 3 survivors (3072K)
 Metaspace       used 39047K, committed 40448K, reserved 491520K
  class space    used 5626K, committed 6272K, reserved 425984K
}
Event: 12.076 GC heap after
{Heap after GC invocations=11 (full 0):
 garbage-first heap   total 81920K, used 36682K [0x0000000080000000, 0x0000000100000000)
  region size 1024K, 5 young (5120K), 5 survivors (5120K)
 Metaspace       used 39047K, committed 40448K, reserved 491520K
  class space    used 5626K, committed 6272K, reserved 425984K
}

Dll operation events (14 events):
Event: 0.019 Loaded shared library C:\Users\KHAN\.vscode\extensions\redhat.java-1.53.0-win32-x64\jre\21.0.10-win32-x86_64\bin\java.dll
Event: 0.154 Loaded shared library C:\Users\KHAN\.vscode\extensions\redhat.java-1.53.0-win32-x64\jre\21.0.10-win32-x86_64\bin\zip.dll
Event: 0.192 Loaded shared library C:\Users\KHAN\.vscode\extensions\redhat.java-1.53.0-win32-x64\jre\21.0.10-win32-x86_64\bin\instrument.dll
Event: 0.200 Loaded shared library C:\Users\KHAN\.vscode\extensions\redhat.java-1.53.0-win32-x64\jre\21.0.10-win32-x86_64\bin\net.dll
Event: 0.204 Loaded shared library C:\Users\KHAN\.vscode\extensions\redhat.java-1.53.0-win32-x64\jre\21.0.10-win32-x86_64\bin\nio.dll
Event: 0.210 Loaded shared library C:\Users\KHAN\.vscode\extensions\redhat.java-1.53.0-win32-x64\jre\21.0.10-win32-x86_64\bin\zip.dll
Event: 1.000 Loaded shared library C:\Users\KHAN\.vscode\extensions\redhat.java-1.53.0-win32-x64\jre\21.0.10-win32-x86_64\bin\jimage.dll
Event: 1.299 Loaded shared library C:\Users\KHAN\.vscode\extensions\redhat.java-1.53.0-win32-x64\jre\21.0.10-win32-x86_64\bin\verify.dll
Event: 1.456 Loaded shared library C:\Users\KHAN\.gradle\native\1def1411415f61bf3af743bc5b6707747c0891f09f0c88961ee8f79bc544acac\windows-amd64\native-platform.dll
Event: 1.591 Loaded shared library C:\Users\KHAN\.gradle\native\0.2.7\x86_64-windows-gnu\gradle-fileevents.dll
Event: 3.623 Loaded shared library C:\Users\KHAN\.vscode\extensions\redhat.java-1.53.0-win32-x64\jre\21.0.10-win32-x86_64\bin\management.dll
Event: 3.627 Loaded shared library C:\Users\KHAN\.vscode\extensions\redhat.java-1.53.0-win32-x64\jre\21.0.10-win32-x86_64\bin\management_ext.dll
Event: 3.955 Loaded shared library C:\Users\KHAN\.vscode\extensions\redhat.java-1.53.0-win32-x64\jre\21.0.10-win32-x86_64\bin\extnet.dll
Event: 4.324 Loaded shared library C:\Users\KHAN\.vscode\extensions\redhat.java-1.53.0-win32-x64\jre\21.0.10-win32-x86_64\bin\sunmscapi.dll

Deoptimization events (20 events):
Event: 11.871 Thread 0x000002611febfc40 DEOPT PACKING pc=0x00000261730682ac sp=0x000000ea05ff8140
Event: 11.871 Thread 0x000002611febfc40 DEOPT UNPACKING pc=0x0000026172ad4422 sp=0x000000ea05ff8018 mode 2
Event: 11.871 Thread 0x000002611febfc40 Uncommon trap: trap_request=0xffffffc6 fr.pc=0x000002617304a22c relative=0x000000000000016c
Event: 11.871 Thread 0x000002611febfc40 Uncommon trap: reason=bimorphic_or_optimized_type_check action=maybe_recompile pc=0x000002617304a22c method=java.util.stream.ReferencePipeline.forEachWithCancel(Ljava/util/Spliterator;Ljava/util/stream/Sink;)Z @ 1 c2
Event: 11.871 Thread 0x000002611febfc40 DEOPT PACKING pc=0x000002617304a22c sp=0x000000ea05ff8010
Event: 11.871 Thread 0x000002611febfc40 DEOPT UNPACKING pc=0x0000026172ad4422 sp=0x000000ea05ff7fa8 mode 2
Event: 12.194 Thread 0x000002611febfc40 Uncommon trap: trap_request=0xffffff45 fr.pc=0x0000026173059c04 relative=0x0000000000000a24
Event: 12.194 Thread 0x000002611febfc40 Uncommon trap: reason=unstable_if action=reinterpret pc=0x0000026173059c04 method=org.objectweb.asm.Frame.push(I)V @ 26 c2
Event: 12.195 Thread 0x000002611febfc40 DEOPT PACKING pc=0x0000026173059c04 sp=0x000000ea05ff9100
Event: 12.195 Thread 0x000002611febfc40 DEOPT UNPACKING pc=0x0000026172ad4422 sp=0x000000ea05ff9008 mode 2
Event: 12.424 Thread 0x000002611febfc40 Uncommon trap: trap_request=0xffffffc6 fr.pc=0x00000261730682ac relative=0x000000000000064c
Event: 12.424 Thread 0x000002611febfc40 Uncommon trap: reason=bimorphic_or_optimized_type_check action=maybe_recompile pc=0x00000261730682ac method=java.util.stream.AbstractPipeline.copyIntoWithCancel(Ljava/util/stream/Sink;Ljava/util/Spliterator;)Z @ 24 c2
Event: 12.424 Thread 0x000002611febfc40 DEOPT PACKING pc=0x00000261730682ac sp=0x000000ea05ff6bc0
Event: 12.424 Thread 0x000002611febfc40 DEOPT UNPACKING pc=0x0000026172ad4422 sp=0x000000ea05ff6a98 mode 2
Event: 12.424 Thread 0x000002611febfc40 Uncommon trap: trap_request=0xffffffc6 fr.pc=0x000002617304a22c relative=0x000000000000016c
Event: 12.424 Thread 0x000002611febfc40 Uncommon trap: reason=bimorphic_or_optimized_type_check action=maybe_recompile pc=0x000002617304a22c method=java.util.stream.ReferencePipeline.forEachWithCancel(Ljava/util/Spliterator;Ljava/util/stream/Sink;)Z @ 1 c2
Event: 12.424 Thread 0x000002611febfc40 DEOPT PACKING pc=0x000002617304a22c sp=0x000000ea05ff6a90
Event: 12.424 Thread 0x000002611febfc40 DEOPT UNPACKING pc=0x0000026172ad4422 sp=0x000000ea05ff6a28 mode 2
Event: 12.610 Thread 0x000002611febfc40 DEOPT PACKING pc=0x000002616bb8a506 sp=0x000000ea05ff6450
Event: 12.610 Thread 0x000002611febfc40 DEOPT UNPACKING pc=0x0000026172ad4bc2 sp=0x000000ea05ff5960 mode 0

Classes loaded (20 events):
Event: 11.992 Loading class java/lang/invoke/BoundMethodHandle$Species_LLLLLLLLLLLLLLLLLLLLLLLLLLLLLL
Event: 11.992 Loading class java/lang/invoke/BoundMethodHandle$Species_LLLLLLLLLLLLLLLLLLLLLLLLLLLLLL done
Event: 11.995 Loading class java/lang/invoke/BoundMethodHandle$Species_LLLLLLLLLLLLLLLLLLLLLLLLLLLLLLL
Event: 11.995 Loading class java/lang/invoke/BoundMethodHandle$Species_LLLLLLLLLLLLLLLLLLLLLLLLLLLLLLL done
Event: 11.998 Loading class java/lang/invoke/BoundMethodHandle$Species_LLLLLLLLLLLLLLLLLLLLLLLLLLLLLLLL
Event: 11.998 Loading class java/lang/invoke/BoundMethodHandle$Species_LLLLLLLLLLLLLLLLLLLLLLLLLLLLLLLL done
Event: 12.221 Loading class java/util/PrimitiveIterator$OfInt
Event: 12.221 Loading class java/util/PrimitiveIterator
Event: 12.221 Loading class java/util/PrimitiveIterator done
Event: 12.221 Loading class java/util/PrimitiveIterator$OfInt done
Event: 12.230 Loading class java/util/concurrent/RecursiveAction
Event: 12.230 Loading class java/util/concurrent/RecursiveAction done
Event: 12.262 Loading class java/util/stream/ReduceOps$2
Event: 12.262 Loading class java/util/stream/ReduceOps$2 done
Event: 12.262 Loading class java/util/stream/ReduceOps$2ReducingSink
Event: 12.262 Loading class java/util/stream/ReduceOps$2ReducingSink done
Event: 12.383 Loading class java/util/Collections$SynchronizedRandomAccessList
Event: 12.383 Loading class java/util/Collections$SynchronizedList
Event: 12.383 Loading class java/util/Collections$SynchronizedList done
Event: 12.384 Loading class java/util/Collections$SynchronizedRandomAccessList done

Classes unloaded (0 events):
No events

Classes redefined (0 events):
No events

Internal exceptions (20 events):
Event: 11.976 Thread 0x000002611febfc40 Exception <a 'java/lang/NoSuchMethodError'{0x000000008303ec80}: 'java.lang.Object java.lang.invoke.DirectMethodHandle$Holder.invokeStatic(java.lang.Object, java.lang.Object, java.lang.Object, java.lang.Object, java.lang.Object, java.lang.Object, java.lang.Object, java.lang.Object, java.lang.Object, java.lang.Object, java.lang.Object, java.lang.Object, java.lang.Object, java.lang.Object, java.lang.Object, java.lang.Object, java.lang.Object, java.lang.Object, java.lang.Object, java.lang.Object, java.lang.Obj
Event: 11.980 Thread 0x000002611febfc40 Exception <a 'java/lang/NoSuchMethodError'{0x00000000830754a8}: 'java.lang.Object java.lang.invoke.DirectMethodHandle$Holder.invokeStatic(java.lang.Object, java.lang.Object, java.lang.Object, java.lang.Object, java.lang.Object, java.lang.Object, java.lang.Object, java.lang.Object, java.lang.Object, java.lang.Object, java.lang.Object, java.lang.Object, java.lang.Object, java.lang.Object, java.lang.Object, java.lang.Object, java.lang.Object, java.lang.Object, java.lang.Object, java.lang.Object, java.lang.Obj
Event: 11.983 Thread 0x000002611febfc40 Exception <a 'java/lang/NoSuchMethodError'{0x00000000830ad8f8}: 'java.lang.Object java.lang.invoke.DirectMethodHandle$Holder.invokeStatic(java.lang.Object, java.lang.Object, java.lang.Object, java.lang.Object, java.lang.Object, java.lang.Object, java.lang.Object, java.lang.Object, java.lang.Object, java.lang.Object, java.lang.Object, java.lang.Object, java.lang.Object, java.lang.Object, java.lang.Object, java.lang.Object, java.lang.Object, java.lang.Object, java.lang.Object, java.lang.Object, java.lang.Obj
Event: 11.987 Thread 0x000002611febfc40 Exception <a 'java/lang/NoSuchMethodError'{0x00000000830e6978}: 'java.lang.Object java.lang.invoke.DirectMethodHandle$Holder.invokeStatic(java.lang.Object, java.lang.Object, java.lang.Object, java.lang.Object, java.lang.Object, java.lang.Object, java.lang.Object, java.lang.Object, java.lang.Object, java.lang.Object, java.lang.Object, java.lang.Object, java.lang.Object, java.lang.Object, java.lang.Object, java.lang.Object, java.lang.Object, java.lang.Object, java.lang.Object, java.lang.Object, java.lang.Obj
Event: 11.990 Thread 0x000002611febfc40 Exception <a 'java/lang/NoSuchMethodError'{0x0000000082f22660}: 'java.lang.Object java.lang.invoke.DirectMethodHandle$Holder.invokeStatic(java.lang.Object, java.lang.Object, java.lang.Object, java.lang.Object, java.lang.Object, java.lang.Object, java.lang.Object, java.lang.Object, java.lang.Object, java.lang.Object, java.lang.Object, java.lang.Object, java.lang.Object, java.lang.Object, java.lang.Object, java.lang.Object, java.lang.Object, java.lang.Object, java.lang.Object, java.lang.Object, java.lang.Obj
Event: 11.993 Thread 0x000002611febfc40 Exception <a 'java/lang/NoSuchMethodError'{0x0000000082f5f318}: 'java.lang.Object java.lang.invoke.DirectMethodHandle$Holder.invokeStatic(java.lang.Object, java.lang.Object, java.lang.Object, java.lang.Object, java.lang.Object, java.lang.Object, java.lang.Object, java.lang.Object, java.lang.Object, java.lang.Object, java.lang.Object, java.lang.Object, java.lang.Object, java.lang.Object, java.lang.Object, java.lang.Object, java.lang.Object, java.lang.Object, java.lang.Object, java.lang.Object, java.lang.Obj
Event: 11.997 Thread 0x000002611febfc40 Exception <a 'java/lang/NoSuchMethodError'{0x0000000082f9d650}: 'java.lang.Object java.lang.invoke.DirectMethodHandle$Holder.invokeStatic(java.lang.Object, java.lang.Object, java.lang.Object, java.lang.Object, java.lang.Object, java.lang.Object, java.lang.Object, java.lang.Object, java.lang.Object, java.lang.Object, java.lang.Object, java.lang.Object, java.lang.Object, java.lang.Object, java.lang.Object, java.lang.Object, java.lang.Object, java.lang.Object, java.lang.Object, java.lang.Object, java.lang.Obj
Event: 12.000 Thread 0x000002611febfc40 Exception <a 'java/lang/NoSuchMethodError'{0x0000000082fdd4e8}: 'java.lang.Object java.lang.invoke.DirectMethodHandle$Holder.invokeStatic(java.lang.Object, java.lang.Object, java.lang.Object, java.lang.Object, java.lang.Object, java.lang.Object, java.lang.Object, java.lang.Object, java.lang.Object, java.lang.Object, java.lang.Object, java.lang.Object, java.lang.Object, java.lang.Object, java.lang.Object, java.lang.Object, java.lang.Object, java.lang.Object, java.lang.Object, java.lang.Object, java.lang.Obj
Event: 12.021 Thread 0x000002611febfc40 Exception <a 'java/lang/NoSuchMethodError'{0x0000000082eaee60}: 'java.lang.Object java.lang.invoke.DirectMethodHandle$Holder.newInvokeSpecial(java.lang.Object, java.lang.Object, java.lang.Object, java.lang.Object, java.lang.Object, java.lang.Object, java.lang.Object, java.lang.Object, java.lang.Object, java.lang.Object, java.lang.Object, java.lang.Object, java.lang.Object, java.lang.Object, java.lang.Object, java.lang.Object, java.lang.Object, java.lang.Object, java.lang.Object)'> (0x0000000082eaee60) 
thr
Event: 12.021 Thread 0x000002611febfc40 Exception <a 'java/lang/NoSuchMethodError'{0x0000000082eb5b08}: 'java.lang.Object java.lang.invoke.DirectMethodHandle$Holder.invokeSpecial(java.lang.Object, java.lang.Object, java.lang.Object, java.lang.Object, java.lang.Object, java.lang.Object, java.lang.Object, java.lang.Object, java.lang.Object, java.lang.Object, java.lang.Object, java.lang.Object, java.lang.Object, java.lang.Object, java.lang.Object, java.lang.Object, java.lang.Object, java.lang.Object, java.lang.Object, java.lang.Object)'> (0x0000000
Event: 12.022 Thread 0x000002611febfc40 Exception <a 'java/lang/NoSuchMethodError'{0x0000000082ebb3c8}: 'java.lang.Object java.lang.invoke.DelegatingMethodHandle$Holder.reinvoke_L(java.lang.Object, java.lang.Object, java.lang.Object, java.lang.Object, java.lang.Object, java.lang.Object, java.lang.Object, java.lang.Object, java.lang.Object, java.lang.Object, java.lang.Object, java.lang.Object, java.lang.Object, java.lang.Object, java.lang.Object, java.lang.Object, java.lang.Object, java.lang.Object, java.lang.Object)'> (0x0000000082ebb3c8) 
throw
Event: 12.332 Thread 0x000002611febfc40 Exception <a 'sun/nio/fs/WindowsException'{0x00000000865b5e90}> (0x00000000865b5e90) 
thrown [s\src\hotspot\share\prims\jni.cpp, line 520]
Event: 12.333 Thread 0x000002611febfc40 Exception <a 'sun/nio/fs/WindowsException'{0x00000000865b7b68}> (0x00000000865b7b68) 
thrown [s\src\hotspot\share\prims\jni.cpp, line 520]
Event: 12.333 Thread 0x000002611febfc40 Exception <a 'sun/nio/fs/WindowsException'{0x00000000865b9838}> (0x00000000865b9838) 
thrown [s\src\hotspot\share\prims\jni.cpp, line 520]
Event: 12.334 Thread 0x000002611febfc40 Exception <a 'sun/nio/fs/WindowsException'{0x00000000865bb4f8}> (0x00000000865bb4f8) 
thrown [s\src\hotspot\share\prims\jni.cpp, line 520]
Event: 12.365 Thread 0x000002611febfc40 Exception <a 'java/lang/NoSuchMethodError'{0x00000000864fc878}: 'java.lang.Object java.lang.invoke.Invokers$Holder.invoker(java.lang.Object, java.lang.Object, java.lang.Object, java.lang.Object, java.lang.Object, java.lang.Object)'> (0x00000000864fc878) 
thrown [s\src\hotspot\share\interpreter\linkResolver.cpp, line 773]
Event: 12.410 Thread 0x000002611febfc40 Exception <a 'java/lang/NoSuchMethodError'{0x000000008463d288}: 'java.lang.Object java.lang.invoke.DirectMethodHandle$Holder.invokeSpecial(java.lang.Object, java.lang.Object, java.lang.Object, java.lang.Object, java.lang.Object, java.lang.Object, java.lang.Object, java.lang.Object, java.lang.Object, java.lang.Object, java.lang.Object, java.lang.Object, java.lang.Object, java.lang.Object, java.lang.Object, java.lang.Object, java.lang.Object, java.lang.Object, java.lang.Object, java.lang.Object, java.lang.Ob
Event: 12.410 Thread 0x000002611febfc40 Exception <a 'java/lang/NoSuchMethodError'{0x0000000084643b70}: 'java.lang.Object java.lang.invoke.DelegatingMethodHandle$Holder.reinvoke_L(java.lang.Object, java.lang.Object, java.lang.Object, java.lang.Object, java.lang.Object, java.lang.Object, java.lang.Object, java.lang.Object, java.lang.Object, java.lang.Object, java.lang.Object, java.lang.Object, java.lang.Object, java.lang.Object, java.lang.Object, java.lang.Object, java.lang.Object, java.lang.Object, java.lang.Object, java.lang.Object, java.lang.O
Event: 12.411 Thread 0x000002611febfc40 Exception <a 'java/lang/NoSuchMethodError'{0x000000008464f2b8}: 'java.lang.Object java.lang.invoke.Invokers$Holder.invoker(java.lang.Object, java.lang.Object, java.lang.Object, java.lang.Object, java.lang.Object, java.lang.Object, java.lang.Object, java.lang.Object, java.lang.Object, java.lang.Object, java.lang.Object, java.lang.Object, java.lang.Object, java.lang.Object, java.lang.Object, java.lang.Object, java.lang.Object, java.lang.Object, java.lang.Object, java.lang.Object, java.lang.Object, java.lang.
Event: 12.412 Thread 0x000002611febfc40 Exception <a 'java/lang/NoSuchMethodError'{0x00000000846561a0}: 'java.lang.Object java.lang.invoke.DelegatingMethodHandle$Holder.delegate(java.lang.Object, java.lang.Object, java.lang.Object, java.lang.Object, java.lang.Object, java.lang.Object, java.lang.Object, java.lang.Object, java.lang.Object, java.lang.Object, java.lang.Object, java.lang.Object, java.lang.Object, java.lang.Object, java.lang.Object, java.lang.Object, java.lang.Object, java.lang.Object, java.lang.Object, java.lang.Object, java.lang.Obj

ZGC Phase Switch (0 events):
No events

VM Operations (20 events):
Event: 9.979 Executing safepoint VM operation: ICBufferFull
Event: 9.979 Executing safepoint VM operation: ICBufferFull done
Event: 10.036 Executing safepoint VM operation: G1CollectForAllocation (G1 Evacuation Pause)
Event: 10.051 Executing safepoint VM operation: G1CollectForAllocation (G1 Evacuation Pause) done
Event: 10.227 Executing non-safepoint VM operation: HandshakeAllThreads (Deoptimize)
Event: 10.227 Executing non-safepoint VM operation: HandshakeAllThreads (Deoptimize) done
Event: 10.273 Executing non-safepoint VM operation: HandshakeAllThreads (Deoptimize)
Event: 10.273 Executing non-safepoint VM operation: HandshakeAllThreads (Deoptimize) done
Event: 10.762 Executing safepoint VM operation: ICBufferFull
Event: 10.762 Executing safepoint VM operation: ICBufferFull done
Event: 10.967 Executing safepoint VM operation: CollectForMetadataAllocation (Metadata GC Threshold)
Event: 10.981 Executing safepoint VM operation: CollectForMetadataAllocation (Metadata GC Threshold) done
Event: 11.039 Executing safepoint VM operation: CollectForMetadataAllocation (Metadata GC Threshold)
Event: 11.039 Executing safepoint VM operation: CollectForMetadataAllocation (Metadata GC Threshold) done
Event: 11.043 Executing safepoint VM operation: G1PauseRemark
Event: 11.048 Executing safepoint VM operation: G1PauseRemark done
Event: 11.073 Executing safepoint VM operation: G1PauseCleanup
Event: 11.083 Executing safepoint VM operation: G1PauseCleanup done
Event: 12.068 Executing safepoint VM operation: G1CollectForAllocation (G1 Evacuation Pause)
Event: 12.076 Executing safepoint VM operation: G1CollectForAllocation (G1 Evacuation Pause) done

Memory protections (0 events):
No events

Nmethod flushes (20 events):
Event: 11.047 Thread 0x000002617f1ffc20 flushing  nmethod 0x000002616b6f0a10
Event: 11.047 Thread 0x000002617f1ffc20 flushing  nmethod 0x000002616b6f1890
Event: 11.047 Thread 0x000002617f1ffc20 flushing  nmethod 0x000002616b6f1d10
Event: 11.047 Thread 0x000002617f1ffc20 flushing  nmethod 0x000002616b6f2110
Event: 11.047 Thread 0x000002617f1ffc20 flushing  nmethod 0x000002616b6f6490
Event: 11.047 Thread 0x000002617f1ffc20 flushing  nmethod 0x000002616b6f7090
Event: 11.047 Thread 0x000002617f1ffc20 flushing  nmethod 0x000002616b71dd90
Event: 11.047 Thread 0x000002617f1ffc20 flushing  nmethod 0x000002616b729890
Event: 11.047 Thread 0x000002617f1ffc20 flushing  nmethod 0x000002616b745810
Event: 11.047 Thread 0x000002617f1ffc20 flushing  nmethod 0x000002616b789b10
Event: 11.047 Thread 0x000002617f1ffc20 flushing  nmethod 0x000002616b7aee10
Event: 11.047 Thread 0x000002617f1ffc20 flushing  nmethod 0x000002616b7cf010
Event: 11.047 Thread 0x000002617f1ffc20 flushing  nmethod 0x000002616b7cf790
Event: 11.047 Thread 0x000002617f1ffc20 flushing  nmethod 0x000002616b7d4890
Event: 11.047 Thread 0x000002617f1ffc20 flushing  nmethod 0x000002616b852210
Event: 11.047 Thread 0x000002617f1ffc20 flushing  nmethod 0x000002616b894390
Event: 11.047 Thread 0x000002617f1ffc20 flushing  nmethod 0x000002616b894a90
Event: 11.047 Thread 0x000002617f1ffc20 flushing  nmethod 0x000002616b8db690
Event: 11.047 Thread 0x000002617f1ffc20 flushing  nmethod 0x000002616b932e90
Event: 11.047 Thread 0x000002617f1ffc20 flushing  nmethod 0x000002616b997210

Events (20 events):
Event: 4.352 Thread 0x000002611f3d9f10 Thread added: 0x000002611ff6e380
Event: 4.356 Thread 0x000002611ff6e380 Thread added: 0x000002611ff6e9f0
Event: 4.412 Thread 0x000002611ff6e380 Thread added: 0x000002611fec0960
Event: 4.423 Thread 0x000002611ff6e380 Thread added: 0x000002611febfc40
Event: 4.443 Thread 0x000002611febfc40 Thread added: 0x000002611fec02d0
Event: 4.450 Thread 0x000002611febfc40 Thread added: 0x000002611fec0ff0
Event: 4.455 Thread 0x000002611febfc40 Thread added: 0x000002611fec1680
Event: 5.205 Thread 0x000002611febfc40 Thread added: 0x000002611fec1d10
Event: 5.230 Thread 0x000002611febfc40 Thread added: 0x000002611febf5b0
Event: 5.658 Thread 0x000002611febfc40 Thread added: 0x000002611fec23a0
Event: 7.590 Thread 0x000002611febfc40 Thread added: 0x000002612183e900
Event: 7.640 Thread 0x000002611febfc40 Thread added: 0x000002612183d550
Event: 8.146 Thread 0x000002611febfc40 Thread added: 0x000002612183bb10
Event: 8.160 Thread 0x000002611febfc40 Thread added: 0x000002612183dbe0
Event: 10.439 Thread 0x000002611febfc40 Thread added: 0x0000026121838d20
Event: 10.740 Thread 0x000002611febfc40 Thread added: 0x000002612183ef90
Event: 10.804 Thread 0x000002611febfc40 Thread added: 0x000002612183a0d0
Event: 11.821 Thread 0x000002611febfc40 Thread added: 0x000002612183b480
Event: 11.910 Thread 0x000002611febfc40 Thread added: 0x0000026121838000
Event: 12.287 Thread 0x000002611febfc40 Thread added: 0x000002612183a760


Dynamic libraries:
0x00007ff7218e0000 - 0x00007ff7218ee000 	C:\Users\KHAN\.vscode\extensions\redhat.java-1.53.0-win32-x64\jre\21.0.10-win32-x86_64\bin\java.exe
0x00007ff8b8f50000 - 0x00007ff8b9148000 	C:\Windows\SYSTEM32\ntdll.dll
0x00007ff8b7770000 - 0x00007ff8b7832000 	C:\Windows\System32\KERNEL32.DLL
0x00007ff8b6750000 - 0x00007ff8b6a46000 	C:\Windows\System32\KERNELBASE.dll
0x00007ff8afce0000 - 0x00007ff8afd74000 	C:\Windows\SYSTEM32\apphelp.dll
0x00007ff8b6be0000 - 0x00007ff8b6ce0000 	C:\Windows\System32\ucrtbase.dll
0x00007ff8a9720000 - 0x00007ff8a9738000 	C:\Users\KHAN\.vscode\extensions\redhat.java-1.53.0-win32-x64\jre\21.0.10-win32-x86_64\bin\jli.dll
0x00007ff8b7840000 - 0x00007ff8b79e1000 	C:\Windows\System32\USER32.dll
0x00007ff8b6a50000 - 0x00007ff8b6a72000 	C:\Windows\System32\win32u.dll
0x00007ff8b7150000 - 0x00007ff8b717b000 	C:\Windows\System32\GDI32.dll
0x00007ff8b6630000 - 0x00007ff8b6749000 	C:\Windows\System32\gdi32full.dll
0x00007ff8b6d70000 - 0x00007ff8b6e0d000 	C:\Windows\System32\msvcp_win.dll
0x00007ff89be50000 - 0x00007ff89be6e000 	C:\Users\KHAN\.vscode\extensions\redhat.java-1.53.0-win32-x64\jre\21.0.10-win32-x86_64\bin\VCRUNTIME140.dll
0x00007ff8a7770000 - 0x00007ff8a7a0b000 	C:\Windows\WinSxS\amd64_microsoft.windows.common-controls_6595b64144ccf1df_6.0.19041.6456_none_60b8a6cb71f64256\COMCTL32.dll
0x00007ff8b7200000 - 0x00007ff8b729e000 	C:\Windows\System32\msvcrt.dll
0x00007ff8b6f70000 - 0x00007ff8b6f9f000 	C:\Windows\System32\IMM32.DLL
0x00007ff8b0ce0000 - 0x00007ff8b0cec000 	C:\Users\KHAN\.vscode\extensions\redhat.java-1.53.0-win32-x64\jre\21.0.10-win32-x86_64\bin\vcruntime140_1.dll
0x00007ff891650000 - 0x00007ff8916dd000 	C:\Users\KHAN\.vscode\extensions\redhat.java-1.53.0-win32-x64\jre\21.0.10-win32-x86_64\bin\msvcp140.dll
0x00007ff861b00000 - 0x00007ff8628a1000 	C:\Users\KHAN\.vscode\extensions\redhat.java-1.53.0-win32-x64\jre\21.0.10-win32-x86_64\bin\server\jvm.dll
0x00007ff8b7470000 - 0x00007ff8b7521000 	C:\Windows\System32\ADVAPI32.dll
0x00007ff8b72a0000 - 0x00007ff8b733f000 	C:\Windows\System32\sechost.dll
0x00007ff8b7030000 - 0x00007ff8b7150000 	C:\Windows\System32\RPCRT4.dll
0x00007ff8b6a80000 - 0x00007ff8b6aa7000 	C:\Windows\System32\bcrypt.dll
0x00007ff8b7db0000 - 0x00007ff8b7e1b000 	C:\Windows\System32\WS2_32.dll
0x00007ff8b5b70000 - 0x00007ff8b5bbb000 	C:\Windows\SYSTEM32\POWRPROF.dll
0x00007ff8a6d00000 - 0x00007ff8a6d27000 	C:\Windows\SYSTEM32\WINMM.dll
0x00007ff8a6dc0000 - 0x00007ff8a6dca000 	C:\Windows\SYSTEM32\VERSION.dll
0x00007ff8b59e0000 - 0x00007ff8b59f2000 	C:\Windows\SYSTEM32\UMPDC.dll
0x00007ff8b4de0000 - 0x00007ff8b4df2000 	C:\Windows\SYSTEM32\kernel.appcore.dll
0x00007ff8ad9f0000 - 0x00007ff8ad9fa000 	C:\Users\KHAN\.vscode\extensions\redhat.java-1.53.0-win32-x64\jre\21.0.10-win32-x86_64\bin\jimage.dll
0x00007ff8b3b80000 - 0x00007ff8b3d81000 	C:\Windows\SYSTEM32\DBGHELP.DLL
0x00007ff8a08e0000 - 0x00007ff8a0914000 	C:\Windows\SYSTEM32\dbgcore.DLL
0x00007ff8b6ce0000 - 0x00007ff8b6d62000 	C:\Windows\System32\bcryptPrimitives.dll
0x00007ff8b27f0000 - 0x00007ff8b27ff000 	C:\Users\KHAN\.vscode\extensions\redhat.java-1.53.0-win32-x64\jre\21.0.10-win32-x86_64\bin\instrument.dll
0x00007ff89be30000 - 0x00007ff89be50000 	C:\Users\KHAN\.vscode\extensions\redhat.java-1.53.0-win32-x64\jre\21.0.10-win32-x86_64\bin\java.dll
0x00007ff8b7fd0000 - 0x00007ff8b8740000 	C:\Windows\System32\SHELL32.dll
0x00007ff8b4630000 - 0x00007ff8b4dd5000 	C:\Windows\SYSTEM32\windows.storage.dll
0x00007ff8b79f0000 - 0x00007ff8b7d44000 	C:\Windows\System32\combase.dll
0x00007ff8b6010000 - 0x00007ff8b603b000 	C:\Windows\SYSTEM32\Wldp.dll
0x00007ff8b73a0000 - 0x00007ff8b746d000 	C:\Windows\System32\OLEAUT32.dll
0x00007ff8b8870000 - 0x00007ff8b891d000 	C:\Windows\System32\SHCORE.dll
0x00007ff8b8a40000 - 0x00007ff8b8a9b000 	C:\Windows\System32\shlwapi.dll
0x00007ff8b6510000 - 0x00007ff8b6534000 	C:\Windows\SYSTEM32\profapi.dll
0x00007ff8a9790000 - 0x00007ff8a97a8000 	C:\Users\KHAN\.vscode\extensions\redhat.java-1.53.0-win32-x64\jre\21.0.10-win32-x86_64\bin\zip.dll
0x00007ff8ad590000 - 0x00007ff8ad5a0000 	C:\Users\KHAN\.vscode\extensions\redhat.java-1.53.0-win32-x64\jre\21.0.10-win32-x86_64\bin\net.dll
0x00007ff8ae0f0000 - 0x00007ff8ae1fa000 	C:\Windows\SYSTEM32\WINHTTP.dll
0x00007ff8b5d70000 - 0x00007ff8b5dda000 	C:\Windows\system32\mswsock.dll
0x00007ff8a9770000 - 0x00007ff8a9786000 	C:\Users\KHAN\.vscode\extensions\redhat.java-1.53.0-win32-x64\jre\21.0.10-win32-x86_64\bin\nio.dll
0x00007ff8a9760000 - 0x00007ff8a9770000 	C:\Users\KHAN\.vscode\extensions\redhat.java-1.53.0-win32-x64\jre\21.0.10-win32-x86_64\bin\verify.dll
0x00007ff88ac00000 - 0x00007ff88ac27000 	C:\Users\KHAN\.gradle\native\1def1411415f61bf3af743bc5b6707747c0891f09f0c88961ee8f79bc544acac\windows-amd64\native-platform.dll
0x00007ff88b070000 - 0x00007ff88b0e8000 	C:\Users\KHAN\.gradle\native\0.2.7\x86_64-windows-gnu\gradle-fileevents.dll
0x00007ff8b1420000 - 0x00007ff8b142a000 	C:\Users\KHAN\.vscode\extensions\redhat.java-1.53.0-win32-x64\jre\21.0.10-win32-x86_64\bin\management.dll
0x00007ff8b1410000 - 0x00007ff8b141c000 	C:\Users\KHAN\.vscode\extensions\redhat.java-1.53.0-win32-x64\jre\21.0.10-win32-x86_64\bin\management_ext.dll
0x00007ff8b7180000 - 0x00007ff8b7188000 	C:\Windows\System32\PSAPI.DLL
0x00007ff8b5a00000 - 0x00007ff8b5a3b000 	C:\Windows\SYSTEM32\IPHLPAPI.DLL
0x00007ff8b7740000 - 0x00007ff8b7748000 	C:\Windows\System32\NSI.dll
0x00007ff8ada00000 - 0x00007ff8ada09000 	C:\Users\KHAN\.vscode\extensions\redhat.java-1.53.0-win32-x64\jre\21.0.10-win32-x86_64\bin\extnet.dll
0x00007ff8b5f70000 - 0x00007ff8b5f88000 	C:\Windows\SYSTEM32\CRYPTSP.dll
0x00007ff8b5620000 - 0x00007ff8b5658000 	C:\Windows\system32\rsaenh.dll
0x00007ff8b6490000 - 0x00007ff8b64be000 	C:\Windows\SYSTEM32\USERENV.dll
0x00007ff8b5f60000 - 0x00007ff8b5f6c000 	C:\Windows\SYSTEM32\CRYPTBASE.dll
0x00007ff8afb50000 - 0x00007ff8afb5e000 	C:\Users\KHAN\.vscode\extensions\redhat.java-1.53.0-win32-x64\jre\21.0.10-win32-x86_64\bin\sunmscapi.dll
0x00007ff8b6e10000 - 0x00007ff8b6f6d000 	C:\Windows\System32\CRYPT32.dll
0x00007ff8b6080000 - 0x00007ff8b60a7000 	C:\Windows\SYSTEM32\ncrypt.dll
0x00007ff8b6040000 - 0x00007ff8b607b000 	C:\Windows\SYSTEM32\NTASN1.dll
0x00007ff8afb40000 - 0x00007ff8afb47000 	C:\Windows\system32\wshunix.dll

JVMTI agents:
C:\Users\KHAN\.gradle\wrapper\dists\gradle-8.14.1-bin\baw1sv0jfoi8rxs14qo3h49cs\gradle-8.14.1\lib\agents\gradle-instrumentation-agent-8.14.1.jar path:C:\Users\KHAN\.vscode\extensions\redhat.java-1.53.0-win32-x64\jre\21.0.10-win32-x86_64\bin\instrument.dll, loaded, initialized, instrumentlib options:none

dbghelp: loaded successfully - version: 4.0.5 - missing functions: none
symbol engine: initialized successfully - sym options: 0x614 - pdb path: .;C:\Users\KHAN\.vscode\extensions\redhat.java-1.53.0-win32-x64\jre\21.0.10-win32-x86_64\bin;C:\Windows\SYSTEM32;C:\Windows\WinSxS\amd64_microsoft.windows.common-controls_6595b64144ccf1df_6.0.19041.6456_none_60b8a6cb71f64256;C:\Users\KHAN\.vscode\extensions\redhat.java-1.53.0-win32-x64\jre\21.0.10-win32-x86_64\bin\server;C:\Users\KHAN\.gradle\native\1def1411415f61bf3af743bc5b6707747c0891f09f0c88961ee8f79bc544acac\windows-amd64;C:\Users\KHAN\.gradle\native\0.2.7\x86_64-windows-gnu

VM Arguments:
jvm_args: --add-opens=java.base/java.lang=ALL-UNNAMED --add-opens=java.base/java.lang.invoke=ALL-UNNAMED --add-opens=java.base/java.util=ALL-UNNAMED --add-opens=java.prefs/java.util.prefs=ALL-UNNAMED --add-exports=jdk.compiler/com.sun.tools.javac.api=ALL-UNNAMED --add-exports=jdk.compiler/com.sun.tools.javac.util=ALL-UNNAMED --add-opens=java.base/java.util=ALL-UNNAMED --add-opens=java.prefs/java.util.prefs=ALL-UNNAMED --add-opens=java.base/java.nio.charset=ALL-UNNAMED --add-opens=java.base/java.net=ALL-UNNAMED --add-opens=java.base/java.util.concurrent.atomic=ALL-UNNAMED --add-opens=java.xml/javax.xml.namespace=ALL-UNNAMED -XX:MaxMetaspaceSize=512m -Xmx2048m -Dfile.encoding=UTF-8 -Duser.country=US -Duser.language=en -Duser.variant -javaagent:C:\Users\KHAN\.gradle\wrapper\dists\gradle-8.14.1-bin\baw1sv0jfoi8rxs14qo3h49cs\gradle-8.14.1\lib\agents\gradle-instrumentation-agent-8.14.1.jar 
java_command: org.gradle.launcher.daemon.bootstrap.GradleDaemon 8.14.1
java_class_path (initial): C:\Users\KHAN\.gradle\wrapper\dists\gradle-8.14.1-bin\baw1sv0jfoi8rxs14qo3h49cs\gradle-8.14.1\lib\gradle-daemon-main-8.14.1.jar
Launcher Type: SUN_STANDARD

[Global flags]
     intx CICompilerCount                          = 3                                         {product} {ergonomic}
   size_t CompressedClassSpaceSize                 = 436207616                                 {product} {ergonomic}
     uint ConcGCThreads                            = 1                                         {product} {ergonomic}
     uint G1ConcRefinementThreads                  = 4                                         {product} {ergonomic}
   size_t G1HeapRegionSize                         = 1048576                                   {product} {ergonomic}
    uintx GCDrainStackTargetSize                   = 64                                        {product} {ergonomic}
   size_t InitialHeapSize                          = 134217728                                 {product} {ergonomic}
   size_t MarkStackSize                            = 4194304                                   {product} {ergonomic}
   size_t MaxHeapSize                              = 2147483648                                {product} {command line}
   size_t MaxMetaspaceSize                         = 536870912                                 {product} {command line}
   size_t MaxNewSize                               = 1287651328                                {product} {ergonomic}
   size_t MinHeapDeltaBytes                        = 1048576                                   {product} {ergonomic}
   size_t MinHeapSize                              = 8388608                                   {product} {ergonomic}
    uintx NonNMethodCodeHeapSize                   = 5832780                                {pd product} {ergonomic}
    uintx NonProfiledCodeHeapSize                  = 122912730                              {pd product} {ergonomic}
    uintx ProfiledCodeHeapSize                     = 122912730                              {pd product} {ergonomic}
    uintx ReservedCodeCacheSize                    = 251658240                              {pd product} {ergonomic}
     bool SegmentedCodeCache                       = true                                      {product} {ergonomic}
   size_t SoftMaxHeapSize                          = 2147483648                             {manageable} {ergonomic}
     bool UseCompressedOops                        = true                           {product lp64_product} {ergonomic}
     bool UseG1GC                                  = true                                      {product} {ergonomic}
     bool UseLargePagesIndividualAllocation        = false                                  {pd product} {ergonomic}

Logging:
Log output configuration:
 #0: stdout all=warning uptime,level,tags foldmultilines=false
 #1: stderr all=off uptime,level,tags foldmultilines=false

Release file:
JAVA_VERSION="21.0.10" 
MODULES="java.base java.compiler java.datatransfer java.xml java.prefs java.desktop java.instrument java.logging java.management java.security.sasl java.naming java.rmi java.management.rmi java.net.http java.scripting java.security.jgss java.transaction.xa java.sql java.sql.rowset java.xml.crypto java.se java.smartcardio jdk.accessibility jdk.internal.jvmstat jdk.attach jdk.charsets jdk.internal.opt jdk.zipfs jdk.compiler jdk.crypto.ec jdk.crypto.cryptoki jdk.crypto.mscapi jdk.dynalink jdk.internal.ed jdk.editpad jdk.hotspot.agent jdk.httpserver jdk.internal.le jdk.internal.vm.ci jdk.internal.vm.compiler jdk.internal.vm.compiler.management jdk.jartool jdk.javadoc jdk.jcmd jdk.management jdk.management.agent jdk.jconsole jdk.jdeps jdk.jdwp.agent jdk.jdi jdk.jfr jdk.jshell jdk.jsobject jdk.jstatd jdk.localedata jdk.management.jfr jdk.naming.dns jdk.naming.rmi jdk.net jdk.nio.mapmode jdk.random jdk.sctp jdk.security.auth jdk.security.jgss jdk.unsupported jdk.unsupported.desktop jdk.xml.dom" 

Environment Variables:
JAVA_HOME=C:\Program Files\Microsoft\jdk-17.0.10.7-hotspot\
PATH=C:\Users\KHAN\AppData\Local\Programs\Microsoft VS Code;C:\Python312\Scripts\;C:\Python312\;C:\Program Files\Microsoft\jdk-17.0.10.7-hotspot\bin;C:\Windows\system32;C:\Windows;C:\Windows\System32\Wbem;C:\Windows\System32\WindowsPowerShell\v1.0\;C:\Windows\System32\OpenSSH\;C:\ProgramData\chocolatey\bin;C:\Program Files\Git\cmd;C:\Users\KHAN\AppData\Local\Android\Sdk\platform-tools;C:\Users\KHAN\AppData\Local\Android\Sdk\tools;C:\Program Files\nodejs\;C:\Program Files (x86)\Microsoft SQL Server\160\Tools\Binn\;C:\Program Files\Microsoft SQL Server\160\Tools\Binn\;C:\Program Files\Microsoft SQL Server\Client SDK\ODBC\170\Tools\Binn\;C:\Program Files\Microsoft SQL Server\160\DTS\Binn\;C:\Program Files\MongoDB\Server\8.2\bin;C:\tools\php85;C:\ProgramData\ComposerSetup\bin;C:\Users\KHAN\AppData\Local\Microsoft\WindowsApps;C:\Users\KHAN\AppData\Local\Programs\Microsoft VS Code\bin;C:\Users\KHAN\AppData\Local\Android\Sdk\platform-tools;C:\Users\KHAN\AppData\Local\Android\Sdk\platform-tools;C:\Users\KHAN\AppData\Roaming\npm;C:\Program Files\mongosh\;C:\Users\KHAN\AppData\Local\Programs\Antigravity\bin;C:\Users\KHAN\AppData\Roaming\Composer\vendor\bin
USERNAME=KHAN
OS=Windows_NT
PROCESSOR_IDENTIFIER=Intel64 Family 6 Model 58 Stepping 9, GenuineIntel
TMP=C:\Users\KHAN\AppData\Local\Temp
TEMP=C:\Users\KHAN\AppData\Local\Temp




Periodic native trim disabled

---------------  S Y S T E M  ---------------

OS:
 Windows 10 , 64 bit Build 19041 (10.0.19041.5915)
OS uptime: 5 days 18:29 hours

CPU: total 4 (initial active 4) (2 cores per cpu, 2 threads per core) family 6 model 58 stepping 9 microcode 0x21, cx8, cmov, fxsr, ht, mmx, sse, sse2, sse3, ssse3, sse4.1, sse4.2, popcnt, tsc, tscinvbit, avx, aes, erms, clmul, vzeroupper, clflush, rdtscp, f16c
Processor Information for the first 4 processors :
  Max Mhz: 2601, Current Mhz: 2600, Mhz Limit: 2574

Memory: 4k page, system-wide physical 8095M (263M free)
TotalPageFile size 23286M (AvailPageFile size 5M)
current process WorkingSet (physical memory assigned to process): 237M, peak: 239M
current process commit charge ("private bytes"): 267M, peak: 284M

vm_info: OpenJDK 64-Bit Server VM (21.0.10+7-LTS) for windows-amd64 JRE (21.0.10+7-LTS), built on 2026-01-20T00:00:00Z by "admin" with MS VC++ 17.12 (VS2022)

END.
