#
# There is insufficient memory for the Java Runtime Environment to continue.
# Native memory allocation (malloc) failed to allocate 1567216 bytes. Error detail: Chunk::new
# Possible reasons:
#   The system is out of physical RAM or swap space
#   This process is running with CompressedOops enabled, and the Java Heap may be blocking the growth of the native heap
# Possible solutions:
#   Reduce memory load on the system
#   Increase physical memory or swap space
#   Check if swap backing store is full
#   Decrease Java heap size (-Xmx/-Xms)
#   Decrease number of Java threads
#   Decrease Java thread stack sizes (-Xss)
#   Set larger code cache with -XX:ReservedCodeCacheSize=
#   JVM is running with Unscaled Compressed Oops mode in which the Java heap is
#     placed in the first 4GB address space. The Java Heap base address is the
#     maximum limit for the native heap growth. Please use -XX:HeapBaseMinAddress
#     to set the Java Heap base and to place the Java Heap above 4GB virtual address.
# This output file may be truncated or incomplete.
#
#  Out of Memory Error (arena.cpp:168), pid=13736, tid=7648
#
# JRE version: OpenJDK Runtime Environment Temurin-21.0.10+7 (21.0.10+7) (build 21.0.10+7-LTS)
# Java VM: OpenJDK 64-Bit Server VM Temurin-21.0.10+7 (21.0.10+7-LTS, mixed mode, sharing, tiered, compressed oops, compressed class ptrs, parallel gc, windows-amd64)
# No core dump will be written. Minidumps are not enabled by default on client versions of Windows
#

---------------  S U M M A R Y ------------

Command Line: --add-modules=ALL-SYSTEM --add-opens=java.base/java.util=ALL-UNNAMED --add-opens=java.base/java.lang=ALL-UNNAMED --add-opens=java.base/sun.nio.fs=ALL-UNNAMED -Declipse.application=org.eclipse.jdt.ls.core.id1 -Dosgi.bundles.defaultStartLevel=4 -Declipse.product=org.eclipse.jdt.ls.core.product -Djava.import.generatesMetadataFilesAtProjectRoot=false -DDetectVMInstallationsJob.disabled=true -Dfile.encoding=utf8 -XX:+UseParallelGC -XX:GCTimeRatio=4 -XX:AdaptiveSizePolicyWeight=90 -Dsun.zip.disableMemoryMapping=true -Xmx2G -Xms100m -Xlog:disable -javaagent:c:\Users\KHAN\.vscode\extensions\redhat.java-1.53.0-win32-x64\lombok\lombok-1.18.39-4050.jar -XX:+HeapDumpOnOutOfMemoryError -XX:HeapDumpPath=c:\Users\KHAN\AppData\Roaming\Code\User\workspaceStorage\68ccc319445cd5e44a420bc5d8f9fddf\redhat.java -Daether.dependencyCollector.impl=bf c:\Users\KHAN\.vscode\extensions\redhat.java-1.53.0-win32-x64\server\plugins\org.eclipse.equinox.launcher_1.7.100.v20251111-0406.jar -configuration c:\Users\KHAN\AppData\Roaming\Code\User\globalStorage\redhat.java\1.53.0\config_win -data c:\Users\KHAN\AppData\Roaming\Code\User\workspaceStorage\68ccc319445cd5e44a420bc5d8f9fddf\redhat.java\jdt_ws --pipe=\\.\pipe\lsp-1b7005e0d08b6b47ddbb12da0855c99e-sock

Host: Intel(R) Core(TM) i5-3320M CPU @ 2.60GHz, 4 cores, 7G,  Windows 10 , 64 bit Build 19041 (10.0.19041.5915)
Time: Fri Mar 27 23:52:41 2026 Pakistan Standard Time elapsed time: 219.915863 seconds (0d 0h 3m 39s)

---------------  T H R E A D  ---------------

Current thread (0x00000209985b0630):  JavaThread "C2 CompilerThread1" daemon [_thread_in_native, id=7648, stack(0x0000007d87200000,0x0000007d87300000) (1024K)]


Current CompileTask:
C2:219916 8850       4       org.eclipse.jdt.internal.compiler.util.JrtFileSystem$2::visitFile (72 bytes)

Stack: [0x0000007d87200000,0x0000007d87300000]
Native frames: (J=compiled Java code, j=interpreted, Vv=VM code, C=native code)
V  [jvm.dll+0x6d7a39]
V  [jvm.dll+0x8b4b26]
V  [jvm.dll+0x8b70de]
V  [jvm.dll+0x8b77c3]
V  [jvm.dll+0x284346]
V  [jvm.dll+0xc66ed]
V  [jvm.dll+0xc6c31]
V  [jvm.dll+0x3bec01]
V  [jvm.dll+0x38b162]
V  [jvm.dll+0x38a5aa]
V  [jvm.dll+0x24c560]
V  [jvm.dll+0x24bb40]
V  [jvm.dll+0x1cb34e]
V  [jvm.dll+0x25b85d]
V  [jvm.dll+0x259dea]
V  [jvm.dll+0x3f857e]
V  [jvm.dll+0x85f59d]
V  [jvm.dll+0x6d626d]
C  [ucrtbase.dll+0x21bb2]
C  [KERNEL32.DLL+0x17374]
C  [ntdll.dll+0x4cc91]


---------------  P R O C E S S  ---------------

Threads class SMR info:
_java_thread_list=0x000002099781b9b0, length=36, elements={
0x0000020934e663b0, 0x0000020937050b00, 0x00000209370519b0, 0x0000020937054870,
0x00000209370554d0, 0x00000209370582c0, 0x0000020937058d20, 0x0000020937059b60,
0x00000209370c7a40, 0x000002098f8e2ec0, 0x000002098f9db340, 0x00000209940fe2e0,
0x00000209942d91a0, 0x000002098f7da770, 0x000002098f7db1b0, 0x00000209944d1040,
0x00000209942ab5f0, 0x0000020994757580, 0x0000020994ea1100, 0x0000020994e9f6c0,
0x0000020994ea03e0, 0x0000020994ea1790, 0x0000020994e9e9a0, 0x000002099551db80,
0x0000020995520970, 0x0000020995521000, 0x000002099551ef30, 0x000002099551e210,
0x000002099551e8a0, 0x000002099551f5c0, 0x000002099551bab0, 0x0000020995521690,
0x000002099551ce60, 0x00000209985b0630, 0x000002099551fc50, 0x00000209955202e0
}

Java Threads: ( => current thread )
  0x0000020934e663b0 JavaThread "main"                              [_thread_blocked, id=8564, stack(0x0000007d87400000,0x0000007d87500000) (1024K)]
  0x0000020937050b00 JavaThread "Reference Handler"          daemon [_thread_blocked, id=540, stack(0x0000007d87800000,0x0000007d87900000) (1024K)]
  0x00000209370519b0 JavaThread "Finalizer"                  daemon [_thread_blocked, id=14836, stack(0x0000007d87900000,0x0000007d87a00000) (1024K)]
  0x0000020937054870 JavaThread "Signal Dispatcher"          daemon [_thread_blocked, id=4124, stack(0x0000007d87a00000,0x0000007d87b00000) (1024K)]
  0x00000209370554d0 JavaThread "Attach Listener"            daemon [_thread_blocked, id=7528, stack(0x0000007d87b00000,0x0000007d87c00000) (1024K)]
  0x00000209370582c0 JavaThread "Service Thread"             daemon [_thread_blocked, id=22216, stack(0x0000007d87c00000,0x0000007d87d00000) (1024K)]
  0x0000020937058d20 JavaThread "Monitor Deflation Thread"   daemon [_thread_blocked, id=20660, stack(0x0000007d87d00000,0x0000007d87e00000) (1024K)]
  0x0000020937059b60 JavaThread "C2 CompilerThread0"         daemon [_thread_in_native, id=21232, stack(0x0000007d87e00000,0x0000007d87f00000) (1024K)]
  0x00000209370c7a40 JavaThread "C1 CompilerThread0"         daemon [_thread_blocked, id=15048, stack(0x0000007d87f00000,0x0000007d88000000) (1024K)]
  0x000002098f8e2ec0 JavaThread "Common-Cleaner"             daemon [_thread_blocked, id=22236, stack(0x0000007d88000000,0x0000007d88100000) (1024K)]
  0x000002098f9db340 JavaThread "Notification Thread"        daemon [_thread_blocked, id=6528, stack(0x0000007d88100000,0x0000007d88200000) (1024K)]
  0x00000209940fe2e0 JavaThread "Active Thread: Equinox Container: 0ee61a87-1846-4288-9187-820053ce5653"        [_thread_blocked, id=11072, stack(0x0000007d88500000,0x0000007d88600000) (1024K)]
  0x00000209942d91a0 JavaThread "Refresh Thread: Equinox Container: 0ee61a87-1846-4288-9187-820053ce5653" daemon [_thread_blocked, id=13240, stack(0x0000007d88600000,0x0000007d88700000) (1024K)]
  0x000002098f7da770 JavaThread "Framework Event Dispatcher: Equinox Container: 0ee61a87-1846-4288-9187-820053ce5653" daemon [_thread_blocked, id=16680, stack(0x0000007d88700000,0x0000007d88800000) (1024K)]
  0x000002098f7db1b0 JavaThread "Start Level: Equinox Container: 0ee61a87-1846-4288-9187-820053ce5653" daemon [_thread_blocked, id=10684, stack(0x0000007d88800000,0x0000007d88900000) (1024K)]
  0x00000209944d1040 JavaThread "Bundle File Closer"         daemon [_thread_blocked, id=17264, stack(0x0000007d88a00000,0x0000007d88b00000) (1024K)]
  0x00000209942ab5f0 JavaThread "SCR Component Actor"        daemon [_thread_blocked, id=456, stack(0x0000007d88900000,0x0000007d88a00000) (1024K)]
  0x0000020994757580 JavaThread "Worker-JM"                         [_thread_blocked, id=19076, stack(0x0000007d88b00000,0x0000007d88c00000) (1024K)]
  0x0000020994ea1100 JavaThread "JNA Cleaner"                daemon [_thread_blocked, id=20628, stack(0x0000007d88c00000,0x0000007d88d00000) (1024K)]
  0x0000020994e9f6c0 JavaThread "Worker-1"                          [_thread_blocked, id=6632, stack(0x0000007d88e00000,0x0000007d88f00000) (1024K)]
  0x0000020994ea03e0 JavaThread "Worker-2"                          [_thread_blocked, id=12152, stack(0x0000007d88f00000,0x0000007d89000000) (1024K)]
  0x0000020994ea1790 JavaThread "Java indexing"              daemon [_thread_blocked, id=21432, stack(0x0000007d89200000,0x0000007d89300000) (1024K)]
  0x0000020994e9e9a0 JavaThread "Worker-5: Initialize workspace"        [_thread_blocked, id=5520, stack(0x0000007d89500000,0x0000007d89600000) (1024K)]
  0x000002099551db80 JavaThread "Thread-1"                   daemon [_thread_in_native, id=10180, stack(0x0000007d89600000,0x0000007d89700000) (1024K)]
  0x0000020995520970 JavaThread "Thread-2"                   daemon [_thread_in_native, id=18108, stack(0x0000007d89700000,0x0000007d89800000) (1024K)]
  0x0000020995521000 JavaThread "Thread-3"                   daemon [_thread_in_native, id=4008, stack(0x0000007d89800000,0x0000007d89900000) (1024K)]
  0x000002099551ef30 JavaThread "Thread-4"                   daemon [_thread_in_native, id=12688, stack(0x0000007d89900000,0x0000007d89a00000) (1024K)]
  0x000002099551e210 JavaThread "Thread-5"                   daemon [_thread_in_native, id=22208, stack(0x0000007d89a00000,0x0000007d89b00000) (1024K)]
  0x000002099551e8a0 JavaThread "pool-2-thread-1"                   [_thread_blocked, id=22152, stack(0x0000007d89b00000,0x0000007d89c00000) (1024K)]
  0x000002099551f5c0 JavaThread "WorkspaceEventsHandler"            [_thread_blocked, id=11220, stack(0x0000007d89c00000,0x0000007d89d00000) (1024K)]
  0x000002099551bab0 JavaThread "pool-1-thread-1"                   [_thread_blocked, id=7044, stack(0x0000007d89d00000,0x0000007d89e00000) (1024K)]
  0x0000020995521690 JavaThread "ForkJoinPool.commonPool-worker-3" daemon [_thread_blocked, id=16852, stack(0x0000007d8a000000,0x0000007d8a100000) (1024K)]
  0x000002099551ce60 JavaThread "Timer-0"                           [_thread_blocked, id=5356, stack(0x0000007d8a100000,0x0000007d8a200000) (1024K)]
=>0x00000209985b0630 JavaThread "C2 CompilerThread1"         daemon [_thread_in_native, id=7648, stack(0x0000007d87200000,0x0000007d87300000) (1024K)]
  0x000002099551fc50 JavaThread ""                          
[error occurred during error reporting (printing all threads), id 0xc0000005, EXCEPTION_ACCESS_VIOLATION (0xc0000005) at pc=0x00007ff8617f0b2d]
VM state: at safepoint (normal execution)

VM Mutex/Monitor currently owned by a thread:  ([mutex/lock_event])
[0x00007ff8620be560] Threads_lock - owner thread: 0x00000209372218b0
[0x00007ff8620be660] Heap_lock - owner thread: 0x0000020994e9e9a0

Heap address: 0x0000000080000000, size: 2048 MB, Compressed Oops mode: 32-bit

CDS archive(s) mapped at: [0x000002094e000000-0x000002094eba0000-0x000002094eba0000), size 12189696, SharedBaseAddress: 0x000002094e000000, ArchiveRelocationMode: 1.
Compressed class space mapped at: 0x000002094f000000-0x000002098f000000, reserved size: 1073741824
Narrow klass base: 0x000002094e000000, Narrow klass shift: 0, Narrow klass range: 0x100000000

GC Precious Log:
 CardTable entry size: 512
 CPUs: 4 total, 4 available
 Memory: 8095M
 Large Page Support: Disabled
 NUMA Support: Disabled
 Compressed Oops: Enabled (32-bit)
 Alignments: Space 512K, Generation 512K, Heap 2M
 Heap Min Capacity: 100M
 Heap Initial Capacity: 100M
 Heap Max Capacity: 2G
 Pre-touch: Disabled
 Parallel Workers: 4

Heap:
 PSYoungGen      total 19968K, used 19473K [0x00000000d5580000, 0x00000000d6e00000, 0x0000000100000000)
  eden space 17408K, 100% used [0x00000000d5580000,0x00000000d6680000,0x00000000d6680000)
  from space 2560K, 80% used [0x00000000d6880000,0x00000000d6a84410,0x00000000d6b00000)
  to   space 2560K, 83% used [0x00000000d6b80000,0x00000000d6d98810,0x00000000d6e00000)
 ParOldGen       total 75264K, used 75263K [0x0000000080000000, 0x0000000084980000, 0x00000000d5580000)
  object space 75264K, 99% used [0x0000000080000000,0x000000008497fc78,0x0000000084980000)
 Metaspace       used 61228K, committed 62656K, reserved 1114112K
  class space    used 7212K, committed 7808K, reserved 1048576K

Card table byte_map: [0x0000020936b10000,0x0000020936f20000] _byte_map_base: 0x0000020936710000

Marking Bits: (ParMarkBitMap*) 0x00007ff8620c3450
 Begin Bits: [0x0000020949620000, 0x000002094b620000)
 End Bits:   [0x000002094b620000, 0x000002094d620000)

Polling page: 0x0000020934e20000

Metaspace:

Usage:
  Non-class:     52.75 MB used.
      Class:      7.04 MB used.
       Both:     59.79 MB used.

Virtual space:
  Non-class space:       64.00 MB reserved,      53.56 MB ( 84%) committed,  1 nodes.
      Class space:        1.00 GB reserved,       7.62 MB ( <1%) committed,  1 nodes.
             Both:        1.06 GB reserved,      61.19 MB (  6%) committed. 

Chunk freelists:
   Non-Class:  10.25 MB
       Class:  8.35 MB
        Both:  18.60 MB

MaxMetaspaceSize: unlimited
CompressedClassSpaceSize: 1.00 GB
Initial GC threshold: 21.00 MB
Current GC threshold: 97.31 MB
CDS: on
 - commit_granule_bytes: 65536.
 - commit_granule_words: 8192.
 - virtual_space_node_default_size: 8388608.
 - enlarge_chunks_in_place: 1.
 - use_allocation_guard: 0.


Internal statistics:

num_allocs_failed_limit: 9.
num_arena_births: 1250.
num_arena_deaths: 26.
num_vsnodes_births: 2.
num_vsnodes_deaths: 0.
num_space_committed: 979.
num_space_uncommitted: 0.
num_chunks_returned_to_freelist: 36.
num_chunks_taken_from_freelist: 3938.
num_chunk_merges: 16.
num_chunk_splits: 2519.
num_chunks_enlarged: 1561.
num_inconsistent_stats: 0.

CodeHeap 'non-profiled nmethods': size=120000Kb used=4149Kb max_used=5012Kb free=115850Kb
 bounds [0x0000020941e40000, 0x0000020942330000, 0x0000020949370000]
CodeHeap 'profiled nmethods': size=120000Kb used=13434Kb max_used=16532Kb free=106566Kb
 bounds [0x000002093a370000, 0x000002093b3a0000, 0x00000209418a0000]
CodeHeap 'non-nmethods': size=5760Kb used=1400Kb max_used=1446Kb free=4359Kb
 bounds [0x00000209418a0000, 0x0000020941b10000, 0x0000020941e40000]
CodeCache: size=245760Kb, used=18983Kb, max_used=22990Kb, free=226775Kb
 total_blobs=7496, nmethods=6792, adapters=610, full_count=0
Compilation: enabled, stopped_count=0, restarted_count=0

Compilation events (20 events):
Event: 219.687 Thread 0x00000209370c7a40 8864       3       org.eclipse.jdt.internal.core.JarPackageFragmentRoot$$Lambda/0x000002094f796130::apply (8 bytes)
Event: 219.687 Thread 0x00000209370c7a40 nmethod 8864 0x000002093b38bd10 code [0x000002093b38bf00, 0x000002093b38c4c8]
Event: 219.687 Thread 0x00000209370c7a40 8865       3       org.eclipse.jdt.internal.core.JarPackageFragmentRoot$$Lambda/0x000002094f796370::apply (5 bytes)
Event: 219.687 Thread 0x00000209370c7a40 nmethod 8865 0x000002093b38c690 code [0x000002093b38c840, 0x000002093b38ca38]
Event: 219.690 Thread 0x00000209370c7a40 8866       3       org.eclipse.jdt.internal.core.JrtPackageFragmentRoot::getPackageFragment (10 bytes)
Event: 219.690 Thread 0x00000209370c7a40 nmethod 8866 0x000002093b38cb10 code [0x000002093b38cce0, 0x000002093b38d050]
Event: 219.691 Thread 0x00000209370c7a40 8867       1       org.eclipse.jdt.internal.core.PackageFragmentRoot::getElementType (2 bytes)
Event: 219.691 Thread 0x00000209370c7a40 nmethod 8867 0x0000020942324b90 code [0x0000020942324d20, 0x0000020942324de8]
Event: 219.696 Thread 0x00000209370c7a40 8868       3       java.util.Iterator::forEachRemaining (30 bytes)
Event: 219.697 Thread 0x00000209370c7a40 nmethod 8868 0x000002093b38d210 code [0x000002093b38d420, 0x000002093b38d990]
Event: 219.697 Thread 0x00000209370c7a40 8869 % !   3       sun.nio.fs.WindowsPath::initOffsets @ 50 (153 bytes)
Event: 219.700 Thread 0x00000209370c7a40 nmethod 8869% 0x000002093b38db10 code [0x000002093b38df00, 0x000002093b3902a8]
Event: 219.701 Thread 0x00000209370c7a40 8870   !   3       sun.nio.fs.WindowsPath::initOffsets (153 bytes)
Event: 219.704 Thread 0x00000209370c7a40 nmethod 8870 0x000002093b391110 code [0x000002093b3914e0, 0x000002093b393720]
Event: 219.704 Thread 0x00000209370c7a40 8871       3       org.eclipse.core.runtime.Path::computeLength (100 bytes)
Event: 219.705 Thread 0x00000209370c7a40 nmethod 8871 0x000002093b394490 code [0x000002093b394680, 0x000002093b394b90]
Event: 219.708 Thread 0x00000209370c7a40 8874       1       org.eclipse.jdt.internal.core.JarPackageFragmentRoot::isArchive (2 bytes)
Event: 219.708 Thread 0x00000209370c7a40 nmethod 8874 0x0000020942324e90 code [0x0000020942325020, 0x00000209423250e8]
Event: 219.709 Thread 0x00000209370c7a40 8875       3       java.io.File::getName (42 bytes)
Event: 219.710 Thread 0x00000209370c7a40 nmethod 8875 0x000002093b394d90 code [0x000002093b394fe0, 0x000002093b3957f0]

GC Heap History (20 events):
Event: 216.349 GC heap before
{Heap before GC invocations=41 (full 3):
 PSYoungGen      total 23552K, used 17440K [0x00000000d5580000, 0x00000000d7200000, 0x0000000100000000)
  eden space 17408K, 100% used [0x00000000d5580000,0x00000000d6680000,0x00000000d6680000)
  from space 6144K, 0% used [0x00000000d6800000,0x00000000d6808000,0x00000000d6e00000)
  to   space 2048K, 0% used [0x00000000d7000000,0x00000000d7000000,0x00000000d7200000)
 ParOldGen       total 72192K, used 63142K [0x0000000080000000, 0x0000000084680000, 0x00000000d5580000)
  object space 72192K, 87% used [0x0000000080000000,0x0000000083da9988,0x0000000084680000)
 Metaspace       used 59033K, committed 60416K, reserved 1114112K
  class space    used 6984K, committed 7552K, reserved 1048576K
}
Event: 216.350 GC heap after
{Heap after GC invocations=41 (full 3):
 PSYoungGen      total 17920K, used 32K [0x00000000d5580000, 0x00000000d7080000, 0x0000000100000000)
  eden space 17408K, 0% used [0x00000000d5580000,0x00000000d5580000,0x00000000d6680000)
  from space 512K, 6% used [0x00000000d7000000,0x00000000d7008000,0x00000000d7080000)
  to   space 512K, 0% used [0x00000000d6f80000,0x00000000d6f80000,0x00000000d7000000)
 ParOldGen       total 72192K, used 63150K [0x0000000080000000, 0x0000000084680000, 0x00000000d5580000)
  object space 72192K, 87% used [0x0000000080000000,0x0000000083dab988,0x0000000084680000)
 Metaspace       used 59033K, committed 60416K, reserved 1114112K
  class space    used 6984K, committed 7552K, reserved 1048576K
}
Event: 216.557 GC heap before
{Heap before GC invocations=42 (full 3):
 PSYoungGen      total 17920K, used 17440K [0x00000000d5580000, 0x00000000d7080000, 0x0000000100000000)
  eden space 17408K, 100% used [0x00000000d5580000,0x00000000d6680000,0x00000000d6680000)
  from space 512K, 6% used [0x00000000d7000000,0x00000000d7008000,0x00000000d7080000)
  to   space 512K, 0% used [0x00000000d6f80000,0x00000000d6f80000,0x00000000d7000000)
 ParOldGen       total 72192K, used 63150K [0x0000000080000000, 0x0000000084680000, 0x00000000d5580000)
  object space 72192K, 87% used [0x0000000080000000,0x0000000083dab988,0x0000000084680000)
 Metaspace       used 59033K, committed 60416K, reserved 1114112K
  class space    used 6984K, committed 7552K, reserved 1048576K
}
Event: 216.558 GC heap after
{Heap after GC invocations=42 (full 3):
 PSYoungGen      total 17920K, used 96K [0x00000000d5580000, 0x00000000d7080000, 0x0000000100000000)
  eden space 17408K, 0% used [0x00000000d5580000,0x00000000d5580000,0x00000000d6680000)
  from space 512K, 18% used [0x00000000d6f80000,0x00000000d6f98000,0x00000000d7000000)
  to   space 512K, 0% used [0x00000000d7000000,0x00000000d7000000,0x00000000d7080000)
 ParOldGen       total 72192K, used 63158K [0x0000000080000000, 0x0000000084680000, 0x00000000d5580000)
  object space 72192K, 87% used [0x0000000080000000,0x0000000083dad988,0x0000000084680000)
 Metaspace       used 59033K, committed 60416K, reserved 1114112K
  class space    used 6984K, committed 7552K, reserved 1048576K
}
Event: 216.855 GC heap before
{Heap before GC invocations=43 (full 3):
 PSYoungGen      total 17920K, used 17504K [0x00000000d5580000, 0x00000000d7080000, 0x0000000100000000)
  eden space 17408K, 100% used [0x00000000d5580000,0x00000000d6680000,0x00000000d6680000)
  from space 512K, 18% used [0x00000000d6f80000,0x00000000d6f98000,0x00000000d7000000)
  to   space 512K, 0% used [0x00000000d7000000,0x00000000d7000000,0x00000000d7080000)
 ParOldGen       total 72192K, used 63158K [0x0000000080000000, 0x0000000084680000, 0x00000000d5580000)
  object space 72192K, 87% used [0x0000000080000000,0x0000000083dad988,0x0000000084680000)
 Metaspace       used 59034K, committed 60416K, reserved 1114112K
  class space    used 6985K, committed 7552K, reserved 1048576K
}
Event: 216.855 GC heap after
{Heap after GC invocations=43 (full 3):
 PSYoungGen      total 17920K, used 96K [0x00000000d5580000, 0x00000000d7080000, 0x0000000100000000)
  eden space 17408K, 0% used [0x00000000d5580000,0x00000000d5580000,0x00000000d6680000)
  from space 512K, 18% used [0x00000000d7000000,0x00000000d7018000,0x00000000d7080000)
  to   space 512K, 0% used [0x00000000d6f80000,0x00000000d6f80000,0x00000000d7000000)
 ParOldGen       total 72192K, used 63158K [0x0000000080000000, 0x0000000084680000, 0x00000000d5580000)
  object space 72192K, 87% used [0x0000000080000000,0x0000000083dad988,0x0000000084680000)
 Metaspace       used 59034K, committed 60416K, reserved 1114112K
  class space    used 6985K, committed 7552K, reserved 1048576K
}
Event: 217.064 GC heap before
{Heap before GC invocations=44 (full 3):
 PSYoungGen      total 17920K, used 17504K [0x00000000d5580000, 0x00000000d7080000, 0x0000000100000000)
  eden space 17408K, 100% used [0x00000000d5580000,0x00000000d6680000,0x00000000d6680000)
  from space 512K, 18% used [0x00000000d7000000,0x00000000d7018000,0x00000000d7080000)
  to   space 512K, 0% used [0x00000000d6f80000,0x00000000d6f80000,0x00000000d7000000)
 ParOldGen       total 72192K, used 63158K [0x0000000080000000, 0x0000000084680000, 0x00000000d5580000)
  object space 72192K, 87% used [0x0000000080000000,0x0000000083dad988,0x0000000084680000)
 Metaspace       used 59034K, committed 60416K, reserved 1114112K
  class space    used 6985K, committed 7552K, reserved 1048576K
}
Event: 217.065 GC heap after
{Heap after GC invocations=44 (full 3):
 PSYoungGen      total 17920K, used 96K [0x00000000d5580000, 0x00000000d7080000, 0x0000000100000000)
  eden space 17408K, 0% used [0x00000000d5580000,0x00000000d5580000,0x00000000d6680000)
  from space 512K, 18% used [0x00000000d6f80000,0x00000000d6f98000,0x00000000d7000000)
  to   space 512K, 0% used [0x00000000d7000000,0x00000000d7000000,0x00000000d7080000)
 ParOldGen       total 72192K, used 63182K [0x0000000080000000, 0x0000000084680000, 0x00000000d5580000)
  object space 72192K, 87% used [0x0000000080000000,0x0000000083db3988,0x0000000084680000)
 Metaspace       used 59034K, committed 60416K, reserved 1114112K
  class space    used 6985K, committed 7552K, reserved 1048576K
}
Event: 217.217 GC heap before
{Heap before GC invocations=45 (full 3):
 PSYoungGen      total 17920K, used 17504K [0x00000000d5580000, 0x00000000d7080000, 0x0000000100000000)
  eden space 17408K, 100% used [0x00000000d5580000,0x00000000d6680000,0x00000000d6680000)
  from space 512K, 18% used [0x00000000d6f80000,0x00000000d6f98000,0x00000000d7000000)
  to   space 512K, 0% used [0x00000000d7000000,0x00000000d7000000,0x00000000d7080000)
 ParOldGen       total 72192K, used 63182K [0x0000000080000000, 0x0000000084680000, 0x00000000d5580000)
  object space 72192K, 87% used [0x0000000080000000,0x0000000083db3988,0x0000000084680000)
 Metaspace       used 59034K, committed 60416K, reserved 1114112K
  class space    used 6985K, committed 7552K, reserved 1048576K
}
Event: 217.218 GC heap after
{Heap after GC invocations=45 (full 3):
 PSYoungGen      total 17920K, used 96K [0x00000000d5580000, 0x00000000d7080000, 0x0000000100000000)
  eden space 17408K, 0% used [0x00000000d5580000,0x00000000d5580000,0x00000000d6680000)
  from space 512K, 18% used [0x00000000d7000000,0x00000000d7018000,0x00000000d7080000)
  to   space 512K, 0% used [0x00000000d6f80000,0x00000000d6f80000,0x00000000d7000000)
 ParOldGen       total 72192K, used 63190K [0x0000000080000000, 0x0000000084680000, 0x00000000d5580000)
  object space 72192K, 87% used [0x0000000080000000,0x0000000083db5988,0x0000000084680000)
 Metaspace       used 59034K, committed 60416K, reserved 1114112K
  class space    used 6985K, committed 7552K, reserved 1048576K
}
Event: 217.413 GC heap before
{Heap before GC invocations=46 (full 3):
 PSYoungGen      total 17920K, used 17504K [0x00000000d5580000, 0x00000000d7080000, 0x0000000100000000)
  eden space 17408K, 100% used [0x00000000d5580000,0x00000000d6680000,0x00000000d6680000)
  from space 512K, 18% used [0x00000000d7000000,0x00000000d7018000,0x00000000d7080000)
  to   space 512K, 0% used [0x00000000d6f80000,0x00000000d6f80000,0x00000000d7000000)
 ParOldGen       total 72192K, used 63190K [0x0000000080000000, 0x0000000084680000, 0x00000000d5580000)
  object space 72192K, 87% used [0x0000000080000000,0x0000000083db5988,0x0000000084680000)
 Metaspace       used 59034K, committed 60416K, reserved 1114112K
  class space    used 6985K, committed 7552K, reserved 1048576K
}
Event: 217.414 GC heap after
{Heap after GC invocations=46 (full 3):
 PSYoungGen      total 17920K, used 96K [0x00000000d5580000, 0x00000000d7080000, 0x0000000100000000)
  eden space 17408K, 0% used [0x00000000d5580000,0x00000000d5580000,0x00000000d6680000)
  from space 512K, 18% used [0x00000000d6f80000,0x00000000d6f98000,0x00000000d7000000)
  to   space 512K, 0% used [0x00000000d7000000,0x00000000d7000000,0x00000000d7080000)
 ParOldGen       total 72192K, used 63190K [0x0000000080000000, 0x0000000084680000, 0x00000000d5580000)
  object space 72192K, 87% used [0x0000000080000000,0x0000000083db5988,0x0000000084680000)
 Metaspace       used 59034K, committed 60416K, reserved 1114112K
  class space    used 6985K, committed 7552K, reserved 1048576K
}
Event: 217.873 GC heap before
{Heap before GC invocations=47 (full 3):
 PSYoungGen      total 17920K, used 17504K [0x00000000d5580000, 0x00000000d7080000, 0x0000000100000000)
  eden space 17408K, 100% used [0x00000000d5580000,0x00000000d6680000,0x00000000d6680000)
  from space 512K, 18% used [0x00000000d6f80000,0x00000000d6f98000,0x00000000d7000000)
  to   space 512K, 0% used [0x00000000d7000000,0x00000000d7000000,0x00000000d7080000)
 ParOldGen       total 72192K, used 63190K [0x0000000080000000, 0x0000000084680000, 0x00000000d5580000)
  object space 72192K, 87% used [0x0000000080000000,0x0000000083db5988,0x0000000084680000)
 Metaspace       used 59629K, committed 61056K, reserved 1114112K
  class space    used 7047K, committed 7680K, reserved 1048576K
}
Event: 217.878 GC heap after
{Heap after GC invocations=47 (full 3):
 PSYoungGen      total 17920K, used 504K [0x00000000d5580000, 0x00000000d7080000, 0x0000000100000000)
  eden space 17408K, 0% used [0x00000000d5580000,0x00000000d5580000,0x00000000d6680000)
  from space 512K, 98% used [0x00000000d7000000,0x00000000d707e1a8,0x00000000d7080000)
  to   space 4096K, 0% used [0x00000000d6880000,0x00000000d6880000,0x00000000d6c80000)
 ParOldGen       total 72192K, used 66042K [0x0000000080000000, 0x0000000084680000, 0x00000000d5580000)
  object space 72192K, 91% used [0x0000000080000000,0x000000008407ea58,0x0000000084680000)
 Metaspace       used 59629K, committed 61056K, reserved 1114112K
  class space    used 7047K, committed 7680K, reserved 1048576K
}
Event: 218.574 GC heap before
{Heap before GC invocations=48 (full 3):
 PSYoungGen      total 17920K, used 17912K [0x00000000d5580000, 0x00000000d7080000, 0x0000000100000000)
  eden space 17408K, 100% used [0x00000000d5580000,0x00000000d6680000,0x00000000d6680000)
  from space 512K, 98% used [0x00000000d7000000,0x00000000d707e1a8,0x00000000d7080000)
  to   space 4096K, 0% used [0x00000000d6880000,0x00000000d6880000,0x00000000d6c80000)
 ParOldGen       total 72192K, used 66042K [0x0000000080000000, 0x0000000084680000, 0x00000000d5580000)
  object space 72192K, 91% used [0x0000000080000000,0x000000008407ea58,0x0000000084680000)
 Metaspace       used 60808K, committed 62272K, reserved 1114112K
  class space    used 7153K, committed 7744K, reserved 1048576K
}
Event: 218.580 GC heap after
{Heap after GC invocations=48 (full 3):
 PSYoungGen      total 21504K, used 4096K [0x00000000d5580000, 0x00000000d7480000, 0x0000000100000000)
  eden space 17408K, 0% used [0x00000000d5580000,0x00000000d5580000,0x00000000d6680000)
  from space 4096K, 100% used [0x00000000d6880000,0x00000000d6c80000,0x00000000d6c80000)
  to   space 7168K, 0% used [0x00000000d6d80000,0x00000000d6d80000,0x00000000d7480000)
 ParOldGen       total 72192K, used 68385K [0x0000000080000000, 0x0000000084680000, 0x00000000d5580000)
  object space 72192K, 94% used [0x0000000080000000,0x00000000842c85e8,0x0000000084680000)
 Metaspace       used 60808K, committed 62272K, reserved 1114112K
  class space    used 7153K, committed 7744K, reserved 1048576K
}
Event: 218.919 GC heap before
{Heap before GC invocations=49 (full 3):
 PSYoungGen      total 21504K, used 21504K [0x00000000d5580000, 0x00000000d7480000, 0x0000000100000000)
  eden space 17408K, 100% used [0x00000000d5580000,0x00000000d6680000,0x00000000d6680000)
  from space 4096K, 100% used [0x00000000d6880000,0x00000000d6c80000,0x00000000d6c80000)
  to   space 7168K, 0% used [0x00000000d6d80000,0x00000000d6d80000,0x00000000d7480000)
 ParOldGen       total 72192K, used 68385K [0x0000000080000000, 0x0000000084680000, 0x00000000d5580000)
  object space 72192K, 94% used [0x0000000080000000,0x00000000842c85e8,0x0000000084680000)
 Metaspace       used 60817K, committed 62272K, reserved 1114112K
  class space    used 7153K, committed 7744K, reserved 1048576K
}
Event: 218.924 GC heap after
{Heap after GC invocations=49 (full 3):
 PSYoungGen      total 19456K, used 1920K [0x00000000d5580000, 0x00000000d6f80000, 0x0000000100000000)
  eden space 17408K, 0% used [0x00000000d5580000,0x00000000d5580000,0x00000000d6680000)
  from space 2048K, 93% used [0x00000000d6d80000,0x00000000d6f60010,0x00000000d6f80000)
  to   space 3584K, 0% used [0x00000000d6880000,0x00000000d6880000,0x00000000d6c00000)
 ParOldGen       total 72704K, used 72515K [0x0000000080000000, 0x0000000084700000, 0x00000000d5580000)
  object space 72704K, 99% used [0x0000000080000000,0x00000000846d0f88,0x0000000084700000)
 Metaspace       used 60817K, committed 62272K, reserved 1114112K
  class space    used 7153K, committed 7744K, reserved 1048576K
}
Event: 219.288 GC heap before
{Heap before GC invocations=50 (full 3):
 PSYoungGen      total 19456K, used 19328K [0x00000000d5580000, 0x00000000d6f80000, 0x0000000100000000)
  eden space 17408K, 100% used [0x00000000d5580000,0x00000000d6680000,0x00000000d6680000)
  from space 2048K, 93% used [0x00000000d6d80000,0x00000000d6f60010,0x00000000d6f80000)
  to   space 3584K, 0% used [0x00000000d6880000,0x00000000d6880000,0x00000000d6c00000)
 ParOldGen       total 72704K, used 72515K [0x0000000080000000, 0x0000000084700000, 0x00000000d5580000)
  object space 72704K, 99% used [0x0000000080000000,0x00000000846d0f88,0x0000000084700000)
 Metaspace       used 61209K, committed 62656K, reserved 1114112K
  class space    used 7212K, committed 7808K, reserved 1048576K
}
Event: 219.295 GC heap after
{Heap after GC invocations=50 (full 3):
 PSYoungGen      total 19968K, used 2065K [0x00000000d5580000, 0x00000000d6e00000, 0x0000000100000000)
  eden space 17408K, 0% used [0x00000000d5580000,0x00000000d5580000,0x00000000d6680000)
  from space 2560K, 80% used [0x00000000d6880000,0x00000000d6a84410,0x00000000d6b00000)
  to   space 2560K, 0% used [0x00000000d6b80000,0x00000000d6b80000,0x00000000d6e00000)
 ParOldGen       total 74752K, used 74395K [0x0000000080000000, 0x0000000084900000, 0x00000000d5580000)
  object space 74752K, 99% used [0x0000000080000000,0x00000000848a6f98,0x0000000084900000)
 Metaspace       used 61209K, committed 62656K, reserved 1114112K
  class space    used 7212K, committed 7808K, reserved 1048576K
}

Dll operation events (15 events):
Event: 0.015 Loaded shared library c:\Users\KHAN\.vscode\extensions\redhat.java-1.53.0-win32-x64\jre\21.0.10-win32-x86_64\bin\java.dll
Event: 0.534 Loaded shared library c:\Users\KHAN\.vscode\extensions\redhat.java-1.53.0-win32-x64\jre\21.0.10-win32-x86_64\bin\zip.dll
Event: 0.580 Loaded shared library C:\Users\KHAN\.vscode\extensions\redhat.java-1.53.0-win32-x64\jre\21.0.10-win32-x86_64\bin\instrument.dll
Event: 0.590 Loaded shared library C:\Users\KHAN\.vscode\extensions\redhat.java-1.53.0-win32-x64\jre\21.0.10-win32-x86_64\bin\net.dll
Event: 0.593 Loaded shared library C:\Users\KHAN\.vscode\extensions\redhat.java-1.53.0-win32-x64\jre\21.0.10-win32-x86_64\bin\nio.dll
Event: 0.609 Loaded shared library C:\Users\KHAN\.vscode\extensions\redhat.java-1.53.0-win32-x64\jre\21.0.10-win32-x86_64\bin\zip.dll
Event: 0.672 Loaded shared library C:\Users\KHAN\.vscode\extensions\redhat.java-1.53.0-win32-x64\jre\21.0.10-win32-x86_64\bin\jimage.dll
Event: 0.953 Loaded shared library c:\Users\KHAN\.vscode\extensions\redhat.java-1.53.0-win32-x64\jre\21.0.10-win32-x86_64\bin\verify.dll
Event: 22.627 Loaded shared library C:\Users\KHAN\AppData\Roaming\Code\User\globalStorage\redhat.java\1.53.0\config_win\org.eclipse.equinox.launcher\org.eclipse.equinox.launcher.win32.win32.x86_64_1.3.0.v20260203-2149\eclipse_11919.dll
Event: 32.112 Loaded shared library C:\Users\KHAN\AppData\Local\Temp\jna-2305610\jna1532601625569657908.dll
Event: 50.420 Loaded shared library C:\Users\KHAN\.gradle\native\1def1411415f61bf3af743bc5b6707747c0891f09f0c88961ee8f79bc544acac\windows-amd64\native-platform.dll
Event: 53.771 Loaded shared library C:\Users\KHAN\.vscode\extensions\redhat.java-1.53.0-win32-x64\jre\21.0.10-win32-x86_64\bin\management.dll
Event: 53.776 Loaded shared library C:\Users\KHAN\.vscode\extensions\redhat.java-1.53.0-win32-x64\jre\21.0.10-win32-x86_64\bin\management_ext.dll
Event: 55.353 Loaded shared library C:\Users\KHAN\.vscode\extensions\redhat.java-1.53.0-win32-x64\jre\21.0.10-win32-x86_64\bin\extnet.dll
Event: 61.357 Loaded shared library C:\Users\KHAN\.vscode\extensions\redhat.java-1.53.0-win32-x64\jre\21.0.10-win32-x86_64\bin\sunmscapi.dll

Deoptimization events (20 events):
Event: 219.043 Thread 0x0000020994e9e9a0 DEOPT PACKING pc=0x00000209422e7e6c sp=0x0000007d895fda50
Event: 219.044 Thread 0x0000020994e9e9a0 DEOPT UNPACKING pc=0x00000209418f3aa2 sp=0x0000007d895fd9f0 mode 2
Event: 219.050 Thread 0x0000020994e9e9a0 Uncommon trap: trap_request=0xffffffde fr.pc=0x0000020942243d20 relative=0x0000000000000540
Event: 219.050 Thread 0x0000020994e9e9a0 Uncommon trap: reason=class_check action=maybe_recompile pc=0x0000020942243d20 method=java.util.ImmutableCollections$MapN.probe(Ljava/lang/Object;)I @ 1 c2
Event: 219.050 Thread 0x0000020994e9e9a0 DEOPT PACKING pc=0x0000020942243d20 sp=0x0000007d895fda70
Event: 219.050 Thread 0x0000020994e9e9a0 DEOPT UNPACKING pc=0x00000209418f3aa2 sp=0x0000007d895fda20 mode 2
Event: 219.050 Thread 0x0000020994e9e9a0 Uncommon trap: trap_request=0xffffffde fr.pc=0x0000020942243d20 relative=0x0000000000000540
Event: 219.050 Thread 0x0000020994e9e9a0 Uncommon trap: reason=class_check action=maybe_recompile pc=0x0000020942243d20 method=java.util.ImmutableCollections$MapN.probe(Ljava/lang/Object;)I @ 1 c2
Event: 219.050 Thread 0x0000020994e9e9a0 DEOPT PACKING pc=0x0000020942243d20 sp=0x0000007d895fda70
Event: 219.050 Thread 0x0000020994e9e9a0 DEOPT UNPACKING pc=0x00000209418f3aa2 sp=0x0000007d895fda20 mode 2
Event: 219.050 Thread 0x0000020994e9e9a0 Uncommon trap: trap_request=0xffffffde fr.pc=0x0000020942243d20 relative=0x0000000000000540
Event: 219.050 Thread 0x0000020994e9e9a0 Uncommon trap: reason=class_check action=maybe_recompile pc=0x0000020942243d20 method=java.util.ImmutableCollections$MapN.probe(Ljava/lang/Object;)I @ 1 c2
Event: 219.050 Thread 0x0000020994e9e9a0 DEOPT PACKING pc=0x0000020942243d20 sp=0x0000007d895fda70
Event: 219.050 Thread 0x0000020994e9e9a0 DEOPT UNPACKING pc=0x00000209418f3aa2 sp=0x0000007d895fda20 mode 2
Event: 219.050 Thread 0x0000020994e9e9a0 Uncommon trap: trap_request=0xffffffde fr.pc=0x0000020942243d20 relative=0x0000000000000540
Event: 219.050 Thread 0x0000020994e9e9a0 Uncommon trap: reason=class_check action=maybe_recompile pc=0x0000020942243d20 method=java.util.ImmutableCollections$MapN.probe(Ljava/lang/Object;)I @ 1 c2
Event: 219.053 Thread 0x0000020994e9e9a0 DEOPT PACKING pc=0x0000020942243d20 sp=0x0000007d895fda70
Event: 219.053 Thread 0x0000020994e9e9a0 DEOPT UNPACKING pc=0x00000209418f3aa2 sp=0x0000007d895fda20 mode 2
Event: 219.704 Thread 0x0000020994e9e9a0 DEOPT PACKING pc=0x000002093b108d9b sp=0x0000007d895fd910
Event: 219.704 Thread 0x0000020994e9e9a0 DEOPT UNPACKING pc=0x00000209418f4242 sp=0x0000007d895fce38 mode 0

Classes loaded (20 events):
Event: 218.113 Loading class jdk/internal/jrtfs/JrtFileSystem
Event: 218.113 Loading class jdk/internal/jrtfs/JrtFileSystem done
Event: 218.113 Loading class jdk/internal/jrtfs/JrtPath
Event: 218.113 Loading class java/util/concurrent/CompletableFuture$UniAccept
Event: 218.113 Loading class java/util/concurrent/CompletableFuture$UniAccept done
Event: 218.114 Loading class java/util/concurrent/CompletableFuture$UniExceptionally
Event: 218.114 Loading class java/util/concurrent/CompletableFuture$UniExceptionally done
Event: 218.114 Loading class jdk/internal/jrtfs/JrtPath done
Event: 218.114 Loading class jdk/internal/jimage/ImageReader$Node
Event: 218.116 Loading class jdk/internal/jimage/ImageReader$Node done
Event: 218.131 Loading class java/nio/ByteBufferAsIntBufferL
Event: 218.132 Loading class java/nio/ByteBufferAsIntBufferL done
Event: 218.138 Loading class jdk/internal/jimage/ImageReader$Directory
Event: 218.138 Loading class jdk/internal/jimage/ImageReader$Directory done
Event: 218.260 Loading class java/util/regex/PatternSyntaxException
Event: 218.261 Loading class java/util/regex/PatternSyntaxException done
Event: 219.149 Loading class java/nio/channels/Channels$ReadableByteChannelImpl
Event: 219.149 Loading class java/nio/channels/Channels$ReadableByteChannelImpl done
Event: 219.150 Loading class java/nio/channels/NonWritableChannelException
Event: 219.150 Loading class java/nio/channels/NonWritableChannelException done

Classes unloaded (13 events):
Event: 34.980 Thread 0x00000209372218b0 Unloading class 0x000002094f1a8c00 'java/lang/invoke/LambdaForm$MH+0x000002094f1a8c00'
Event: 34.980 Thread 0x00000209372218b0 Unloading class 0x000002094f1a8800 'java/lang/invoke/LambdaForm$MH+0x000002094f1a8800'
Event: 34.980 Thread 0x00000209372218b0 Unloading class 0x000002094f1a8400 'java/lang/invoke/LambdaForm$MH+0x000002094f1a8400'
Event: 34.980 Thread 0x00000209372218b0 Unloading class 0x000002094f1a8000 'java/lang/invoke/LambdaForm$MH+0x000002094f1a8000'
Event: 34.980 Thread 0x00000209372218b0 Unloading class 0x000002094f1a7c00 'java/lang/invoke/LambdaForm$BMH+0x000002094f1a7c00'
Event: 34.980 Thread 0x00000209372218b0 Unloading class 0x000002094f1a7800 'java/lang/invoke/LambdaForm$DMH+0x000002094f1a7800'
Event: 34.980 Thread 0x00000209372218b0 Unloading class 0x000002094f1a6400 'java/lang/invoke/LambdaForm$DMH+0x000002094f1a6400'
Event: 39.329 Thread 0x00000209372218b0 Unloading class 0x000002094f2ba800 'java/lang/invoke/LambdaForm$MH+0x000002094f2ba800'
Event: 39.329 Thread 0x00000209372218b0 Unloading class 0x000002094f2b9c00 'java/lang/invoke/LambdaForm$MH+0x000002094f2b9c00'
Event: 39.329 Thread 0x00000209372218b0 Unloading class 0x000002094f2b9400 'java/lang/invoke/LambdaForm$MH+0x000002094f2b9400'
Event: 39.329 Thread 0x00000209372218b0 Unloading class 0x000002094f2b8c00 'java/lang/invoke/LambdaForm$MH+0x000002094f2b8c00'
Event: 39.329 Thread 0x00000209372218b0 Unloading class 0x000002094f2b8800 'java/lang/invoke/LambdaForm$DMH+0x000002094f2b8800'
Event: 39.329 Thread 0x00000209372218b0 Unloading class 0x000002094f2b3c00 'java/lang/invoke/LambdaForm$MH+0x000002094f2b3c00'

Classes redefined (0 events):
No events

Internal exceptions (20 events):
Event: 217.508 Thread 0x0000020994e9f6c0 Exception <a 'sun/nio/fs/WindowsException'{0x00000000d5a7c268}> (0x00000000d5a7c268) 
thrown [s\src\hotspot\share\prims\jni.cpp, line 520]
Event: 217.509 Thread 0x0000020994e9f6c0 Exception <a 'sun/nio/fs/WindowsException'{0x00000000d5a8e1f0}> (0x00000000d5a8e1f0) 
thrown [s\src\hotspot\share\prims\jni.cpp, line 520]
Event: 217.510 Thread 0x0000020994e9f6c0 Exception <a 'sun/nio/fs/WindowsException'{0x00000000d5aa0410}> (0x00000000d5aa0410) 
thrown [s\src\hotspot\share\prims\jni.cpp, line 520]
Event: 217.564 Thread 0x000002099551bab0 Implicit null exception at 0x00000209421c337d to 0x00000209421c3788
Event: 217.564 Thread 0x000002099551bab0 Exception <a 'sun/nio/fs/WindowsException'{0x00000000d5ba0e08}> (0x00000000d5ba0e08) 
thrown [s\src\hotspot\share\prims\jni.cpp, line 520]
Event: 217.565 Thread 0x000002099551bab0 Exception <a 'sun/nio/fs/WindowsException'{0x00000000d5ba1450}> (0x00000000d5ba1450) 
thrown [s\src\hotspot\share\prims\jni.cpp, line 520]
Event: 217.567 Thread 0x000002099551bab0 Exception <a 'sun/nio/fs/WindowsException'{0x00000000d5ba67c0}> (0x00000000d5ba67c0) 
thrown [s\src\hotspot\share\prims\jni.cpp, line 520]
Event: 217.567 Thread 0x000002099551bab0 Exception <a 'sun/nio/fs/WindowsException'{0x00000000d5ba70e0}> (0x00000000d5ba70e0) 
thrown [s\src\hotspot\share\prims\jni.cpp, line 520]
Event: 217.806 Thread 0x0000020995521690 Implicit null exception at 0x0000020942112ce4 to 0x0000020942113b54
Event: 217.895 Thread 0x0000020994e9e9a0 Exception <a 'java/io/FileNotFoundException'{0x00000000d567ee68}> (0x00000000d567ee68) 
thrown [s\src\hotspot\share\prims\jni.cpp, line 520]
Event: 217.895 Thread 0x0000020994e9e9a0 Exception <a 'java/io/FileNotFoundException'{0x00000000d5680110}> (0x00000000d5680110) 
thrown [s\src\hotspot\share\prims\jni.cpp, line 520]
Event: 217.896 Thread 0x0000020994e9e9a0 Exception <a 'java/io/FileNotFoundException'{0x00000000d5681118}> (0x00000000d5681118) 
thrown [s\src\hotspot\share\prims\jni.cpp, line 520]
Event: 217.972 Thread 0x0000020994e9e9a0 Exception <a 'sun/nio/fs/WindowsException'{0x00000000d5ab4510}> (0x00000000d5ab4510) 
thrown [s\src\hotspot\share\prims\jni.cpp, line 520]
Event: 217.972 Thread 0x0000020994e9e9a0 Exception <a 'sun/nio/fs/WindowsException'{0x00000000d5ab4be8}> (0x00000000d5ab4be8) 
thrown [s\src\hotspot\share\prims\jni.cpp, line 520]
Event: 217.973 Thread 0x0000020994e9e9a0 Exception <a 'sun/nio/fs/WindowsException'{0x00000000d5ab58a8}> (0x00000000d5ab58a8) 
thrown [s\src\hotspot\share\prims\jni.cpp, line 520]
Event: 217.973 Thread 0x0000020994e9e9a0 Exception <a 'sun/nio/fs/WindowsException'{0x00000000d5ab5f80}> (0x00000000d5ab5f80) 
thrown [s\src\hotspot\share\prims\jni.cpp, line 520]
Event: 218.090 Thread 0x0000020994e9e9a0 Implicit null exception at 0x0000020941efb077 to 0x0000020941efb2e8
Event: 218.094 Thread 0x0000020994e9e9a0 Exception <a 'java/lang/NoSuchMethodError'{0x00000000d5dd47a0}: 'java.lang.Object java.lang.invoke.DelegatingMethodHandle$Holder.reinvoke_L(java.lang.Object, int, long, java.lang.Object, java.lang.Object, int, java.lang.Object)'> (0x00000000d5dd47a0) 
thrown [s\src\hotspot\share\interpreter\linkResolver.cpp, line 773]
Event: 218.110 Thread 0x000002099551bab0 Exception <a 'java/lang/IncompatibleClassChangeError'{0x00000000d5e1eb90}: Found class java.lang.Object, but interface was expected> (0x00000000d5e1eb90) 
thrown [s\src\hotspot\share\interpreter\linkResolver.cpp, line 840]
Event: 218.468 Thread 0x0000020994e9e9a0 Exception <a 'java/lang/NoSuchMethodError'{0x00000000d64bd018}: 'java.lang.Object java.lang.invoke.Invokers$Holder.invoke_MT(java.lang.Object, java.lang.Object, java.lang.Object, java.lang.Object, java.lang.Object, java.lang.Object, java.lang.Object, java.lang.Object, java.lang.Object, java.lang.Object)'> (0x00000000d64bd018) 
thrown [s\src\hotspot\share\interpreter\linkResolver.cpp, line 773]

ZGC Phase Switch (0 events):
No events

VM Operations (20 events):
Event: 217.997 Executing non-safepoint VM operation: HandshakeAllThreads (Deoptimize)
Event: 218.006 Executing non-safepoint VM operation: HandshakeAllThreads (Deoptimize) done
Event: 218.009 Executing non-safepoint VM operation: HandshakeAllThreads (Deoptimize)
Event: 218.011 Executing non-safepoint VM operation: HandshakeAllThreads (Deoptimize) done
Event: 218.067 Executing non-safepoint VM operation: HandshakeAllThreads (Deoptimize)
Event: 218.067 Executing non-safepoint VM operation: HandshakeAllThreads (Deoptimize) done
Event: 218.071 Executing non-safepoint VM operation: HandshakeAllThreads (Deoptimize)
Event: 218.071 Executing non-safepoint VM operation: HandshakeAllThreads (Deoptimize) done
Event: 218.112 Executing non-safepoint VM operation: HandshakeAllThreads (Deoptimize)
Event: 218.112 Executing non-safepoint VM operation: HandshakeAllThreads (Deoptimize) done
Event: 218.134 Executing non-safepoint VM operation: HandshakeAllThreads (Deoptimize)
Event: 218.134 Executing non-safepoint VM operation: HandshakeAllThreads (Deoptimize) done
Event: 218.304 Executing non-safepoint VM operation: HandshakeAllThreads (Deoptimize)
Event: 218.304 Executing non-safepoint VM operation: HandshakeAllThreads (Deoptimize) done
Event: 218.574 Executing safepoint VM operation: ParallelGCFailedAllocation (Allocation Failure)
Event: 218.580 Executing safepoint VM operation: ParallelGCFailedAllocation (Allocation Failure) done
Event: 218.919 Executing safepoint VM operation: ParallelGCFailedAllocation (Allocation Failure)
Event: 218.924 Executing safepoint VM operation: ParallelGCFailedAllocation (Allocation Failure) done
Event: 219.288 Executing safepoint VM operation: ParallelGCFailedAllocation (Allocation Failure)
Event: 219.295 Executing safepoint VM operation: ParallelGCFailedAllocation (Allocation Failure) done

Memory protections (0 events):
No events

Nmethod flushes (20 events):
Event: 214.141 Thread 0x00000209372218b0 flushing  nmethod 0x000002093ac73610
Event: 214.141 Thread 0x00000209372218b0 flushing  nmethod 0x000002093ac73a10
Event: 214.141 Thread 0x00000209372218b0 flushing  nmethod 0x000002093ac73f90
Event: 214.141 Thread 0x00000209372218b0 flushing  nmethod 0x000002093ac74390
Event: 214.141 Thread 0x00000209372218b0 flushing  nmethod 0x000002093ac75a10
Event: 214.141 Thread 0x00000209372218b0 flushing  nmethod 0x000002093ac76490
Event: 214.141 Thread 0x00000209372218b0 flushing  nmethod 0x000002093ac76c90
Event: 214.141 Thread 0x00000209372218b0 flushing  nmethod 0x000002093ac80e10
Event: 214.141 Thread 0x00000209372218b0 flushing  nmethod 0x000002093ac97890
Event: 214.141 Thread 0x00000209372218b0 flushing  nmethod 0x000002093aca0f10
Event: 214.141 Thread 0x00000209372218b0 flushing  nmethod 0x000002093acd3410
Event: 214.141 Thread 0x00000209372218b0 flushing  nmethod 0x000002093acd7f90
Event: 214.141 Thread 0x00000209372218b0 flushing  nmethod 0x000002093acdb290
Event: 214.141 Thread 0x00000209372218b0 flushing  nmethod 0x000002093acdbe90
Event: 214.141 Thread 0x00000209372218b0 flushing  nmethod 0x000002093ace9110
Event: 214.141 Thread 0x00000209372218b0 flushing  nmethod 0x000002093acf8e90
Event: 214.141 Thread 0x00000209372218b0 flushing  nmethod 0x000002093acff190
Event: 214.141 Thread 0x00000209372218b0 flushing  nmethod 0x000002093ad2b590
Event: 214.141 Thread 0x00000209372218b0 flushing  nmethod 0x000002093ad2fb10
Event: 214.141 Thread 0x00000209372218b0 flushing  nmethod 0x000002093ad52f90

Events (20 events):
Event: 44.036 Thread 0x000002099551fc50 Thread added: 0x0000020995521690
Event: 48.643 Thread 0x0000020994e9f6c0 Thread added: 0x000002099551ce60
Event: 49.017 Thread 0x0000020994e9f6c0 Thread added: 0x00000209955223b0
Event: 53.990 Thread 0x00000209955223b0 Thread exited: 0x00000209955223b0
Event: 55.253 Thread 0x0000020994e9f6c0 Thread added: 0x00000209955223b0
Event: 55.991 Thread 0x00000209955223b0 Thread added: 0x000002099551b420
Event: 56.010 Thread 0x000002099551b420 Thread added: 0x0000020995522a40
Event: 56.011 Thread 0x0000020995522a40 Thread exited: 0x0000020995522a40
Event: 56.012 Thread 0x000002099551b420 Thread added: 0x0000020995522a40
Event: 61.275 Thread 0x000002099551b420 Thread exited: 0x000002099551b420
Event: 61.275 Thread 0x0000020995522a40 Thread exited: 0x0000020995522a40
Event: 104.497 Thread 0x00000209955202e0 Thread exited: 0x00000209955202e0
Event: 104.718 Thread 0x0000020994e9e310 Thread exited: 0x0000020994e9e310
Event: 115.516 Thread 0x0000020994e9fd50 Thread exited: 0x0000020994e9fd50
Event: 115.516 Thread 0x0000020994e9f030 Thread exited: 0x0000020994e9f030
Event: 164.497 Thread 0x000002099551fc50 Thread exited: 0x000002099551fc50
Event: 215.158 Thread 0x00000209955223b0 Thread exited: 0x00000209955223b0
Event: 217.569 Thread 0x00000209370c7a40 Thread added: 0x00000209985b0630
Event: 217.741 Thread 0x0000020995521690 Thread added: 0x000002099551fc50
Event: 217.828 Thread 0x000002099551fc50 Thread added: 0x00000209955202e0


Dynamic libraries:
0x00007ff67baa0000 - 0x00007ff67baae000 	c:\Users\KHAN\.vscode\extensions\redhat.java-1.53.0-win32-x64\jre\21.0.10-win32-x86_64\bin\java.exe
0x00007ff8b8f50000 - 0x00007ff8b9148000 	C:\Windows\SYSTEM32\ntdll.dll
0x00007ff8b7770000 - 0x00007ff8b7832000 	C:\Windows\System32\KERNEL32.DLL
0x00007ff8b6750000 - 0x00007ff8b6a46000 	C:\Windows\System32\KERNELBASE.dll
0x00007ff8b6be0000 - 0x00007ff8b6ce0000 	C:\Windows\System32\ucrtbase.dll
0x00007ff8a3780000 - 0x00007ff8a3798000 	c:\Users\KHAN\.vscode\extensions\redhat.java-1.53.0-win32-x64\jre\21.0.10-win32-x86_64\bin\jli.dll
0x00007ff8b7840000 - 0x00007ff8b79e1000 	C:\Windows\System32\USER32.dll
0x00007ff8b6a50000 - 0x00007ff8b6a72000 	C:\Windows\System32\win32u.dll
0x00007ff8b7150000 - 0x00007ff8b717b000 	C:\Windows\System32\GDI32.dll
0x00007ff8b6630000 - 0x00007ff8b6749000 	C:\Windows\System32\gdi32full.dll
0x00007ff8b6d70000 - 0x00007ff8b6e0d000 	C:\Windows\System32\msvcp_win.dll
0x00007ff8a3690000 - 0x00007ff8a36ae000 	c:\Users\KHAN\.vscode\extensions\redhat.java-1.53.0-win32-x64\jre\21.0.10-win32-x86_64\bin\VCRUNTIME140.dll
0x00007ff8a7770000 - 0x00007ff8a7a0b000 	C:\Windows\WinSxS\amd64_microsoft.windows.common-controls_6595b64144ccf1df_6.0.19041.6456_none_60b8a6cb71f64256\COMCTL32.dll
0x00007ff8b7200000 - 0x00007ff8b729e000 	C:\Windows\System32\msvcrt.dll
0x00007ff8b6f70000 - 0x00007ff8b6f9f000 	C:\Windows\System32\IMM32.DLL
0x00007ff8afb50000 - 0x00007ff8afb5c000 	c:\Users\KHAN\.vscode\extensions\redhat.java-1.53.0-win32-x64\jre\21.0.10-win32-x86_64\bin\vcruntime140_1.dll
0x00007ff88c350000 - 0x00007ff88c3dd000 	c:\Users\KHAN\.vscode\extensions\redhat.java-1.53.0-win32-x64\jre\21.0.10-win32-x86_64\bin\msvcp140.dll
0x00007ff861400000 - 0x00007ff8621a1000 	c:\Users\KHAN\.vscode\extensions\redhat.java-1.53.0-win32-x64\jre\21.0.10-win32-x86_64\bin\server\jvm.dll
0x00007ff8b7470000 - 0x00007ff8b7521000 	C:\Windows\System32\ADVAPI32.dll
0x00007ff8b72a0000 - 0x00007ff8b733f000 	C:\Windows\System32\sechost.dll
0x00007ff8b7030000 - 0x00007ff8b7150000 	C:\Windows\System32\RPCRT4.dll
0x00007ff8b6a80000 - 0x00007ff8b6aa7000 	C:\Windows\System32\bcrypt.dll
0x00007ff8b7db0000 - 0x00007ff8b7e1b000 	C:\Windows\System32\WS2_32.dll
0x00007ff8b5b70000 - 0x00007ff8b5bbb000 	C:\Windows\SYSTEM32\POWRPROF.dll
0x00007ff8a6d00000 - 0x00007ff8a6d27000 	C:\Windows\SYSTEM32\WINMM.dll
0x00007ff8a6dc0000 - 0x00007ff8a6dca000 	C:\Windows\SYSTEM32\VERSION.dll
0x00007ff8b59e0000 - 0x00007ff8b59f2000 	C:\Windows\SYSTEM32\UMPDC.dll
0x00007ff8b4de0000 - 0x00007ff8b4df2000 	C:\Windows\SYSTEM32\kernel.appcore.dll
0x00007ff8ae3d0000 - 0x00007ff8ae3da000 	c:\Users\KHAN\.vscode\extensions\redhat.java-1.53.0-win32-x64\jre\21.0.10-win32-x86_64\bin\jimage.dll
0x00007ff8b3b80000 - 0x00007ff8b3d81000 	C:\Windows\SYSTEM32\DBGHELP.DLL
0x00007ff8a08e0000 - 0x00007ff8a0914000 	C:\Windows\SYSTEM32\dbgcore.DLL
0x00007ff8b6ce0000 - 0x00007ff8b6d62000 	C:\Windows\System32\bcryptPrimitives.dll
0x00007ff8adcb0000 - 0x00007ff8adcbf000 	c:\Users\KHAN\.vscode\extensions\redhat.java-1.53.0-win32-x64\jre\21.0.10-win32-x86_64\bin\instrument.dll
0x00007ff8a2ec0000 - 0x00007ff8a2ee0000 	c:\Users\KHAN\.vscode\extensions\redhat.java-1.53.0-win32-x64\jre\21.0.10-win32-x86_64\bin\java.dll
0x00007ff8b7fd0000 - 0x00007ff8b8740000 	C:\Windows\System32\SHELL32.dll
0x00007ff8b4630000 - 0x00007ff8b4dd5000 	C:\Windows\SYSTEM32\windows.storage.dll
0x00007ff8b79f0000 - 0x00007ff8b7d44000 	C:\Windows\System32\combase.dll
0x00007ff8b6010000 - 0x00007ff8b603b000 	C:\Windows\SYSTEM32\Wldp.dll
0x00007ff8b73a0000 - 0x00007ff8b746d000 	C:\Windows\System32\OLEAUT32.dll
0x00007ff8b8870000 - 0x00007ff8b891d000 	C:\Windows\System32\SHCORE.dll
0x00007ff8b8a40000 - 0x00007ff8b8a9b000 	C:\Windows\System32\shlwapi.dll
0x00007ff8b6510000 - 0x00007ff8b6534000 	C:\Windows\SYSTEM32\profapi.dll
0x00007ff8a2d00000 - 0x00007ff8a2d18000 	c:\Users\KHAN\.vscode\extensions\redhat.java-1.53.0-win32-x64\jre\21.0.10-win32-x86_64\bin\zip.dll
0x00007ff8adc90000 - 0x00007ff8adca0000 	C:\Users\KHAN\.vscode\extensions\redhat.java-1.53.0-win32-x64\jre\21.0.10-win32-x86_64\bin\net.dll
0x00007ff8ae0f0000 - 0x00007ff8ae1fa000 	C:\Windows\SYSTEM32\WINHTTP.dll
0x00007ff8b5d70000 - 0x00007ff8b5dda000 	C:\Windows\system32\mswsock.dll
0x00007ff8a2d70000 - 0x00007ff8a2d86000 	C:\Users\KHAN\.vscode\extensions\redhat.java-1.53.0-win32-x64\jre\21.0.10-win32-x86_64\bin\nio.dll
0x00007ff8abfe0000 - 0x00007ff8abff0000 	c:\Users\KHAN\.vscode\extensions\redhat.java-1.53.0-win32-x64\jre\21.0.10-win32-x86_64\bin\verify.dll
0x00007ff89ab80000 - 0x00007ff89abc5000 	C:\Users\KHAN\AppData\Roaming\Code\User\globalStorage\redhat.java\1.53.0\config_win\org.eclipse.equinox.launcher\org.eclipse.equinox.launcher.win32.win32.x86_64_1.3.0.v20260203-2149\eclipse_11919.dll
0x00007ff8b8740000 - 0x00007ff8b886b000 	C:\Windows\System32\ole32.dll
0x00007ff8b5f70000 - 0x00007ff8b5f88000 	C:\Windows\SYSTEM32\CRYPTSP.dll
0x00007ff8b5620000 - 0x00007ff8b5658000 	C:\Windows\system32\rsaenh.dll
0x00007ff8b6490000 - 0x00007ff8b64be000 	C:\Windows\SYSTEM32\USERENV.dll
0x00007ff8b5f60000 - 0x00007ff8b5f6c000 	C:\Windows\SYSTEM32\CRYPTBASE.dll
0x00007ff8b5a00000 - 0x00007ff8b5a3b000 	C:\Windows\SYSTEM32\IPHLPAPI.DLL
0x00007ff8b7740000 - 0x00007ff8b7748000 	C:\Windows\System32\NSI.dll
0x00007ff8943e0000 - 0x00007ff894429000 	C:\Users\KHAN\AppData\Local\Temp\jna-2305610\jna1532601625569657908.dll
0x00007ff8b7180000 - 0x00007ff8b7188000 	C:\Windows\System32\PSAPI.DLL
0x00007ff8ae610000 - 0x00007ff8ae627000 	C:\Windows\SYSTEM32\dhcpcsvc6.DLL
0x00007ff8afe10000 - 0x00007ff8afe2d000 	C:\Windows\SYSTEM32\dhcpcsvc.DLL
0x00007ff88ac00000 - 0x00007ff88ac27000 	C:\Users\KHAN\.gradle\native\1def1411415f61bf3af743bc5b6707747c0891f09f0c88961ee8f79bc544acac\windows-amd64\native-platform.dll
0x00007ff8a9880000 - 0x00007ff8a988a000 	C:\Users\KHAN\.vscode\extensions\redhat.java-1.53.0-win32-x64\jre\21.0.10-win32-x86_64\bin\management.dll
0x00007ff8a9800000 - 0x00007ff8a980c000 	C:\Users\KHAN\.vscode\extensions\redhat.java-1.53.0-win32-x64\jre\21.0.10-win32-x86_64\bin\management_ext.dll
0x00007ff8a6650000 - 0x00007ff8a6659000 	C:\Users\KHAN\.vscode\extensions\redhat.java-1.53.0-win32-x64\jre\21.0.10-win32-x86_64\bin\extnet.dll
0x00007ff8a9710000 - 0x00007ff8a971e000 	C:\Users\KHAN\.vscode\extensions\redhat.java-1.53.0-win32-x64\jre\21.0.10-win32-x86_64\bin\sunmscapi.dll
0x00007ff8b6e10000 - 0x00007ff8b6f6d000 	C:\Windows\System32\CRYPT32.dll
0x00007ff8b6080000 - 0x00007ff8b60a7000 	C:\Windows\SYSTEM32\ncrypt.dll
0x00007ff8b6040000 - 0x00007ff8b607b000 	C:\Windows\SYSTEM32\NTASN1.dll
0x00007ff8afb40000 - 0x00007ff8afb47000 	C:\Windows\system32\wshunix.dll

JVMTI agents:
c:\Users\KHAN\.vscode\extensions\redhat.java-1.53.0-win32-x64\lombok\lombok-1.18.39-4050.jar path:c:\Users\KHAN\.vscode\extensions\redhat.java-1.53.0-win32-x64\jre\21.0.10-win32-x86_64\bin\instrument.dll, loaded, initialized, instrumentlib options:none

dbghelp: loaded successfully - version: 4.0.5 - missing functions: none
symbol engine: initialized successfully - sym options: 0x614 - pdb path: .;c:\Users\KHAN\.vscode\extensions\redhat.java-1.53.0-win32-x64\jre\21.0.10-win32-x86_64\bin;C:\Windows\SYSTEM32;C:\Windows\WinSxS\amd64_microsoft.windows.common-controls_6595b64144ccf1df_6.0.19041.6456_none_60b8a6cb71f64256;c:\Users\KHAN\.vscode\extensions\redhat.java-1.53.0-win32-x64\jre\21.0.10-win32-x86_64\bin\server;C:\Users\KHAN\AppData\Roaming\Code\User\globalStorage\redhat.java\1.53.0\config_win\org.eclipse.equinox.launcher\org.eclipse.equinox.launcher.win32.win32.x86_64_1.3.0.v20260203-2149;C:\Users\KHAN\AppData\Local\Temp\jna-2305610;C:\Users\KHAN\.gradle\native\1def1411415f61bf3af743bc5b6707747c0891f09f0c88961ee8f79bc544acac\windows-amd64

VM Arguments:
jvm_args: --add-modules=ALL-SYSTEM --add-opens=java.base/java.util=ALL-UNNAMED --add-opens=java.base/java.lang=ALL-UNNAMED --add-opens=java.base/sun.nio.fs=ALL-UNNAMED -Declipse.application=org.eclipse.jdt.ls.core.id1 -Dosgi.bundles.defaultStartLevel=4 -Declipse.product=org.eclipse.jdt.ls.core.product -Djava.import.generatesMetadataFilesAtProjectRoot=false -DDetectVMInstallationsJob.disabled=true -Dfile.encoding=utf8 -XX:+UseParallelGC -XX:GCTimeRatio=4 -XX:AdaptiveSizePolicyWeight=90 -Dsun.zip.disableMemoryMapping=true -Xmx2G -Xms100m -Xlog:disable -javaagent:c:\Users\KHAN\.vscode\extensions\redhat.java-1.53.0-win32-x64\lombok\lombok-1.18.39-4050.jar -XX:+HeapDumpOnOutOfMemoryError -XX:HeapDumpPath=c:\Users\KHAN\AppData\Roaming\Code\User\workspaceStorage\68ccc319445cd5e44a420bc5d8f9fddf\redhat.java -Daether.dependencyCollector.impl=bf 
java_command: c:\Users\KHAN\.vscode\extensions\redhat.java-1.53.0-win32-x64\server\plugins\org.eclipse.equinox.launcher_1.7.100.v20251111-0406.jar -configuration c:\Users\KHAN\AppData\Roaming\Code\User\globalStorage\redhat.java\1.53.0\config_win -data c:\Users\KHAN\AppData\Roaming\Code\User\workspaceStorage\68ccc319445cd5e44a420bc5d8f9fddf\redhat.java\jdt_ws --pipe=\\.\pipe\lsp-1b7005e0d08b6b47ddbb12da0855c99e-sock
java_class_path (initial): c:\Users\KHAN\.vscode\extensions\redhat.java-1.53.0-win32-x64\server\plugins\org.eclipse.equinox.launcher_1.7.100.v20251111-0406.jar
Launcher Type: SUN_STANDARD

[Global flags]
    uintx AdaptiveSizePolicyWeight                 = 90                                        {product} {command line}
     intx CICompilerCount                          = 3                                         {product} {ergonomic}
    uintx GCTimeRatio                              = 4                                         {product} {command line}
     bool HeapDumpOnOutOfMemoryError               = true                                   {manageable} {command line}
    ccstr HeapDumpPath                             = c:\Users\KHAN\AppData\Roaming\Code\User\workspaceStorage\68ccc319445cd5e44a420bc5d8f9fddf\redhat.java         {manageable} {command line}
   size_t InitialHeapSize                          = 104857600                                 {product} {command line}
   size_t MaxHeapSize                              = 2147483648                                {product} {command line}
   size_t MaxNewSize                               = 715653120                                 {product} {ergonomic}
   size_t MinHeapDeltaBytes                        = 524288                                    {product} {ergonomic}
   size_t MinHeapSize                              = 104857600                                 {product} {command line}
   size_t NewSize                                  = 34603008                                  {product} {ergonomic}
    uintx NonNMethodCodeHeapSize                   = 5832780                                {pd product} {ergonomic}
    uintx NonProfiledCodeHeapSize                  = 122912730                              {pd product} {ergonomic}
   size_t OldSize                                  = 70254592                                  {product} {ergonomic}
    uintx ProfiledCodeHeapSize                     = 122912730                              {pd product} {ergonomic}
    uintx ReservedCodeCacheSize                    = 251658240                              {pd product} {ergonomic}
     bool SegmentedCodeCache                       = true                                      {product} {ergonomic}
   size_t SoftMaxHeapSize                          = 2147483648                             {manageable} {ergonomic}
     bool UseCompressedOops                        = true                           {product lp64_product} {ergonomic}
     bool UseLargePagesIndividualAllocation        = false                                  {pd product} {ergonomic}
     bool UseParallelGC                            = true                                      {product} {command line}

Logging:
Log output configuration:
 #0: stdout all=off uptime,level,tags foldmultilines=false
 #1: stderr all=off uptime,level,tags foldmultilines=false

Release file:
JAVA_VERSION="21.0.10" 
MODULES="java.base java.compiler java.datatransfer java.xml java.prefs java.desktop java.instrument java.logging java.management java.security.sasl java.naming java.rmi java.management.rmi java.net.http java.scripting java.security.jgss java.transaction.xa java.sql java.sql.rowset java.xml.crypto java.se java.smartcardio jdk.accessibility jdk.internal.jvmstat jdk.attach jdk.charsets jdk.internal.opt jdk.zipfs jdk.compiler jdk.crypto.ec jdk.crypto.cryptoki jdk.crypto.mscapi jdk.dynalink jdk.internal.ed jdk.editpad jdk.hotspot.agent jdk.httpserver jdk.internal.le jdk.internal.vm.ci jdk.internal.vm.compiler jdk.internal.vm.compiler.management jdk.jartool jdk.javadoc jdk.jcmd jdk.management jdk.management.agent jdk.jconsole jdk.jdeps jdk.jdwp.agent jdk.jdi jdk.jfr jdk.jshell jdk.jsobject jdk.jstatd jdk.localedata jdk.management.jfr jdk.naming.dns jdk.naming.rmi jdk.net jdk.nio.mapmode jdk.random jdk.sctp jdk.security.auth jdk.security.jgss jdk.unsupported jdk.unsupported.desktop jdk.xml.dom" 

Environment Variables:
JAVA_HOME=C:\Program Files\Microsoft\jdk-17.0.10.7-hotspot\
PATH=C:\Python312\Scripts\;C:\Python312\;C:\Program Files\Microsoft\jdk-17.0.10.7-hotspot\bin;C:\Windows\system32;C:\Windows;C:\Windows\System32\Wbem;C:\Windows\System32\WindowsPowerShell\v1.0\;C:\Windows\System32\OpenSSH\;C:\ProgramData\chocolatey\bin;C:\Program Files\Git\cmd;C:\Users\KHAN\AppData\Local\Android\Sdk\platform-tools;C:\Users\KHAN\AppData\Local\Android\Sdk\tools;C:\Program Files\nodejs\;C:\Program Files (x86)\Microsoft SQL Server\160\Tools\Binn\;C:\Program Files\Microsoft SQL Server\160\Tools\Binn\;C:\Program Files\Microsoft SQL Server\Client SDK\ODBC\170\Tools\Binn\;C:\Program Files\Microsoft SQL Server\160\DTS\Binn\;C:\Program Files\MongoDB\Server\8.2\bin;C:\tools\php85;C:\ProgramData\ComposerSetup\bin;C:\Users\KHAN\AppData\Local\Microsoft\WindowsApps;C:\Users\KHAN\AppData\Local\Programs\Microsoft VS Code\bin;C:\Users\KHAN\AppData\Local\Android\Sdk\platform-tools;C:\Users\KHAN\AppData\Local\Android\Sdk\platform-tools;C:\Users\KHAN\AppData\Roaming\npm;C:\Program Files\mongosh\;C:\Users\KHAN\AppData\Local\Programs\Antigravity\bin;C:\Users\KHAN\AppData\Roaming\Composer\vendor\bin
USERNAME=KHAN
OS=Windows_NT
PROCESSOR_IDENTIFIER=Intel64 Family 6 Model 58 Stepping 9, GenuineIntel
TMP=C:\Users\KHAN\AppData\Local\Temp
TEMP=C:\Users\KHAN\AppData\Local\Temp




Periodic native trim disabled

---------------  S Y S T E M  ---------------

OS:
 Windows 10 , 64 bit Build 19041 (10.0.19041.5915)
OS uptime: 16 days 0:37 hours

CPU: total 4 (initial active 4) (2 cores per cpu, 2 threads per core) family 6 model 58 stepping 9 microcode 0x21, cx8, cmov, fxsr, ht, mmx, sse, sse2, sse3, ssse3, sse4.1, sse4.2, popcnt, tsc, tscinvbit, avx, aes, erms, clmul, vzeroupper, clflush, rdtscp, f16c
Processor Information for the first 4 processors :
  Max Mhz: 2601, Current Mhz: 2601, Mhz Limit: 2601

Memory: 4k page, system-wide physical 8095M (336M free)
TotalPageFile size 23286M (AvailPageFile size 5M)
current process WorkingSet (physical memory assigned to process): 311M, peak: 313M
current process commit charge ("private bytes"): 377M, peak: 1671M

vm_info: OpenJDK 64-Bit Server VM (21.0.10+7-LTS) for windows-amd64 JRE (21.0.10+7-LTS), built on 2026-01-20T00:00:00Z by "admin" with MS VC++ 17.12 (VS2022)

END.
