#
# There is insufficient memory for the Java Runtime Environment to continue.
# Native memory allocation (mmap) failed to map 11534336 bytes. Error detail: G1 virtual space
# Possible reasons:
#   The system is out of physical RAM or swap space
#   This process is running with CompressedOops enabled, and the Java Heap may be blocking the growth of the native heap
# Possible solutions:
#   Reduce memory load on the system
#   Increase physical memory or swap space
#   Check if swap backing store is full
#   Decrease Java heap size (-Xmx/-Xms)
#   Decrease number of Java threads
#   Decrease Java thread stack sizes (-Xss)
#   Set larger code cache with -XX:ReservedCodeCacheSize=
#   JVM is running with Unscaled Compressed Oops mode in which the Java heap is
#     placed in the first 4GB address space. The Java Heap base address is the
#     maximum limit for the native heap growth. Please use -XX:HeapBaseMinAddress
#     to set the Java Heap base and to place the Java Heap above 4GB virtual address.
# This output file may be truncated or incomplete.
#
#  Out of Memory Error (os_windows.cpp:3714), pid=11828, tid=14652
#
# JRE version: OpenJDK Runtime Environment Temurin-21.0.10+7 (21.0.10+7) (build 21.0.10+7-LTS)
# Java VM: OpenJDK 64-Bit Server VM Temurin-21.0.10+7 (21.0.10+7-LTS, mixed mode, sharing, tiered, compressed oops, compressed class ptrs, g1 gc, windows-amd64)
# No core dump will be written. Minidumps are not enabled by default on client versions of Windows
#

---------------  S U M M A R Y ------------

Command Line: --add-opens=java.base/java.lang=ALL-UNNAMED --add-opens=java.base/java.lang.invoke=ALL-UNNAMED --add-opens=java.base/java.util=ALL-UNNAMED --add-opens=java.prefs/java.util.prefs=ALL-UNNAMED --add-exports=jdk.compiler/com.sun.tools.javac.api=ALL-UNNAMED --add-exports=jdk.compiler/com.sun.tools.javac.util=ALL-UNNAMED --add-opens=java.base/java.util=ALL-UNNAMED --add-opens=java.prefs/java.util.prefs=ALL-UNNAMED --add-opens=java.base/java.nio.charset=ALL-UNNAMED --add-opens=java.base/java.net=ALL-UNNAMED --add-opens=java.base/java.util.concurrent.atomic=ALL-UNNAMED --add-opens=java.xml/javax.xml.namespace=ALL-UNNAMED -XX:MaxMetaspaceSize=256m -XX:+UseG1GC -Xmx1536m -Dfile.encoding=UTF-8 -Duser.country=US -Duser.language=en -Duser.variant -javaagent:C:\Users\KHAN\.gradle\wrapper\dists\gradle-8.14.1-bin\baw1sv0jfoi8rxs14qo3h49cs\gradle-8.14.1\lib\agents\gradle-instrumentation-agent-8.14.1.jar org.gradle.launcher.daemon.bootstrap.GradleDaemon 8.14.1

Host: Intel(R) Core(TM) i5-3320M CPU @ 2.60GHz, 4 cores, 7G,  Windows 10 , 64 bit Build 19041 (10.0.19041.5915)
Time: Mon Apr 20 09:39:34 2026 Pakistan Standard Time elapsed time: 33.432043 seconds (0d 0h 0m 33s)

---------------  T H R E A D  ---------------

Current thread (0x00000217ffe91bb0):  VMThread "VM Thread"          [id=14652, stack(0x0000004a62000000,0x0000004a62100000) (1024K)]

Stack: [0x0000004a62000000,0x0000004a62100000]
Native frames: (J=compiled Java code, j=interpreted, Vv=VM code, C=native code)
V  [jvm.dll+0x6d7a39]
V  [jvm.dll+0x8b4b26]
V  [jvm.dll+0x8b70de]
V  [jvm.dll+0x8b77c3]
V  [jvm.dll+0x284346]
V  [jvm.dll+0x6d4355]
V  [jvm.dll+0x6c808a]
V  [jvm.dll+0x35edb8]
V  [jvm.dll+0x3669f6]
V  [jvm.dll+0x3b7afe]
V  [jvm.dll+0x3b7da8]
V  [jvm.dll+0x332fbc]
V  [jvm.dll+0x3357d6]
V  [jvm.dll+0x33f7cd]
V  [jvm.dll+0x374e8f]
V  [jvm.dll+0x8bd4b0]
V  [jvm.dll+0x8be824]
V  [jvm.dll+0x8bed50]
V  [jvm.dll+0x8beff3]
V  [jvm.dll+0x85f59d]
V  [jvm.dll+0x6d626d]
C  [ucrtbase.dll+0x21bb2]
C  [KERNEL32.DLL+0x17374]
C  [ntdll.dll+0x4cc91]

VM_Operation (0x0000004a61bff490): G1PauseRemark, mode: safepoint, requested by thread 0x00000217fc248060


---------------  P R O C E S S  ---------------

Threads class SMR info:
_java_thread_list=0x00000217a7eb39f0, length=44, elements={
0x00000217fc1f4ad0, 0x00000217ffeb3340, 0x00000217ffeb4150, 0x00000217ffeb6d70,
0x00000217ffeb77d0, 0x00000217ffeb8230, 0x00000217ffeb8c90, 0x00000217ffeb9a20,
0x00000217ffebbef0, 0x00000217929b0050, 0x0000021792a57ad0, 0x00000217a5cf46e0,
0x00000217a65fafb0, 0x00000217a67b3770, 0x00000217a661c0f0, 0x00000217a661cb30,
0x00000217a65b4a80, 0x00000217a6735630, 0x00000217a68d6620, 0x00000217a68d4550,
0x00000217a68d6cb0, 0x00000217a68d7340, 0x00000217a68d79d0, 0x00000217a68d4be0,
0x00000217a68d5900, 0x00000217a68d5f90, 0x00000217a8ce4970, 0x00000217a8ce9ec0,
0x00000217a8ce8480, 0x00000217a8ce42e0, 0x00000217a8ce9830, 0x00000217a8ceb900,
0x00000217a8ce8b10, 0x00000217a8ce5690, 0x00000217a8ce5d20, 0x00000217a8ce91a0,
0x00000217a8ce6a40, 0x00000217a8ce70d0, 0x00000217a8ce7760, 0x00000217a8da0960,
0x00000217a8d9baa0, 0x00000217a8da0ff0, 0x00000217a8d9db70, 0x00000217a8d9ad80
}

Java Threads: ( => current thread )
  0x00000217fc1f4ad0 JavaThread "main"                              [_thread_blocked, id=9496, stack(0x0000004a61800000,0x0000004a61900000) (1024K)]
  0x00000217ffeb3340 JavaThread "Reference Handler"          daemon [_thread_blocked, id=17856, stack(0x0000004a62100000,0x0000004a62200000) (1024K)]
  0x00000217ffeb4150 JavaThread "Finalizer"                  daemon [_thread_blocked, id=5636, stack(0x0000004a62200000,0x0000004a62300000) (1024K)]
  0x00000217ffeb6d70 JavaThread "Signal Dispatcher"          daemon [_thread_blocked, id=9168, stack(0x0000004a62300000,0x0000004a62400000) (1024K)]
  0x00000217ffeb77d0 JavaThread "Attach Listener"            daemon [_thread_blocked, id=15572, stack(0x0000004a62400000,0x0000004a62500000) (1024K)]
  0x00000217ffeb8230 JavaThread "Service Thread"             daemon [_thread_blocked, id=15532, stack(0x0000004a62500000,0x0000004a62600000) (1024K)]
  0x00000217ffeb8c90 JavaThread "Monitor Deflation Thread"   daemon [_thread_blocked, id=18300, stack(0x0000004a62600000,0x0000004a62700000) (1024K)]
  0x00000217ffeb9a20 JavaThread "C2 CompilerThread0"         daemon [_thread_blocked, id=16632, stack(0x0000004a62700000,0x0000004a62800000) (1024K)]
  0x00000217ffebbef0 JavaThread "C1 CompilerThread0"         daemon [_thread_blocked, id=10232, stack(0x0000004a62800000,0x0000004a62900000) (1024K)]
  0x00000217929b0050 JavaThread "Common-Cleaner"             daemon [_thread_blocked, id=16228, stack(0x0000004a62900000,0x0000004a62a00000) (1024K)]
  0x0000021792a57ad0 JavaThread "Notification Thread"        daemon [_thread_blocked, id=14064, stack(0x0000004a62a00000,0x0000004a62b00000) (1024K)]
  0x00000217a5cf46e0 JavaThread "Daemon health stats"               [_thread_blocked, id=5496, stack(0x0000004a62f00000,0x0000004a63000000) (1024K)]
  0x00000217a65fafb0 JavaThread "Incoming local TCP Connector on port 63152"        [_thread_in_native, id=3360, stack(0x0000004a63000000,0x0000004a63100000) (1024K)]
  0x00000217a67b3770 JavaThread "Daemon periodic checks"            [_thread_blocked, id=7248, stack(0x0000004a63100000,0x0000004a63200000) (1024K)]
  0x00000217a661c0f0 JavaThread "Daemon"                            [_thread_blocked, id=6296, stack(0x0000004a63200000,0x0000004a63300000) (1024K)]
  0x00000217a661cb30 JavaThread "Handler for socket connection from /127.0.0.1:63152 to /127.0.0.1:63153"        [_thread_in_native, id=7644, stack(0x0000004a63300000,0x0000004a63400000) (1024K)]
  0x00000217a65b4a80 JavaThread "Cancel handler"                    [_thread_blocked, id=9224, stack(0x0000004a63400000,0x0000004a63500000) (1024K)]
  0x00000217a6735630 JavaThread "Daemon worker"                     [_thread_blocked, id=13216, stack(0x0000004a63500000,0x0000004a63600000) (1024K)]
  0x00000217a68d6620 JavaThread "Asynchronous log dispatcher for DefaultDaemonConnection: socket connection from /127.0.0.1:63152 to /127.0.0.1:63153"        [_thread_blocked, id=11004, stack(0x0000004a63600000,0x0000004a63700000) (1024K)]
  0x00000217a68d4550 JavaThread "Stdin handler"                     [_thread_blocked, id=3492, stack(0x0000004a63700000,0x0000004a63800000) (1024K)]
  0x00000217a68d6cb0 JavaThread "Daemon client event forwarder"        [_thread_blocked, id=9060, stack(0x0000004a63800000,0x0000004a63900000) (1024K)]
  0x00000217a68d7340 JavaThread "Cache worker for journal cache (C:\Users\KHAN\.gradle\caches\journal-1)"        [_thread_blocked, id=11176, stack(0x0000004a62e00000,0x0000004a62f00000) (1024K)]
  0x00000217a68d79d0 JavaThread "File lock request listener"        [_thread_in_native, id=14000, stack(0x0000004a63900000,0x0000004a63a00000) (1024K)]
  0x00000217a68d4be0 JavaThread "Cache worker for file hash cache (C:\Users\KHAN\.gradle\caches\8.14.1\fileHashes)"        [_thread_blocked, id=18724, stack(0x0000004a63a00000,0x0000004a63b00000) (1024K)]
  0x00000217a68d5900 JavaThread "Cache worker for file hash cache (C:\Users\KHAN\Shoppe\android\.gradle\8.14.1\fileHashes)"        [_thread_blocked, id=9396, stack(0x0000004a63c00000,0x0000004a63d00000) (1024K)]
  0x00000217a68d5f90 JavaThread "Cache worker for Build Output Cleanup Cache (C:\Users\KHAN\Shoppe\android\.gradle\buildOutputCleanup)"        [_thread_blocked, id=4300, stack(0x0000004a63d00000,0x0000004a63e00000) (1024K)]
  0x00000217a8ce4970 JavaThread "File watcher server"        daemon [_thread_in_native, id=15828, stack(0x0000004a63e00000,0x0000004a63f00000) (1024K)]
  0x00000217a8ce9ec0 JavaThread "File watcher consumer"      daemon [_thread_blocked, id=13444, stack(0x0000004a63f00000,0x0000004a64000000) (1024K)]
  0x00000217a8ce8480 JavaThread "jar transforms"                    [_thread_blocked, id=12580, stack(0x0000004a63b00000,0x0000004a63c00000) (1024K)]
  0x00000217a8ce42e0 JavaThread "jar transforms Thread 2"           [_thread_blocked, id=5044, stack(0x0000004a64000000,0x0000004a64100000) (1024K)]
  0x00000217a8ce9830 JavaThread "Cache worker for checksums cache (C:\Users\KHAN\Shoppe\android\.gradle\8.14.1\checksums)"        [_thread_blocked, id=2068, stack(0x0000004a64100000,0x0000004a64200000) (1024K)]
  0x00000217a8ceb900 JavaThread "Cache worker for file content cache (C:\Users\KHAN\.gradle\caches\8.14.1\fileContent)"        [_thread_blocked, id=3928, stack(0x0000004a64200000,0x0000004a64300000) (1024K)]
  0x00000217a8ce8b10 JavaThread "jar transforms Thread 3"           [_thread_blocked, id=16076, stack(0x0000004a64300000,0x0000004a64400000) (1024K)]
  0x00000217a8ce5690 JavaThread "Cache worker for cache directory md-supplier (C:\Users\KHAN\.gradle\caches\8.14.1\md-supplier)"        [_thread_blocked, id=18548, stack(0x0000004a64400000,0x0000004a64500000) (1024K)]
  0x00000217a8ce5d20 JavaThread "Cache worker for cache directory md-rule (C:\Users\KHAN\.gradle\caches\8.14.1\md-rule)"        [_thread_blocked, id=16940, stack(0x0000004a64500000,0x0000004a64600000) (1024K)]
  0x00000217a8ce91a0 JavaThread "Cache worker for Build Output Cleanup Cache (C:\Users\KHAN\Shoppe\node_modules\@react-native\gradle-plugin\.gradle\buildOutputCleanup)"        [_thread_blocked, id=7308, stack(0x0000004a64600000,0x0000004a64700000) (1024K)]
  0x00000217a8ce6a40 JavaThread "Unconstrained build operations"        [_thread_blocked, id=13608, stack(0x0000004a64700000,0x0000004a64800000) (1024K)]
  0x00000217a8ce70d0 JavaThread "Unconstrained build operations Thread 2"        [_thread_blocked, id=3292, stack(0x0000004a64800000,0x0000004a64900000) (1024K)]
  0x00000217a8ce7760 JavaThread "Unconstrained build operations Thread 3"        [_thread_blocked, id=8248, stack(0x0000004a64900000,0x0000004a64a00000) (1024K)]
  0x00000217a8da0960 JavaThread "Unconstrained build operations Thread 4"        [_thread_blocked, id=6628, stack(0x0000004a64a00000,0x0000004a64b00000) (1024K)]
  0x00000217a8d9baa0 JavaThread "Unconstrained build operations Thread 5"        [_thread_blocked, id=9580, stack(0x0000004a64b00000,0x0000004a64c00000) (1024K)]
  0x00000217a8da0ff0 JavaThread "Unconstrained build operations Thread 6"        [_thread_blocked, id=12080, stack(0x0000004a64c00000,0x0000004a64d00000) (1024K)]
  0x00000217a8d9db70 JavaThread "build event listener"              [_thread_blocked, id=5520, stack(0x0000004a64d00000,0x0000004a64e00000) (1024K)]
  0x00000217a8d9ad80 JavaThread "Memory manager"                    [_thread_blocked, id=1104, stack(0x0000004a64e00000,0x0000004a64f00000) (1024K)]
Total: 44

Other Threads:
=>0x00000217ffe91bb0 VMThread "VM Thread"                           [id=14652, stack(0x0000004a62000000,0x0000004a62100000) (1024K)]
  0x00000217ffe7eee0 WatcherThread "VM Periodic Task Thread"        [id=2396, stack(0x0000004a61f00000,0x0000004a62000000) (1024K)]
  0x00000217fc23b2c0 WorkerThread "GC Thread#0"                     [id=7476, stack(0x0000004a61a00000,0x0000004a61b00000) (1024K)]
  0x0000021792b5aa20 WorkerThread "GC Thread#1"                     [id=9092, stack(0x0000004a62b00000,0x0000004a62c00000) (1024K)]
  0x00000217a512e6f0 WorkerThread "GC Thread#2"                     [id=7648, stack(0x0000004a62c00000,0x0000004a62d00000) (1024K)]
  0x00000217a58d7ea0 WorkerThread "GC Thread#3"                     [id=12016, stack(0x0000004a62d00000,0x0000004a62e00000) (1024K)]
  0x00000217fc248060 ConcurrentGCThread "G1 Main Marker"            [id=11676, stack(0x0000004a61b00000,0x0000004a61c00000) (1024K)]
  0x00000217fc248920 WorkerThread "G1 Conc#0"                       [id=10204, stack(0x0000004a61c00000,0x0000004a61d00000) (1024K)]
  0x00000217fc2be4e0 ConcurrentGCThread "G1 Refine#0"               [id=3524, stack(0x0000004a61d00000,0x0000004a61e00000) (1024K)]
  0x00000217ffd440b0 ConcurrentGCThread "G1 Service"                [id=15364, stack(0x0000004a61e00000,0x0000004a61f00000) (1024K)]
Total: 10

Threads with active compile tasks:
C2 CompilerThread0  33471 10190       4       org.objectweb.asm.MethodWriter::<init> (232 bytes)
Total: 1

VM state: at safepoint (normal execution)

VM Mutex/Monitor currently owned by a thread:  ([mutex/lock_event])
[0x00007ffe77bee560] Threads_lock - owner thread: 0x00000217ffe91bb0
[0x00007ffe77bee660] Heap_lock - owner thread: 0x00000217fc248060

Heap address: 0x00000000a0000000, size: 1536 MB, Compressed Oops mode: 32-bit

CDS archive(s) mapped at: [0x0000021793000000-0x0000021793ba0000-0x0000021793ba0000), size 12189696, SharedBaseAddress: 0x0000021793000000, ArchiveRelocationMode: 1.
Compressed class space mapped at: 0x0000021794000000-0x00000217a1000000, reserved size: 218103808
Narrow klass base: 0x0000021793000000, Narrow klass shift: 0, Narrow klass range: 0x100000000

GC Precious Log:
 CardTable entry size: 512
 Card Set container configuration: InlinePtr #cards 5 size 8 Array Of Cards #cards 12 size 40 Howl #buckets 4 coarsen threshold 1843 Howl Bitmap #cards 512 size 80 coarsen threshold 460 Card regions per heap region 1 cards per card region 2048
 CPUs: 4 total, 4 available
 Memory: 8095M
 Large Page Support: Disabled
 NUMA Support: Disabled
 Compressed Oops: Enabled (32-bit)
 Heap Region Size: 1M
 Heap Min Capacity: 8M
 Heap Initial Capacity: 128M
 Heap Max Capacity: 1536M
 Pre-touch: Disabled
 Parallel Workers: 4
 Concurrent Workers: 1
 Concurrent Refinement Workers: 4
 Periodic GC: Disabled

Heap:
 garbage-first heap   total 124928K, used 89064K [0x00000000a0000000, 0x0000000100000000)
  region size 1024K, 13 young (13312K), 5 survivors (5120K)
 Metaspace       used 79616K, committed 81792K, reserved 344064K
  class space    used 11475K, committed 12544K, reserved 212992K

Heap Regions: E=young(eden), S=young(survivor), O=old, HS=humongous(starts), HC=humongous(continues), CS=collection set, F=free, TAMS=top-at-mark-start, PB=parsable bottom
|   0|0x00000000a0000000, 0x00000000a0100000, 0x00000000a0100000|100%|HS|  |TAMS 0x00000000a0100000| PB 0x00000000a0000000| Complete 
|   1|0x00000000a0100000, 0x00000000a0200000, 0x00000000a0200000|100%|HC|  |TAMS 0x00000000a0200000| PB 0x00000000a0100000| Complete 
|   2|0x00000000a0200000, 0x00000000a0300000, 0x00000000a0300000|100%|HC|  |TAMS 0x00000000a0300000| PB 0x00000000a0200000| Complete 
|   3|0x00000000a0300000, 0x00000000a0400000, 0x00000000a0400000|100%| O|  |TAMS 0x00000000a0400000| PB 0x00000000a0400000| Untracked 
|   4|0x00000000a0400000, 0x00000000a0500000, 0x00000000a0500000|100%| O|  |TAMS 0x00000000a0500000| PB 0x00000000a0500000| Untracked 
|   5|0x00000000a0500000, 0x00000000a0600000, 0x00000000a0600000|100%| O|  |TAMS 0x00000000a0600000| PB 0x00000000a0600000| Untracked 
|   6|0x00000000a0600000, 0x00000000a0700000, 0x00000000a0700000|100%|HS|  |TAMS 0x00000000a0700000| PB 0x00000000a0600000| Complete 
|   7|0x00000000a0700000, 0x00000000a0800000, 0x00000000a0800000|100%| O|  |TAMS 0x00000000a0800000| PB 0x00000000a0800000| Untracked 
|   8|0x00000000a0800000, 0x00000000a0900000, 0x00000000a0900000|100%| O|  |TAMS 0x00000000a0900000| PB 0x00000000a0900000| Untracked 
|   9|0x00000000a0900000, 0x00000000a0a00000, 0x00000000a0a00000|100%| O|  |TAMS 0x00000000a0a00000| PB 0x00000000a0a00000| Untracked 
|  10|0x00000000a0a00000, 0x00000000a0b00000, 0x00000000a0b00000|100%| O|  |TAMS 0x00000000a0b00000| PB 0x00000000a0b00000| Untracked 
|  11|0x00000000a0b00000, 0x00000000a0c00000, 0x00000000a0c00000|100%| O|  |TAMS 0x00000000a0c00000| PB 0x00000000a0c00000| Updating 
|  12|0x00000000a0c00000, 0x00000000a0d00000, 0x00000000a0d00000|100%| O|  |TAMS 0x00000000a0d00000| PB 0x00000000a0d00000| Untracked 
|  13|0x00000000a0d00000, 0x00000000a0e00000, 0x00000000a0e00000|100%| O|  |TAMS 0x00000000a0e00000| PB 0x00000000a0e00000| Untracked 
|  14|0x00000000a0e00000, 0x00000000a0f00000, 0x00000000a0f00000|100%| O|  |TAMS 0x00000000a0f00000| PB 0x00000000a0f00000| Untracked 
|  15|0x00000000a0f00000, 0x00000000a1000000, 0x00000000a1000000|100%| O|  |TAMS 0x00000000a1000000| PB 0x00000000a1000000| Untracked 
|  16|0x00000000a1000000, 0x00000000a1100000, 0x00000000a1100000|100%| O|  |TAMS 0x00000000a1100000| PB 0x00000000a1100000| Untracked 
|  17|0x00000000a1100000, 0x00000000a1200000, 0x00000000a1200000|100%| O|  |TAMS 0x00000000a1200000| PB 0x00000000a1200000| Untracked 
|  18|0x00000000a1200000, 0x00000000a1300000, 0x00000000a1300000|100%| O|  |TAMS 0x00000000a1300000| PB 0x00000000a1300000| Untracked 
|  19|0x00000000a1300000, 0x00000000a1400000, 0x00000000a1400000|100%| O|  |TAMS 0x00000000a1400000| PB 0x00000000a1400000| Untracked 
|  20|0x00000000a1400000, 0x00000000a1500000, 0x00000000a1500000|100%| O|  |TAMS 0x00000000a1500000| PB 0x00000000a1500000| Untracked 
|  21|0x00000000a1500000, 0x00000000a1600000, 0x00000000a1600000|100%| O|  |TAMS 0x00000000a1600000| PB 0x00000000a1600000| Untracked 
|  22|0x00000000a1600000, 0x00000000a1700000, 0x00000000a1700000|100%| O|  |TAMS 0x00000000a1700000| PB 0x00000000a1700000| Untracked 
|  23|0x00000000a1700000, 0x00000000a1800000, 0x00000000a1800000|100%| O|  |TAMS 0x00000000a1800000| PB 0x00000000a1800000| Updating 
|  24|0x00000000a1800000, 0x00000000a1900000, 0x00000000a1900000|100%| O|  |TAMS 0x00000000a1900000| PB 0x00000000a1900000| Untracked 
|  25|0x00000000a1900000, 0x00000000a1a00000, 0x00000000a1a00000|100%| O|  |TAMS 0x00000000a1a00000| PB 0x00000000a1a00000| Updating 
|  26|0x00000000a1a00000, 0x00000000a1b00000, 0x00000000a1b00000|100%| O|  |TAMS 0x00000000a1b00000| PB 0x00000000a1b00000| Updating 
|  27|0x00000000a1b00000, 0x00000000a1c00000, 0x00000000a1c00000|100%| O|  |TAMS 0x00000000a1c00000| PB 0x00000000a1c00000| Untracked 
|  28|0x00000000a1c00000, 0x00000000a1d00000, 0x00000000a1d00000|100%| O|  |TAMS 0x00000000a1d00000| PB 0x00000000a1d00000| Untracked 
|  29|0x00000000a1d00000, 0x00000000a1e00000, 0x00000000a1e00000|100%| O|  |TAMS 0x00000000a1e00000| PB 0x00000000a1e00000| Untracked 
|  30|0x00000000a1e00000, 0x00000000a1f00000, 0x00000000a1f00000|100%| O|  |TAMS 0x00000000a1f00000| PB 0x00000000a1f00000| Untracked 
|  31|0x00000000a1f00000, 0x00000000a2000000, 0x00000000a2000000|100%| O|  |TAMS 0x00000000a2000000| PB 0x00000000a2000000| Untracked 
|  32|0x00000000a2000000, 0x00000000a2100000, 0x00000000a2100000|100%| O|  |TAMS 0x00000000a2100000| PB 0x00000000a2100000| Updating 
|  33|0x00000000a2100000, 0x00000000a2200000, 0x00000000a2200000|100%| O|  |TAMS 0x00000000a2200000| PB 0x00000000a2200000| Untracked 
|  34|0x00000000a2200000, 0x00000000a2300000, 0x00000000a2300000|100%| O|  |TAMS 0x00000000a2300000| PB 0x00000000a2300000| Untracked 
|  35|0x00000000a2300000, 0x00000000a2400000, 0x00000000a2400000|100%| O|  |TAMS 0x00000000a2400000| PB 0x00000000a2400000| Untracked 
|  36|0x00000000a2400000, 0x00000000a2500000, 0x00000000a2500000|100%| O|  |TAMS 0x00000000a2400000| PB 0x00000000a2400000| Untracked 
|  37|0x00000000a2500000, 0x00000000a2600000, 0x00000000a2600000|100%| O|  |TAMS 0x00000000a2600000| PB 0x00000000a2600000| Untracked 
|  38|0x00000000a2600000, 0x00000000a2700000, 0x00000000a2700000|100%| O|  |TAMS 0x00000000a2700000| PB 0x00000000a2700000| Untracked 
|  39|0x00000000a2700000, 0x00000000a2800000, 0x00000000a2800000|100%| O|  |TAMS 0x00000000a2800000| PB 0x00000000a2800000| Untracked 
|  40|0x00000000a2800000, 0x00000000a2900000, 0x00000000a2900000|100%| O|  |TAMS 0x00000000a2900000| PB 0x00000000a2900000| Untracked 
|  41|0x00000000a2900000, 0x00000000a2a00000, 0x00000000a2a00000|100%| O|  |TAMS 0x00000000a2a00000| PB 0x00000000a2a00000| Untracked 
|  42|0x00000000a2a00000, 0x00000000a2b00000, 0x00000000a2b00000|100%| O|  |TAMS 0x00000000a2b00000| PB 0x00000000a2b00000| Updating 
|  43|0x00000000a2b00000, 0x00000000a2c00000, 0x00000000a2c00000|100%| O|  |TAMS 0x00000000a2b00000| PB 0x00000000a2b00000| Untracked 
|  44|0x00000000a2c00000, 0x00000000a2d00000, 0x00000000a2d00000|100%| O|  |TAMS 0x00000000a2d00000| PB 0x00000000a2d00000| Updating 
|  45|0x00000000a2d00000, 0x00000000a2e00000, 0x00000000a2e00000|100%| O|  |TAMS 0x00000000a2e00000| PB 0x00000000a2e00000| Updating 
|  46|0x00000000a2e00000, 0x00000000a2f00000, 0x00000000a2f00000|100%| O|  |TAMS 0x00000000a2f00000| PB 0x00000000a2f00000| Untracked 
|  47|0x00000000a2f00000, 0x00000000a3000000, 0x00000000a3000000|100%| O|  |TAMS 0x00000000a3000000| PB 0x00000000a3000000| Untracked 
|  48|0x00000000a3000000, 0x00000000a3100000, 0x00000000a3100000|100%| O|  |TAMS 0x00000000a3100000| PB 0x00000000a3100000| Untracked 
|  49|0x00000000a3100000, 0x00000000a3200000, 0x00000000a3200000|100%| O|  |TAMS 0x00000000a3200000| PB 0x00000000a3200000| Updating 
|  50|0x00000000a3200000, 0x00000000a3300000, 0x00000000a3300000|100%| O|  |TAMS 0x00000000a3300000| PB 0x00000000a3300000| Untracked 
|  51|0x00000000a3300000, 0x00000000a3400000, 0x00000000a3400000|100%| O|  |TAMS 0x00000000a3400000| PB 0x00000000a3400000| Updating 
|  52|0x00000000a3400000, 0x00000000a3500000, 0x00000000a3500000|100%| O|  |TAMS 0x00000000a3500000| PB 0x00000000a3500000| Updating 
|  53|0x00000000a3500000, 0x00000000a3600000, 0x00000000a3600000|100%| O|  |TAMS 0x00000000a3600000| PB 0x00000000a3600000| Updating 
|  54|0x00000000a3600000, 0x00000000a3700000, 0x00000000a3700000|100%| O|  |TAMS 0x00000000a3700000| PB 0x00000000a3700000| Updating 
|  55|0x00000000a3700000, 0x00000000a3800000, 0x00000000a3800000|100%| O|  |TAMS 0x00000000a3800000| PB 0x00000000a3800000| Updating 
|  56|0x00000000a3800000, 0x00000000a3900000, 0x00000000a3900000|100%|HS|  |TAMS 0x00000000a3900000| PB 0x00000000a3800000| Complete 
|  57|0x00000000a3900000, 0x00000000a3a00000, 0x00000000a3a00000|100%|HC|  |TAMS 0x00000000a3a00000| PB 0x00000000a3900000| Complete 
|  58|0x00000000a3a00000, 0x00000000a3b00000, 0x00000000a3b00000|100%|HC|  |TAMS 0x00000000a3b00000| PB 0x00000000a3a00000| Complete 
|  59|0x00000000a3b00000, 0x00000000a3c00000, 0x00000000a3c00000|100%| O|  |TAMS 0x00000000a3c00000| PB 0x00000000a3c00000| Untracked 
|  60|0x00000000a3c00000, 0x00000000a3d00000, 0x00000000a3d00000|100%| O|  |TAMS 0x00000000a3d00000| PB 0x00000000a3d00000| Untracked 
|  61|0x00000000a3d00000, 0x00000000a3e00000, 0x00000000a3e00000|100%|HS|  |TAMS 0x00000000a3e00000| PB 0x00000000a3d00000| Complete 
|  62|0x00000000a3e00000, 0x00000000a3f00000, 0x00000000a3f00000|100%|HC|  |TAMS 0x00000000a3f00000| PB 0x00000000a3e00000| Complete 
|  63|0x00000000a3f00000, 0x00000000a4000000, 0x00000000a4000000|100%|HC|  |TAMS 0x00000000a4000000| PB 0x00000000a3f00000| Complete 
|  64|0x00000000a4000000, 0x00000000a4100000, 0x00000000a4100000|100%| O|  |TAMS 0x00000000a4100000| PB 0x00000000a4100000| Untracked 
|  65|0x00000000a4100000, 0x00000000a4200000, 0x00000000a4200000|100%| O|  |TAMS 0x00000000a4200000| PB 0x00000000a4200000| Untracked 
|  66|0x00000000a4200000, 0x00000000a4300000, 0x00000000a4300000|100%| O|  |TAMS 0x00000000a4300000| PB 0x00000000a4300000| Updating 
|  67|0x00000000a4300000, 0x00000000a4400000, 0x00000000a4400000|100%| O|  |TAMS 0x00000000a4400000| PB 0x00000000a4400000| Untracked 
|  68|0x00000000a4400000, 0x00000000a4500000, 0x00000000a4500000|100%| O|  |TAMS 0x00000000a4500000| PB 0x00000000a4500000| Updating 
|  69|0x00000000a4500000, 0x00000000a4600000, 0x00000000a4600000|100%| O|  |TAMS 0x00000000a450f9f0| PB 0x00000000a450f9f0| Untracked 
|  70|0x00000000a4600000, 0x00000000a4600000, 0x00000000a4700000|  0%| F|  |TAMS 0x00000000a4600000| PB 0x00000000a4600000| Untracked 
|  71|0x00000000a4700000, 0x00000000a4700000, 0x00000000a4800000|  0%| F|  |TAMS 0x00000000a4700000| PB 0x00000000a4700000| Untracked 
|  72|0x00000000a4800000, 0x00000000a4800000, 0x00000000a4900000|  0%| F|  |TAMS 0x00000000a4800000| PB 0x00000000a4800000| Untracked 
|  73|0x00000000a4900000, 0x00000000a4900000, 0x00000000a4a00000|  0%| F|  |TAMS 0x00000000a4900000| PB 0x00000000a4900000| Untracked 
|  74|0x00000000a4a00000, 0x00000000a4a00000, 0x00000000a4b00000|  0%| F|  |TAMS 0x00000000a4a00000| PB 0x00000000a4a00000| Untracked 
|  75|0x00000000a4b00000, 0x00000000a4b00000, 0x00000000a4c00000|  0%| F|  |TAMS 0x00000000a4b00000| PB 0x00000000a4b00000| Untracked 
|  76|0x00000000a4c00000, 0x00000000a4d00000, 0x00000000a4d00000|100%| O|  |TAMS 0x00000000a4c00000| PB 0x00000000a4c00000| Untracked 
|  77|0x00000000a4d00000, 0x00000000a4d79540, 0x00000000a4e00000| 47%| O|  |TAMS 0x00000000a4d00000| PB 0x00000000a4d00000| Updating 
|  78|0x00000000a4e00000, 0x00000000a4e80d00, 0x00000000a4f00000| 50%| S|CS|TAMS 0x00000000a4e00000| PB 0x00000000a4e00000| Complete 
|  79|0x00000000a4f00000, 0x00000000a5000000, 0x00000000a5000000|100%| S|CS|TAMS 0x00000000a4f00000| PB 0x00000000a4f00000| Complete 
|  80|0x00000000a5000000, 0x00000000a5100000, 0x00000000a5100000|100%| S|CS|TAMS 0x00000000a5000000| PB 0x00000000a5000000| Complete 
|  81|0x00000000a5100000, 0x00000000a5200000, 0x00000000a5200000|100%| S|CS|TAMS 0x00000000a5100000| PB 0x00000000a5100000| Complete 
|  82|0x00000000a5200000, 0x00000000a5300000, 0x00000000a5300000|100%| S|CS|TAMS 0x00000000a5200000| PB 0x00000000a5200000| Complete 
|  83|0x00000000a5300000, 0x00000000a5300000, 0x00000000a5400000|  0%| F|  |TAMS 0x00000000a5300000| PB 0x00000000a5300000| Untracked 
|  84|0x00000000a5400000, 0x00000000a5400000, 0x00000000a5500000|  0%| F|  |TAMS 0x00000000a5400000| PB 0x00000000a5400000| Untracked 
|  85|0x00000000a5500000, 0x00000000a5500000, 0x00000000a5600000|  0%| F|  |TAMS 0x00000000a5500000| PB 0x00000000a5500000| Untracked 
|  86|0x00000000a5600000, 0x00000000a5600000, 0x00000000a5700000|  0%| F|  |TAMS 0x00000000a5600000| PB 0x00000000a5600000| Untracked 
|  87|0x00000000a5700000, 0x00000000a5700000, 0x00000000a5800000|  0%| F|  |TAMS 0x00000000a5700000| PB 0x00000000a5700000| Untracked 
|  88|0x00000000a5800000, 0x00000000a5800000, 0x00000000a5900000|  0%| F|  |TAMS 0x00000000a5800000| PB 0x00000000a5800000| Untracked 
|  89|0x00000000a5900000, 0x00000000a5900000, 0x00000000a5a00000|  0%| F|  |TAMS 0x00000000a5900000| PB 0x00000000a5900000| Untracked 
|  90|0x00000000a5a00000, 0x00000000a5a00000, 0x00000000a5b00000|  0%| F|  |TAMS 0x00000000a5a00000| PB 0x00000000a5a00000| Untracked 
|  91|0x00000000a5b00000, 0x00000000a5b00000, 0x00000000a5c00000|  0%| F|  |TAMS 0x00000000a5b00000| PB 0x00000000a5b00000| Untracked 
|  92|0x00000000a5c00000, 0x00000000a5c00000, 0x00000000a5d00000|  0%| F|  |TAMS 0x00000000a5c00000| PB 0x00000000a5c00000| Untracked 
|  93|0x00000000a5d00000, 0x00000000a5d00000, 0x00000000a5e00000|  0%| F|  |TAMS 0x00000000a5d00000| PB 0x00000000a5d00000| Untracked 
|  94|0x00000000a5e00000, 0x00000000a5e00000, 0x00000000a5f00000|  0%| F|  |TAMS 0x00000000a5e00000| PB 0x00000000a5e00000| Untracked 
|  95|0x00000000a5f00000, 0x00000000a5f00000, 0x00000000a6000000|  0%| F|  |TAMS 0x00000000a5f00000| PB 0x00000000a5f00000| Untracked 
|  96|0x00000000a6000000, 0x00000000a6000000, 0x00000000a6100000|  0%| F|  |TAMS 0x00000000a6000000| PB 0x00000000a6000000| Untracked 
|  97|0x00000000a6100000, 0x00000000a6100000, 0x00000000a6200000|  0%| F|  |TAMS 0x00000000a6100000| PB 0x00000000a6100000| Untracked 
|  98|0x00000000a6200000, 0x00000000a6200000, 0x00000000a6300000|  0%| F|  |TAMS 0x00000000a6200000| PB 0x00000000a6200000| Untracked 
|  99|0x00000000a6300000, 0x00000000a6300000, 0x00000000a6400000|  0%| F|  |TAMS 0x00000000a6300000| PB 0x00000000a6300000| Untracked 
| 100|0x00000000a6400000, 0x00000000a6400000, 0x00000000a6500000|  0%| F|  |TAMS 0x00000000a6400000| PB 0x00000000a6400000| Untracked 
| 101|0x00000000a6500000, 0x00000000a6500000, 0x00000000a6600000|  0%| F|  |TAMS 0x00000000a6500000| PB 0x00000000a6500000| Untracked 
| 102|0x00000000a6600000, 0x00000000a6600000, 0x00000000a6700000|  0%| F|  |TAMS 0x00000000a6600000| PB 0x00000000a6600000| Untracked 
| 103|0x00000000a6700000, 0x00000000a6700000, 0x00000000a6800000|  0%| F|  |TAMS 0x00000000a6700000| PB 0x00000000a6700000| Untracked 
| 104|0x00000000a6800000, 0x00000000a6800000, 0x00000000a6900000|  0%| F|  |TAMS 0x00000000a6800000| PB 0x00000000a6800000| Untracked 
| 105|0x00000000a6900000, 0x00000000a6900000, 0x00000000a6a00000|  0%| F|  |TAMS 0x00000000a6900000| PB 0x00000000a6900000| Untracked 
| 106|0x00000000a6a00000, 0x00000000a6a00000, 0x00000000a6b00000|  0%| F|  |TAMS 0x00000000a6a00000| PB 0x00000000a6a00000| Untracked 
| 107|0x00000000a6b00000, 0x00000000a6b00000, 0x00000000a6c00000|  0%| F|  |TAMS 0x00000000a6b00000| PB 0x00000000a6b00000| Untracked 
| 108|0x00000000a6c00000, 0x00000000a6c00000, 0x00000000a6d00000|  0%| F|  |TAMS 0x00000000a6c00000| PB 0x00000000a6c00000| Untracked 
| 109|0x00000000a6d00000, 0x00000000a6d00000, 0x00000000a6e00000|  0%| F|  |TAMS 0x00000000a6d00000| PB 0x00000000a6d00000| Untracked 
| 110|0x00000000a6e00000, 0x00000000a6e80000, 0x00000000a6f00000| 50%| E|  |TAMS 0x00000000a6e00000| PB 0x00000000a6e00000| Complete 
| 111|0x00000000a6f00000, 0x00000000a7000000, 0x00000000a7000000|100%| E|CS|TAMS 0x00000000a6f00000| PB 0x00000000a6f00000| Complete 
| 112|0x00000000a7000000, 0x00000000a7100000, 0x00000000a7100000|100%| E|CS|TAMS 0x00000000a7000000| PB 0x00000000a7000000| Complete 
| 113|0x00000000a7100000, 0x00000000a7200000, 0x00000000a7200000|100%| E|CS|TAMS 0x00000000a7100000| PB 0x00000000a7100000| Complete 
| 114|0x00000000a7200000, 0x00000000a7300000, 0x00000000a7300000|100%| E|CS|TAMS 0x00000000a7200000| PB 0x00000000a7200000| Complete 
| 126|0x00000000a7e00000, 0x00000000a7f00000, 0x00000000a7f00000|100%| E|CS|TAMS 0x00000000a7e00000| PB 0x00000000a7e00000| Complete 
| 127|0x00000000a7f00000, 0x00000000a8000000, 0x00000000a8000000|100%| E|CS|TAMS 0x00000000a7f00000| PB 0x00000000a7f00000| Complete 
|1531|0x00000000ffb00000, 0x00000000ffc00000, 0x00000000ffc00000|100%| O|  |TAMS 0x00000000ffc00000| PB 0x00000000ffc00000| Updating 
|1532|0x00000000ffc00000, 0x00000000ffd00000, 0x00000000ffd00000|100%| O|  |TAMS 0x00000000ffd00000| PB 0x00000000ffd00000| Untracked 
|1533|0x00000000ffd00000, 0x00000000ffe00000, 0x00000000ffe00000|100%| O|  |TAMS 0x00000000ffe00000| PB 0x00000000ffe00000| Updating 
|1534|0x00000000ffe00000, 0x00000000fff00000, 0x00000000fff00000|100%| O|  |TAMS 0x00000000fff00000| PB 0x00000000fff00000| Updating 
|1535|0x00000000fff00000, 0x0000000100000000, 0x0000000100000000|100%| E|CS|TAMS 0x00000000fff00000| PB 0x00000000fff00000| Complete 

Card table byte_map: [0x00000217ff700000,0x00000217ffa00000] _byte_map_base: 0x00000217ff200000

Marking Bits: (CMBitMap*) 0x00000217fc23b780
 Bits: [0x000002178f000000, 0x0000021790800000)

Polling page: 0x00000217fa1c0000

Metaspace:

Usage:
  Non-class:     66.54 MB used.
      Class:     11.21 MB used.
       Both:     77.75 MB used.

Virtual space:
  Non-class space:      128.00 MB reserved,      67.62 MB ( 53%) committed,  2 nodes.
      Class space:      208.00 MB reserved,      12.25 MB (  6%) committed,  1 nodes.
             Both:      336.00 MB reserved,      79.88 MB ( 24%) committed. 

Chunk freelists:
   Non-Class:  12.42 MB
       Class:  3.80 MB
        Both:  16.22 MB

MaxMetaspaceSize: 256.00 MB
CompressedClassSpaceSize: 208.00 MB
Initial GC threshold: 21.00 MB
Current GC threshold: 124.06 MB
CDS: on
 - commit_granule_bytes: 65536.
 - commit_granule_words: 8192.
 - virtual_space_node_default_size: 8388608.
 - enlarge_chunks_in_place: 1.
 - use_allocation_guard: 0.


Internal statistics:

num_allocs_failed_limit: 18.
num_arena_births: 3818.
num_arena_deaths: 2.
num_vsnodes_births: 3.
num_vsnodes_deaths: 0.
num_space_committed: 1278.
num_space_uncommitted: 0.
num_chunks_returned_to_freelist: 27.
num_chunks_taken_from_freelist: 7664.
num_chunk_merges: 19.
num_chunk_splits: 4948.
num_chunks_enlarged: 3046.
num_inconsistent_stats: 0.

CodeHeap 'non-profiled nmethods': size=120000Kb used=4632Kb max_used=4688Kb free=115367Kb
 bounds [0x0000021787ad0000, 0x0000021787f70000, 0x000002178f000000]
CodeHeap 'profiled nmethods': size=120000Kb used=16597Kb max_used=17006Kb free=103402Kb
 bounds [0x0000021780000000, 0x00000217810a0000, 0x0000021787530000]
CodeHeap 'non-nmethods': size=5760Kb used=2688Kb max_used=2726Kb free=3071Kb
 bounds [0x0000021787530000, 0x00000217877f0000, 0x0000021787ad0000]
CodeCache: size=245760Kb, used=23917Kb, max_used=24420Kb, free=221840Kb
 total_blobs=9802, nmethods=8855, adapters=850, full_count=0
Compilation: enabled, stopped_count=0, restarted_count=0

Compilation events (20 events):
Event: 33.349 Thread 0x00000217ffebbef0 10426       3       com.google.common.collect.ImmutableMap::values (23 bytes)
Event: 33.349 Thread 0x00000217ffebbef0 nmethod 10426 0x0000021781099b10 code [0x0000021781099cc0, 0x0000021781099f60]
Event: 33.351 Thread 0x00000217ffebbef0 10427       3       org.gradle.api.internal.tasks.properties.DefaultPropertyTypeResolver::resolveAnnotationType (74 bytes)
Event: 33.352 Thread 0x00000217ffebbef0 nmethod 10427 0x000002178109a010 code [0x000002178109a240, 0x000002178109ac38]
Event: 33.352 Thread 0x00000217ffebbef0 10428       3       org.gradle.internal.properties.annotations.DefaultTypeMetadataStore$DefaultPropertyMetadata::<init> (15 bytes)
Event: 33.352 Thread 0x00000217ffebbef0 nmethod 10428 0x000002178109ae90 code [0x000002178109b040, 0x000002178109b260]
Event: 33.353 Thread 0x00000217ffebbef0 10429       3       org.gradle.internal.properties.annotations.PropertyAnnotationHandler::validatePropertyMetadata (1 bytes)
Event: 33.353 Thread 0x00000217ffebbef0 nmethod 10429 0x000002178109b310 code [0x000002178109b4a0, 0x000002178109b5a8]
Event: 33.353 Thread 0x00000217ffebbef0 10430       1       org.gradle.internal.reflect.annotations.impl.AbstractHasAnnotationMetadata::getDeclaredReturnType (5 bytes)
Event: 33.353 Thread 0x00000217ffebbef0 nmethod 10430 0x0000021787f60410 code [0x0000021787f605a0, 0x0000021787f60668]
Event: 33.368 Thread 0x00000217ffeb9a20 nmethod 10263 0x0000021787f60710 code [0x0000021787f60960, 0x0000021787f615d0]
Event: 33.368 Thread 0x00000217ffeb9a20 10198       4       java.util.TimSort::countRunAndMakeAscending (128 bytes)
Event: 33.368 Thread 0x00000217ffebbef0 10431       1       org.gradle.api.services.internal.BuildServiceDetails::getImplementationType (5 bytes)
Event: 33.368 Thread 0x00000217ffebbef0 nmethod 10431 0x0000021787f61c90 code [0x0000021787f61e20, 0x0000021787f61ee8]
Event: 33.378 Thread 0x00000217ffeb9a20 nmethod 10198 0x0000021787f61f90 code [0x0000021787f62160, 0x0000021787f62768]
Event: 33.378 Thread 0x00000217ffeb9a20 10220       4       java.util.HashMap::computeIfAbsent (330 bytes)
Event: 33.405 Thread 0x00000217ffeb9a20 nmethod 10220 0x0000021787f62a90 code [0x0000021787f62ce0, 0x0000021787f63ad8]
Event: 33.406 Thread 0x00000217ffeb9a20 10190       4       org.objectweb.asm.MethodWriter::<init> (232 bytes)
Event: 33.416 Thread 0x00000217ffebbef0 10432       3       org.gradle.model.internal.asm.MethodVisitorScope::_AASTORE (7 bytes)
Event: 33.417 Thread 0x00000217ffebbef0 nmethod 10432 0x000002178109b610 code [0x000002178109b7c0, 0x000002178109ba30]

GC Heap History (20 events):
Event: 20.728 GC heap before
{Heap before GC invocations=18 (full 0):
 garbage-first heap   total 109568K, used 75370K [0x00000000a0000000, 0x0000000100000000)
  region size 1024K, 28 young (28672K), 6 survivors (6144K)
 Metaspace       used 59076K, committed 60736K, reserved 278528K
  class space    used 8460K, committed 9280K, reserved 212992K
}
Event: 20.739 GC heap after
{Heap after GC invocations=19 (full 0):
 garbage-first heap   total 109568K, used 54956K [0x00000000a0000000, 0x0000000100000000)
  region size 1024K, 4 young (4096K), 4 survivors (4096K)
 Metaspace       used 59076K, committed 60736K, reserved 278528K
  class space    used 8460K, committed 9280K, reserved 212992K
}
Event: 22.851 GC heap before
{Heap before GC invocations=20 (full 0):
 garbage-first heap   total 109568K, used 98988K [0x00000000a0000000, 0x0000000100000000)
  region size 1024K, 48 young (49152K), 4 survivors (4096K)
 Metaspace       used 63449K, committed 65344K, reserved 278528K
  class space    used 9192K, committed 10112K, reserved 212992K
}
Event: 22.863 GC heap after
{Heap after GC invocations=21 (full 0):
 garbage-first heap   total 109568K, used 58972K [0x00000000a0000000, 0x0000000100000000)
  region size 1024K, 5 young (5120K), 5 survivors (5120K)
 Metaspace       used 63449K, committed 65344K, reserved 278528K
  class space    used 9192K, committed 10112K, reserved 212992K
}
Event: 26.076 GC heap before
{Heap before GC invocations=21 (full 0):
 garbage-first heap   total 109568K, used 101980K [0x00000000a0000000, 0x0000000100000000)
  region size 1024K, 45 young (46080K), 5 survivors (5120K)
 Metaspace       used 64586K, committed 66432K, reserved 278528K
  class space    used 9306K, committed 10176K, reserved 212992K
}
Event: 26.093 GC heap after
{Heap after GC invocations=22 (full 0):
 garbage-first heap   total 114688K, used 66560K [0x00000000a0000000, 0x0000000100000000)
  region size 1024K, 6 young (6144K), 6 survivors (6144K)
 Metaspace       used 64586K, committed 66432K, reserved 278528K
  class space    used 9306K, committed 10176K, reserved 212992K
}
Event: 26.336 GC heap before
{Heap before GC invocations=22 (full 0):
 garbage-first heap   total 114688K, used 71680K [0x00000000a0000000, 0x0000000100000000)
  region size 1024K, 12 young (12288K), 6 survivors (6144K)
 Metaspace       used 64682K, committed 66560K, reserved 278528K
  class space    used 9318K, committed 10240K, reserved 212992K
}
Event: 26.344 GC heap after
{Heap after GC invocations=23 (full 0):
 garbage-first heap   total 114688K, used 67946K [0x00000000a0000000, 0x0000000100000000)
  region size 1024K, 2 young (2048K), 2 survivors (2048K)
 Metaspace       used 64682K, committed 66560K, reserved 278528K
  class space    used 9318K, committed 10240K, reserved 212992K
}
Event: 27.446 GC heap before
{Heap before GC invocations=24 (full 0):
 garbage-first heap   total 119808K, used 104810K [0x00000000a0000000, 0x0000000100000000)
  region size 1024K, 35 young (35840K), 2 survivors (2048K)
 Metaspace       used 68190K, committed 70016K, reserved 278528K
  class space    used 9795K, committed 10688K, reserved 212992K
}
Event: 27.451 GC heap after
{Heap after GC invocations=25 (full 0):
 garbage-first heap   total 119808K, used 72363K [0x00000000a0000000, 0x0000000100000000)
  region size 1024K, 3 young (3072K), 3 survivors (3072K)
 Metaspace       used 68190K, committed 70016K, reserved 278528K
  class space    used 9795K, committed 10688K, reserved 212992K
}
Event: 28.367 GC heap before
{Heap before GC invocations=25 (full 0):
 garbage-first heap   total 119808K, used 108203K [0x00000000a0000000, 0x0000000100000000)
  region size 1024K, 38 young (38912K), 3 survivors (3072K)
 Metaspace       used 70595K, committed 72512K, reserved 278528K
  class space    used 10105K, committed 11008K, reserved 212992K
}
Event: 28.374 GC heap after
{Heap after GC invocations=26 (full 0):
 garbage-first heap   total 119808K, used 72444K [0x00000000a0000000, 0x0000000100000000)
  region size 1024K, 3 young (3072K), 3 survivors (3072K)
 Metaspace       used 70595K, committed 72512K, reserved 278528K
  class space    used 10105K, committed 11008K, reserved 212992K
}
Event: 29.241 GC heap before
{Heap before GC invocations=26 (full 0):
 garbage-first heap   total 119808K, used 109308K [0x00000000a0000000, 0x0000000100000000)
  region size 1024K, 39 young (39936K), 3 survivors (3072K)
 Metaspace       used 73819K, committed 75904K, reserved 278528K
  class space    used 10652K, committed 11648K, reserved 212992K
}
Event: 29.248 GC heap after
{Heap after GC invocations=27 (full 0):
 garbage-first heap   total 119808K, used 74239K [0x00000000a0000000, 0x0000000100000000)
  region size 1024K, 3 young (3072K), 3 survivors (3072K)
 Metaspace       used 73819K, committed 75904K, reserved 278528K
  class space    used 10652K, committed 11648K, reserved 212992K
}
Event: 30.197 GC heap before
{Heap before GC invocations=28 (full 0):
 garbage-first heap   total 124928K, used 110079K [0x00000000a0000000, 0x0000000100000000)
  region size 1024K, 38 young (38912K), 3 survivors (3072K)
 Metaspace       used 75843K, committed 77888K, reserved 344064K
  class space    used 10959K, committed 11968K, reserved 212992K
}
Event: 30.204 GC heap after
{Heap after GC invocations=29 (full 0):
 garbage-first heap   total 124928K, used 75381K [0x00000000a0000000, 0x0000000100000000)
  region size 1024K, 3 young (3072K), 3 survivors (3072K)
 Metaspace       used 75843K, committed 77888K, reserved 344064K
  class space    used 10959K, committed 11968K, reserved 212992K
}
Event: 31.865 GC heap before
{Heap before GC invocations=29 (full 0):
 garbage-first heap   total 124928K, used 114293K [0x00000000a0000000, 0x0000000100000000)
  region size 1024K, 42 young (43008K), 3 survivors (3072K)
 Metaspace       used 76982K, committed 79104K, reserved 344064K
  class space    used 11088K, committed 12096K, reserved 212992K
}
Event: 31.878 GC heap after
{Heap after GC invocations=30 (full 0):
 garbage-first heap   total 124928K, used 78910K [0x00000000a0000000, 0x0000000100000000)
  region size 1024K, 6 young (6144K), 6 survivors (6144K)
 Metaspace       used 76982K, committed 79104K, reserved 344064K
  class space    used 11088K, committed 12096K, reserved 212992K
}
Event: 33.204 GC heap before
{Heap before GC invocations=30 (full 0):
 garbage-first heap   total 124928K, used 114750K [0x00000000a0000000, 0x0000000100000000)
  region size 1024K, 41 young (41984K), 6 survivors (6144K)
 Metaspace       used 79276K, committed 81408K, reserved 344064K
  class space    used 11427K, committed 12480K, reserved 212992K
}
Event: 33.219 GC heap after
{Heap after GC invocations=31 (full 0):
 garbage-first heap   total 124928K, used 81896K [0x00000000a0000000, 0x0000000100000000)
  region size 1024K, 5 young (5120K), 5 survivors (5120K)
 Metaspace       used 79276K, committed 81408K, reserved 344064K
  class space    used 11427K, committed 12480K, reserved 212992K
}

Dll operation events (14 events):
Event: 0.045 Loaded shared library C:\Users\KHAN\.vscode\extensions\redhat.java-1.54.0-win32-x64\jre\21.0.10-win32-x86_64\bin\java.dll
Event: 0.164 Loaded shared library C:\Users\KHAN\.vscode\extensions\redhat.java-1.54.0-win32-x64\jre\21.0.10-win32-x86_64\bin\zip.dll
Event: 0.204 Loaded shared library C:\Users\KHAN\.vscode\extensions\redhat.java-1.54.0-win32-x64\jre\21.0.10-win32-x86_64\bin\instrument.dll
Event: 0.213 Loaded shared library C:\Users\KHAN\.vscode\extensions\redhat.java-1.54.0-win32-x64\jre\21.0.10-win32-x86_64\bin\net.dll
Event: 0.216 Loaded shared library C:\Users\KHAN\.vscode\extensions\redhat.java-1.54.0-win32-x64\jre\21.0.10-win32-x86_64\bin\nio.dll
Event: 0.222 Loaded shared library C:\Users\KHAN\.vscode\extensions\redhat.java-1.54.0-win32-x64\jre\21.0.10-win32-x86_64\bin\zip.dll
Event: 0.705 Loaded shared library C:\Users\KHAN\.vscode\extensions\redhat.java-1.54.0-win32-x64\jre\21.0.10-win32-x86_64\bin\jimage.dll
Event: 0.977 Loaded shared library C:\Users\KHAN\.vscode\extensions\redhat.java-1.54.0-win32-x64\jre\21.0.10-win32-x86_64\bin\verify.dll
Event: 1.160 Loaded shared library C:\Users\KHAN\.gradle\native\1def1411415f61bf3af743bc5b6707747c0891f09f0c88961ee8f79bc544acac\windows-amd64\native-platform.dll
Event: 1.298 Loaded shared library C:\Users\KHAN\.gradle\native\0.2.7\x86_64-windows-gnu\gradle-fileevents.dll
Event: 3.512 Loaded shared library C:\Users\KHAN\.vscode\extensions\redhat.java-1.54.0-win32-x64\jre\21.0.10-win32-x86_64\bin\management.dll
Event: 3.517 Loaded shared library C:\Users\KHAN\.vscode\extensions\redhat.java-1.54.0-win32-x64\jre\21.0.10-win32-x86_64\bin\management_ext.dll
Event: 3.787 Loaded shared library C:\Users\KHAN\.vscode\extensions\redhat.java-1.54.0-win32-x64\jre\21.0.10-win32-x86_64\bin\extnet.dll
Event: 4.221 Loaded shared library C:\Users\KHAN\.vscode\extensions\redhat.java-1.54.0-win32-x64\jre\21.0.10-win32-x86_64\bin\sunmscapi.dll

Deoptimization events (20 events):
Event: 33.314 Thread 0x00000217a6735630 Uncommon trap: trap_request=0xffffff45 fr.pc=0x0000021787ccec44 relative=0x0000000000000724
Event: 33.314 Thread 0x00000217a6735630 Uncommon trap: reason=unstable_if action=reinterpret pc=0x0000021787ccec44 method=sun.reflect.annotation.AnnotationInvocationHandler.invoke(Ljava/lang/Object;Ljava/lang/reflect/Method;[Ljava/lang/Object;)Ljava/lang/Object; @ 15 c2
Event: 33.314 Thread 0x00000217a6735630 DEOPT PACKING pc=0x0000021787ccec44 sp=0x0000004a635f6490
Event: 33.314 Thread 0x00000217a6735630 DEOPT UNPACKING pc=0x0000021787584422 sp=0x0000004a635f6458 mode 2
Event: 33.339 Thread 0x00000217a6735630 Uncommon trap: trap_request=0xffffffbe fr.pc=0x0000021787f5f4e4 relative=0x0000000000000e24
Event: 33.339 Thread 0x00000217a6735630 Uncommon trap: reason=profile_predicate action=maybe_recompile pc=0x0000021787f5f4e4 method=java.util.TimSort.gallopRight(Ljava/lang/Object;[Ljava/lang/Object;IIILjava/util/Comparator;)I @ 151 c2
Event: 33.339 Thread 0x00000217a6735630 DEOPT PACKING pc=0x0000021787f5f4e4 sp=0x0000004a635f5d20
Event: 33.339 Thread 0x00000217a6735630 DEOPT UNPACKING pc=0x0000021787584422 sp=0x0000004a635f5ca8 mode 2
Event: 33.339 Thread 0x00000217a6735630 Uncommon trap: trap_request=0xffffffbe fr.pc=0x0000021787f5f4a0 relative=0x0000000000000de0
Event: 33.339 Thread 0x00000217a6735630 Uncommon trap: reason=profile_predicate action=maybe_recompile pc=0x0000021787f5f4a0 method=java.util.TimSort.gallopRight(Ljava/lang/Object;[Ljava/lang/Object;IIILjava/util/Comparator;)I @ 62 c2
Event: 33.339 Thread 0x00000217a6735630 DEOPT PACKING pc=0x0000021787f5f4a0 sp=0x0000004a635f5c10
Event: 33.339 Thread 0x00000217a6735630 DEOPT UNPACKING pc=0x0000021787584422 sp=0x0000004a635f5b98 mode 2
Event: 33.341 Thread 0x00000217a6735630 Uncommon trap: trap_request=0xffffffbe fr.pc=0x0000021787f5f4e4 relative=0x0000000000000e24
Event: 33.341 Thread 0x00000217a6735630 Uncommon trap: reason=profile_predicate action=maybe_recompile pc=0x0000021787f5f4e4 method=java.util.TimSort.gallopRight(Ljava/lang/Object;[Ljava/lang/Object;IIILjava/util/Comparator;)I @ 151 c2
Event: 33.341 Thread 0x00000217a6735630 DEOPT PACKING pc=0x0000021787f5f4e4 sp=0x0000004a635f6420
Event: 33.341 Thread 0x00000217a6735630 DEOPT UNPACKING pc=0x0000021787584422 sp=0x0000004a635f63a8 mode 2
Event: 33.345 Thread 0x00000217a6735630 Uncommon trap: trap_request=0xffffffbe fr.pc=0x0000021787f5f4e4 relative=0x0000000000000e24
Event: 33.345 Thread 0x00000217a6735630 Uncommon trap: reason=profile_predicate action=maybe_recompile pc=0x0000021787f5f4e4 method=java.util.TimSort.gallopRight(Ljava/lang/Object;[Ljava/lang/Object;IIILjava/util/Comparator;)I @ 151 c2
Event: 33.345 Thread 0x00000217a6735630 DEOPT PACKING pc=0x0000021787f5f4e4 sp=0x0000004a635f6240
Event: 33.345 Thread 0x00000217a6735630 DEOPT UNPACKING pc=0x0000021787584422 sp=0x0000004a635f61c8 mode 2

Classes loaded (20 events):
Event: 28.612 Loading class com/sun/org/apache/xerces/internal/utils/XMLSecurityPropertyManager$Property
Event: 28.612 Loading class com/sun/org/apache/xerces/internal/utils/XMLSecurityPropertyManager$Property done
Event: 28.612 Loading class javax/xml/parsers/DocumentBuilderFactory
Event: 28.613 Loading class javax/xml/parsers/DocumentBuilderFactory done
Event: 28.613 Loading class javax/xml/parsers/FactoryFinder
Event: 28.613 Loading class javax/xml/parsers/FactoryFinder done
Event: 28.613 Loading class javax/xml/parsers/FactoryFinder$1
Event: 28.614 Loading class javax/xml/parsers/FactoryFinder$1 done
Event: 28.614 Loading class com/sun/org/apache/xerces/internal/jaxp/DocumentBuilderFactoryImpl
Event: 28.615 Loading class com/sun/org/apache/xerces/internal/jaxp/DocumentBuilderFactoryImpl done
Event: 28.658 Loading class java/util/regex/Pattern$SliceI
Event: 28.658 Loading class java/util/regex/Pattern$SliceI done
Event: 29.071 Loading class java/lang/Character$UnicodeBlock
Event: 29.073 Loading class java/lang/Character$Subset
Event: 29.073 Loading class java/lang/Character$Subset done
Event: 29.073 Loading class java/lang/Character$UnicodeBlock done
Event: 32.576 Loading class java/lang/AbstractMethodError
Event: 32.576 Loading class java/lang/AbstractMethodError done
Event: 33.314 Loading class sun/reflect/annotation/AnnotationInvocationHandler$1
Event: 33.315 Loading class sun/reflect/annotation/AnnotationInvocationHandler$1 done

Classes unloaded (15 events):
Event: 20.890 Thread 0x00000217ffe91bb0 Unloading class 0x000002179457f3b0 '_BuildScript_$_run_closure1$_closure2$_closure3$_closure4$_closure10$_closure14'
Event: 20.890 Thread 0x00000217ffe91bb0 Unloading class 0x000002179457efc0 '_BuildScript_$_run_closure1$_closure2$_closure3$_closure4$_closure10$_closure13'
Event: 20.890 Thread 0x00000217ffe91bb0 Unloading class 0x000002179457ebd0 '_BuildScript_$_run_closure1$_closure2$_closure3$_closure4$_closure10'
Event: 20.890 Thread 0x00000217ffe91bb0 Unloading class 0x000002179457e7e0 '_BuildScript_$_run_closure1$_closure2$_closure3$_closure4$_closure9$_closure12'
Event: 20.890 Thread 0x00000217ffe91bb0 Unloading class 0x000002179457e3f0 '_BuildScript_$_run_closure1$_closure2$_closure3$_closure4$_closure9'
Event: 20.890 Thread 0x00000217ffe91bb0 Unloading class 0x000002179457e000 '_BuildScript_$_run_closure1$_closure2$_closure3$_closure4$_closure8'
Event: 20.890 Thread 0x00000217ffe91bb0 Unloading class 0x000002179457db90 '_BuildScript_$_run_closure1$_closure2$_closure3$_closure4$_closure7'
Event: 20.890 Thread 0x00000217ffe91bb0 Unloading class 0x000002179457d7a0 '_BuildScript_$_run_closure1$_closure2$_closure3$_closure4$_closure6$_closure11'
Event: 20.890 Thread 0x00000217ffe91bb0 Unloading class 0x000002179457d3b0 '_BuildScript_$_run_closure1$_closure2$_closure3$_closure4$_closure6'
Event: 20.890 Thread 0x00000217ffe91bb0 Unloading class 0x000002179457cfc0 '_BuildScript_$_run_closure1$_closure2$_closure3$_closure4$_closure5'
Event: 20.890 Thread 0x00000217ffe91bb0 Unloading class 0x000002179457cbd0 '_BuildScript_$_run_closure1$_closure2$_closure3$_closure4'
Event: 20.890 Thread 0x00000217ffe91bb0 Unloading class 0x000002179457c7e0 '_BuildScript_$_run_closure1$_closure2$_closure3'
Event: 20.890 Thread 0x00000217ffe91bb0 Unloading class 0x000002179457c3f0 '_BuildScript_$_run_closure1$_closure2'
Event: 20.890 Thread 0x00000217ffe91bb0 Unloading class 0x000002179457c000 '_BuildScript_$_run_closure1'
Event: 20.890 Thread 0x00000217ffe91bb0 Unloading class 0x0000021794574000 '_BuildScript_'

Classes redefined (0 events):
No events

Internal exceptions (20 events):
Event: 26.887 Thread 0x00000217a6735630 Exception <a 'java/lang/IncompatibleClassChangeError'{0x00000000a5d625e0}: Found class java.lang.Object, but interface was expected> (0x00000000a5d625e0) 
thrown [s\src\hotspot\share\interpreter\linkResolver.cpp, line 840]
Event: 27.312 Thread 0x00000217a6735630 Exception <a 'java/lang/NoSuchMethodError'{0x00000000a526b650}: static Ljava/lang/Object;.<clinit>()V> (0x00000000a526b650) 
thrown [s\src\hotspot\share\prims\jni.cpp, line 1111]
Event: 27.340 Thread 0x00000217a6735630 Exception <a 'java/lang/NoSuchMethodError'{0x00000000a51750d8}: static Lorg/jetbrains/kotlin/gradle/plugin/statistics/MetricContainer;.<clinit>()V> (0x00000000a51750d8) 
thrown [s\src\hotspot\share\prims\jni.cpp, line 1111]
Event: 28.618 Thread 0x00000217a6735630 Exception <a 'java/lang/NoSuchMethodError'{0x00000000a67fce90}: 'java.lang.Object java.lang.invoke.DirectMethodHandle$Holder.newInvokeSpecial(java.lang.Object, java.lang.Object, java.lang.Object, java.lang.Object, java.lang.Object, java.lang.Object, java.lang.Object, java.lang.Object, java.lang.Object, java.lang.Object, java.lang.Object, java.lang.Object, java.lang.Object, java.lang.Object, java.lang.Object, java.lang.Object)'> (0x00000000a67fce90) 
thrown [s\src\hotspot\share\interpreter\linkResolver.cpp,
Event: 28.619 Thread 0x00000217a6735630 Exception <a 'java/lang/NoSuchMethodError'{0x00000000a66078e8}: 'java.lang.Object java.lang.invoke.DirectMethodHandle$Holder.invokeSpecial(java.lang.Object, java.lang.Object, java.lang.Object, java.lang.Object, java.lang.Object, java.lang.Object, java.lang.Object, java.lang.Object, java.lang.Object, java.lang.Object, java.lang.Object, java.lang.Object, java.lang.Object, java.lang.Object, java.lang.Object, java.lang.Object, java.lang.Object)'> (0x00000000a66078e8) 
thrown [s\src\hotspot\share\interpreter\li
Event: 28.619 Thread 0x00000217a6735630 Exception <a 'java/lang/NoSuchMethodError'{0x00000000a660da28}: 'java.lang.Object java.lang.invoke.DelegatingMethodHandle$Holder.reinvoke_L(java.lang.Object, java.lang.Object, java.lang.Object, java.lang.Object, java.lang.Object, java.lang.Object, java.lang.Object, java.lang.Object, java.lang.Object, java.lang.Object, java.lang.Object, java.lang.Object, java.lang.Object, java.lang.Object, java.lang.Object, java.lang.Object)'> (0x00000000a660da28) 
thrown [s\src\hotspot\share\interpreter\linkResolver.cpp, l
Event: 28.975 Thread 0x00000217a6735630 Exception <a 'java/lang/NoSuchMethodError'{0x00000000a58278c8}: 'java.lang.Object java.lang.invoke.DirectMethodHandle$Holder.newInvokeSpecial(java.lang.Object, java.lang.Object, java.lang.Object, java.lang.Object, java.lang.Object, java.lang.Object, java.lang.Object, java.lang.Object, java.lang.Object, java.lang.Object, java.lang.Object, java.lang.Object, java.lang.Object, java.lang.Object, java.lang.Object, java.lang.Object, java.lang.Object, java.lang.Object, java.lang.Object, java.lang.Object, java.lang
Event: 29.863 Thread 0x00000217a6735630 Exception <a 'java/lang/ClassNotFoundException'{0x00000000a60422a8}: org/jetbrains/kotlin/gradle/targets/js/npm/DefaultNpmDependencyExtensionBeanInfo> (0x00000000a60422a8) 
thrown [s\src\hotspot\share\classfile\systemDictionary.cpp, line 312]
Event: 29.865 Thread 0x00000217a6735630 Exception <a 'java/lang/ClassNotFoundException'{0x00000000a6056728}: org/jetbrains/kotlin/gradle/targets/js/npm/DefaultNpmDependencyExtensionCustomizer> (0x00000000a6056728) 
thrown [s\src\hotspot\share\classfile\systemDictionary.cpp, line 312]
Event: 29.878 Thread 0x00000217a6735630 Exception <a 'java/lang/ClassNotFoundException'{0x00000000a5f00f38}: org/jetbrains/kotlin/gradle/targets/js/npm/NpmDependencyExtensionKt$defaultNpmDependencyDelegate$1BeanInfo> (0x00000000a5f00f38) 
thrown [s\src\hotspot\share\classfile\systemDictionary.cpp, line 312]
Event: 29.880 Thread 0x00000217a6735630 Exception <a 'java/lang/ClassNotFoundException'{0x00000000a5f153f8}: org/jetbrains/kotlin/gradle/targets/js/npm/NpmDependencyExtensionDelegateBeanInfo> (0x00000000a5f153f8) 
thrown [s\src\hotspot\share\classfile\systemDictionary.cpp, line 312]
Event: 29.881 Thread 0x00000217a6735630 Exception <a 'java/lang/ClassNotFoundException'{0x00000000a5f298c8}: org/jetbrains/kotlin/gradle/targets/js/npm/NpmDependencyExtensionDelegateCustomizer> (0x00000000a5f298c8) 
thrown [s\src\hotspot\share\classfile\systemDictionary.cpp, line 312]
Event: 29.884 Thread 0x00000217a6735630 Exception <a 'java/lang/ClassNotFoundException'{0x00000000a5f665a8}: org/jetbrains/kotlin/gradle/targets/js/npm/NpmDependencyExtensionKt$defaultNpmDependencyDelegate$1Customizer> (0x00000000a5f665a8) 
thrown [s\src\hotspot\share\classfile\systemDictionary.cpp, line 312]
Event: 29.891 Thread 0x00000217a6735630 Exception <a 'java/lang/ClassNotFoundException'{0x00000000a5fb1aa0}: org/jetbrains/kotlin/gradle/targets/js/npm/DefaultDevNpmDependencyExtensionBeanInfo> (0x00000000a5fb1aa0) 
thrown [s\src\hotspot\share\classfile\systemDictionary.cpp, line 312]
Event: 29.892 Thread 0x00000217a6735630 Exception <a 'java/lang/ClassNotFoundException'{0x00000000a5fc5f78}: org/jetbrains/kotlin/gradle/targets/js/npm/DefaultDevNpmDependencyExtensionCustomizer> (0x00000000a5fc5f78) 
thrown [s\src\hotspot\share\classfile\systemDictionary.cpp, line 312]
Event: 29.898 Thread 0x00000217a6735630 Exception <a 'java/lang/ClassNotFoundException'{0x00000000a5e1ad80}: org/jetbrains/kotlin/gradle/targets/js/npm/DefaultPeerNpmDependencyExtensionBeanInfo> (0x00000000a5e1ad80) 
thrown [s\src\hotspot\share\classfile\systemDictionary.cpp, line 312]
Event: 29.899 Thread 0x00000217a6735630 Exception <a 'java/lang/ClassNotFoundException'{0x00000000a5e2f278}: org/jetbrains/kotlin/gradle/targets/js/npm/DefaultPeerNpmDependencyExtensionCustomizer> (0x00000000a5e2f278) 
thrown [s\src\hotspot\share\classfile\systemDictionary.cpp, line 312]
Event: 29.906 Thread 0x00000217a6735630 Exception <a 'java/lang/ClassNotFoundException'{0x00000000a5e8c9e8}: org/jetbrains/kotlin/gradle/targets/js/npm/DefaultPeerNpmDependencyExtension$delegate$1BeanInfo> (0x00000000a5e8c9e8) 
thrown [s\src\hotspot\share\classfile\systemDictionary.cpp, line 312]
Event: 29.907 Thread 0x00000217a6735630 Exception <a 'java/lang/ClassNotFoundException'{0x00000000a5ea10d8}: org/jetbrains/kotlin/gradle/targets/js/npm/DefaultPeerNpmDependencyExtension$delegate$1Customizer> (0x00000000a5ea10d8) 
thrown [s\src\hotspot\share\classfile\systemDictionary.cpp, line 312]
Event: 33.014 Thread 0x00000217a6735630 Exception <a 'java/lang/NoSuchMethodError'{0x00000000a5ae5a18}: 'void java.lang.invoke.DirectMethodHandle$Holder.invokeStaticInit(java.lang.Object)'> (0x00000000a5ae5a18) 
thrown [s\src\hotspot\share\interpreter\linkResolver.cpp, line 773]

ZGC Phase Switch (0 events):
No events

VM Operations (20 events):
Event: 28.943 Executing safepoint VM operation: ICBufferFull done
Event: 29.241 Executing safepoint VM operation: G1CollectForAllocation (G1 Evacuation Pause)
Event: 29.248 Executing safepoint VM operation: G1CollectForAllocation (G1 Evacuation Pause) done
Event: 29.443 Executing safepoint VM operation: G1PauseRemark
Event: 29.449 Executing safepoint VM operation: G1PauseRemark done
Event: 29.522 Executing safepoint VM operation: G1PauseCleanup
Event: 29.522 Executing safepoint VM operation: G1PauseCleanup done
Event: 30.197 Executing safepoint VM operation: G1CollectForAllocation (G1 Evacuation Pause)
Event: 30.204 Executing safepoint VM operation: G1CollectForAllocation (G1 Evacuation Pause) done
Event: 30.910 Executing non-safepoint VM operation: HandshakeAllThreads (Deoptimize)
Event: 30.910 Executing non-safepoint VM operation: HandshakeAllThreads (Deoptimize) done
Event: 31.125 Executing safepoint VM operation: ICBufferFull
Event: 31.125 Executing safepoint VM operation: ICBufferFull done
Event: 31.865 Executing safepoint VM operation: G1CollectForAllocation (G1 Evacuation Pause)
Event: 31.878 Executing safepoint VM operation: G1CollectForAllocation (G1 Evacuation Pause) done
Event: 32.825 Executing safepoint VM operation: ICBufferFull
Event: 32.825 Executing safepoint VM operation: ICBufferFull done
Event: 33.204 Executing safepoint VM operation: G1CollectForAllocation (G1 Evacuation Pause)
Event: 33.219 Executing safepoint VM operation: G1CollectForAllocation (G1 Evacuation Pause) done
Event: 33.422 Executing safepoint VM operation: G1PauseRemark

Memory protections (0 events):
No events

Nmethod flushes (20 events):
Event: 33.429 Thread 0x00000217ffe91bb0 flushing  nmethod 0x0000021780441490
Event: 33.429 Thread 0x00000217ffe91bb0 flushing  nmethod 0x0000021780484b90
Event: 33.429 Thread 0x00000217ffe91bb0 flushing  nmethod 0x000002178049e090
Event: 33.429 Thread 0x00000217ffe91bb0 flushing  nmethod 0x0000021780521610
Event: 33.429 Thread 0x00000217ffe91bb0 flushing  nmethod 0x000002178065a210
Event: 33.429 Thread 0x00000217ffe91bb0 flushing  nmethod 0x000002178065a890
Event: 33.429 Thread 0x00000217ffe91bb0 flushing  nmethod 0x000002178066fb10
Event: 33.429 Thread 0x00000217ffe91bb0 flushing  nmethod 0x0000021780670290
Event: 33.429 Thread 0x00000217ffe91bb0 flushing  nmethod 0x0000021780672110
Event: 33.429 Thread 0x00000217ffe91bb0 flushing  nmethod 0x0000021780773410
Event: 33.429 Thread 0x00000217ffe91bb0 flushing  nmethod 0x00000217807c4e90
Event: 33.429 Thread 0x00000217ffe91bb0 flushing  nmethod 0x0000021780878a90
Event: 33.429 Thread 0x00000217ffe91bb0 flushing  nmethod 0x00000217808af490
Event: 33.429 Thread 0x00000217ffe91bb0 flushing  nmethod 0x00000217808d1910
Event: 33.429 Thread 0x00000217ffe91bb0 flushing  nmethod 0x00000217808d2490
Event: 33.429 Thread 0x00000217ffe91bb0 flushing  nmethod 0x0000021780a6f910
Event: 33.429 Thread 0x00000217ffe91bb0 flushing  nmethod 0x0000021780a8ce90
Event: 33.429 Thread 0x00000217ffe91bb0 flushing  nmethod 0x0000021780abd610
Event: 33.429 Thread 0x00000217ffe91bb0 flushing  nmethod 0x0000021780ac4590
Event: 33.429 Thread 0x00000217ffe91bb0 flushing  nmethod 0x0000021780c29c90

Events (20 events):
Event: 7.366 Thread 0x00000217a6735630 Thread added: 0x00000217a68d5f90
Event: 7.801 Thread 0x00000217a6735630 Thread added: 0x00000217a8ce4970
Event: 7.812 Thread 0x00000217a6735630 Thread added: 0x00000217a8ce9ec0
Event: 9.652 Thread 0x00000217a6d3d680 Thread exited: 0x00000217a6d3d680
Event: 12.367 Thread 0x00000217a6735630 Thread added: 0x00000217a8ce8480
Event: 14.399 Thread 0x00000217a6735630 Thread added: 0x00000217a8ce42e0
Event: 14.786 Thread 0x00000217a6735630 Thread added: 0x00000217a8ce9830
Event: 14.864 Thread 0x00000217a6735630 Thread added: 0x00000217a8ceb900
Event: 15.446 Thread 0x00000217a6735630 Thread added: 0x00000217a8ce8b10
Event: 16.169 Thread 0x00000217a6735630 Thread added: 0x00000217a8ce5690
Event: 16.278 Thread 0x00000217a6735630 Thread added: 0x00000217a8ce5d20
Event: 16.693 Thread 0x00000217a6735630 Thread added: 0x00000217a8ce91a0
Event: 18.791 Thread 0x00000217a6735630 Thread added: 0x00000217a8ce6a40
Event: 18.899 Thread 0x00000217a6735630 Thread added: 0x00000217a8ce70d0
Event: 19.020 Thread 0x00000217a6735630 Thread added: 0x00000217a8ce7760
Event: 22.924 Thread 0x00000217a6735630 Thread added: 0x00000217a8da0960
Event: 22.978 Thread 0x00000217a6735630 Thread added: 0x00000217a8d9baa0
Event: 23.507 Thread 0x00000217a6735630 Thread added: 0x00000217a8da0ff0
Event: 27.391 Thread 0x00000217a6735630 Thread added: 0x00000217a8d9db70
Event: 28.697 Thread 0x00000217a6735630 Thread added: 0x00000217a8d9ad80


Dynamic libraries:
0x00007ff69e380000 - 0x00007ff69e38e000 	C:\Users\KHAN\.vscode\extensions\redhat.java-1.54.0-win32-x64\jre\21.0.10-win32-x86_64\bin\java.exe
0x00007ffec1a70000 - 0x00007ffec1c68000 	C:\Windows\SYSTEM32\ntdll.dll
0x00007ffec0210000 - 0x00007ffec02d2000 	C:\Windows\System32\KERNEL32.DLL
0x00007ffebf660000 - 0x00007ffebf956000 	C:\Windows\System32\KERNELBASE.dll
0x00007ffebf320000 - 0x00007ffebf420000 	C:\Windows\System32\ucrtbase.dll
0x00007ffea5740000 - 0x00007ffea5758000 	C:\Users\KHAN\.vscode\extensions\redhat.java-1.54.0-win32-x64\jre\21.0.10-win32-x86_64\bin\jli.dll
0x00007ffec0cc0000 - 0x00007ffec0e61000 	C:\Windows\System32\USER32.dll
0x00007ffebf1d0000 - 0x00007ffebf1f2000 	C:\Windows\System32\win32u.dll
0x00007ffec0c90000 - 0x00007ffec0cbb000 	C:\Windows\System32\GDI32.dll
0x00007ffebf200000 - 0x00007ffebf319000 	C:\Windows\System32\gdi32full.dll
0x00007ffea52b0000 - 0x00007ffea52ce000 	C:\Users\KHAN\.vscode\extensions\redhat.java-1.54.0-win32-x64\jre\21.0.10-win32-x86_64\bin\VCRUNTIME140.dll
0x00007ffebf960000 - 0x00007ffebf9fd000 	C:\Windows\System32\msvcp_win.dll
0x00007ffeafc80000 - 0x00007ffeaff1b000 	C:\Windows\WinSxS\amd64_microsoft.windows.common-controls_6595b64144ccf1df_6.0.19041.6456_none_60b8a6cb71f64256\COMCTL32.dll
0x00007ffec0050000 - 0x00007ffec00ee000 	C:\Windows\System32\msvcrt.dll
0x00007ffec0150000 - 0x00007ffec017f000 	C:\Windows\System32\IMM32.DLL
0x00007ffeb2990000 - 0x00007ffeb299c000 	C:\Users\KHAN\.vscode\extensions\redhat.java-1.54.0-win32-x64\jre\21.0.10-win32-x86_64\bin\vcruntime140_1.dll
0x00007ffe9adc0000 - 0x00007ffe9ae4d000 	C:\Users\KHAN\.vscode\extensions\redhat.java-1.54.0-win32-x64\jre\21.0.10-win32-x86_64\bin\msvcp140.dll
0x00007ffe76f30000 - 0x00007ffe77cd1000 	C:\Users\KHAN\.vscode\extensions\redhat.java-1.54.0-win32-x64\jre\21.0.10-win32-x86_64\bin\server\jvm.dll
0x00007ffec0e70000 - 0x00007ffec0f21000 	C:\Windows\System32\ADVAPI32.dll
0x00007ffebfdf0000 - 0x00007ffebfe8f000 	C:\Windows\System32\sechost.dll
0x00007ffebfa90000 - 0x00007ffebfbb0000 	C:\Windows\System32\RPCRT4.dll
0x00007ffebf4d0000 - 0x00007ffebf4f7000 	C:\Windows\System32\bcrypt.dll
0x00007ffec1050000 - 0x00007ffec10bb000 	C:\Windows\System32\WS2_32.dll
0x00007ffebe640000 - 0x00007ffebe68b000 	C:\Windows\SYSTEM32\POWRPROF.dll
0x00007ffeb0ac0000 - 0x00007ffeb0ae7000 	C:\Windows\SYSTEM32\WINMM.dll
0x00007ffeb0b00000 - 0x00007ffeb0b0a000 	C:\Windows\SYSTEM32\VERSION.dll
0x00007ffebe500000 - 0x00007ffebe512000 	C:\Windows\SYSTEM32\UMPDC.dll
0x00007ffebcf70000 - 0x00007ffebcf82000 	C:\Windows\SYSTEM32\kernel.appcore.dll
0x00007ffeb25d0000 - 0x00007ffeb25da000 	C:\Users\KHAN\.vscode\extensions\redhat.java-1.54.0-win32-x64\jre\21.0.10-win32-x86_64\bin\jimage.dll
0x00007ffeb0030000 - 0x00007ffeb0231000 	C:\Windows\SYSTEM32\DBGHELP.DLL
0x00007ffea9b90000 - 0x00007ffea9bc4000 	C:\Windows\SYSTEM32\dbgcore.DLL
0x00007ffebfa00000 - 0x00007ffebfa82000 	C:\Windows\System32\bcryptPrimitives.dll
0x00007ffebc420000 - 0x00007ffebc42f000 	C:\Users\KHAN\.vscode\extensions\redhat.java-1.54.0-win32-x64\jre\21.0.10-win32-x86_64\bin\instrument.dll
0x00007ffea2c70000 - 0x00007ffea2c90000 	C:\Users\KHAN\.vscode\extensions\redhat.java-1.54.0-win32-x64\jre\21.0.10-win32-x86_64\bin\java.dll
0x00007ffec03c0000 - 0x00007ffec0b30000 	C:\Windows\System32\SHELL32.dll
0x00007ffebd170000 - 0x00007ffebd915000 	C:\Windows\SYSTEM32\windows.storage.dll
0x00007ffec11e0000 - 0x00007ffec1534000 	C:\Windows\System32\combase.dll
0x00007ffebeb30000 - 0x00007ffebeb5b000 	C:\Windows\SYSTEM32\Wldp.dll
0x00007ffec0b30000 - 0x00007ffec0bfd000 	C:\Windows\System32\OLEAUT32.dll
0x00007ffec0fa0000 - 0x00007ffec104d000 	C:\Windows\System32\SHCORE.dll
0x00007ffec1540000 - 0x00007ffec159b000 	C:\Windows\System32\shlwapi.dll
0x00007ffebf030000 - 0x00007ffebf054000 	C:\Windows\SYSTEM32\profapi.dll
0x00007ffe9f560000 - 0x00007ffe9f578000 	C:\Users\KHAN\.vscode\extensions\redhat.java-1.54.0-win32-x64\jre\21.0.10-win32-x86_64\bin\zip.dll
0x00007ffeae2c0000 - 0x00007ffeae2d0000 	C:\Users\KHAN\.vscode\extensions\redhat.java-1.54.0-win32-x64\jre\21.0.10-win32-x86_64\bin\net.dll
0x00007ffeb6540000 - 0x00007ffeb664a000 	C:\Windows\SYSTEM32\WINHTTP.dll
0x00007ffebe890000 - 0x00007ffebe8fa000 	C:\Windows\system32\mswsock.dll
0x00007ffe9f540000 - 0x00007ffe9f556000 	C:\Users\KHAN\.vscode\extensions\redhat.java-1.54.0-win32-x64\jre\21.0.10-win32-x86_64\bin\nio.dll
0x00007ffebb360000 - 0x00007ffebb370000 	C:\Users\KHAN\.vscode\extensions\redhat.java-1.54.0-win32-x64\jre\21.0.10-win32-x86_64\bin\verify.dll
0x00007ffeb25e0000 - 0x00007ffeb2607000 	C:\Users\KHAN\.gradle\native\1def1411415f61bf3af743bc5b6707747c0891f09f0c88961ee8f79bc544acac\windows-amd64\native-platform.dll
0x00007ffe9ae60000 - 0x00007ffe9aed8000 	C:\Users\KHAN\.gradle\native\0.2.7\x86_64-windows-gnu\gradle-fileevents.dll
0x00007ffeb8de0000 - 0x00007ffeb8dea000 	C:\Users\KHAN\.vscode\extensions\redhat.java-1.54.0-win32-x64\jre\21.0.10-win32-x86_64\bin\management.dll
0x00007ffeb7e20000 - 0x00007ffeb7e2c000 	C:\Users\KHAN\.vscode\extensions\redhat.java-1.54.0-win32-x64\jre\21.0.10-win32-x86_64\bin\management_ext.dll
0x00007ffec0f30000 - 0x00007ffec0f38000 	C:\Windows\System32\PSAPI.DLL
0x00007ffebe520000 - 0x00007ffebe55b000 	C:\Windows\SYSTEM32\IPHLPAPI.DLL
0x00007ffec0040000 - 0x00007ffec0048000 	C:\Windows\System32\NSI.dll
0x00007ffeadd10000 - 0x00007ffeadd19000 	C:\Users\KHAN\.vscode\extensions\redhat.java-1.54.0-win32-x64\jre\21.0.10-win32-x86_64\bin\extnet.dll
0x00007ffebea90000 - 0x00007ffebeaa8000 	C:\Windows\SYSTEM32\CRYPTSP.dll
0x00007ffebe140000 - 0x00007ffebe178000 	C:\Windows\system32\rsaenh.dll
0x00007ffebeff0000 - 0x00007ffebf01e000 	C:\Windows\SYSTEM32\USERENV.dll
0x00007ffebea80000 - 0x00007ffebea8c000 	C:\Windows\SYSTEM32\CRYPTBASE.dll
0x00007ffeb9120000 - 0x00007ffeb912e000 	C:\Users\KHAN\.vscode\extensions\redhat.java-1.54.0-win32-x64\jre\21.0.10-win32-x86_64\bin\sunmscapi.dll
0x00007ffebf500000 - 0x00007ffebf65d000 	C:\Windows\System32\CRYPT32.dll
0x00007ffebeba0000 - 0x00007ffebebc7000 	C:\Windows\SYSTEM32\ncrypt.dll
0x00007ffebeb60000 - 0x00007ffebeb9b000 	C:\Windows\SYSTEM32\NTASN1.dll
0x00007ffeadf00000 - 0x00007ffeadf07000 	C:\Windows\system32\wshunix.dll

JVMTI agents:
C:\Users\KHAN\.gradle\wrapper\dists\gradle-8.14.1-bin\baw1sv0jfoi8rxs14qo3h49cs\gradle-8.14.1\lib\agents\gradle-instrumentation-agent-8.14.1.jar path:C:\Users\KHAN\.vscode\extensions\redhat.java-1.54.0-win32-x64\jre\21.0.10-win32-x86_64\bin\instrument.dll, loaded, initialized, instrumentlib options:none

dbghelp: loaded successfully - version: 4.0.5 - missing functions: none
symbol engine: initialized successfully - sym options: 0x614 - pdb path: .;C:\Users\KHAN\.vscode\extensions\redhat.java-1.54.0-win32-x64\jre\21.0.10-win32-x86_64\bin;C:\Windows\SYSTEM32;C:\Windows\WinSxS\amd64_microsoft.windows.common-controls_6595b64144ccf1df_6.0.19041.6456_none_60b8a6cb71f64256;C:\Users\KHAN\.vscode\extensions\redhat.java-1.54.0-win32-x64\jre\21.0.10-win32-x86_64\bin\server;C:\Users\KHAN\.gradle\native\1def1411415f61bf3af743bc5b6707747c0891f09f0c88961ee8f79bc544acac\windows-amd64;C:\Users\KHAN\.gradle\native\0.2.7\x86_64-windows-gnu

VM Arguments:
jvm_args: --add-opens=java.base/java.lang=ALL-UNNAMED --add-opens=java.base/java.lang.invoke=ALL-UNNAMED --add-opens=java.base/java.util=ALL-UNNAMED --add-opens=java.prefs/java.util.prefs=ALL-UNNAMED --add-exports=jdk.compiler/com.sun.tools.javac.api=ALL-UNNAMED --add-exports=jdk.compiler/com.sun.tools.javac.util=ALL-UNNAMED --add-opens=java.base/java.util=ALL-UNNAMED --add-opens=java.prefs/java.util.prefs=ALL-UNNAMED --add-opens=java.base/java.nio.charset=ALL-UNNAMED --add-opens=java.base/java.net=ALL-UNNAMED --add-opens=java.base/java.util.concurrent.atomic=ALL-UNNAMED --add-opens=java.xml/javax.xml.namespace=ALL-UNNAMED -XX:MaxMetaspaceSize=256m -XX:+UseG1GC -Xmx1536m -Dfile.encoding=UTF-8 -Duser.country=US -Duser.language=en -Duser.variant -javaagent:C:\Users\KHAN\.gradle\wrapper\dists\gradle-8.14.1-bin\baw1sv0jfoi8rxs14qo3h49cs\gradle-8.14.1\lib\agents\gradle-instrumentation-agent-8.14.1.jar 
java_command: org.gradle.launcher.daemon.bootstrap.GradleDaemon 8.14.1
java_class_path (initial): C:\Users\KHAN\.gradle\wrapper\dists\gradle-8.14.1-bin\baw1sv0jfoi8rxs14qo3h49cs\gradle-8.14.1\lib\gradle-daemon-main-8.14.1.jar
Launcher Type: SUN_STANDARD

[Global flags]
     intx CICompilerCount                          = 3                                         {product} {ergonomic}
   size_t CompressedClassSpaceSize                 = 218103808                                 {product} {ergonomic}
     uint ConcGCThreads                            = 1                                         {product} {ergonomic}
     uint G1ConcRefinementThreads                  = 4                                         {product} {ergonomic}
   size_t G1HeapRegionSize                         = 1048576                                   {product} {ergonomic}
    uintx GCDrainStackTargetSize                   = 64                                        {product} {ergonomic}
   size_t InitialHeapSize                          = 134217728                                 {product} {ergonomic}
   size_t MarkStackSize                            = 4194304                                   {product} {ergonomic}
   size_t MaxHeapSize                              = 1610612736                                {product} {command line}
   size_t MaxMetaspaceSize                         = 268435456                                 {product} {command line}
   size_t MaxNewSize                               = 965738496                                 {product} {ergonomic}
   size_t MinHeapDeltaBytes                        = 1048576                                   {product} {ergonomic}
   size_t MinHeapSize                              = 8388608                                   {product} {ergonomic}
    uintx NonNMethodCodeHeapSize                   = 5832780                                {pd product} {ergonomic}
    uintx NonProfiledCodeHeapSize                  = 122912730                              {pd product} {ergonomic}
    uintx ProfiledCodeHeapSize                     = 122912730                              {pd product} {ergonomic}
    uintx ReservedCodeCacheSize                    = 251658240                              {pd product} {ergonomic}
     bool SegmentedCodeCache                       = true                                      {product} {ergonomic}
   size_t SoftMaxHeapSize                          = 1610612736                             {manageable} {ergonomic}
     bool UseCompressedOops                        = true                           {product lp64_product} {ergonomic}
     bool UseG1GC                                  = true                                      {product} {command line}
     bool UseLargePagesIndividualAllocation        = false                                  {pd product} {ergonomic}

Logging:
Log output configuration:
 #0: stdout all=warning uptime,level,tags foldmultilines=false
 #1: stderr all=off uptime,level,tags foldmultilines=false

Release file:
JAVA_VERSION="21.0.10" 
MODULES="java.base java.compiler java.datatransfer java.xml java.prefs java.desktop java.instrument java.logging java.management java.security.sasl java.naming java.rmi java.management.rmi java.net.http java.scripting java.security.jgss java.transaction.xa java.sql java.sql.rowset java.xml.crypto java.se java.smartcardio jdk.accessibility jdk.internal.jvmstat jdk.attach jdk.charsets jdk.internal.opt jdk.zipfs jdk.compiler jdk.crypto.ec jdk.crypto.cryptoki jdk.crypto.mscapi jdk.dynalink jdk.internal.ed jdk.editpad jdk.hotspot.agent jdk.httpserver jdk.internal.le jdk.internal.vm.ci jdk.internal.vm.compiler jdk.internal.vm.compiler.management jdk.jartool jdk.javadoc jdk.jcmd jdk.management jdk.management.agent jdk.jconsole jdk.jdeps jdk.jdwp.agent jdk.jdi jdk.jfr jdk.jshell jdk.jsobject jdk.jstatd jdk.localedata jdk.management.jfr jdk.naming.dns jdk.naming.rmi jdk.net jdk.nio.mapmode jdk.random jdk.sctp jdk.security.auth jdk.security.jgss jdk.unsupported jdk.unsupported.desktop jdk.xml.dom" 

Environment Variables:
JAVA_HOME=C:\Program Files\Microsoft\jdk-17.0.10.7-hotspot\
PATH=C:\Python312\Scripts\;C:\Python312\;C:\Program Files\Microsoft\jdk-17.0.10.7-hotspot\bin;C:\Windows\system32;C:\Windows;C:\Windows\System32\Wbem;C:\Windows\System32\WindowsPowerShell\v1.0\;C:\Windows\System32\OpenSSH\;C:\ProgramData\chocolatey\bin;C:\Program Files\Git\cmd;C:\Users\KHAN\AppData\Local\Android\Sdk\platform-tools;C:\Users\KHAN\AppData\Local\Android\Sdk\tools;C:\Program Files\nodejs\;C:\Program Files (x86)\Microsoft SQL Server\160\Tools\Binn\;C:\Program Files\Microsoft SQL Server\160\Tools\Binn\;C:\Program Files\Microsoft SQL Server\Client SDK\ODBC\170\Tools\Binn\;C:\Program Files\Microsoft SQL Server\160\DTS\Binn\;C:\Program Files\MongoDB\Server\8.2\bin;C:\tools\php85;C:\ProgramData\ComposerSetup\bin;C:\Users\KHAN\AppData\Local\Microsoft\WindowsApps;C:\Users\KHAN\AppData\Local\Programs\Microsoft VS Code\bin;C:\Users\KHAN\AppData\Local\Android\Sdk\platform-tools;C:\Users\KHAN\AppData\Local\Android\Sdk\platform-tools;C:\Users\KHAN\AppData\Roaming\npm;C:\Program Files\mongosh\;C:\Users\KHAN\AppData\Local\Programs\Antigravity\bin;C:\Users\KHAN\AppData\Roaming\Composer\vendor\bin;C:\Users\KHAN\AppData\Local\Programs\Windsurf\bin
USERNAME=KHAN
OS=Windows_NT
PROCESSOR_IDENTIFIER=Intel64 Family 6 Model 58 Stepping 9, GenuineIntel
TMP=C:\Users\KHAN\AppData\Local\Temp
TEMP=C:\Users\KHAN\AppData\Local\Temp




Periodic native trim disabled

---------------  S Y S T E M  ---------------

OS:
 Windows 10 , 64 bit Build 19041 (10.0.19041.5915)
OS uptime: 5 days 18:11 hours

CPU: total 4 (initial active 4) (2 cores per cpu, 2 threads per core) family 6 model 58 stepping 9 microcode 0x21, cx8, cmov, fxsr, ht, mmx, sse, sse2, sse3, ssse3, sse4.1, sse4.2, popcnt, tsc, tscinvbit, avx, aes, erms, clmul, vzeroupper, clflush, rdtscp, f16c
Processor Information for the first 4 processors :
  Max Mhz: 2601, Current Mhz: 2601, Mhz Limit: 2601

Memory: 4k page, system-wide physical 8095M (261M free)
TotalPageFile size 23286M (AvailPageFile size 12M)
current process WorkingSet (physical memory assigned to process): 344M, peak: 347M
current process commit charge ("private bytes"): 374M, peak: 385M

vm_info: OpenJDK 64-Bit Server VM (21.0.10+7-LTS) for windows-amd64 JRE (21.0.10+7-LTS), built on 2026-01-20T00:00:00Z by "admin" with MS VC++ 17.12 (VS2022)

END.
