#
# There is insufficient memory for the Java Runtime Environment to continue.
# Native memory allocation (malloc) failed to allocate 1418048 bytes. Error detail: Chunk::new
# Possible reasons:
#   The system is out of physical RAM or swap space
#   This process is running with CompressedOops enabled, and the Java Heap may be blocking the growth of the native heap
# Possible solutions:
#   Reduce memory load on the system
#   Increase physical memory or swap space
#   Check if swap backing store is full
#   Decrease Java heap size (-Xmx/-Xms)
#   Decrease number of Java threads
#   Decrease Java thread stack sizes (-Xss)
#   Set larger code cache with -XX:ReservedCodeCacheSize=
#   JVM is running with Unscaled Compressed Oops mode in which the Java heap is
#     placed in the first 4GB address space. The Java Heap base address is the
#     maximum limit for the native heap growth. Please use -XX:HeapBaseMinAddress
#     to set the Java Heap base and to place the Java Heap above 4GB virtual address.
# This output file may be truncated or incomplete.
#
#  Out of Memory Error (arena.cpp:168), pid=1656, tid=9196
#
# JRE version: OpenJDK Runtime Environment Temurin-21.0.10+7 (21.0.10+7) (build 21.0.10+7-LTS)
# Java VM: OpenJDK 64-Bit Server VM Temurin-21.0.10+7 (21.0.10+7-LTS, mixed mode, sharing, tiered, compressed oops, compressed class ptrs, parallel gc, windows-amd64)
# No core dump will be written. Minidumps are not enabled by default on client versions of Windows
#

---------------  S U M M A R Y ------------

Command Line: --add-modules=ALL-SYSTEM --add-opens=java.base/java.util=ALL-UNNAMED --add-opens=java.base/java.lang=ALL-UNNAMED --add-opens=java.base/sun.nio.fs=ALL-UNNAMED -Declipse.application=org.eclipse.jdt.ls.core.id1 -Dosgi.bundles.defaultStartLevel=4 -Declipse.product=org.eclipse.jdt.ls.core.product -Djava.import.generatesMetadataFilesAtProjectRoot=false -DDetectVMInstallationsJob.disabled=true -Dfile.encoding=utf8 -XX:+UseParallelGC -XX:GCTimeRatio=4 -XX:AdaptiveSizePolicyWeight=90 -Dsun.zip.disableMemoryMapping=true -Xmx2G -Xms100m -Xlog:disable -javaagent:c:\Users\KHAN\.vscode\extensions\redhat.java-1.54.0-win32-x64\lombok\lombok-1.18.39-4050.jar -XX:+HeapDumpOnOutOfMemoryError -XX:HeapDumpPath=c:\Users\KHAN\AppData\Roaming\Code\User\workspaceStorage\68ccc319445cd5e44a420bc5d8f9fddf\redhat.java -Daether.dependencyCollector.impl=bf c:\Users\KHAN\.vscode\extensions\redhat.java-1.54.0-win32-x64\server\plugins\org.eclipse.equinox.launcher_1.7.100.v20251111-0406.jar -configuration c:\Users\KHAN\AppData\Roaming\Code\User\globalStorage\redhat.java\1.54.0\config_win -data c:\Users\KHAN\AppData\Roaming\Code\User\workspaceStorage\68ccc319445cd5e44a420bc5d8f9fddf\redhat.java\jdt_ws --pipe=\\.\pipe\lsp-41fe6c5d98e4e007438f13071b318905-sock

Host: Intel(R) Core(TM) i5-3320M CPU @ 2.60GHz, 4 cores, 7G,  Windows 10 , 64 bit Build 19041 (10.0.19041.5915)
Time: Mon Apr 20 09:49:30 2026 Pakistan Standard Time elapsed time: 35.174418 seconds (0d 0h 0m 35s)

---------------  T H R E A D  ---------------

Current thread (0x0000025362f77bc0):  JavaThread "C2 CompilerThread0" daemon [_thread_in_native, id=9196, stack(0x000000deeab00000,0x000000deeac00000) (1024K)]


Current CompileTask:
C2:35174 8165   !   4       java.nio.file.FileTreeWalker::next (144 bytes)

Stack: [0x000000deeab00000,0x000000deeac00000]
Native frames: (J=compiled Java code, j=interpreted, Vv=VM code, C=native code)
V  [jvm.dll+0x6d7a39]
V  [jvm.dll+0x8b4b26]
V  [jvm.dll+0x8b70de]
V  [jvm.dll+0x8b77c3]
V  [jvm.dll+0x284346]
V  [jvm.dll+0xc66ed]
V  [jvm.dll+0xc6c31]
V  [jvm.dll+0x3bec3b]
V  [jvm.dll+0x38b162]
V  [jvm.dll+0x38a5aa]
V  [jvm.dll+0x24c560]
V  [jvm.dll+0x24bb40]
V  [jvm.dll+0x1cb34e]
V  [jvm.dll+0x25b85d]
V  [jvm.dll+0x259dea]
V  [jvm.dll+0x3f857e]
V  [jvm.dll+0x85f59d]
V  [jvm.dll+0x6d626d]
C  [ucrtbase.dll+0x21bb2]
C  [KERNEL32.DLL+0x17374]
C  [ntdll.dll+0x4cc91]


---------------  P R O C E S S  ---------------

Threads class SMR info:
_java_thread_list=0x0000025341016280, length=37, elements={
0x0000025363082c40, 0x0000025362f6d100, 0x0000025362f6ed60, 0x0000025362f72a50,
0x0000025362f736b0, 0x0000025362f74310, 0x0000025362f76d80, 0x0000025362f77bc0,
0x0000025362fe93a0, 0x000002537a70c930, 0x000002537a884eb0, 0x000002537f24a480,
0x000002537f56f250, 0x000002537f611510, 0x000002537f612760, 0x000002537f309d60,
0x00000253410d1fc0, 0x000002537f632c90, 0x000002537f404640, 0x000002537f403920,
0x000002537f402c00, 0x000002537f405360, 0x000002537f403290, 0x000002537f4059f0,
0x000002537f406080, 0x000002537f404cd0, 0x00000253435eebe0, 0x00000253435f3aa0,
0x00000253435f3410, 0x00000253435f26f0, 0x00000253435ef270, 0x00000253435f0cb0,
0x00000253435f1340, 0x00000253435f19d0, 0x00000253435f4130, 0x00000253435f4e50,
0x00000253435f2d80
}

Java Threads: ( => current thread )
  0x0000025363082c40 JavaThread "main"                              [_thread_blocked, id=19288, stack(0x000000deea100000,0x000000deea200000) (1024K)]
  0x0000025362f6d100 JavaThread "Reference Handler"          daemon [_thread_blocked, id=17484, stack(0x000000deea500000,0x000000deea600000) (1024K)]
  0x0000025362f6ed60 JavaThread "Finalizer"                  daemon [_thread_blocked, id=10612, stack(0x000000deea600000,0x000000deea700000) (1024K)]
  0x0000025362f72a50 JavaThread "Signal Dispatcher"          daemon [_thread_blocked, id=13664, stack(0x000000deea700000,0x000000deea800000) (1024K)]
  0x0000025362f736b0 JavaThread "Attach Listener"            daemon [_thread_blocked, id=12776, stack(0x000000deea800000,0x000000deea900000) (1024K)]
  0x0000025362f74310 JavaThread "Service Thread"             daemon [_thread_blocked, id=11700, stack(0x000000deea900000,0x000000deeaa00000) (1024K)]
  0x0000025362f76d80 JavaThread "Monitor Deflation Thread"   daemon [_thread_blocked, id=10796, stack(0x000000deeaa00000,0x000000deeab00000) (1024K)]
=>0x0000025362f77bc0 JavaThread "C2 CompilerThread0"         daemon [_thread_in_native, id=9196, stack(0x000000deeab00000,0x000000deeac00000) (1024K)]
  0x0000025362fe93a0 JavaThread "C1 CompilerThread0"         daemon [_thread_blocked, id=9608, stack(0x000000deeac00000,0x000000deead00000) (1024K)]
  0x000002537a70c930 JavaThread "Common-Cleaner"             daemon [_thread_blocked, id=15184, stack(0x000000deead00000,0x000000deeae00000) (1024K)]
  0x000002537a884eb0 JavaThread "Notification Thread"        daemon [_thread_blocked, id=6600, stack(0x000000deeae00000,0x000000deeaf00000) (1024K)]
  0x000002537f24a480 JavaThread "Active Thread: Equinox Container: d85d2cd6-9ef7-4962-b8db-b0aafc7b77a6"        [_thread_blocked, id=5976, stack(0x000000deeaf00000,0x000000deeb000000) (1024K)]
  0x000002537f56f250 JavaThread "Refresh Thread: Equinox Container: d85d2cd6-9ef7-4962-b8db-b0aafc7b77a6" daemon [_thread_blocked, id=18584, stack(0x000000deeb300000,0x000000deeb400000) (1024K)]
  0x000002537f611510 JavaThread "Framework Event Dispatcher: Equinox Container: d85d2cd6-9ef7-4962-b8db-b0aafc7b77a6" daemon [_thread_blocked, id=4012, stack(0x000000deeb400000,0x000000deeb500000) (1024K)]
  0x000002537f612760 JavaThread "Start Level: Equinox Container: d85d2cd6-9ef7-4962-b8db-b0aafc7b77a6" daemon [_thread_blocked, id=4988, stack(0x000000deeb500000,0x000000deeb600000) (1024K)]
  0x000002537f309d60 JavaThread "Bundle File Closer"         daemon [_thread_blocked, id=15784, stack(0x000000deeb700000,0x000000deeb800000) (1024K)]
  0x00000253410d1fc0 JavaThread "SCR Component Actor"        daemon [_thread_blocked, id=3532, stack(0x000000deeb600000,0x000000deeb700000) (1024K)]
  0x000002537f632c90 JavaThread "Worker-JM"                         [_thread_blocked, id=2384, stack(0x000000deeb800000,0x000000deeb900000) (1024K)]
  0x000002537f404640 JavaThread "JNA Cleaner"                daemon [_thread_blocked, id=6360, stack(0x000000deeb900000,0x000000deeba00000) (1024K)]
  0x000002537f403920 JavaThread "Worker-0"                          [_thread_blocked, id=8000, stack(0x000000deebb00000,0x000000deebc00000) (1024K)]
  0x000002537f402c00 JavaThread "Worker-1"                          [_thread_blocked, id=18744, stack(0x000000deebc00000,0x000000deebd00000) (1024K)]
  0x000002537f405360 JavaThread "Worker-2"                          [_thread_blocked, id=15296, stack(0x000000deeba00000,0x000000deebb00000) (1024K)]
  0x000002537f403290 JavaThread "Worker-3"                          [_thread_blocked, id=3352, stack(0x000000deebe00000,0x000000deebf00000) (1024K)]
  0x000002537f4059f0 JavaThread "Java indexing"              daemon [_thread_blocked, id=9820, stack(0x000000deebf00000,0x000000deec000000) (1024K)]
  0x000002537f406080 JavaThread "Worker-4: Initialize workspace"        [_thread_in_Java, id=1316, stack(0x000000deec200000,0x000000deec300000) (1024K)]
  0x000002537f404cd0 JavaThread "Thread-1"                   daemon [_thread_in_native, id=14528, stack(0x000000deec300000,0x000000deec400000) (1024K)]
  0x00000253435eebe0 JavaThread "Thread-2"                   daemon [_thread_in_native, id=13836, stack(0x000000deec400000,0x000000deec500000) (1024K)]
  0x00000253435f3aa0 JavaThread "Thread-3"                   daemon [_thread_in_native, id=12816, stack(0x000000deec500000,0x000000deec600000) (1024K)]
  0x00000253435f3410 JavaThread "Thread-4"                   daemon [_thread_in_native, id=5640, stack(0x000000deec600000,0x000000deec700000) (1024K)]
  0x00000253435f26f0 JavaThread "Thread-5"                   daemon [_thread_in_native, id=14392, stack(0x000000deec700000,0x000000deec800000) (1024K)]
  0x00000253435ef270 JavaThread "pool-2-thread-1"                   [_thread_blocked, id=17744, stack(0x000000deec800000,0x000000deec900000) (1024K)]
  0x00000253435f0cb0 JavaThread "WorkspaceEventsHandler"            [_thread_blocked, id=12976, stack(0x000000deec900000,0x000000deeca00000) (1024K)]
  0x00000253435f1340 JavaThread "pool-1-thread-1"                   [_thread_blocked, id=11920, stack(0x000000deeca00000,0x000000deecb00000) (1024K)]
  0x00000253435f19d0 JavaThread "ForkJoinPool.commonPool-worker-1" daemon [_thread_blocked, id=18340, stack(0x000000deebd00000,0x000000deebe00000) (1024K)]
  0x00000253435f4130 JavaThread "ForkJoinPool.commonPool-worker-2" daemon [_thread_blocked, id=18144, stack(0x000000deecb00000,0x000000deecc00000) (1024K)]
  0x00000253435f4e50 JavaThread "ForkJoinPool.commonPool-worker-3" daemon [_thread_blocked, id=17644, stack(0x000000deecc00000,0x000000deecd00000) (1024K)]
  0x00000253435f2d80 JavaThread "Timer-0"                           [_thread_blocked, id=14588, stack(0x000000deecd00000,0x000000deece00000) (1024K)]
Total: 37

Other Threads:
  0x0000025363142920 VMThread "VM Thread"                           [id=5016, stack(0x000000deea400000,0x000000deea500000) (1024K)]
  0x0000025362f1bc60 WatcherThread "VM Periodic Task Thread"        [id=4912, stack(0x000000deea300000,0x000000deea400000) (1024K)]
  0x000002536309f780 WorkerThread "GC Thread#0"                     [id=1348, stack(0x000000deea200000,0x000000deea300000) (1024K)]
  0x000002537f2a76b0 WorkerThread "GC Thread#1"                     [id=11384, stack(0x000000deeb000000,0x000000deeb100000) (1024K)]
  0x000002537f2a7a60 WorkerThread "GC Thread#2"                     [id=14432, stack(0x000000deeb100000,0x000000deeb200000) (1024K)]
  0x000002537f2a7e10 WorkerThread "GC Thread#3"                     [id=7612, stack(0x000000deeb200000,0x000000deeb300000) (1024K)]
Total: 6

Threads with active compile tasks:
C2 CompilerThread0  35227 8165   !   4       java.nio.file.FileTreeWalker::next (144 bytes)
Total: 1

VM state: not at safepoint (normal execution)

VM Mutex/Monitor currently owned by a thread: None

Heap address: 0x0000000080000000, size: 2048 MB, Compressed Oops mode: 32-bit

CDS archive(s) mapped at: [0x0000025300000000-0x0000025300ba0000-0x0000025300ba0000), size 12189696, SharedBaseAddress: 0x0000025300000000, ArchiveRelocationMode: 1.
Compressed class space mapped at: 0x0000025301000000-0x0000025341000000, reserved size: 1073741824
Narrow klass base: 0x0000025300000000, Narrow klass shift: 0, Narrow klass range: 0x100000000

GC Precious Log:
 CardTable entry size: 512
 CPUs: 4 total, 4 available
 Memory: 8095M
 Large Page Support: Disabled
 NUMA Support: Disabled
 Compressed Oops: Enabled (32-bit)
 Alignments: Space 512K, Generation 512K, Heap 2M
 Heap Min Capacity: 100M
 Heap Initial Capacity: 100M
 Heap Max Capacity: 2G
 Pre-touch: Disabled
 Parallel Workers: 4

Heap:
 PSYoungGen      total 3072K, used 2308K [0x00000000d5580000, 0x00000000d6200000, 0x0000000100000000)
  eden space 2560K, 70% used [0x00000000d5580000,0x00000000d57410f0,0x00000000d5800000)
  from space 512K, 100% used [0x00000000d6180000,0x00000000d6200000,0x00000000d6200000)
  to   space 1536K, 0% used [0x00000000d5f00000,0x00000000d5f00000,0x00000000d6080000)
 ParOldGen       total 91648K, used 91306K [0x0000000080000000, 0x0000000085980000, 0x00000000d5580000)
  object space 91648K, 99% used [0x0000000080000000,0x000000008592a930,0x0000000085980000)
 Metaspace       used 57709K, committed 59008K, reserved 1114112K
  class space    used 6710K, committed 7232K, reserved 1048576K

Card table byte_map: [0x0000025362a30000,0x0000025362e40000] _byte_map_base: 0x0000025362630000

Marking Bits: (ParMarkBitMap*) 0x00007ffe7c4c3450
 Begin Bits: [0x0000025375540000, 0x0000025377540000)
 End Bits:   [0x0000025377540000, 0x0000025379540000)

Polling page: 0x0000025360ec0000

Metaspace:

Usage:
  Non-class:     49.80 MB used.
      Class:      6.55 MB used.
       Both:     56.36 MB used.

Virtual space:
  Non-class space:       64.00 MB reserved,      50.56 MB ( 79%) committed,  1 nodes.
      Class space:        1.00 GB reserved,       7.06 MB ( <1%) committed,  1 nodes.
             Both:        1.06 GB reserved,      57.62 MB (  5%) committed. 

Chunk freelists:
   Non-Class:  12.52 MB
       Class:  8.77 MB
        Both:  21.28 MB

MaxMetaspaceSize: unlimited
CompressedClassSpaceSize: 1.00 GB
Initial GC threshold: 21.00 MB
Current GC threshold: 58.38 MB
CDS: on
 - commit_granule_bytes: 65536.
 - commit_granule_words: 8192.
 - virtual_space_node_default_size: 8388608.
 - enlarge_chunks_in_place: 1.
 - use_allocation_guard: 0.


Internal statistics:

num_allocs_failed_limit: 8.
num_arena_births: 1026.
num_arena_deaths: 20.
num_vsnodes_births: 2.
num_vsnodes_deaths: 0.
num_space_committed: 922.
num_space_uncommitted: 0.
num_chunks_returned_to_freelist: 29.
num_chunks_taken_from_freelist: 3523.
num_chunk_merges: 14.
num_chunk_splits: 2255.
num_chunks_enlarged: 1420.
num_inconsistent_stats: 0.

CodeHeap 'non-profiled nmethods': size=120000Kb used=4758Kb max_used=4758Kb free=115241Kb
 bounds [0x000002536dd60000, 0x000002536e210000, 0x0000025375290000]
CodeHeap 'profiled nmethods': size=120000Kb used=16239Kb max_used=16239Kb free=103760Kb
 bounds [0x0000025366290000, 0x0000025367270000, 0x000002536d7c0000]
CodeHeap 'non-nmethods': size=5760Kb used=1382Kb max_used=1433Kb free=4377Kb
 bounds [0x000002536d7c0000, 0x000002536da30000, 0x000002536dd60000]
CodeCache: size=245760Kb, used=22379Kb, max_used=22430Kb, free=223378Kb
 total_blobs=8338, nmethods=7654, adapters=590, full_count=0
Compilation: enabled, stopped_count=0, restarted_count=0

Compilation events (20 events):
Event: 35.125 Thread 0x0000025362fe93a0 8257       2       org.eclipse.osgi.container.ModuleWiring::getModuleCapabilities (18 bytes)
Event: 35.126 Thread 0x0000025362fe93a0 nmethod 8257 0x0000025367258d10 code [0x0000025367258ec0, 0x00000253672590b8]
Event: 35.129 Thread 0x0000025362fe93a0 8258       2       org.eclipse.osgi.container.ModuleDatabase$Persistence::writeWiring (453 bytes)
Event: 35.134 Thread 0x0000025362fe93a0 nmethod 8258 0x0000025367259210 code [0x00000253672597c0, 0x000002536725b2f8]
Event: 35.134 Thread 0x0000025362fe93a0 8259   !   2       java.io.RandomAccessFile::close (69 bytes)
Event: 35.135 Thread 0x0000025362fe93a0 nmethod 8259 0x000002536725c690 code [0x000002536725c860, 0x000002536725cbf0]
Event: 35.146 Thread 0x0000025362fe93a0 8260   !   2       java.util.ServiceLoader$ModuleServicesLookupIterator::hasNext (102 bytes)
Event: 35.146 Thread 0x0000025362fe93a0 nmethod 8260 0x000002536725cd90 code [0x000002536725cf80, 0x000002536725d358]
Event: 35.153 Thread 0x0000025362fe93a0 8261       2       org.eclipse.jdt.internal.compiler.parser.Scanner::internalScanIdentifierOrKeyword (5041 bytes)
Event: 35.166 Thread 0x0000025362fe93a0 nmethod 8261 0x000002536725d590 code [0x000002536725e220, 0x00000253672648f0]
Event: 35.166 Thread 0x0000025362fe93a0 8264       3       org.eclipse.core.runtime.Path::computeLength (100 bytes)
Event: 35.167 Thread 0x0000025362fe93a0 nmethod 8264 0x0000025367266b10 code [0x0000025367266d00, 0x0000025367267210]
Event: 35.167 Thread 0x0000025362fe93a0 8263       1       org.eclipse.jdt.internal.core.JavaElement::getParent (5 bytes)
Event: 35.167 Thread 0x0000025362fe93a0 nmethod 8263 0x000002536e204f10 code [0x000002536e2050a0, 0x000002536e205168]
Event: 35.167 Thread 0x0000025362fe93a0 8262       2       org.eclipse.jdt.internal.compiler.util.JRTUtil::sanitizedFileName (49 bytes)
Event: 35.168 Thread 0x0000025362fe93a0 nmethod 8262 0x0000025367267410 code [0x00000253672675e0, 0x00000253672678a8]
Event: 35.168 Thread 0x0000025362fe93a0 8265       2       org.eclipse.jdt.internal.core.JrtPackageFragmentRoot$1::visitModule (10 bytes)
Event: 35.169 Thread 0x0000025362fe93a0 nmethod 8265 0x0000025367267b10 code [0x0000025367267cc0, 0x0000025367267e60]
Event: 35.170 Thread 0x0000025362fe93a0 8266       2       java.util.AbstractMap$1$1::hasNext (10 bytes)
Event: 35.171 Thread 0x0000025362fe93a0 nmethod 8266 0x0000025367267f90 code [0x0000025367268140, 0x0000025367268278]

GC Heap History (20 events):
Event: 34.808 GC heap before
{Heap before GC invocations=174 (full 2):
 PSYoungGen      total 3072K, used 3057K [0x00000000d5580000, 0x00000000d6200000, 0x0000000100000000)
  eden space 2560K, 100% used [0x00000000d5580000,0x00000000d5800000,0x00000000d5800000)
  from space 512K, 97% used [0x00000000d6100000,0x00000000d617c400,0x00000000d6180000)
  to   space 512K, 0% used [0x00000000d6180000,0x00000000d6180000,0x00000000d6200000)
 ParOldGen       total 87040K, used 86925K [0x0000000080000000, 0x0000000085500000, 0x00000000d5580000)
  object space 87040K, 99% used [0x0000000080000000,0x00000000854e3640,0x0000000085500000)
 Metaspace       used 57435K, committed 58752K, reserved 1114112K
  class space    used 6701K, committed 7232K, reserved 1048576K
}
Event: 34.810 GC heap after
{Heap after GC invocations=174 (full 2):
 PSYoungGen      total 3072K, used 320K [0x00000000d5580000, 0x00000000d6200000, 0x0000000100000000)
  eden space 2560K, 0% used [0x00000000d5580000,0x00000000d5580000,0x00000000d5800000)
  from space 512K, 62% used [0x00000000d6180000,0x00000000d61d0010,0x00000000d6200000)
  to   space 512K, 0% used [0x00000000d6100000,0x00000000d6100000,0x00000000d6180000)
 ParOldGen       total 87552K, used 87374K [0x0000000080000000, 0x0000000085580000, 0x00000000d5580000)
  object space 87552K, 99% used [0x0000000080000000,0x0000000085553a40,0x0000000085580000)
 Metaspace       used 57435K, committed 58752K, reserved 1114112K
  class space    used 6701K, committed 7232K, reserved 1048576K
}
Event: 34.824 GC heap before
{Heap before GC invocations=175 (full 2):
 PSYoungGen      total 3072K, used 2880K [0x00000000d5580000, 0x00000000d6200000, 0x0000000100000000)
  eden space 2560K, 100% used [0x00000000d5580000,0x00000000d5800000,0x00000000d5800000)
  from space 512K, 62% used [0x00000000d6180000,0x00000000d61d0010,0x00000000d6200000)
  to   space 512K, 0% used [0x00000000d6100000,0x00000000d6100000,0x00000000d6180000)
 ParOldGen       total 87552K, used 87374K [0x0000000080000000, 0x0000000085580000, 0x00000000d5580000)
  object space 87552K, 99% used [0x0000000080000000,0x0000000085553a40,0x0000000085580000)
 Metaspace       used 57458K, committed 58752K, reserved 1114112K
  class space    used 6701K, committed 7232K, reserved 1048576K
}
Event: 34.825 GC heap after
{Heap after GC invocations=175 (full 2):
 PSYoungGen      total 3072K, used 320K [0x00000000d5580000, 0x00000000d6200000, 0x0000000100000000)
  eden space 2560K, 0% used [0x00000000d5580000,0x00000000d5580000,0x00000000d5800000)
  from space 512K, 62% used [0x00000000d6100000,0x00000000d6150000,0x00000000d6180000)
  to   space 512K, 0% used [0x00000000d6180000,0x00000000d6180000,0x00000000d6200000)
 ParOldGen       total 88064K, used 87665K [0x0000000080000000, 0x0000000085600000, 0x00000000d5580000)
  object space 88064K, 99% used [0x0000000080000000,0x000000008559c720,0x0000000085600000)
 Metaspace       used 57458K, committed 58752K, reserved 1114112K
  class space    used 6701K, committed 7232K, reserved 1048576K
}
Event: 34.904 GC heap before
{Heap before GC invocations=176 (full 2):
 PSYoungGen      total 3072K, used 2880K [0x00000000d5580000, 0x00000000d6200000, 0x0000000100000000)
  eden space 2560K, 100% used [0x00000000d5580000,0x00000000d5800000,0x00000000d5800000)
  from space 512K, 62% used [0x00000000d6100000,0x00000000d6150000,0x00000000d6180000)
  to   space 512K, 0% used [0x00000000d6180000,0x00000000d6180000,0x00000000d6200000)
 ParOldGen       total 88064K, used 87665K [0x0000000080000000, 0x0000000085600000, 0x00000000d5580000)
  object space 88064K, 99% used [0x0000000080000000,0x000000008559c720,0x0000000085600000)
 Metaspace       used 57458K, committed 58752K, reserved 1114112K
  class space    used 6701K, committed 7232K, reserved 1048576K
}
Event: 34.907 GC heap after
{Heap after GC invocations=176 (full 2):
 PSYoungGen      total 3072K, used 352K [0x00000000d5580000, 0x00000000d6200000, 0x0000000100000000)
  eden space 2560K, 0% used [0x00000000d5580000,0x00000000d5580000,0x00000000d5800000)
  from space 512K, 68% used [0x00000000d6180000,0x00000000d61d8000,0x00000000d6200000)
  to   space 512K, 0% used [0x00000000d6100000,0x00000000d6100000,0x00000000d6180000)
 ParOldGen       total 88064K, used 87921K [0x0000000080000000, 0x0000000085600000, 0x00000000d5580000)
  object space 88064K, 99% used [0x0000000080000000,0x00000000855dc720,0x0000000085600000)
 Metaspace       used 57458K, committed 58752K, reserved 1114112K
  class space    used 6701K, committed 7232K, reserved 1048576K
}
Event: 34.919 GC heap before
{Heap before GC invocations=177 (full 2):
 PSYoungGen      total 3072K, used 2912K [0x00000000d5580000, 0x00000000d6200000, 0x0000000100000000)
  eden space 2560K, 100% used [0x00000000d5580000,0x00000000d5800000,0x00000000d5800000)
  from space 512K, 68% used [0x00000000d6180000,0x00000000d61d8000,0x00000000d6200000)
  to   space 512K, 0% used [0x00000000d6100000,0x00000000d6100000,0x00000000d6180000)
 ParOldGen       total 88064K, used 87921K [0x0000000080000000, 0x0000000085600000, 0x00000000d5580000)
  object space 88064K, 99% used [0x0000000080000000,0x00000000855dc720,0x0000000085600000)
 Metaspace       used 57467K, committed 58816K, reserved 1114112K
  class space    used 6701K, committed 7232K, reserved 1048576K
}
Event: 34.921 GC heap after
{Heap after GC invocations=177 (full 2):
 PSYoungGen      total 3072K, used 320K [0x00000000d5580000, 0x00000000d6200000, 0x0000000100000000)
  eden space 2560K, 0% used [0x00000000d5580000,0x00000000d5580000,0x00000000d5800000)
  from space 512K, 62% used [0x00000000d6100000,0x00000000d6150000,0x00000000d6180000)
  to   space 512K, 0% used [0x00000000d6180000,0x00000000d6180000,0x00000000d6200000)
 ParOldGen       total 88576K, used 88209K [0x0000000080000000, 0x0000000085680000, 0x00000000d5580000)
  object space 88576K, 99% used [0x0000000080000000,0x0000000085624720,0x0000000085680000)
 Metaspace       used 57467K, committed 58816K, reserved 1114112K
  class space    used 6701K, committed 7232K, reserved 1048576K
}
Event: 34.939 GC heap before
{Heap before GC invocations=178 (full 2):
 PSYoungGen      total 3072K, used 2880K [0x00000000d5580000, 0x00000000d6200000, 0x0000000100000000)
  eden space 2560K, 100% used [0x00000000d5580000,0x00000000d5800000,0x00000000d5800000)
  from space 512K, 62% used [0x00000000d6100000,0x00000000d6150000,0x00000000d6180000)
  to   space 512K, 0% used [0x00000000d6180000,0x00000000d6180000,0x00000000d6200000)
 ParOldGen       total 88576K, used 88209K [0x0000000080000000, 0x0000000085680000, 0x00000000d5580000)
  object space 88576K, 99% used [0x0000000080000000,0x0000000085624720,0x0000000085680000)
 Metaspace       used 57467K, committed 58816K, reserved 1114112K
  class space    used 6701K, committed 7232K, reserved 1048576K
}
Event: 34.941 GC heap after
{Heap after GC invocations=178 (full 2):
 PSYoungGen      total 3072K, used 416K [0x00000000d5580000, 0x00000000d6200000, 0x0000000100000000)
  eden space 2560K, 0% used [0x00000000d5580000,0x00000000d5580000,0x00000000d5800000)
  from space 512K, 81% used [0x00000000d6180000,0x00000000d61e8010,0x00000000d6200000)
  to   space 512K, 0% used [0x00000000d6100000,0x00000000d6100000,0x00000000d6180000)
 ParOldGen       total 88576K, used 88497K [0x0000000080000000, 0x0000000085680000, 0x00000000d5580000)
  object space 88576K, 99% used [0x0000000080000000,0x000000008566c720,0x0000000085680000)
 Metaspace       used 57467K, committed 58816K, reserved 1114112K
  class space    used 6701K, committed 7232K, reserved 1048576K
}
Event: 35.025 GC heap before
{Heap before GC invocations=179 (full 2):
 PSYoungGen      total 3072K, used 2976K [0x00000000d5580000, 0x00000000d6200000, 0x0000000100000000)
  eden space 2560K, 100% used [0x00000000d5580000,0x00000000d5800000,0x00000000d5800000)
  from space 512K, 81% used [0x00000000d6180000,0x00000000d61e8010,0x00000000d6200000)
  to   space 512K, 0% used [0x00000000d6100000,0x00000000d6100000,0x00000000d6180000)
 ParOldGen       total 88576K, used 88497K [0x0000000080000000, 0x0000000085680000, 0x00000000d5580000)
  object space 88576K, 99% used [0x0000000080000000,0x000000008566c720,0x0000000085680000)
 Metaspace       used 57486K, committed 58816K, reserved 1114112K
  class space    used 6701K, committed 7232K, reserved 1048576K
}
Event: 35.028 GC heap after
{Heap after GC invocations=179 (full 2):
 PSYoungGen      total 3072K, used 496K [0x00000000d5580000, 0x00000000d6200000, 0x0000000100000000)
  eden space 2560K, 0% used [0x00000000d5580000,0x00000000d5580000,0x00000000d5800000)
  from space 512K, 96% used [0x00000000d6100000,0x00000000d617c010,0x00000000d6180000)
  to   space 512K, 0% used [0x00000000d6180000,0x00000000d6180000,0x00000000d6200000)
 ParOldGen       total 89088K, used 88937K [0x0000000080000000, 0x0000000085700000, 0x00000000d5580000)
  object space 89088K, 99% used [0x0000000080000000,0x00000000856da730,0x0000000085700000)
 Metaspace       used 57486K, committed 58816K, reserved 1114112K
  class space    used 6701K, committed 7232K, reserved 1048576K
}
Event: 35.041 GC heap before
{Heap before GC invocations=180 (full 2):
 PSYoungGen      total 3072K, used 3056K [0x00000000d5580000, 0x00000000d6200000, 0x0000000100000000)
  eden space 2560K, 100% used [0x00000000d5580000,0x00000000d5800000,0x00000000d5800000)
  from space 512K, 96% used [0x00000000d6100000,0x00000000d617c010,0x00000000d6180000)
  to   space 512K, 0% used [0x00000000d6180000,0x00000000d6180000,0x00000000d6200000)
 ParOldGen       total 89088K, used 88937K [0x0000000080000000, 0x0000000085700000, 0x00000000d5580000)
  object space 89088K, 99% used [0x0000000080000000,0x00000000856da730,0x0000000085700000)
 Metaspace       used 57486K, committed 58816K, reserved 1114112K
  class space    used 6701K, committed 7232K, reserved 1048576K
}
Event: 35.043 GC heap after
{Heap after GC invocations=180 (full 2):
 PSYoungGen      total 3072K, used 400K [0x00000000d5580000, 0x00000000d6200000, 0x0000000100000000)
  eden space 2560K, 0% used [0x00000000d5580000,0x00000000d5580000,0x00000000d5800000)
  from space 512K, 78% used [0x00000000d6180000,0x00000000d61e4010,0x00000000d6200000)
  to   space 1024K, 0% used [0x00000000d6000000,0x00000000d6000000,0x00000000d6100000)
 ParOldGen       total 89600K, used 89417K [0x0000000080000000, 0x0000000085780000, 0x00000000d5580000)
  object space 89600K, 99% used [0x0000000080000000,0x0000000085752760,0x0000000085780000)
 Metaspace       used 57486K, committed 58816K, reserved 1114112K
  class space    used 6701K, committed 7232K, reserved 1048576K
}
Event: 35.076 GC heap before
{Heap before GC invocations=181 (full 2):
 PSYoungGen      total 3072K, used 2960K [0x00000000d5580000, 0x00000000d6200000, 0x0000000100000000)
  eden space 2560K, 99% used [0x00000000d5580000,0x00000000d57ffff8,0x00000000d5800000)
  from space 512K, 78% used [0x00000000d6180000,0x00000000d61e4010,0x00000000d6200000)
  to   space 1024K, 0% used [0x00000000d6000000,0x00000000d6000000,0x00000000d6100000)
 ParOldGen       total 89600K, used 89417K [0x0000000080000000, 0x0000000085780000, 0x00000000d5580000)
  object space 89600K, 99% used [0x0000000080000000,0x0000000085752760,0x0000000085780000)
 Metaspace       used 57497K, committed 58816K, reserved 1114112K
  class space    used 6701K, committed 7232K, reserved 1048576K
}
Event: 35.077 GC heap after
{Heap after GC invocations=181 (full 2):
 PSYoungGen      total 3584K, used 480K [0x00000000d5580000, 0x00000000d6200000, 0x0000000100000000)
  eden space 2560K, 0% used [0x00000000d5580000,0x00000000d5580000,0x00000000d5800000)
  from space 1024K, 46% used [0x00000000d6000000,0x00000000d6078010,0x00000000d6100000)
  to   space 512K, 0% used [0x00000000d6180000,0x00000000d6180000,0x00000000d6200000)
 ParOldGen       total 90112K, used 89745K [0x0000000080000000, 0x0000000085800000, 0x00000000d5580000)
  object space 90112K, 99% used [0x0000000080000000,0x00000000857a4760,0x0000000085800000)
 Metaspace       used 57497K, committed 58816K, reserved 1114112K
  class space    used 6701K, committed 7232K, reserved 1048576K
}
Event: 35.093 GC heap before
{Heap before GC invocations=182 (full 2):
 PSYoungGen      total 3584K, used 3040K [0x00000000d5580000, 0x00000000d6200000, 0x0000000100000000)
  eden space 2560K, 100% used [0x00000000d5580000,0x00000000d5800000,0x00000000d5800000)
  from space 1024K, 46% used [0x00000000d6000000,0x00000000d6078010,0x00000000d6100000)
  to   space 512K, 0% used [0x00000000d6180000,0x00000000d6180000,0x00000000d6200000)
 ParOldGen       total 90112K, used 89745K [0x0000000080000000, 0x0000000085800000, 0x00000000d5580000)
  object space 90112K, 99% used [0x0000000080000000,0x00000000857a4760,0x0000000085800000)
 Metaspace       used 57497K, committed 58816K, reserved 1114112K
  class space    used 6701K, committed 7232K, reserved 1048576K
}
Event: 35.094 GC heap after
{Heap after GC invocations=182 (full 2):
 PSYoungGen      total 3072K, used 416K [0x00000000d5580000, 0x00000000d6200000, 0x0000000100000000)
  eden space 2560K, 0% used [0x00000000d5580000,0x00000000d5580000,0x00000000d5800000)
  from space 512K, 81% used [0x00000000d6180000,0x00000000d61e8000,0x00000000d6200000)
  to   space 512K, 0% used [0x00000000d6100000,0x00000000d6100000,0x00000000d6180000)
 ParOldGen       total 90624K, used 90137K [0x0000000080000000, 0x0000000085880000, 0x00000000d5580000)
  object space 90624K, 99% used [0x0000000080000000,0x0000000085806770,0x0000000085880000)
 Metaspace       used 57497K, committed 58816K, reserved 1114112K
  class space    used 6701K, committed 7232K, reserved 1048576K
}
Event: 35.115 GC heap before
{Heap before GC invocations=183 (full 2):
 PSYoungGen      total 3072K, used 2976K [0x00000000d5580000, 0x00000000d6200000, 0x0000000100000000)
  eden space 2560K, 100% used [0x00000000d5580000,0x00000000d5800000,0x00000000d5800000)
  from space 512K, 81% used [0x00000000d6180000,0x00000000d61e8000,0x00000000d6200000)
  to   space 512K, 0% used [0x00000000d6100000,0x00000000d6100000,0x00000000d6180000)
 ParOldGen       total 90624K, used 90137K [0x0000000080000000, 0x0000000085880000, 0x00000000d5580000)
  object space 90624K, 99% used [0x0000000080000000,0x0000000085806770,0x0000000085880000)
 Metaspace       used 57512K, committed 58816K, reserved 1114112K
  class space    used 6701K, committed 7232K, reserved 1048576K
}
Event: 35.118 GC heap after
{Heap after GC invocations=183 (full 2):
 PSYoungGen      total 3072K, used 480K [0x00000000d5580000, 0x00000000d6200000, 0x0000000100000000)
  eden space 2560K, 0% used [0x00000000d5580000,0x00000000d5580000,0x00000000d5800000)
  from space 512K, 93% used [0x00000000d6100000,0x00000000d6178010,0x00000000d6180000)
  to   space 512K, 0% used [0x00000000d6180000,0x00000000d6180000,0x00000000d6200000)
 ParOldGen       total 91136K, used 90787K [0x0000000080000000, 0x0000000085900000, 0x00000000d5580000)
  object space 91136K, 99% used [0x0000000080000000,0x00000000858a8f70,0x0000000085900000)
 Metaspace       used 57512K, committed 58816K, reserved 1114112K
  class space    used 6701K, committed 7232K, reserved 1048576K
}

Dll operation events (13 events):
Event: 0.019 Loaded shared library c:\Users\KHAN\.vscode\extensions\redhat.java-1.54.0-win32-x64\jre\21.0.10-win32-x86_64\bin\java.dll
Event: 0.337 Loaded shared library c:\Users\KHAN\.vscode\extensions\redhat.java-1.54.0-win32-x64\jre\21.0.10-win32-x86_64\bin\zip.dll
Event: 0.397 Loaded shared library C:\Users\KHAN\.vscode\extensions\redhat.java-1.54.0-win32-x64\jre\21.0.10-win32-x86_64\bin\instrument.dll
Event: 0.436 Loaded shared library C:\Users\KHAN\.vscode\extensions\redhat.java-1.54.0-win32-x64\jre\21.0.10-win32-x86_64\bin\net.dll
Event: 0.439 Loaded shared library C:\Users\KHAN\.vscode\extensions\redhat.java-1.54.0-win32-x64\jre\21.0.10-win32-x86_64\bin\nio.dll
Event: 0.444 Loaded shared library C:\Users\KHAN\.vscode\extensions\redhat.java-1.54.0-win32-x64\jre\21.0.10-win32-x86_64\bin\zip.dll
Event: 0.509 Loaded shared library C:\Users\KHAN\.vscode\extensions\redhat.java-1.54.0-win32-x64\jre\21.0.10-win32-x86_64\bin\jimage.dll
Event: 0.869 Loaded shared library c:\Users\KHAN\.vscode\extensions\redhat.java-1.54.0-win32-x64\jre\21.0.10-win32-x86_64\bin\verify.dll
Event: 5.659 Loaded shared library C:\Users\KHAN\AppData\Roaming\Code\User\globalStorage\redhat.java\1.54.0\config_win\org.eclipse.equinox.launcher\org.eclipse.equinox.launcher.win32.win32.x86_64_1.3.0.v20260203-2149\eclipse_11919.dll
Event: 11.414 Loaded shared library C:\Users\KHAN\AppData\Local\Temp\jna-2305610\jna6533673937885175057.dll
Event: 26.994 Loaded shared library C:\Users\KHAN\.gradle\native\1def1411415f61bf3af743bc5b6707747c0891f09f0c88961ee8f79bc544acac\windows-amd64\native-platform.dll
Event: 29.957 Loaded shared library C:\Users\KHAN\.vscode\extensions\redhat.java-1.54.0-win32-x64\jre\21.0.10-win32-x86_64\bin\management.dll
Event: 29.963 Loaded shared library C:\Users\KHAN\.vscode\extensions\redhat.java-1.54.0-win32-x64\jre\21.0.10-win32-x86_64\bin\management_ext.dll

Deoptimization events (20 events):
Event: 35.029 Thread 0x000002537f24a480 DEOPT PACKING pc=0x000002536721b4a4 sp=0x000000deeaffea70
Event: 35.029 Thread 0x000002537f24a480 DEOPT UNPACKING pc=0x000002536d814242 sp=0x000000deeaffdfc8 mode 0
Event: 35.029 Thread 0x000002537f24a480 DEOPT PACKING pc=0x000002536721b578 sp=0x000000deeaffea70
Event: 35.029 Thread 0x000002537f24a480 DEOPT UNPACKING pc=0x000002536d814242 sp=0x000000deeaffdfc8 mode 0
Event: 35.030 Thread 0x000002537f24a480 DEOPT PACKING pc=0x000002536721b4a4 sp=0x000000deeaffea70
Event: 35.030 Thread 0x000002537f24a480 DEOPT UNPACKING pc=0x000002536d814242 sp=0x000000deeaffdfc8 mode 0
Event: 35.030 Thread 0x000002537f24a480 DEOPT PACKING pc=0x000002536721b578 sp=0x000000deeaffea70
Event: 35.030 Thread 0x000002537f24a480 DEOPT UNPACKING pc=0x000002536d814242 sp=0x000000deeaffdfc8 mode 0
Event: 35.031 Thread 0x000002537f24a480 DEOPT PACKING pc=0x000002536721b578 sp=0x000000deeaffea70
Event: 35.031 Thread 0x000002537f24a480 DEOPT UNPACKING pc=0x000002536d814242 sp=0x000000deeaffdfc8 mode 0
Event: 35.032 Thread 0x000002537f24a480 DEOPT PACKING pc=0x000002536721b4a4 sp=0x000000deeaffea70
Event: 35.032 Thread 0x000002537f24a480 DEOPT UNPACKING pc=0x000002536d814242 sp=0x000000deeaffdfc8 mode 0
Event: 35.044 Thread 0x000002537f24a480 Uncommon trap: trap_request=0xffffff45 fr.pc=0x000002536ddfe328 relative=0x0000000000000148
Event: 35.044 Thread 0x000002537f24a480 Uncommon trap: reason=unstable_if action=reinterpret pc=0x000002536ddfe328 method=java.util.HashMap.getNode(Ljava/lang/Object;)Ljava/util/HashMap$Node; @ 66 c2
Event: 35.044 Thread 0x000002537f24a480 DEOPT PACKING pc=0x000002536ddfe328 sp=0x000000deeaffec40
Event: 35.044 Thread 0x000002537f24a480 DEOPT UNPACKING pc=0x000002536d813aa2 sp=0x000000deeaffeb50 mode 2
Event: 35.044 Thread 0x000002537f24a480 Uncommon trap: trap_request=0xffffff45 fr.pc=0x000002536ddfdb28 relative=0x0000000000000148
Event: 35.044 Thread 0x000002537f24a480 Uncommon trap: reason=unstable_if action=reinterpret pc=0x000002536ddfdb28 method=java.util.HashMap.getNode(Ljava/lang/Object;)Ljava/util/HashMap$Node; @ 66 c2
Event: 35.044 Thread 0x000002537f24a480 DEOPT PACKING pc=0x000002536ddfdb28 sp=0x000000deeaffeb60
Event: 35.044 Thread 0x000002537f24a480 DEOPT UNPACKING pc=0x000002536d813aa2 sp=0x000000deeaffeae0 mode 2

Classes loaded (20 events):
Event: 35.142 Loading class sun/util/cldr/CLDRTimeZoneNameProviderImpl
Event: 35.142 Loading class sun/util/locale/provider/TimeZoneNameProviderImpl
Event: 35.143 Loading class sun/util/locale/provider/TimeZoneNameProviderImpl done
Event: 35.143 Loading class sun/util/cldr/CLDRTimeZoneNameProviderImpl done
Event: 35.146 Loading class sun/util/resources/cldr/TimeZoneNames
Event: 35.147 Loading class sun/util/resources/TimeZoneNamesBundle
Event: 35.147 Loading class sun/util/resources/OpenListResourceBundle
Event: 35.147 Loading class sun/util/resources/OpenListResourceBundle done
Event: 35.147 Loading class sun/util/resources/TimeZoneNamesBundle done
Event: 35.148 Loading class sun/util/resources/cldr/TimeZoneNames done
Event: 35.148 Loading class sun/util/resources/cldr/TimeZoneNames_en
Event: 35.149 Loading class sun/util/resources/cldr/TimeZoneNames_en done
Event: 35.150 Loading class sun/util/resources/cldr/TimeZoneNames_en_US
Event: 35.150 Loading class sun/util/resources/cldr/TimeZoneNames_en_US done
Event: 35.152 Loading class sun/util/cldr/CLDRBaseLocaleDataMetaInfo$TZCanonicalIDMapHolder
Event: 35.154 Loading class sun/util/cldr/CLDRBaseLocaleDataMetaInfo$TZCanonicalIDMapHolder done
Event: 35.157 Loading class sun/util/resources/TimeZoneNames
Event: 35.158 Loading class sun/util/resources/TimeZoneNames done
Event: 35.159 Loading class sun/util/resources/TimeZoneNames_en
Event: 35.159 Loading class sun/util/resources/TimeZoneNames_en done

Classes unloaded (10 events):
Event: 13.509 Thread 0x0000025363142920 Unloading class 0x00000253011af400 'java/lang/invoke/LambdaForm$MH+0x00000253011af400'
Event: 13.509 Thread 0x0000025363142920 Unloading class 0x00000253011af000 'java/lang/invoke/LambdaForm$MH+0x00000253011af000'
Event: 13.509 Thread 0x0000025363142920 Unloading class 0x00000253011aec00 'java/lang/invoke/LambdaForm$MH+0x00000253011aec00'
Event: 13.509 Thread 0x0000025363142920 Unloading class 0x00000253011ae800 'java/lang/invoke/LambdaForm$MH+0x00000253011ae800'
Event: 13.509 Thread 0x0000025363142920 Unloading class 0x00000253011ae400 'java/lang/invoke/LambdaForm$BMH+0x00000253011ae400'
Event: 13.509 Thread 0x0000025363142920 Unloading class 0x00000253011ae000 'java/lang/invoke/LambdaForm$DMH+0x00000253011ae000'
Event: 13.509 Thread 0x0000025363142920 Unloading class 0x00000253011acc00 'java/lang/invoke/LambdaForm$DMH+0x00000253011acc00'
Event: 17.734 Thread 0x0000025363142920 Unloading class 0x00000253012df000 'java/lang/invoke/LambdaForm$DMH+0x00000253012df000'
Event: 17.734 Thread 0x0000025363142920 Unloading class 0x00000253012dd800 'java/lang/invoke/LambdaForm$MH+0x00000253012dd800'
Event: 17.734 Thread 0x0000025363142920 Unloading class 0x00000253012da400 'java/lang/invoke/LambdaForm$MH+0x00000253012da400'

Classes redefined (0 events):
No events

Internal exceptions (20 events):
Event: 32.912 Thread 0x000002537f402c00 Exception <a 'sun/nio/fs/WindowsException'{0x00000000d5612e20}> (0x00000000d5612e20) 
thrown [s\src\hotspot\share\prims\jni.cpp, line 520]
Event: 32.913 Thread 0x000002537f402c00 Exception <a 'sun/nio/fs/WindowsException'{0x00000000d5624e78}> (0x00000000d5624e78) 
thrown [s\src\hotspot\share\prims\jni.cpp, line 520]
Event: 32.915 Thread 0x000002537f402c00 Exception <a 'sun/nio/fs/WindowsException'{0x00000000d5636f28}> (0x00000000d5636f28) 
thrown [s\src\hotspot\share\prims\jni.cpp, line 520]
Event: 32.922 Thread 0x000002537f402c00 Exception <a 'sun/nio/fs/WindowsException'{0x00000000d5648ff8}> (0x00000000d5648ff8) 
thrown [s\src\hotspot\share\prims\jni.cpp, line 520]
Event: 33.176 Thread 0x00000253435f1340 Exception <a 'sun/nio/fs/WindowsException'{0x00000000d5724788}> (0x00000000d5724788) 
thrown [s\src\hotspot\share\prims\jni.cpp, line 520]
Event: 33.176 Thread 0x00000253435f1340 Exception <a 'sun/nio/fs/WindowsException'{0x00000000d57250a8}> (0x00000000d57250a8) 
thrown [s\src\hotspot\share\prims\jni.cpp, line 520]
Event: 33.177 Thread 0x00000253435f1340 Exception <a 'sun/nio/fs/WindowsException'{0x00000000d5728f68}> (0x00000000d5728f68) 
thrown [s\src\hotspot\share\prims\jni.cpp, line 520]
Event: 33.177 Thread 0x00000253435f1340 Exception <a 'sun/nio/fs/WindowsException'{0x00000000d5729898}> (0x00000000d5729898) 
thrown [s\src\hotspot\share\prims\jni.cpp, line 520]
Event: 33.321 Thread 0x00000253435f1340 Exception <a 'java/lang/IncompatibleClassChangeError'{0x00000000d57a6000}: Found class java.lang.Object, but interface was expected> (0x00000000d57a6000) 
thrown [s\src\hotspot\share\interpreter\linkResolver.cpp, line 840]
Event: 33.616 Thread 0x000002537f406080 Exception <a 'java/io/FileNotFoundException'{0x00000000d55d15b0}> (0x00000000d55d15b0) 
thrown [s\src\hotspot\share\prims\jni.cpp, line 520]
Event: 33.616 Thread 0x000002537f406080 Exception <a 'java/io/FileNotFoundException'{0x00000000d55d2858}> (0x00000000d55d2858) 
thrown [s\src\hotspot\share\prims\jni.cpp, line 520]
Event: 33.616 Thread 0x000002537f406080 Exception <a 'java/io/FileNotFoundException'{0x00000000d55d3860}> (0x00000000d55d3860) 
thrown [s\src\hotspot\share\prims\jni.cpp, line 520]
Event: 33.639 Thread 0x00000253435f19d0 Implicit null exception at 0x000002536e0bbb82 to 0x000002536e0bc7f4
Event: 33.763 Thread 0x000002537f406080 Exception <a 'sun/nio/fs/WindowsException'{0x00000000d5739b98}> (0x00000000d5739b98) 
thrown [s\src\hotspot\share\prims\jni.cpp, line 520]
Event: 33.763 Thread 0x000002537f406080 Exception <a 'sun/nio/fs/WindowsException'{0x00000000d573a270}> (0x00000000d573a270) 
thrown [s\src\hotspot\share\prims\jni.cpp, line 520]
Event: 33.764 Thread 0x000002537f406080 Exception <a 'sun/nio/fs/WindowsException'{0x00000000d57456a8}> (0x00000000d57456a8) 
thrown [s\src\hotspot\share\prims\jni.cpp, line 520]
Event: 33.764 Thread 0x000002537f406080 Exception <a 'sun/nio/fs/WindowsException'{0x00000000d5745d80}> (0x00000000d5745d80) 
thrown [s\src\hotspot\share\prims\jni.cpp, line 520]
Event: 33.870 Thread 0x000002537f406080 Implicit null exception at 0x000002536e050cf7 to 0x000002536e050f68
Event: 33.870 Thread 0x000002537f406080 Exception <a 'java/lang/NoSuchMethodError'{0x00000000d55f8380}: 'java.lang.Object java.lang.invoke.DelegatingMethodHandle$Holder.reinvoke_L(java.lang.Object, int, long, java.lang.Object, java.lang.Object, int, java.lang.Object)'> (0x00000000d55f8380) 
thrown [s\src\hotspot\share\interpreter\linkResolver.cpp, line 773]
Event: 34.215 Thread 0x000002537f406080 Exception <a 'java/lang/NoSuchMethodError'{0x00000000d55fb0e0}: 'java.lang.Object java.lang.invoke.Invokers$Holder.invoke_MT(java.lang.Object, java.lang.Object, java.lang.Object, java.lang.Object, java.lang.Object, java.lang.Object, java.lang.Object, java.lang.Object, java.lang.Object, java.lang.Object)'> (0x00000000d55fb0e0) 
thrown [s\src\hotspot\share\interpreter\linkResolver.cpp, line 773]

ZGC Phase Switch (0 events):
No events

VM Operations (20 events):
Event: 34.808 Executing safepoint VM operation: ParallelGCFailedAllocation (Allocation Failure)
Event: 34.810 Executing safepoint VM operation: ParallelGCFailedAllocation (Allocation Failure) done
Event: 34.824 Executing safepoint VM operation: ParallelGCFailedAllocation (Allocation Failure)
Event: 34.825 Executing safepoint VM operation: ParallelGCFailedAllocation (Allocation Failure) done
Event: 34.904 Executing safepoint VM operation: ParallelGCFailedAllocation (Allocation Failure)
Event: 34.907 Executing safepoint VM operation: ParallelGCFailedAllocation (Allocation Failure) done
Event: 34.919 Executing safepoint VM operation: ParallelGCFailedAllocation (Allocation Failure)
Event: 34.921 Executing safepoint VM operation: ParallelGCFailedAllocation (Allocation Failure) done
Event: 34.939 Executing safepoint VM operation: ParallelGCFailedAllocation (Allocation Failure)
Event: 34.941 Executing safepoint VM operation: ParallelGCFailedAllocation (Allocation Failure) done
Event: 35.025 Executing safepoint VM operation: ParallelGCFailedAllocation (Allocation Failure)
Event: 35.028 Executing safepoint VM operation: ParallelGCFailedAllocation (Allocation Failure) done
Event: 35.040 Executing safepoint VM operation: ParallelGCFailedAllocation (Allocation Failure)
Event: 35.043 Executing safepoint VM operation: ParallelGCFailedAllocation (Allocation Failure) done
Event: 35.066 Executing safepoint VM operation: ParallelGCFailedAllocation (Allocation Failure)
Event: 35.077 Executing safepoint VM operation: ParallelGCFailedAllocation (Allocation Failure) done
Event: 35.090 Executing safepoint VM operation: ParallelGCFailedAllocation (Allocation Failure)
Event: 35.095 Executing safepoint VM operation: ParallelGCFailedAllocation (Allocation Failure) done
Event: 35.115 Executing safepoint VM operation: ParallelGCFailedAllocation (Allocation Failure)
Event: 35.118 Executing safepoint VM operation: ParallelGCFailedAllocation (Allocation Failure) done

Memory protections (0 events):
No events

Nmethod flushes (20 events):
Event: 17.751 Thread 0x0000025363142920 flushing  nmethod 0x0000025366901390
Event: 17.751 Thread 0x0000025363142920 flushing  nmethod 0x0000025366901c90
Event: 17.751 Thread 0x0000025363142920 flushing  nmethod 0x0000025366902e90
Event: 17.751 Thread 0x0000025363142920 flushing  nmethod 0x0000025366903a10
Event: 17.751 Thread 0x0000025363142920 flushing  nmethod 0x0000025366904190
Event: 17.751 Thread 0x0000025363142920 flushing  nmethod 0x0000025366905710
Event: 17.751 Thread 0x0000025363142920 flushing  nmethod 0x0000025366905c10
Event: 17.751 Thread 0x0000025363142920 flushing  nmethod 0x0000025366906110
Event: 17.751 Thread 0x0000025363142920 flushing  nmethod 0x0000025366906510
Event: 17.751 Thread 0x0000025363142920 flushing  nmethod 0x0000025366906990
Event: 17.751 Thread 0x0000025363142920 flushing  nmethod 0x0000025366907910
Event: 17.751 Thread 0x0000025363142920 flushing  nmethod 0x000002536690a110
Event: 17.751 Thread 0x0000025363142920 flushing  nmethod 0x000002536690a410
Event: 17.751 Thread 0x0000025363142920 flushing  nmethod 0x0000025366914b90
Event: 17.751 Thread 0x0000025363142920 flushing  nmethod 0x0000025366961210
Event: 17.751 Thread 0x0000025363142920 flushing  nmethod 0x0000025366964190
Event: 17.751 Thread 0x0000025363142920 flushing  nmethod 0x000002536696b810
Event: 17.751 Thread 0x0000025363142920 flushing  nmethod 0x00000253669b2110
Event: 17.751 Thread 0x0000025363142920 flushing  nmethod 0x00000253669d9c90
Event: 17.751 Thread 0x0000025363142920 flushing  nmethod 0x0000025366a19890

Events (20 events):
Event: 18.641 Thread 0x0000025363082c40 Thread added: 0x00000253435ef270
Event: 19.562 Thread 0x0000025363082c40 Thread added: 0x00000253435f0cb0
Event: 19.563 Thread 0x0000025363082c40 Thread added: 0x00000253435f1340
Event: 22.740 Thread 0x000002537a7d4340 Thread exited: 0x000002537a7d4340
Event: 23.169 Thread 0x000002537f405360 Thread added: 0x00000253435f19d0
Event: 23.170 Thread 0x000002537f405360 Thread added: 0x00000253435f4130
Event: 23.173 Thread 0x00000253435f19d0 Thread added: 0x00000253435f4e50
Event: 23.525 Thread 0x0000025362fe93a0 Thread added: 0x000002537a7d72f0
Event: 23.904 Thread 0x000002537f402c00 Thread added: 0x00000253435f2060
Event: 24.046 Thread 0x000002537a7d72f0 Thread exited: 0x000002537a7d72f0
Event: 25.993 Thread 0x000002537f402c00 Thread added: 0x00000253435f2d80
Event: 26.181 Thread 0x000002537f402c00 Thread added: 0x00000253435f0620
Event: 26.525 Thread 0x0000025362fe93a0 Thread added: 0x000002537a7d50e0
Event: 26.953 Thread 0x000002537a7d50e0 Thread exited: 0x000002537a7d50e0
Event: 29.491 Thread 0x0000025362fe93a0 Thread added: 0x000002537a7d57b0
Event: 29.760 Thread 0x000002537a7d57b0 Thread exited: 0x000002537a7d57b0
Event: 30.150 Thread 0x00000253435f0620 Thread exited: 0x00000253435f0620
Event: 30.166 Thread 0x0000025362fe93a0 Thread added: 0x000002537a7d3c70
Event: 32.306 Thread 0x000002537a7d3c70 Thread exited: 0x000002537a7d3c70
Event: 32.926 Thread 0x00000253435f2060 Thread exited: 0x00000253435f2060


Dynamic libraries:
0x00007ff69fc30000 - 0x00007ff69fc3e000 	c:\Users\KHAN\.vscode\extensions\redhat.java-1.54.0-win32-x64\jre\21.0.10-win32-x86_64\bin\java.exe
0x00007ffec1a70000 - 0x00007ffec1c68000 	C:\Windows\SYSTEM32\ntdll.dll
0x00007ffec0210000 - 0x00007ffec02d2000 	C:\Windows\System32\KERNEL32.DLL
0x00007ffebf660000 - 0x00007ffebf956000 	C:\Windows\System32\KERNELBASE.dll
0x00007ffebf320000 - 0x00007ffebf420000 	C:\Windows\System32\ucrtbase.dll
0x00007ffeb2a10000 - 0x00007ffeb2a28000 	c:\Users\KHAN\.vscode\extensions\redhat.java-1.54.0-win32-x64\jre\21.0.10-win32-x86_64\bin\jli.dll
0x00007ffec0cc0000 - 0x00007ffec0e61000 	C:\Windows\System32\USER32.dll
0x00007ffebf1d0000 - 0x00007ffebf1f2000 	C:\Windows\System32\win32u.dll
0x00007ffec0c90000 - 0x00007ffec0cbb000 	C:\Windows\System32\GDI32.dll
0x00007ffebf200000 - 0x00007ffebf319000 	C:\Windows\System32\gdi32full.dll
0x00007ffebf960000 - 0x00007ffebf9fd000 	C:\Windows\System32\msvcp_win.dll
0x00007ffeaf340000 - 0x00007ffeaf35e000 	c:\Users\KHAN\.vscode\extensions\redhat.java-1.54.0-win32-x64\jre\21.0.10-win32-x86_64\bin\VCRUNTIME140.dll
0x00007ffeafc80000 - 0x00007ffeaff1b000 	C:\Windows\WinSxS\amd64_microsoft.windows.common-controls_6595b64144ccf1df_6.0.19041.6456_none_60b8a6cb71f64256\COMCTL32.dll
0x00007ffec0050000 - 0x00007ffec00ee000 	C:\Windows\System32\msvcrt.dll
0x00007ffec0150000 - 0x00007ffec017f000 	C:\Windows\System32\IMM32.DLL
0x00007ffebc400000 - 0x00007ffebc40c000 	c:\Users\KHAN\.vscode\extensions\redhat.java-1.54.0-win32-x64\jre\21.0.10-win32-x86_64\bin\vcruntime140_1.dll
0x00007ffe9ae10000 - 0x00007ffe9ae9d000 	c:\Users\KHAN\.vscode\extensions\redhat.java-1.54.0-win32-x64\jre\21.0.10-win32-x86_64\bin\msvcp140.dll
0x00007ffe7b800000 - 0x00007ffe7c5a1000 	c:\Users\KHAN\.vscode\extensions\redhat.java-1.54.0-win32-x64\jre\21.0.10-win32-x86_64\bin\server\jvm.dll
0x00007ffec0e70000 - 0x00007ffec0f21000 	C:\Windows\System32\ADVAPI32.dll
0x00007ffebfdf0000 - 0x00007ffebfe8f000 	C:\Windows\System32\sechost.dll
0x00007ffebfa90000 - 0x00007ffebfbb0000 	C:\Windows\System32\RPCRT4.dll
0x00007ffebf4d0000 - 0x00007ffebf4f7000 	C:\Windows\System32\bcrypt.dll
0x00007ffec1050000 - 0x00007ffec10bb000 	C:\Windows\System32\WS2_32.dll
0x00007ffebe640000 - 0x00007ffebe68b000 	C:\Windows\SYSTEM32\POWRPROF.dll
0x00007ffeb0ac0000 - 0x00007ffeb0ae7000 	C:\Windows\SYSTEM32\WINMM.dll
0x00007ffeb0b00000 - 0x00007ffeb0b0a000 	C:\Windows\SYSTEM32\VERSION.dll
0x00007ffebe500000 - 0x00007ffebe512000 	C:\Windows\SYSTEM32\UMPDC.dll
0x00007ffebcf70000 - 0x00007ffebcf82000 	C:\Windows\SYSTEM32\kernel.appcore.dll
0x00007ffebb360000 - 0x00007ffebb36a000 	c:\Users\KHAN\.vscode\extensions\redhat.java-1.54.0-win32-x64\jre\21.0.10-win32-x86_64\bin\jimage.dll
0x00007ffeb0030000 - 0x00007ffeb0231000 	C:\Windows\SYSTEM32\DBGHELP.DLL
0x00007ffea9b90000 - 0x00007ffea9bc4000 	C:\Windows\SYSTEM32\dbgcore.DLL
0x00007ffebfa00000 - 0x00007ffebfa82000 	C:\Windows\System32\bcryptPrimitives.dll
0x00007ffeb9120000 - 0x00007ffeb912f000 	c:\Users\KHAN\.vscode\extensions\redhat.java-1.54.0-win32-x64\jre\21.0.10-win32-x86_64\bin\instrument.dll
0x00007ffeada60000 - 0x00007ffeada80000 	c:\Users\KHAN\.vscode\extensions\redhat.java-1.54.0-win32-x64\jre\21.0.10-win32-x86_64\bin\java.dll
0x00007ffec03c0000 - 0x00007ffec0b30000 	C:\Windows\System32\SHELL32.dll
0x00007ffebd170000 - 0x00007ffebd915000 	C:\Windows\SYSTEM32\windows.storage.dll
0x00007ffec11e0000 - 0x00007ffec1534000 	C:\Windows\System32\combase.dll
0x00007ffebeb30000 - 0x00007ffebeb5b000 	C:\Windows\SYSTEM32\Wldp.dll
0x00007ffec0b30000 - 0x00007ffec0bfd000 	C:\Windows\System32\OLEAUT32.dll
0x00007ffec0fa0000 - 0x00007ffec104d000 	C:\Windows\System32\SHCORE.dll
0x00007ffec1540000 - 0x00007ffec159b000 	C:\Windows\System32\shlwapi.dll
0x00007ffebf030000 - 0x00007ffebf054000 	C:\Windows\SYSTEM32\profapi.dll
0x00007ffeaa970000 - 0x00007ffeaa988000 	c:\Users\KHAN\.vscode\extensions\redhat.java-1.54.0-win32-x64\jre\21.0.10-win32-x86_64\bin\zip.dll
0x00007ffeb8e10000 - 0x00007ffeb8e20000 	C:\Users\KHAN\.vscode\extensions\redhat.java-1.54.0-win32-x64\jre\21.0.10-win32-x86_64\bin\net.dll
0x00007ffeb6540000 - 0x00007ffeb664a000 	C:\Windows\SYSTEM32\WINHTTP.dll
0x00007ffebe890000 - 0x00007ffebe8fa000 	C:\Windows\system32\mswsock.dll
0x00007ffeaa950000 - 0x00007ffeaa966000 	C:\Users\KHAN\.vscode\extensions\redhat.java-1.54.0-win32-x64\jre\21.0.10-win32-x86_64\bin\nio.dll
0x00007ffeb8de0000 - 0x00007ffeb8df0000 	c:\Users\KHAN\.vscode\extensions\redhat.java-1.54.0-win32-x64\jre\21.0.10-win32-x86_64\bin\verify.dll
0x00007ffea2c40000 - 0x00007ffea2c85000 	C:\Users\KHAN\AppData\Roaming\Code\User\globalStorage\redhat.java\1.54.0\config_win\org.eclipse.equinox.launcher\org.eclipse.equinox.launcher.win32.win32.x86_64_1.3.0.v20260203-2149\eclipse_11919.dll
0x00007ffebfc10000 - 0x00007ffebfd3b000 	C:\Windows\System32\ole32.dll
0x00007ffebea90000 - 0x00007ffebeaa8000 	C:\Windows\SYSTEM32\CRYPTSP.dll
0x00007ffebe140000 - 0x00007ffebe178000 	C:\Windows\system32\rsaenh.dll
0x00007ffebeff0000 - 0x00007ffebf01e000 	C:\Windows\SYSTEM32\USERENV.dll
0x00007ffebea80000 - 0x00007ffebea8c000 	C:\Windows\SYSTEM32\CRYPTBASE.dll
0x00007ffebe520000 - 0x00007ffebe55b000 	C:\Windows\SYSTEM32\IPHLPAPI.DLL
0x00007ffec0040000 - 0x00007ffec0048000 	C:\Windows\System32\NSI.dll
0x00007ffea6920000 - 0x00007ffea6969000 	C:\Users\KHAN\AppData\Local\Temp\jna-2305610\jna6533673937885175057.dll
0x00007ffec0f30000 - 0x00007ffec0f38000 	C:\Windows\System32\PSAPI.DLL
0x00007ffeb6e40000 - 0x00007ffeb6e57000 	C:\Windows\SYSTEM32\dhcpcsvc6.DLL
0x00007ffeb7c30000 - 0x00007ffeb7c4d000 	C:\Windows\SYSTEM32\dhcpcsvc.DLL
0x00007ffea03b0000 - 0x00007ffea03d7000 	C:\Users\KHAN\.gradle\native\1def1411415f61bf3af743bc5b6707747c0891f09f0c88961ee8f79bc544acac\windows-amd64\native-platform.dll
0x00007ffeae4b0000 - 0x00007ffeae4ba000 	C:\Users\KHAN\.vscode\extensions\redhat.java-1.54.0-win32-x64\jre\21.0.10-win32-x86_64\bin\management.dll
0x00007ffeae2c0000 - 0x00007ffeae2cc000 	C:\Users\KHAN\.vscode\extensions\redhat.java-1.54.0-win32-x64\jre\21.0.10-win32-x86_64\bin\management_ext.dll

JVMTI agents:
c:\Users\KHAN\.vscode\extensions\redhat.java-1.54.0-win32-x64\lombok\lombok-1.18.39-4050.jar path:c:\Users\KHAN\.vscode\extensions\redhat.java-1.54.0-win32-x64\jre\21.0.10-win32-x86_64\bin\instrument.dll, loaded, initialized, instrumentlib options:none

dbghelp: loaded successfully - version: 4.0.5 - missing functions: none
symbol engine: initialized successfully - sym options: 0x614 - pdb path: .;c:\Users\KHAN\.vscode\extensions\redhat.java-1.54.0-win32-x64\jre\21.0.10-win32-x86_64\bin;C:\Windows\SYSTEM32;C:\Windows\WinSxS\amd64_microsoft.windows.common-controls_6595b64144ccf1df_6.0.19041.6456_none_60b8a6cb71f64256;c:\Users\KHAN\.vscode\extensions\redhat.java-1.54.0-win32-x64\jre\21.0.10-win32-x86_64\bin\server;C:\Users\KHAN\AppData\Roaming\Code\User\globalStorage\redhat.java\1.54.0\config_win\org.eclipse.equinox.launcher\org.eclipse.equinox.launcher.win32.win32.x86_64_1.3.0.v20260203-2149;C:\Users\KHAN\AppData\Local\Temp\jna-2305610;C:\Users\KHAN\.gradle\native\1def1411415f61bf3af743bc5b6707747c0891f09f0c88961ee8f79bc544acac\windows-amd64

VM Arguments:
jvm_args: --add-modules=ALL-SYSTEM --add-opens=java.base/java.util=ALL-UNNAMED --add-opens=java.base/java.lang=ALL-UNNAMED --add-opens=java.base/sun.nio.fs=ALL-UNNAMED -Declipse.application=org.eclipse.jdt.ls.core.id1 -Dosgi.bundles.defaultStartLevel=4 -Declipse.product=org.eclipse.jdt.ls.core.product -Djava.import.generatesMetadataFilesAtProjectRoot=false -DDetectVMInstallationsJob.disabled=true -Dfile.encoding=utf8 -XX:+UseParallelGC -XX:GCTimeRatio=4 -XX:AdaptiveSizePolicyWeight=90 -Dsun.zip.disableMemoryMapping=true -Xmx2G -Xms100m -Xlog:disable -javaagent:c:\Users\KHAN\.vscode\extensions\redhat.java-1.54.0-win32-x64\lombok\lombok-1.18.39-4050.jar -XX:+HeapDumpOnOutOfMemoryError -XX:HeapDumpPath=c:\Users\KHAN\AppData\Roaming\Code\User\workspaceStorage\68ccc319445cd5e44a420bc5d8f9fddf\redhat.java -Daether.dependencyCollector.impl=bf 
java_command: c:\Users\KHAN\.vscode\extensions\redhat.java-1.54.0-win32-x64\server\plugins\org.eclipse.equinox.launcher_1.7.100.v20251111-0406.jar -configuration c:\Users\KHAN\AppData\Roaming\Code\User\globalStorage\redhat.java\1.54.0\config_win -data c:\Users\KHAN\AppData\Roaming\Code\User\workspaceStorage\68ccc319445cd5e44a420bc5d8f9fddf\redhat.java\jdt_ws --pipe=\\.\pipe\lsp-41fe6c5d98e4e007438f13071b318905-sock
java_class_path (initial): c:\Users\KHAN\.vscode\extensions\redhat.java-1.54.0-win32-x64\server\plugins\org.eclipse.equinox.launcher_1.7.100.v20251111-0406.jar
Launcher Type: SUN_STANDARD

[Global flags]
    uintx AdaptiveSizePolicyWeight                 = 90                                        {product} {command line}
     intx CICompilerCount                          = 3                                         {product} {ergonomic}
    uintx GCTimeRatio                              = 4                                         {product} {command line}
     bool HeapDumpOnOutOfMemoryError               = true                                   {manageable} {command line}
    ccstr HeapDumpPath                             = c:\Users\KHAN\AppData\Roaming\Code\User\workspaceStorage\68ccc319445cd5e44a420bc5d8f9fddf\redhat.java         {manageable} {command line}
   size_t InitialHeapSize                          = 104857600                                 {product} {command line}
   size_t MaxHeapSize                              = 2147483648                                {product} {command line}
   size_t MaxNewSize                               = 715653120                                 {product} {ergonomic}
   size_t MinHeapDeltaBytes                        = 524288                                    {product} {ergonomic}
   size_t MinHeapSize                              = 104857600                                 {product} {command line}
   size_t NewSize                                  = 34603008                                  {product} {ergonomic}
    uintx NonNMethodCodeHeapSize                   = 5832780                                {pd product} {ergonomic}
    uintx NonProfiledCodeHeapSize                  = 122912730                              {pd product} {ergonomic}
   size_t OldSize                                  = 70254592                                  {product} {ergonomic}
    uintx ProfiledCodeHeapSize                     = 122912730                              {pd product} {ergonomic}
    uintx ReservedCodeCacheSize                    = 251658240                              {pd product} {ergonomic}
     bool SegmentedCodeCache                       = true                                      {product} {ergonomic}
   size_t SoftMaxHeapSize                          = 2147483648                             {manageable} {ergonomic}
     bool UseCompressedOops                        = true                           {product lp64_product} {ergonomic}
     bool UseLargePagesIndividualAllocation        = false                                  {pd product} {ergonomic}
     bool UseParallelGC                            = true                                      {product} {command line}

Logging:
Log output configuration:
 #0: stdout all=off uptime,level,tags foldmultilines=false
 #1: stderr all=off uptime,level,tags foldmultilines=false

Release file:
JAVA_VERSION="21.0.10" 
MODULES="java.base java.compiler java.datatransfer java.xml java.prefs java.desktop java.instrument java.logging java.management java.security.sasl java.naming java.rmi java.management.rmi java.net.http java.scripting java.security.jgss java.transaction.xa java.sql java.sql.rowset java.xml.crypto java.se java.smartcardio jdk.accessibility jdk.internal.jvmstat jdk.attach jdk.charsets jdk.internal.opt jdk.zipfs jdk.compiler jdk.crypto.ec jdk.crypto.cryptoki jdk.crypto.mscapi jdk.dynalink jdk.internal.ed jdk.editpad jdk.hotspot.agent jdk.httpserver jdk.internal.le jdk.internal.vm.ci jdk.internal.vm.compiler jdk.internal.vm.compiler.management jdk.jartool jdk.javadoc jdk.jcmd jdk.management jdk.management.agent jdk.jconsole jdk.jdeps jdk.jdwp.agent jdk.jdi jdk.jfr jdk.jshell jdk.jsobject jdk.jstatd jdk.localedata jdk.management.jfr jdk.naming.dns jdk.naming.rmi jdk.net jdk.nio.mapmode jdk.random jdk.sctp jdk.security.auth jdk.security.jgss jdk.unsupported jdk.unsupported.desktop jdk.xml.dom" 

Environment Variables:
JAVA_HOME=C:\Program Files\Microsoft\jdk-17.0.10.7-hotspot\
PATH=C:\Python312\Scripts\;C:\Python312\;C:\Program Files\Microsoft\jdk-17.0.10.7-hotspot\bin;C:\Windows\system32;C:\Windows;C:\Windows\System32\Wbem;C:\Windows\System32\WindowsPowerShell\v1.0\;C:\Windows\System32\OpenSSH\;C:\ProgramData\chocolatey\bin;C:\Program Files\Git\cmd;C:\Users\KHAN\AppData\Local\Android\Sdk\platform-tools;C:\Users\KHAN\AppData\Local\Android\Sdk\tools;C:\Program Files\nodejs\;C:\Program Files (x86)\Microsoft SQL Server\160\Tools\Binn\;C:\Program Files\Microsoft SQL Server\160\Tools\Binn\;C:\Program Files\Microsoft SQL Server\Client SDK\ODBC\170\Tools\Binn\;C:\Program Files\Microsoft SQL Server\160\DTS\Binn\;C:\Program Files\MongoDB\Server\8.2\bin;C:\tools\php85;C:\ProgramData\ComposerSetup\bin;C:\Users\KHAN\AppData\Local\Microsoft\WindowsApps;C:\Users\KHAN\AppData\Local\Programs\Microsoft VS Code\bin;C:\Users\KHAN\AppData\Local\Android\Sdk\platform-tools;C:\Users\KHAN\AppData\Local\Android\Sdk\platform-tools;C:\Users\KHAN\AppData\Roaming\npm;C:\Program Files\mongosh\;C:\Users\KHAN\AppData\Local\Programs\Antigravity\bin;C:\Users\KHAN\AppData\Roaming\Composer\vendor\bin;C:\Users\KHAN\AppData\Local\Programs\Windsurf\bin
USERNAME=KHAN
OS=Windows_NT
PROCESSOR_IDENTIFIER=Intel64 Family 6 Model 58 Stepping 9, GenuineIntel
TMP=C:\Users\KHAN\AppData\Local\Temp
TEMP=C:\Users\KHAN\AppData\Local\Temp




Periodic native trim disabled

---------------  S Y S T E M  ---------------

OS:
 Windows 10 , 64 bit Build 19041 (10.0.19041.5915)
OS uptime: 5 days 18:21 hours

CPU: total 4 (initial active 4) (2 cores per cpu, 2 threads per core) family 6 model 58 stepping 9 microcode 0x21, cx8, cmov, fxsr, ht, mmx, sse, sse2, sse3, ssse3, sse4.1, sse4.2, popcnt, tsc, tscinvbit, avx, aes, erms, clmul, vzeroupper, clflush, rdtscp, f16c
Processor Information for the first 4 processors :
  Max Mhz: 2601, Current Mhz: 2601, Mhz Limit: 2601

Memory: 4k page, system-wide physical 8095M (324M free)
TotalPageFile size 23286M (AvailPageFile size 5M)
current process WorkingSet (physical memory assigned to process): 288M, peak: 288M
current process commit charge ("private bytes"): 355M, peak: 356M

vm_info: OpenJDK 64-Bit Server VM (21.0.10+7-LTS) for windows-amd64 JRE (21.0.10+7-LTS), built on 2026-01-20T00:00:00Z by "admin" with MS VC++ 17.12 (VS2022)

END.
