#
# There is insufficient memory for the Java Runtime Environment to continue.
# Native memory allocation (malloc) failed to allocate 260736 bytes. Error detail: Chunk::new
# Possible reasons:
#   The system is out of physical RAM or swap space
#   This process is running with CompressedOops enabled, and the Java Heap may be blocking the growth of the native heap
# Possible solutions:
#   Reduce memory load on the system
#   Increase physical memory or swap space
#   Check if swap backing store is full
#   Decrease Java heap size (-Xmx/-Xms)
#   Decrease number of Java threads
#   Decrease Java thread stack sizes (-Xss)
#   Set larger code cache with -XX:ReservedCodeCacheSize=
#   JVM is running with Unscaled Compressed Oops mode in which the Java heap is
#     placed in the first 4GB address space. The Java Heap base address is the
#     maximum limit for the native heap growth. Please use -XX:HeapBaseMinAddress
#     to set the Java Heap base and to place the Java Heap above 4GB virtual address.
# This output file may be truncated or incomplete.
#
#  Out of Memory Error (arena.cpp:168), pid=6672, tid=17716
#
# JRE version: OpenJDK Runtime Environment Temurin-21.0.10+7 (21.0.10+7) (build 21.0.10+7-LTS)
# Java VM: OpenJDK 64-Bit Server VM Temurin-21.0.10+7 (21.0.10+7-LTS, mixed mode, sharing, tiered, compressed oops, compressed class ptrs, parallel gc, windows-amd64)
# No core dump will be written. Minidumps are not enabled by default on client versions of Windows
#

---------------  S U M M A R Y ------------

Command Line: --add-modules=ALL-SYSTEM --add-opens=java.base/java.util=ALL-UNNAMED --add-opens=java.base/java.lang=ALL-UNNAMED --add-opens=java.base/sun.nio.fs=ALL-UNNAMED -Declipse.application=org.eclipse.jdt.ls.core.id1 -Dosgi.bundles.defaultStartLevel=4 -Declipse.product=org.eclipse.jdt.ls.core.product -Djava.import.generatesMetadataFilesAtProjectRoot=false -DDetectVMInstallationsJob.disabled=true -Dfile.encoding=utf8 -XX:+UseParallelGC -XX:GCTimeRatio=4 -XX:AdaptiveSizePolicyWeight=90 -Dsun.zip.disableMemoryMapping=true -Xmx2G -Xms100m -Xlog:disable -javaagent:c:\Users\KHAN\.vscode\extensions\redhat.java-1.53.0-win32-x64\lombok\lombok-1.18.39-4050.jar -XX:+HeapDumpOnOutOfMemoryError -XX:HeapDumpPath=c:\Users\KHAN\AppData\Roaming\Code\User\workspaceStorage\68ccc319445cd5e44a420bc5d8f9fddf\redhat.java -Daether.dependencyCollector.impl=bf c:\Users\KHAN\.vscode\extensions\redhat.java-1.53.0-win32-x64\server\plugins\org.eclipse.equinox.launcher_1.7.100.v20251111-0406.jar -configuration c:\Users\KHAN\AppData\Roaming\Code\User\globalStorage\redhat.java\1.53.0\config_win -data c:\Users\KHAN\AppData\Roaming\Code\User\workspaceStorage\68ccc319445cd5e44a420bc5d8f9fddf\redhat.java\jdt_ws --pipe=\\.\pipe\lsp-0a8c3207a35d300d373635e2d93fbcfa-sock

Host: Intel(R) Core(TM) i5-3320M CPU @ 2.60GHz, 4 cores, 7G,  Windows 10 , 64 bit Build 19041 (10.0.19041.5915)
Time: Thu Apr  2 20:54:43 2026 Pakistan Standard Time elapsed time: 4.703326 seconds (0d 0h 0m 4s)

---------------  T H R E A D  ---------------

Current thread (0x000002a058ce59c0):  JavaThread "C2 CompilerThread0" daemon [_thread_in_native, id=17716, stack(0x000000e116d00000,0x000000e116e00000) (1024K)]


Current CompileTask:
C2:4703  960   !   4       java.util.jar.Attributes::read (494 bytes)

Stack: [0x000000e116d00000,0x000000e116e00000]
Native frames: (J=compiled Java code, j=interpreted, Vv=VM code, C=native code)
V  [jvm.dll+0x6d7a39]
V  [jvm.dll+0x8b4b26]
V  [jvm.dll+0x8b70de]
V  [jvm.dll+0x8b77c3]
V  [jvm.dll+0x284346]
V  [jvm.dll+0xc66ed]
V  [jvm.dll+0xc6c31]
V  [jvm.dll+0x2fb29e]
V  [jvm.dll+0x5fe884]
V  [jvm.dll+0x255b17]
V  [jvm.dll+0x255edd]
V  [jvm.dll+0x24e500]
V  [jvm.dll+0x24ba42]
V  [jvm.dll+0x1cb34e]
V  [jvm.dll+0x25b85d]
V  [jvm.dll+0x259dea]
V  [jvm.dll+0x3f857e]
V  [jvm.dll+0x85f59d]
V  [jvm.dll+0x6d626d]
C  [ucrtbase.dll+0x21bb2]
C  [KERNEL32.DLL+0x17374]
C  [ntdll.dll+0x4cc91]


---------------  P R O C E S S  ---------------

Threads class SMR info:
_java_thread_list=0x000002a070609030, length=11, elements={
0x000002a058df1960, 0x000002a058cdb920, 0x000002a058cdcf70, 0x000002a058ce05d0,
0x000002a058ce14b0, 0x000002a058ce2110, 0x000002a058ce4b80, 0x000002a058ce59c0,
0x000002a058d55ec0, 0x000002a07047b810, 0x000002a070530730
}

Java Threads: ( => current thread )
  0x000002a058df1960 JavaThread "main"                              [_thread_in_Java, id=10992, stack(0x000000e116300000,0x000000e116400000) (1024K)]
  0x000002a058cdb920 JavaThread "Reference Handler"          daemon [_thread_blocked, id=4384, stack(0x000000e116700000,0x000000e116800000) (1024K)]
  0x000002a058cdcf70 JavaThread "Finalizer"                  daemon [_thread_blocked, id=7852, stack(0x000000e116800000,0x000000e116900000) (1024K)]
  0x000002a058ce05d0 JavaThread "Signal Dispatcher"          daemon [_thread_blocked, id=11556, stack(0x000000e116900000,0x000000e116a00000) (1024K)]
  0x000002a058ce14b0 JavaThread "Attach Listener"            daemon [_thread_blocked, id=1136, stack(0x000000e116a00000,0x000000e116b00000) (1024K)]
  0x000002a058ce2110 JavaThread "Service Thread"             daemon [_thread_blocked, id=16508, stack(0x000000e116b00000,0x000000e116c00000) (1024K)]
  0x000002a058ce4b80 JavaThread "Monitor Deflation Thread"   daemon [_thread_blocked, id=8984, stack(0x000000e116c00000,0x000000e116d00000) (1024K)]
=>0x000002a058ce59c0 JavaThread "C2 CompilerThread0"         daemon [_thread_in_native, id=17716, stack(0x000000e116d00000,0x000000e116e00000) (1024K)]
  0x000002a058d55ec0 JavaThread "C1 CompilerThread0"         daemon [_thread_blocked, id=16756, stack(0x000000e116e00000,0x000000e116f00000) (1024K)]
  0x000002a07047b810 JavaThread "Common-Cleaner"             daemon [_thread_blocked, id=11184, stack(0x000000e116f00000,0x000000e117000000) (1024K)]
  0x000002a070530730 JavaThread "Notification Thread"        daemon [_thread_blocked, id=15632, stack(0x000000e117000000,0x000000e117100000) (1024K)]
Total: 11

Other Threads:
  0x000002a058eb2330 VMThread "VM Thread"                           [id=11600, stack(0x000000e116600000,0x000000e116700000) (1024K)]
  0x000002a058c8cb40 WatcherThread "VM Periodic Task Thread"        [id=22064, stack(0x000000e116500000,0x000000e116600000) (1024K)]
  0x000002a058e0f0c0 WorkerThread "GC Thread#0"                     [id=3896, stack(0x000000e116400000,0x000000e116500000) (1024K)]
Total: 3

Threads with active compile tasks:
C2 CompilerThread0  4753  960   !   4       java.util.jar.Attributes::read (494 bytes)
Total: 1

VM state: not at safepoint (normal execution)

VM Mutex/Monitor currently owned by a thread: None

Heap address: 0x0000000080000000, size: 2048 MB, Compressed Oops mode: 32-bit

CDS archive(s) mapped at: [0x000002a000000000-0x000002a000ba0000-0x000002a000ba0000), size 12189696, SharedBaseAddress: 0x000002a000000000, ArchiveRelocationMode: 1.
Compressed class space mapped at: 0x000002a001000000-0x000002a041000000, reserved size: 1073741824
Narrow klass base: 0x000002a000000000, Narrow klass shift: 0, Narrow klass range: 0x100000000

GC Precious Log:
 CardTable entry size: 512
 CPUs: 4 total, 4 available
 Memory: 8095M
 Large Page Support: Disabled
 NUMA Support: Disabled
 Compressed Oops: Enabled (32-bit)
 Alignments: Space 512K, Generation 512K, Heap 2M
 Heap Min Capacity: 100M
 Heap Initial Capacity: 100M
 Heap Max Capacity: 2G
 Pre-touch: Disabled
 Parallel Workers: 4

Heap:
 PSYoungGen      total 29696K, used 19928K [0x00000000d5580000, 0x00000000d7680000, 0x0000000100000000)
  eden space 25600K, 77% used [0x00000000d5580000,0x00000000d68f6210,0x00000000d6e80000)
  from space 4096K, 0% used [0x00000000d7280000,0x00000000d7280000,0x00000000d7680000)
  to   space 4096K, 0% used [0x00000000d6e80000,0x00000000d6e80000,0x00000000d7280000)
 ParOldGen       total 68608K, used 0K [0x0000000080000000, 0x0000000084300000, 0x00000000d5580000)
  object space 68608K, 0% used [0x0000000080000000,0x0000000080000000,0x0000000084300000)
 Metaspace       used 3575K, committed 3840K, reserved 1114112K
  class space    used 390K, committed 512K, reserved 1048576K

Card table byte_map: [0x000002a0587a0000,0x000002a058bb0000] _byte_map_base: 0x000002a0583a0000

Marking Bits: (ParMarkBitMap*) 0x00007ff87e273450
 Begin Bits: [0x000002a06b2b0000, 0x000002a06d2b0000)
 End Bits:   [0x000002a06d2b0000, 0x000002a06f2b0000)

Polling page: 0x000002a056a90000

Metaspace:

Usage:
  Non-class:      3.11 MB used.
      Class:    390.24 KB used.
       Both:      3.49 MB used.

Virtual space:
  Non-class space:       64.00 MB reserved,       3.25 MB (  5%) committed,  1 nodes.
      Class space:        1.00 GB reserved,     512.00 KB ( <1%) committed,  1 nodes.
             Both:        1.06 GB reserved,       3.75 MB ( <1%) committed. 

Chunk freelists:
   Non-Class:  11.45 MB
       Class:  15.47 MB
        Both:  26.93 MB

MaxMetaspaceSize: unlimited
CompressedClassSpaceSize: 1.00 GB
Initial GC threshold: 21.00 MB
Current GC threshold: 21.00 MB
CDS: on
 - commit_granule_bytes: 65536.
 - commit_granule_words: 8192.
 - virtual_space_node_default_size: 8388608.
 - enlarge_chunks_in_place: 1.
 - use_allocation_guard: 0.


Internal statistics:

num_allocs_failed_limit: 0.
num_arena_births: 170.
num_arena_deaths: 0.
num_vsnodes_births: 2.
num_vsnodes_deaths: 0.
num_space_committed: 60.
num_space_uncommitted: 0.
num_chunks_returned_to_freelist: 0.
num_chunks_taken_from_freelist: 215.
num_chunk_merges: 0.
num_chunk_splits: 140.
num_chunks_enlarged: 77.
num_inconsistent_stats: 0.

CodeHeap 'non-profiled nmethods': size=120000Kb used=408Kb max_used=408Kb free=119591Kb
 bounds [0x000002a063ad0000, 0x000002a063d40000, 0x000002a06b000000]
CodeHeap 'profiled nmethods': size=120000Kb used=1508Kb max_used=1508Kb free=118491Kb
 bounds [0x000002a05c000000, 0x000002a05c270000, 0x000002a063530000]
CodeHeap 'non-nmethods': size=5760Kb used=1190Kb max_used=1206Kb free=4569Kb
 bounds [0x000002a063530000, 0x000002a0637a0000, 0x000002a063ad0000]
CodeCache: size=245760Kb, used=3106Kb, max_used=3122Kb, free=242651Kb
 total_blobs=1416, nmethods=966, adapters=357, full_count=0
Compilation: enabled, stopped_count=0, restarted_count=0

Compilation events (20 events):
Event: 4.636 Thread 0x000002a058d55ec0  954  s    3       java.io.ByteArrayOutputStream::toString (18 bytes)
Event: 4.636 Thread 0x000002a058d55ec0 nmethod 954 0x000002a05c175990 code [0x000002a05c175b40, 0x000002a05c175db8]
Event: 4.640 Thread 0x000002a058ce59c0 nmethod 955% 0x000002a063b33c10 code [0x000002a063b33dc0, 0x000002a063b34160]
Event: 4.641 Thread 0x000002a058ce59c0  956       4       sun.security.util.ManifestDigester::findSection (181 bytes)
Event: 4.644 Thread 0x000002a058d55ec0  957       3       jdk.internal.misc.Unsafe::getLongUnaligned (173 bytes)
Event: 4.645 Thread 0x000002a058d55ec0 nmethod 957 0x000002a05c175e90 code [0x000002a05c176080, 0x000002a05c176460]
Event: 4.646 Thread 0x000002a058ce59c0 nmethod 956 0x000002a063b34410 code [0x000002a063b345c0, 0x000002a063b348e8]
Event: 4.646 Thread 0x000002a058ce59c0  958       4       java.util.jar.Manifest$FastInputStream::readLine (296 bytes)
Event: 4.646 Thread 0x000002a058d55ec0  959       3       java.lang.String::<init> (16 bytes)
Event: 4.647 Thread 0x000002a058d55ec0 nmethod 959 0x000002a05c176590 code [0x000002a05c176760, 0x000002a05c176a18]
Event: 4.651 Thread 0x000002a058d55ec0  962  s    1       java.io.ByteArrayOutputStream::size (5 bytes)
Event: 4.651 Thread 0x000002a058d55ec0 nmethod 962 0x000002a063b34b90 code [0x000002a063b34d20, 0x000002a063b34ea8]
Event: 4.651 Thread 0x000002a058d55ec0  964       3       java.util.Arrays::equals (43 bytes)
Event: 4.651 Thread 0x000002a058d55ec0 nmethod 964 0x000002a05c176b90 code [0x000002a05c176d60, 0x000002a05c177028]
Event: 4.651 Thread 0x000002a058d55ec0  965       3       sun.security.util.ObjectIdentifier::equals (36 bytes)
Event: 4.652 Thread 0x000002a058d55ec0 nmethod 965 0x000002a05c177110 code [0x000002a05c1772e0, 0x000002a05c1776d8]
Event: 4.652 Thread 0x000002a058d55ec0  963       1       sun.security.util.DerOutputStream::buf (5 bytes)
Event: 4.652 Thread 0x000002a058d55ec0 nmethod 963 0x000002a063b34f10 code [0x000002a063b350a0, 0x000002a063b35168]
Event: 4.663 Thread 0x000002a058ce59c0 nmethod 958 0x000002a063b35210 code [0x000002a063b353e0, 0x000002a063b35af0]
Event: 4.664 Thread 0x000002a058ce59c0  960   !   4       java.util.jar.Attributes::read (494 bytes)

GC Heap History (0 events):
No events

Dll operation events (8 events):
Event: 0.044 Loaded shared library c:\Users\KHAN\.vscode\extensions\redhat.java-1.53.0-win32-x64\jre\21.0.10-win32-x86_64\bin\java.dll
Event: 0.765 Loaded shared library c:\Users\KHAN\.vscode\extensions\redhat.java-1.53.0-win32-x64\jre\21.0.10-win32-x86_64\bin\zip.dll
Event: 0.868 Loaded shared library C:\Users\KHAN\.vscode\extensions\redhat.java-1.53.0-win32-x64\jre\21.0.10-win32-x86_64\bin\instrument.dll
Event: 0.878 Loaded shared library C:\Users\KHAN\.vscode\extensions\redhat.java-1.53.0-win32-x64\jre\21.0.10-win32-x86_64\bin\net.dll
Event: 0.881 Loaded shared library C:\Users\KHAN\.vscode\extensions\redhat.java-1.53.0-win32-x64\jre\21.0.10-win32-x86_64\bin\nio.dll
Event: 0.889 Loaded shared library C:\Users\KHAN\.vscode\extensions\redhat.java-1.53.0-win32-x64\jre\21.0.10-win32-x86_64\bin\zip.dll
Event: 0.949 Loaded shared library C:\Users\KHAN\.vscode\extensions\redhat.java-1.53.0-win32-x64\jre\21.0.10-win32-x86_64\bin\jimage.dll
Event: 1.530 Loaded shared library c:\Users\KHAN\.vscode\extensions\redhat.java-1.53.0-win32-x64\jre\21.0.10-win32-x86_64\bin\verify.dll

Deoptimization events (20 events):
Event: 4.204 Thread 0x000002a058df1960 Uncommon trap: trap_request=0xffffff45 fr.pc=0x000002a063b01a24 relative=0x00000000000005c4
Event: 4.204 Thread 0x000002a058df1960 Uncommon trap: reason=unstable_if action=reinterpret pc=0x000002a063b01a24 method=java.lang.AbstractStringBuilder.append(Ljava/lang/String;)Ljava/lang/AbstractStringBuilder; @ 1 c2
Event: 4.204 Thread 0x000002a058df1960 DEOPT PACKING pc=0x000002a063b01a24 sp=0x000000e1163fddf0
Event: 4.204 Thread 0x000002a058df1960 DEOPT UNPACKING pc=0x000002a063583aa2 sp=0x000000e1163fdd80 mode 2
Event: 4.621 Thread 0x000002a058df1960 Uncommon trap: trap_request=0xffffff45 fr.pc=0x000002a063b30e84 relative=0x0000000000000624
Event: 4.621 Thread 0x000002a058df1960 Uncommon trap: reason=unstable_if action=reinterpret pc=0x000002a063b30e84 method=java.util.jar.Manifest$FastInputStream.readLine([BII)I @ 130 c2
Event: 4.621 Thread 0x000002a058df1960 DEOPT PACKING pc=0x000002a063b30e84 sp=0x000000e1163fe7c0
Event: 4.621 Thread 0x000002a058df1960 DEOPT UNPACKING pc=0x000002a063583aa2 sp=0x000000e1163fe750 mode 2
Event: 4.642 Thread 0x000002a058df1960 DEOPT PACKING pc=0x000002a05c170e31 sp=0x000000e1163fea00
Event: 4.642 Thread 0x000002a058df1960 DEOPT UNPACKING pc=0x000002a063584242 sp=0x000000e1163fde78 mode 0
Event: 4.643 Thread 0x000002a058df1960 DEOPT PACKING pc=0x000002a05c170e31 sp=0x000000e1163fea00
Event: 4.643 Thread 0x000002a058df1960 DEOPT UNPACKING pc=0x000002a063584242 sp=0x000000e1163fde78 mode 0
Event: 4.643 Thread 0x000002a058df1960 DEOPT PACKING pc=0x000002a05c170e31 sp=0x000000e1163fea00
Event: 4.643 Thread 0x000002a058df1960 DEOPT UNPACKING pc=0x000002a063584242 sp=0x000000e1163fde78 mode 0
Event: 4.643 Thread 0x000002a058df1960 DEOPT PACKING pc=0x000002a05c170e31 sp=0x000000e1163fea00
Event: 4.643 Thread 0x000002a058df1960 DEOPT UNPACKING pc=0x000002a063584242 sp=0x000000e1163fde78 mode 0
Event: 4.651 Thread 0x000002a058df1960 Uncommon trap: trap_request=0xffffffc6 fr.pc=0x000002a063b32dc0 relative=0x00000000000002e0
Event: 4.651 Thread 0x000002a058df1960 Uncommon trap: reason=bimorphic_or_optimized_type_check action=maybe_recompile pc=0x000002a063b32dc0 method=java.util.HashMap.getNode(Ljava/lang/Object;)Ljava/util/HashMap$Node; @ 128 c2
Event: 4.651 Thread 0x000002a058df1960 DEOPT PACKING pc=0x000002a063b32dc0 sp=0x000000e1163fe190
Event: 4.651 Thread 0x000002a058df1960 DEOPT UNPACKING pc=0x000002a063583aa2 sp=0x000000e1163fe108 mode 2

Classes loaded (20 events):
Event: 4.492 Loading class sun/nio/fs/WindowsFileSystemProvider$1
Event: 4.492 Loading class sun/nio/fs/WindowsFileSystemProvider$1 done
Event: 4.492 Loading class sun/nio/fs/WindowsLinkSupport
Event: 4.492 Loading class sun/nio/fs/WindowsLinkSupport done
Event: 4.492 Loading class sun/nio/fs/WindowsAclFileAttributeView
Event: 4.493 Loading class sun/nio/fs/AbstractAclFileAttributeView
Event: 4.493 Loading class java/nio/file/attribute/AclFileAttributeView
Event: 4.493 Loading class java/nio/file/attribute/FileOwnerAttributeView
Event: 4.493 Loading class java/nio/file/attribute/FileOwnerAttributeView done
Event: 4.493 Loading class java/nio/file/attribute/AclFileAttributeView done
Event: 4.493 Loading class sun/nio/fs/AbstractAclFileAttributeView done
Event: 4.493 Loading class sun/nio/fs/WindowsAclFileAttributeView done
Event: 4.493 Loading class sun/nio/fs/WindowsSecurity
Event: 4.494 Loading class sun/nio/fs/WindowsSecurity done
Event: 4.494 Loading class sun/nio/fs/WindowsFileStore
Event: 4.494 Loading class java/nio/file/FileStore
Event: 4.495 Loading class java/nio/file/FileStore done
Event: 4.495 Loading class sun/nio/fs/WindowsFileStore done
Event: 4.522 Loading class java/net/URLClassLoader$1
Event: 4.522 Loading class java/net/URLClassLoader$1 done

Classes unloaded (0 events):
No events

Classes redefined (0 events):
No events

Internal exceptions (20 events):
Event: 1.147 Thread 0x000002a058df1960 Exception <a 'java/lang/NoSuchMethodError'{0x00000000d59e84a0}: 'void java.lang.invoke.DelegatingMethodHandle$Holder.reinvoke_L(java.lang.Object, java.lang.Object, java.lang.Object, int, java.lang.Object)'> (0x00000000d59e84a0) 
thrown [s\src\hotspot\share\interpreter\linkResolver.cpp, line 773]
Event: 1.154 Thread 0x000002a058df1960 Exception <a 'java/lang/NoSuchMethodError'{0x00000000d59f8f98}: 'int java.lang.invoke.DirectMethodHandle$Holder.invokeSpecial(java.lang.Object, java.lang.Object, java.lang.Object)'> (0x00000000d59f8f98) 
thrown [s\src\hotspot\share\interpreter\linkResolver.cpp, line 773]
Event: 1.159 Thread 0x000002a058df1960 Exception <a 'java/lang/NoSuchMethodError'{0x00000000d5a04c58}: 'java.lang.Object java.lang.invoke.DirectMethodHandle$Holder.invokeStatic(java.lang.Object, java.lang.Object, int)'> (0x00000000d5a04c58) 
thrown [s\src\hotspot\share\interpreter\linkResolver.cpp, line 773]
Event: 1.160 Thread 0x000002a058df1960 Exception <a 'java/lang/NoSuchMethodError'{0x00000000d5a095a8}: 'void java.lang.invoke.DirectMethodHandle$Holder.invokeStatic(java.lang.Object, java.lang.Object, int, java.lang.Object)'> (0x00000000d5a095a8) 
thrown [s\src\hotspot\share\interpreter\linkResolver.cpp, line 773]
Event: 1.163 Thread 0x000002a058df1960 Exception <a 'java/lang/NoSuchMethodError'{0x00000000d5a0d138}: 'void java.lang.invoke.DirectMethodHandle$Holder.invokeSpecial(java.lang.Object, java.lang.Object, java.lang.Object, int, java.lang.Object)'> (0x00000000d5a0d138) 
thrown [s\src\hotspot\share\interpreter\linkResolver.cpp, line 773]
Event: 1.164 Thread 0x000002a058df1960 Exception <a 'java/lang/NoSuchMethodError'{0x00000000d5a105a8}: 'void java.lang.invoke.DelegatingMethodHandle$Holder.delegate(java.lang.Object, java.lang.Object, int, java.lang.Object)'> (0x00000000d5a105a8) 
thrown [s\src\hotspot\share\interpreter\linkResolver.cpp, line 773]
Event: 2.010 Thread 0x000002a058df1960 Exception <a 'java/lang/NoSuchMethodError'{0x00000000d5bcf5d0}: 'void java.lang.invoke.DelegatingMethodHandle$Holder.reinvoke_L(java.lang.Object, java.lang.Object, java.lang.Object, int)'> (0x00000000d5bcf5d0) 
thrown [s\src\hotspot\share\interpreter\linkResolver.cpp, line 773]
Event: 3.236 Thread 0x000002a058df1960 Exception <a 'java/lang/NoSuchMethodError'{0x00000000d605aef8}: 'void java.lang.invoke.DirectMethodHandle$Holder.invokeVirtual(java.lang.Object, java.lang.Object)'> (0x00000000d605aef8) 
thrown [s\src\hotspot\share\interpreter\linkResolver.cpp, line 773]
Event: 4.009 Thread 0x000002a058df1960 Exception <a 'java/lang/NoSuchMethodError'{0x00000000d642adb8}: 'void java.lang.invoke.DirectMethodHandle$Holder.invokeStatic(java.lang.Object, java.lang.Object)'> (0x00000000d642adb8) 
thrown [s\src\hotspot\share\interpreter\linkResolver.cpp, line 773]
Event: 4.015 Thread 0x000002a058df1960 Exception <a 'java/lang/ClassNotFoundException'{0x00000000d6452f90}: sun/net/www/protocol/c/Handler> (0x00000000d6452f90) 
thrown [s\src\hotspot\share\classfile\systemDictionary.cpp, line 312]
Event: 4.197 Thread 0x000002a058df1960 Exception <a 'java/io/FileNotFoundException'{0x00000000d64b9f18}> (0x00000000d64b9f18) 
thrown [s\src\hotspot\share\prims\jni.cpp, line 520]
Event: 4.198 Thread 0x000002a058df1960 Exception <a 'java/io/FileNotFoundException'{0x00000000d64bb240}> (0x00000000d64bb240) 
thrown [s\src\hotspot\share\prims\jni.cpp, line 520]
Event: 4.198 Thread 0x000002a058df1960 Exception <a 'java/io/FileNotFoundException'{0x00000000d64bbeb8}> (0x00000000d64bbeb8) 
thrown [s\src\hotspot\share\prims\jni.cpp, line 520]
Event: 4.199 Thread 0x000002a058df1960 Exception <a 'java/io/FileNotFoundException'{0x00000000d64bc9f8}> (0x00000000d64bc9f8) 
thrown [s\src\hotspot\share\prims\jni.cpp, line 520]
Event: 4.204 Thread 0x000002a058df1960 Implicit null exception at 0x000002a063b014a4 to 0x000002a063b01a14
Event: 4.210 Thread 0x000002a058df1960 Exception <a 'java/io/FileNotFoundException'{0x00000000d64f4e48}> (0x00000000d64f4e48) 
thrown [s\src\hotspot\share\prims\jni.cpp, line 520]
Event: 4.267 Thread 0x000002a058df1960 Exception <a 'java/lang/NoSuchMethodError'{0x00000000d652e500}: 'java.lang.Object java.lang.invoke.DirectMethodHandle$Holder.invokeInterface(java.lang.Object, java.lang.Object)'> (0x00000000d652e500) 
thrown [s\src\hotspot\share\interpreter\linkResolver.cpp, line 773]
Event: 4.271 Thread 0x000002a058df1960 Exception <a 'java/lang/NoSuchMethodError'{0x00000000d6541a90}: 'java.lang.Object java.lang.invoke.Invokers$Holder.invokeExact_MT(java.lang.Object, java.lang.Object, java.lang.Object, java.lang.Object, java.lang.Object, java.lang.Object)'> (0x00000000d6541a90) 
thrown [s\src\hotspot\share\interpreter\linkResolver.cpp, line 773]
Event: 4.276 Thread 0x000002a058df1960 Exception <a 'java/lang/NoSuchMethodError'{0x00000000d6558b68}: 'int java.lang.invoke.DirectMethodHandle$Holder.invokeStatic(java.lang.Object, java.lang.Object, java.lang.Object, java.lang.Object, java.lang.Object)'> (0x00000000d6558b68) 
thrown [s\src\hotspot\share\interpreter\linkResolver.cpp, line 773]
Event: 4.391 Thread 0x000002a058df1960 Exception <a 'java/lang/NoSuchMethodError'{0x00000000d65ec6d8}: 'java.lang.Object java.lang.invoke.DirectMethodHandle$Holder.invokeInterface(java.lang.Object, java.lang.Object, int)'> (0x00000000d65ec6d8) 
thrown [s\src\hotspot\share\interpreter\linkResolver.cpp, line 773]

ZGC Phase Switch (0 events):
No events

VM Operations (12 events):
Event: 0.690 Executing non-safepoint VM operation: HandshakeAllThreads (Deoptimize)
Event: 0.690 Executing non-safepoint VM operation: HandshakeAllThreads (Deoptimize) done
Event: 1.026 Executing non-safepoint VM operation: HandshakeAllThreads (Deoptimize)
Event: 1.027 Executing non-safepoint VM operation: HandshakeAllThreads (Deoptimize) done
Event: 2.031 Executing safepoint VM operation: Cleanup
Event: 2.031 Executing safepoint VM operation: Cleanup done
Event: 3.041 Executing safepoint VM operation: Cleanup
Event: 3.041 Executing safepoint VM operation: Cleanup done
Event: 3.867 Executing non-safepoint VM operation: HandshakeAllThreads (Deoptimize)
Event: 3.867 Executing non-safepoint VM operation: HandshakeAllThreads (Deoptimize) done
Event: 4.003 Executing non-safepoint VM operation: HandshakeAllThreads (Deoptimize)
Event: 4.003 Executing non-safepoint VM operation: HandshakeAllThreads (Deoptimize) done

Memory protections (0 events):
No events

Nmethod flushes (0 events):
No events

Events (13 events):
Event: 0.164 Thread 0x000002a058df1960 Thread added: 0x000002a058df1960
Event: 0.277 Thread 0x000002a058df1960 Thread added: 0x000002a058cdb920
Event: 0.277 Thread 0x000002a058df1960 Thread added: 0x000002a058cdcf70
Event: 0.277 Thread 0x000002a058df1960 Thread added: 0x000002a058ce05d0
Event: 0.278 Thread 0x000002a058df1960 Thread added: 0x000002a058ce14b0
Event: 0.278 Thread 0x000002a058df1960 Thread added: 0x000002a058ce2110
Event: 0.278 Thread 0x000002a058df1960 Thread added: 0x000002a058ce4b80
Event: 0.278 Thread 0x000002a058df1960 Thread added: 0x000002a058ce59c0
Event: 0.347 Thread 0x000002a058df1960 Thread added: 0x000002a058d55ec0
Event: 0.873 Thread 0x000002a058df1960 Thread added: 0x000002a07047b810
Event: 2.928 Thread 0x000002a058df1960 Thread added: 0x000002a070530730
Event: 3.026 Thread 0x000002a058d55ec0 Thread added: 0x000002a070600250
Event: 3.717 Thread 0x000002a070600250 Thread exited: 0x000002a070600250


Dynamic libraries:
0x00007ff6a56f0000 - 0x00007ff6a56fe000 	c:\Users\KHAN\.vscode\extensions\redhat.java-1.53.0-win32-x64\jre\21.0.10-win32-x86_64\bin\java.exe
0x00007ff8b8f50000 - 0x00007ff8b9148000 	C:\Windows\SYSTEM32\ntdll.dll
0x00007ff8b7770000 - 0x00007ff8b7832000 	C:\Windows\System32\KERNEL32.DLL
0x00007ff8b6750000 - 0x00007ff8b6a46000 	C:\Windows\System32\KERNELBASE.dll
0x00007ff8b6be0000 - 0x00007ff8b6ce0000 	C:\Windows\System32\ucrtbase.dll
0x00007ff8ace60000 - 0x00007ff8ace78000 	c:\Users\KHAN\.vscode\extensions\redhat.java-1.53.0-win32-x64\jre\21.0.10-win32-x86_64\bin\jli.dll
0x00007ff8b7840000 - 0x00007ff8b79e1000 	C:\Windows\System32\USER32.dll
0x00007ff8b6a50000 - 0x00007ff8b6a72000 	C:\Windows\System32\win32u.dll
0x00007ff8b7150000 - 0x00007ff8b717b000 	C:\Windows\System32\GDI32.dll
0x00007ff8b6630000 - 0x00007ff8b6749000 	C:\Windows\System32\gdi32full.dll
0x00007ff8b6d70000 - 0x00007ff8b6e0d000 	C:\Windows\System32\msvcp_win.dll
0x00007ff8abff0000 - 0x00007ff8ac00e000 	c:\Users\KHAN\.vscode\extensions\redhat.java-1.53.0-win32-x64\jre\21.0.10-win32-x86_64\bin\VCRUNTIME140.dll
0x00007ff8a7770000 - 0x00007ff8a7a0b000 	C:\Windows\WinSxS\amd64_microsoft.windows.common-controls_6595b64144ccf1df_6.0.19041.6456_none_60b8a6cb71f64256\COMCTL32.dll
0x00007ff8b7200000 - 0x00007ff8b729e000 	C:\Windows\System32\msvcrt.dll
0x00007ff8b6f70000 - 0x00007ff8b6f9f000 	C:\Windows\System32\IMM32.DLL
0x00007ff8b24e0000 - 0x00007ff8b24ec000 	c:\Users\KHAN\.vscode\extensions\redhat.java-1.53.0-win32-x64\jre\21.0.10-win32-x86_64\bin\vcruntime140_1.dll
0x00007ff89f730000 - 0x00007ff89f7bd000 	c:\Users\KHAN\.vscode\extensions\redhat.java-1.53.0-win32-x64\jre\21.0.10-win32-x86_64\bin\msvcp140.dll
0x00007ff87d5b0000 - 0x00007ff87e351000 	c:\Users\KHAN\.vscode\extensions\redhat.java-1.53.0-win32-x64\jre\21.0.10-win32-x86_64\bin\server\jvm.dll
0x00007ff8b7470000 - 0x00007ff8b7521000 	C:\Windows\System32\ADVAPI32.dll
0x00007ff8b72a0000 - 0x00007ff8b733f000 	C:\Windows\System32\sechost.dll
0x00007ff8b7030000 - 0x00007ff8b7150000 	C:\Windows\System32\RPCRT4.dll
0x00007ff8b6a80000 - 0x00007ff8b6aa7000 	C:\Windows\System32\bcrypt.dll
0x00007ff8b7db0000 - 0x00007ff8b7e1b000 	C:\Windows\System32\WS2_32.dll
0x00007ff8b5b70000 - 0x00007ff8b5bbb000 	C:\Windows\SYSTEM32\POWRPROF.dll
0x00007ff8a6d00000 - 0x00007ff8a6d27000 	C:\Windows\SYSTEM32\WINMM.dll
0x00007ff8a6dc0000 - 0x00007ff8a6dca000 	C:\Windows\SYSTEM32\VERSION.dll
0x00007ff8b59e0000 - 0x00007ff8b59f2000 	C:\Windows\SYSTEM32\UMPDC.dll
0x00007ff8b4de0000 - 0x00007ff8b4df2000 	C:\Windows\SYSTEM32\kernel.appcore.dll
0x00007ff8b1f50000 - 0x00007ff8b1f5a000 	c:\Users\KHAN\.vscode\extensions\redhat.java-1.53.0-win32-x64\jre\21.0.10-win32-x86_64\bin\jimage.dll
0x00007ff8b3b80000 - 0x00007ff8b3d81000 	C:\Windows\SYSTEM32\DBGHELP.DLL
0x00007ff8a08e0000 - 0x00007ff8a0914000 	C:\Windows\SYSTEM32\dbgcore.DLL
0x00007ff8b6ce0000 - 0x00007ff8b6d62000 	C:\Windows\System32\bcryptPrimitives.dll
0x00007ff8b27c0000 - 0x00007ff8b27cf000 	c:\Users\KHAN\.vscode\extensions\redhat.java-1.53.0-win32-x64\jre\21.0.10-win32-x86_64\bin\instrument.dll
0x00007ff8a94d0000 - 0x00007ff8a94f0000 	c:\Users\KHAN\.vscode\extensions\redhat.java-1.53.0-win32-x64\jre\21.0.10-win32-x86_64\bin\java.dll
0x00007ff8b7fd0000 - 0x00007ff8b8740000 	C:\Windows\System32\SHELL32.dll
0x00007ff8b4630000 - 0x00007ff8b4dd5000 	C:\Windows\SYSTEM32\windows.storage.dll
0x00007ff8b79f0000 - 0x00007ff8b7d44000 	C:\Windows\System32\combase.dll
0x00007ff8b6010000 - 0x00007ff8b603b000 	C:\Windows\SYSTEM32\Wldp.dll
0x00007ff8b73a0000 - 0x00007ff8b746d000 	C:\Windows\System32\OLEAUT32.dll
0x00007ff8b8870000 - 0x00007ff8b891d000 	C:\Windows\System32\SHCORE.dll
0x00007ff8b6510000 - 0x00007ff8b6534000 	C:\Windows\SYSTEM32\profapi.dll
0x00007ff8a9310000 - 0x00007ff8a9328000 	c:\Users\KHAN\.vscode\extensions\redhat.java-1.53.0-win32-x64\jre\21.0.10-win32-x86_64\bin\zip.dll
0x00007ff8b11d0000 - 0x00007ff8b11e0000 	C:\Users\KHAN\.vscode\extensions\redhat.java-1.53.0-win32-x64\jre\21.0.10-win32-x86_64\bin\net.dll
0x00007ff8ae0f0000 - 0x00007ff8ae1fa000 	C:\Windows\SYSTEM32\WINHTTP.dll
0x00007ff8b5d70000 - 0x00007ff8b5dda000 	C:\Windows\system32\mswsock.dll
0x00007ff8a82e0000 - 0x00007ff8a82f6000 	C:\Users\KHAN\.vscode\extensions\redhat.java-1.53.0-win32-x64\jre\21.0.10-win32-x86_64\bin\nio.dll
0x00007ff8b27b0000 - 0x00007ff8b27c0000 	c:\Users\KHAN\.vscode\extensions\redhat.java-1.53.0-win32-x64\jre\21.0.10-win32-x86_64\bin\verify.dll

JVMTI agents:
c:\Users\KHAN\.vscode\extensions\redhat.java-1.53.0-win32-x64\lombok\lombok-1.18.39-4050.jar path:c:\Users\KHAN\.vscode\extensions\redhat.java-1.53.0-win32-x64\jre\21.0.10-win32-x86_64\bin\instrument.dll, loaded, initialized, instrumentlib options:none

dbghelp: loaded successfully - version: 4.0.5 - missing functions: none
symbol engine: initialized successfully - sym options: 0x614 - pdb path: .;c:\Users\KHAN\.vscode\extensions\redhat.java-1.53.0-win32-x64\jre\21.0.10-win32-x86_64\bin;C:\Windows\SYSTEM32;C:\Windows\WinSxS\amd64_microsoft.windows.common-controls_6595b64144ccf1df_6.0.19041.6456_none_60b8a6cb71f64256;c:\Users\KHAN\.vscode\extensions\redhat.java-1.53.0-win32-x64\jre\21.0.10-win32-x86_64\bin\server

VM Arguments:
jvm_args: --add-modules=ALL-SYSTEM --add-opens=java.base/java.util=ALL-UNNAMED --add-opens=java.base/java.lang=ALL-UNNAMED --add-opens=java.base/sun.nio.fs=ALL-UNNAMED -Declipse.application=org.eclipse.jdt.ls.core.id1 -Dosgi.bundles.defaultStartLevel=4 -Declipse.product=org.eclipse.jdt.ls.core.product -Djava.import.generatesMetadataFilesAtProjectRoot=false -DDetectVMInstallationsJob.disabled=true -Dfile.encoding=utf8 -XX:+UseParallelGC -XX:GCTimeRatio=4 -XX:AdaptiveSizePolicyWeight=90 -Dsun.zip.disableMemoryMapping=true -Xmx2G -Xms100m -Xlog:disable -javaagent:c:\Users\KHAN\.vscode\extensions\redhat.java-1.53.0-win32-x64\lombok\lombok-1.18.39-4050.jar -XX:+HeapDumpOnOutOfMemoryError -XX:HeapDumpPath=c:\Users\KHAN\AppData\Roaming\Code\User\workspaceStorage\68ccc319445cd5e44a420bc5d8f9fddf\redhat.java -Daether.dependencyCollector.impl=bf 
java_command: c:\Users\KHAN\.vscode\extensions\redhat.java-1.53.0-win32-x64\server\plugins\org.eclipse.equinox.launcher_1.7.100.v20251111-0406.jar -configuration c:\Users\KHAN\AppData\Roaming\Code\User\globalStorage\redhat.java\1.53.0\config_win -data c:\Users\KHAN\AppData\Roaming\Code\User\workspaceStorage\68ccc319445cd5e44a420bc5d8f9fddf\redhat.java\jdt_ws --pipe=\\.\pipe\lsp-0a8c3207a35d300d373635e2d93fbcfa-sock
java_class_path (initial): c:\Users\KHAN\.vscode\extensions\redhat.java-1.53.0-win32-x64\server\plugins\org.eclipse.equinox.launcher_1.7.100.v20251111-0406.jar
Launcher Type: SUN_STANDARD

[Global flags]
    uintx AdaptiveSizePolicyWeight                 = 90                                        {product} {command line}
     intx CICompilerCount                          = 3                                         {product} {ergonomic}
    uintx GCTimeRatio                              = 4                                         {product} {command line}
     bool HeapDumpOnOutOfMemoryError               = true                                   {manageable} {command line}
    ccstr HeapDumpPath                             = c:\Users\KHAN\AppData\Roaming\Code\User\workspaceStorage\68ccc319445cd5e44a420bc5d8f9fddf\redhat.java         {manageable} {command line}
   size_t InitialHeapSize                          = 104857600                                 {product} {command line}
   size_t MaxHeapSize                              = 2147483648                                {product} {command line}
   size_t MaxNewSize                               = 715653120                                 {product} {ergonomic}
   size_t MinHeapDeltaBytes                        = 524288                                    {product} {ergonomic}
   size_t MinHeapSize                              = 104857600                                 {product} {command line}
   size_t NewSize                                  = 34603008                                  {product} {ergonomic}
    uintx NonNMethodCodeHeapSize                   = 5832780                                {pd product} {ergonomic}
    uintx NonProfiledCodeHeapSize                  = 122912730                              {pd product} {ergonomic}
   size_t OldSize                                  = 70254592                                  {product} {ergonomic}
    uintx ProfiledCodeHeapSize                     = 122912730                              {pd product} {ergonomic}
    uintx ReservedCodeCacheSize                    = 251658240                              {pd product} {ergonomic}
     bool SegmentedCodeCache                       = true                                      {product} {ergonomic}
   size_t SoftMaxHeapSize                          = 2147483648                             {manageable} {ergonomic}
     bool UseCompressedOops                        = true                           {product lp64_product} {ergonomic}
     bool UseLargePagesIndividualAllocation        = false                                  {pd product} {ergonomic}
     bool UseParallelGC                            = true                                      {product} {command line}

Logging:
Log output configuration:
 #0: stdout all=off uptime,level,tags foldmultilines=false
 #1: stderr all=off uptime,level,tags foldmultilines=false

Release file:
JAVA_VERSION="21.0.10" 
MODULES="java.base java.compiler java.datatransfer java.xml java.prefs java.desktop java.instrument java.logging java.management java.security.sasl java.naming java.rmi java.management.rmi java.net.http java.scripting java.security.jgss java.transaction.xa java.sql java.sql.rowset java.xml.crypto java.se java.smartcardio jdk.accessibility jdk.internal.jvmstat jdk.attach jdk.charsets jdk.internal.opt jdk.zipfs jdk.compiler jdk.crypto.ec jdk.crypto.cryptoki jdk.crypto.mscapi jdk.dynalink jdk.internal.ed jdk.editpad jdk.hotspot.agent jdk.httpserver jdk.internal.le jdk.internal.vm.ci jdk.internal.vm.compiler jdk.internal.vm.compiler.management jdk.jartool jdk.javadoc jdk.jcmd jdk.management jdk.management.agent jdk.jconsole jdk.jdeps jdk.jdwp.agent jdk.jdi jdk.jfr jdk.jshell jdk.jsobject jdk.jstatd jdk.localedata jdk.management.jfr jdk.naming.dns jdk.naming.rmi jdk.net jdk.nio.mapmode jdk.random jdk.sctp jdk.security.auth jdk.security.jgss jdk.unsupported jdk.unsupported.desktop jdk.xml.dom" 

Environment Variables:
JAVA_HOME=C:\Program Files\Microsoft\jdk-17.0.10.7-hotspot\
PATH=C:\Python312\Scripts\;C:\Python312\;C:\Program Files\Microsoft\jdk-17.0.10.7-hotspot\bin;C:\Windows\system32;C:\Windows;C:\Windows\System32\Wbem;C:\Windows\System32\WindowsPowerShell\v1.0\;C:\Windows\System32\OpenSSH\;C:\ProgramData\chocolatey\bin;C:\Program Files\Git\cmd;C:\Users\KHAN\AppData\Local\Android\Sdk\platform-tools;C:\Users\KHAN\AppData\Local\Android\Sdk\tools;C:\Program Files\nodejs\;C:\Program Files (x86)\Microsoft SQL Server\160\Tools\Binn\;C:\Program Files\Microsoft SQL Server\160\Tools\Binn\;C:\Program Files\Microsoft SQL Server\Client SDK\ODBC\170\Tools\Binn\;C:\Program Files\Microsoft SQL Server\160\DTS\Binn\;C:\Program Files\MongoDB\Server\8.2\bin;C:\tools\php85;C:\ProgramData\ComposerSetup\bin;C:\Users\KHAN\AppData\Local\Microsoft\WindowsApps;C:\Users\KHAN\AppData\Local\Programs\Microsoft VS Code\bin;C:\Users\KHAN\AppData\Local\Android\Sdk\platform-tools;C:\Users\KHAN\AppData\Local\Android\Sdk\platform-tools;C:\Users\KHAN\AppData\Roaming\npm;C:\Program Files\mongosh\;C:\Users\KHAN\AppData\Local\Programs\Antigravity\bin;C:\Users\KHAN\AppData\Roaming\Composer\vendor\bin
USERNAME=KHAN
OS=Windows_NT
PROCESSOR_IDENTIFIER=Intel64 Family 6 Model 58 Stepping 9, GenuineIntel
TMP=C:\Users\KHAN\AppData\Local\Temp
TEMP=C:\Users\KHAN\AppData\Local\Temp




Periodic native trim disabled

---------------  S Y S T E M  ---------------

OS:
 Windows 10 , 64 bit Build 19041 (10.0.19041.5915)
OS uptime: 21 days 21:39 hours

CPU: total 4 (initial active 4) (2 cores per cpu, 2 threads per core) family 6 model 58 stepping 9 microcode 0x21, cx8, cmov, fxsr, ht, mmx, sse, sse2, sse3, ssse3, sse4.1, sse4.2, popcnt, tsc, tscinvbit, avx, aes, erms, clmul, vzeroupper, clflush, rdtscp, f16c
Processor Information for the first 4 processors :
  Max Mhz: 2601, Current Mhz: 2601, Mhz Limit: 2601

Memory: 4k page, system-wide physical 8095M (373M free)
TotalPageFile size 23278M (AvailPageFile size 0M)
current process WorkingSet (physical memory assigned to process): 63M, peak: 63M
current process commit charge ("private bytes"): 216M, peak: 217M

vm_info: OpenJDK 64-Bit Server VM (21.0.10+7-LTS) for windows-amd64 JRE (21.0.10+7-LTS), built on 2026-01-20T00:00:00Z by "admin" with MS VC++ 17.12 (VS2022)

END.
