#
# There is insufficient memory for the Java Runtime Environment to continue.
# Native memory allocation (malloc) failed to allocate 2121168 bytes. Error detail: Chunk::new
# Possible reasons:
#   The system is out of physical RAM or swap space
#   This process is running with CompressedOops enabled, and the Java Heap may be blocking the growth of the native heap
# Possible solutions:
#   Reduce memory load on the system
#   Increase physical memory or swap space
#   Check if swap backing store is full
#   Decrease Java heap size (-Xmx/-Xms)
#   Decrease number of Java threads
#   Decrease Java thread stack sizes (-Xss)
#   Set larger code cache with -XX:ReservedCodeCacheSize=
#   JVM is running with Unscaled Compressed Oops mode in which the Java heap is
#     placed in the first 4GB address space. The Java Heap base address is the
#     maximum limit for the native heap growth. Please use -XX:HeapBaseMinAddress
#     to set the Java Heap base and to place the Java Heap above 4GB virtual address.
# This output file may be truncated or incomplete.
#
#  Out of Memory Error (arena.cpp:168), pid=7092, tid=14196
#
# JRE version: OpenJDK Runtime Environment Temurin-21.0.10+7 (21.0.10+7) (build 21.0.10+7-LTS)
# Java VM: OpenJDK 64-Bit Server VM Temurin-21.0.10+7 (21.0.10+7-LTS, mixed mode, sharing, tiered, compressed oops, compressed class ptrs, g1 gc, windows-amd64)
# No core dump will be written. Minidumps are not enabled by default on client versions of Windows
#

---------------  S U M M A R Y ------------

Command Line: -XX:MaxMetaspaceSize=512m -XX:+HeapDumpOnOutOfMemoryError --add-opens=java.base/java.util=ALL-UNNAMED --add-opens=java.base/java.lang=ALL-UNNAMED --add-opens=java.base/java.lang.invoke=ALL-UNNAMED --add-opens=java.prefs/java.util.prefs=ALL-UNNAMED --add-exports=jdk.compiler/com.sun.tools.javac.api=ALL-UNNAMED --add-exports=jdk.compiler/com.sun.tools.javac.util=ALL-UNNAMED --add-opens=java.base/java.nio.charset=ALL-UNNAMED --add-opens=java.base/java.net=ALL-UNNAMED --add-opens=java.base/java.util.concurrent.atomic=ALL-UNNAMED -Xmx2048m -Dfile.encoding=UTF-8 -Duser.country=US -Duser.language=en -Duser.variant -javaagent:C:\Users\KHAN\.gradle\wrapper\dists\gradle-8.9-bin\90cnw93cvbtalezasaz0blq0a\gradle-8.9\lib\agents\gradle-instrumentation-agent-8.9.jar org.gradle.launcher.daemon.bootstrap.GradleDaemon 8.9

Host: Intel(R) Core(TM) i5-3320M CPU @ 2.60GHz, 4 cores, 7G,  Windows 10 , 64 bit Build 19041 (10.0.19041.5915)
Time: Mon Apr 20 09:40:55 2026 Pakistan Standard Time elapsed time: 10.100986 seconds (0d 0h 0m 10s)

---------------  T H R E A D  ---------------

Current thread (0x0000024dfcf26a60):  JavaThread "C2 CompilerThread1" daemon [_thread_in_native, id=14196, stack(0x0000008cb3900000,0x0000008cb3a00000) (1024K)]


Current CompileTask:
C2:10101 3766   !   4       java.lang.ClassLoader::loadClass (121 bytes)

Stack: [0x0000008cb3900000,0x0000008cb3a00000]
Native frames: (J=compiled Java code, j=interpreted, Vv=VM code, C=native code)
V  [jvm.dll+0x6d7a39]
V  [jvm.dll+0x8b4b26]
V  [jvm.dll+0x8b70de]
V  [jvm.dll+0x8b77c3]
V  [jvm.dll+0x284346]
V  [jvm.dll+0xc66ed]
V  [jvm.dll+0xc6c31]
V  [jvm.dll+0x3bec3b]
V  [jvm.dll+0x38b162]
V  [jvm.dll+0x38a5aa]
V  [jvm.dll+0x24c560]
V  [jvm.dll+0x24bb40]
V  [jvm.dll+0x1cb34e]
V  [jvm.dll+0x25b85d]
V  [jvm.dll+0x259dea]
V  [jvm.dll+0x3f857e]
V  [jvm.dll+0x85f59d]
V  [jvm.dll+0x6d626d]
C  [ucrtbase.dll+0x21bb2]
C  [KERNEL32.DLL+0x17374]
C  [ntdll.dll+0x4cc91]


---------------  P R O C E S S  ---------------

Threads class SMR info:
_java_thread_list=0x0000024dfe254ba0, length=35, elements={
0x0000024dc4474e80, 0x0000024ddb346330, 0x0000024ddb347140, 0x0000024ddb34e610,
0x0000024ddb34f070, 0x0000024ddb34fd50, 0x0000024ddb350b10, 0x0000024ddb351a50,
0x0000024ddb352850, 0x0000024ddb5ac570, 0x0000024ddb592eb0, 0x0000024dfbcc80d0,
0x0000024dfbfef0e0, 0x0000024dfbf2f240, 0x0000024dfbf049f0, 0x0000024dfbefa7c0,
0x0000024dfc189b60, 0x0000024dfc18a1d0, 0x0000024dfbf73270, 0x0000024dfbf71ec0,
0x0000024dfbf74620, 0x0000024dfbf73f90, 0x0000024dfbf72be0, 0x0000024dfbf74cb0,
0x0000024dfbf71830, 0x0000024dfbf72550, 0x0000024dfe0b02b0, 0x0000024dfe0a99b0,
0x0000024dfe0ae1e0, 0x0000024dfe0aa040, 0x0000024dfe0afc20, 0x0000024dfe0aba80,
0x0000024dfcf26a60, 0x0000024dfe0aef00, 0x0000024dfe0af590
}

Java Threads: ( => current thread )
  0x0000024dc4474e80 JavaThread "main"                              [_thread_blocked, id=17304, stack(0x0000008cb0d00000,0x0000008cb0e00000) (1024K)]
  0x0000024ddb346330 JavaThread "Reference Handler"          daemon [_thread_blocked, id=7776, stack(0x0000008cb1600000,0x0000008cb1700000) (1024K)]
  0x0000024ddb347140 JavaThread "Finalizer"                  daemon [_thread_blocked, id=16784, stack(0x0000008cb1700000,0x0000008cb1800000) (1024K)]
  0x0000024ddb34e610 JavaThread "Signal Dispatcher"          daemon [_thread_blocked, id=15096, stack(0x0000008cb1800000,0x0000008cb1900000) (1024K)]
  0x0000024ddb34f070 JavaThread "Attach Listener"            daemon [_thread_blocked, id=9400, stack(0x0000008cb1900000,0x0000008cb1a00000) (1024K)]
  0x0000024ddb34fd50 JavaThread "Service Thread"             daemon [_thread_blocked, id=15124, stack(0x0000008cb1a00000,0x0000008cb1b00000) (1024K)]
  0x0000024ddb350b10 JavaThread "Monitor Deflation Thread"   daemon [_thread_blocked, id=12164, stack(0x0000008cb1b00000,0x0000008cb1c00000) (1024K)]
  0x0000024ddb351a50 JavaThread "C2 CompilerThread0"         daemon [_thread_in_native, id=12180, stack(0x0000008cb1c00000,0x0000008cb1d00000) (1024K)]
  0x0000024ddb352850 JavaThread "C1 CompilerThread0"         daemon [_thread_blocked, id=18368, stack(0x0000008cb1d00000,0x0000008cb1e00000) (1024K)]
  0x0000024ddb5ac570 JavaThread "Common-Cleaner"             daemon [_thread_blocked, id=16936, stack(0x0000008cb1e00000,0x0000008cb1f00000) (1024K)]
  0x0000024ddb592eb0 JavaThread "Notification Thread"        daemon [_thread_blocked, id=9732, stack(0x0000008cb2000000,0x0000008cb2100000) (1024K)]
  0x0000024dfbcc80d0 JavaThread "Daemon health stats"               [_thread_blocked, id=2620, stack(0x0000008cb2300000,0x0000008cb2400000) (1024K)]
  0x0000024dfbfef0e0 JavaThread "Incoming local TCP Connector on port 63176"        [_thread_in_native, id=19336, stack(0x0000008cb2500000,0x0000008cb2600000) (1024K)]
  0x0000024dfbf2f240 JavaThread "Daemon periodic checks"            [_thread_blocked, id=7860, stack(0x0000008cb2600000,0x0000008cb2700000) (1024K)]
  0x0000024dfbf049f0 JavaThread "Daemon"                            [_thread_blocked, id=19180, stack(0x0000008cb2700000,0x0000008cb2800000) (1024K)]
  0x0000024dfbefa7c0 JavaThread "Handler for socket connection from /127.0.0.1:63176 to /127.0.0.1:63177"        [_thread_in_native, id=16964, stack(0x0000008cb2800000,0x0000008cb2900000) (1024K)]
  0x0000024dfc189b60 JavaThread "Cancel handler"                    [_thread_blocked, id=8768, stack(0x0000008cb2900000,0x0000008cb2a00000) (1024K)]
  0x0000024dfc18a1d0 JavaThread "Daemon worker"                     [_thread_in_vm, id=7788, stack(0x0000008cb2a00000,0x0000008cb2b00000) (1024K)]
  0x0000024dfbf73270 JavaThread "Asynchronous log dispatcher for DefaultDaemonConnection: socket connection from /127.0.0.1:63176 to /127.0.0.1:63177"        [_thread_blocked, id=7900, stack(0x0000008cb2b00000,0x0000008cb2c00000) (1024K)]
  0x0000024dfbf71ec0 JavaThread "Stdin handler"                     [_thread_blocked, id=13060, stack(0x0000008cb2c00000,0x0000008cb2d00000) (1024K)]
  0x0000024dfbf74620 JavaThread "Daemon client event forwarder"        [_thread_blocked, id=13596, stack(0x0000008cb2d00000,0x0000008cb2e00000) (1024K)]
  0x0000024dfbf73f90 JavaThread "Cache worker for journal cache (C:\Users\KHAN\.gradle\caches\journal-1)"        [_thread_blocked, id=15308, stack(0x0000008cb2f00000,0x0000008cb3000000) (1024K)]
  0x0000024dfbf72be0 JavaThread "File lock request listener"        [_thread_in_native, id=16816, stack(0x0000008cb3000000,0x0000008cb3100000) (1024K)]
  0x0000024dfbf74cb0 JavaThread "Cache worker for file hash cache (C:\Users\KHAN\.gradle\caches\8.9\fileHashes)"        [_thread_blocked, id=19332, stack(0x0000008cb3100000,0x0000008cb3200000) (1024K)]
  0x0000024dfbf71830 JavaThread "Cache worker for file hash cache (C:\Users\KHAN\Shoppe\node_modules\react-native-gesture-handler\android\.gradle\8.9\fileHashes)"        [_thread_blocked, id=6568, stack(0x0000008cb3200000,0x0000008cb3300000) (1024K)]
  0x0000024dfbf72550 JavaThread "Cache worker for Build Output Cleanup Cache (C:\Users\KHAN\Shoppe\node_modules\react-native-gesture-handler\android\.gradle\buildOutputCleanup)"        [_thread_blocked, id=11348, stack(0x0000008cb3300000,0x0000008cb3400000) (1024K)]
  0x0000024dfe0b02b0 JavaThread "File watcher server"        daemon [_thread_in_native, id=7888, stack(0x0000008cb3400000,0x0000008cb3500000) (1024K)]
  0x0000024dfe0a99b0 JavaThread "File watcher consumer"      daemon [_thread_blocked, id=17756, stack(0x0000008cb3500000,0x0000008cb3600000) (1024K)]
  0x0000024dfe0ae1e0 JavaThread "Cache worker for checksums cache (C:\Users\KHAN\Shoppe\node_modules\react-native-gesture-handler\android\.gradle\8.9\checksums)"        [_thread_blocked, id=388, stack(0x0000008cb2e00000,0x0000008cb2f00000) (1024K)]
  0x0000024dfe0aa040 JavaThread "Cache worker for file content cache (C:\Users\KHAN\.gradle\caches\8.9\fileContent)"        [_thread_blocked, id=14680, stack(0x0000008cb3600000,0x0000008cb3700000) (1024K)]
  0x0000024dfe0afc20 JavaThread "Cache worker for cache directory md-rule (C:\Users\KHAN\.gradle\caches\8.9\md-rule)"        [_thread_blocked, id=19280, stack(0x0000008cb3700000,0x0000008cb3800000) (1024K)]
  0x0000024dfe0aba80 JavaThread "Cache worker for cache directory md-supplier (C:\Users\KHAN\.gradle\caches\8.9\md-supplier)"        [_thread_blocked, id=18952, stack(0x0000008cb3800000,0x0000008cb3900000) (1024K)]
=>0x0000024dfcf26a60 JavaThread "C2 CompilerThread1"         daemon [_thread_in_native, id=14196, stack(0x0000008cb3900000,0x0000008cb3a00000) (1024K)]
  0x0000024dfe0aef00 JavaThread "jar transforms"                    [_thread_blocked, id=6988, stack(0x0000008cb3a00000,0x0000008cb3b00000) (1024K)]
  0x0000024dfe0af590 JavaThread "jar transforms Thread 2"           [_thread_blocked, id=13704, stack(0x0000008cb3b00000,0x0000008cb3c00000) (1024K)]
Total: 35

Other Threads:
  0x0000024ddb326c80 VMThread "VM Thread"                           [id=17488, stack(0x0000008cb1500000,0x0000008cb1600000) (1024K)]
  0x0000024ddb3108c0 WatcherThread "VM Periodic Task Thread"        [id=9820, stack(0x0000008cb1400000,0x0000008cb1500000) (1024K)]
  0x0000024dc44c9850 WorkerThread "GC Thread#0"                     [id=12596, stack(0x0000008cb0f00000,0x0000008cb1000000) (1024K)]
  0x0000024ddb639790 WorkerThread "GC Thread#1"                     [id=8000, stack(0x0000008cb2100000,0x0000008cb2200000) (1024K)]
  0x0000024ddb639b40 WorkerThread "GC Thread#2"                     [id=16828, stack(0x0000008cb2200000,0x0000008cb2300000) (1024K)]
  0x0000024dfb3ee540 WorkerThread "GC Thread#3"                     [id=7244, stack(0x0000008cb2400000,0x0000008cb2500000) (1024K)]
  0x0000024dc44da5f0 ConcurrentGCThread "G1 Main Marker"            [id=12940, stack(0x0000008cb1000000,0x0000008cb1100000) (1024K)]
  0x0000024dc44db060 WorkerThread "G1 Conc#0"                       [id=17556, stack(0x0000008cb1100000,0x0000008cb1200000) (1024K)]
  0x0000024dc453e930 ConcurrentGCThread "G1 Refine#0"               [id=11268, stack(0x0000008cb1200000,0x0000008cb1300000) (1024K)]
  0x0000024ddb1d7680 ConcurrentGCThread "G1 Service"                [id=8740, stack(0x0000008cb1300000,0x0000008cb1400000) (1024K)]
Total: 10

Threads with active compile tasks:
C2 CompilerThread0  10137 3768   !   4       java.net.URLClassLoader::findClass (47 bytes)
C2 CompilerThread1  10137 3766   !   4       java.lang.ClassLoader::loadClass (121 bytes)
Total: 2

VM state: not at safepoint (normal execution)

VM Mutex/Monitor currently owned by a thread: None

Heap address: 0x0000000080000000, size: 2048 MB, Compressed Oops mode: 32-bit

CDS archive(s) mapped at: [0x0000024ddc000000-0x0000024ddcba0000-0x0000024ddcba0000), size 12189696, SharedBaseAddress: 0x0000024ddc000000, ArchiveRelocationMode: 1.
Compressed class space mapped at: 0x0000024ddd000000-0x0000024df7000000, reserved size: 436207616
Narrow klass base: 0x0000024ddc000000, Narrow klass shift: 0, Narrow klass range: 0x100000000

GC Precious Log:
 CardTable entry size: 512
 Card Set container configuration: InlinePtr #cards 5 size 8 Array Of Cards #cards 12 size 40 Howl #buckets 4 coarsen threshold 1843 Howl Bitmap #cards 512 size 80 coarsen threshold 460 Card regions per heap region 1 cards per card region 2048
 CPUs: 4 total, 4 available
 Memory: 8095M
 Large Page Support: Disabled
 NUMA Support: Disabled
 Compressed Oops: Enabled (32-bit)
 Heap Region Size: 1M
 Heap Min Capacity: 8M
 Heap Initial Capacity: 128M
 Heap Max Capacity: 2G
 Pre-touch: Disabled
 Parallel Workers: 4
 Concurrent Workers: 1
 Concurrent Refinement Workers: 4
 Periodic GC: Disabled

Heap:
 garbage-first heap   total 86016K, used 55677K [0x0000000080000000, 0x0000000100000000)
  region size 1024K, 32 young (32768K), 3 survivors (3072K)
 Metaspace       used 30927K, committed 32192K, reserved 491520K
  class space    used 4764K, committed 5376K, reserved 425984K

Heap Regions: E=young(eden), S=young(survivor), O=old, HS=humongous(starts), HC=humongous(continues), CS=collection set, F=free, TAMS=top-at-mark-start, PB=parsable bottom
|   0|0x0000000080000000, 0x0000000080100000, 0x0000000080100000|100%|HS|  |TAMS 0x0000000080000000| PB 0x0000000080000000| Complete 
|   1|0x0000000080100000, 0x0000000080200000, 0x0000000080200000|100%|HC|  |TAMS 0x0000000080100000| PB 0x0000000080100000| Complete 
|   2|0x0000000080200000, 0x0000000080300000, 0x0000000080300000|100%|HC|  |TAMS 0x0000000080200000| PB 0x0000000080200000| Complete 
|   3|0x0000000080300000, 0x0000000080400000, 0x0000000080400000|100%|HC|  |TAMS 0x0000000080300000| PB 0x0000000080300000| Complete 
|   4|0x0000000080400000, 0x0000000080500000, 0x0000000080500000|100%| O|  |TAMS 0x0000000080400000| PB 0x0000000080400000| Untracked 
|   5|0x0000000080500000, 0x0000000080600000, 0x0000000080600000|100%| O|  |TAMS 0x0000000080500000| PB 0x0000000080500000| Untracked 
|   6|0x0000000080600000, 0x0000000080700000, 0x0000000080700000|100%| O|  |TAMS 0x0000000080600000| PB 0x0000000080600000| Untracked 
|   7|0x0000000080700000, 0x0000000080800000, 0x0000000080800000|100%| O|  |TAMS 0x0000000080700000| PB 0x0000000080700000| Untracked 
|   8|0x0000000080800000, 0x0000000080900000, 0x0000000080900000|100%|HS|  |TAMS 0x0000000080800000| PB 0x0000000080800000| Complete 
|   9|0x0000000080900000, 0x0000000080a00000, 0x0000000080a00000|100%| O|  |TAMS 0x0000000080900000| PB 0x0000000080900000| Untracked 
|  10|0x0000000080a00000, 0x0000000080b00000, 0x0000000080b00000|100%| O|Cm|TAMS 0x0000000080a00000| PB 0x0000000080a00000| Complete 
|  11|0x0000000080b00000, 0x0000000080c00000, 0x0000000080c00000|100%| O|  |TAMS 0x0000000080b00000| PB 0x0000000080b00000| Untracked 
|  12|0x0000000080c00000, 0x0000000080d00000, 0x0000000080d00000|100%| O|  |TAMS 0x0000000080c00000| PB 0x0000000080c00000| Untracked 
|  13|0x0000000080d00000, 0x0000000080e00000, 0x0000000080e00000|100%| O|  |TAMS 0x0000000080d00000| PB 0x0000000080d00000| Untracked 
|  14|0x0000000080e00000, 0x0000000080f00000, 0x0000000080f00000|100%| O|  |TAMS 0x0000000080e00000| PB 0x0000000080e00000| Untracked 
|  15|0x0000000080f00000, 0x0000000081000000, 0x0000000081000000|100%| O|  |TAMS 0x0000000080f00000| PB 0x0000000080f00000| Untracked 
|  16|0x0000000081000000, 0x0000000081100000, 0x0000000081100000|100%| O|  |TAMS 0x0000000081000000| PB 0x0000000081000000| Untracked 
|  17|0x0000000081100000, 0x0000000081200000, 0x0000000081200000|100%| O|  |TAMS 0x0000000081100000| PB 0x0000000081100000| Untracked 
|  18|0x0000000081200000, 0x0000000081300000, 0x0000000081300000|100%| O|  |TAMS 0x0000000081200000| PB 0x0000000081200000| Untracked 
|  19|0x0000000081300000, 0x0000000081400000, 0x0000000081400000|100%| O|  |TAMS 0x0000000081300000| PB 0x0000000081300000| Untracked 
|  20|0x0000000081400000, 0x0000000081500000, 0x0000000081500000|100%| O|  |TAMS 0x0000000081400000| PB 0x0000000081400000| Untracked 
|  21|0x0000000081500000, 0x0000000081600000, 0x0000000081600000|100%| O|  |TAMS 0x0000000081500000| PB 0x0000000081500000| Untracked 
|  22|0x0000000081600000, 0x0000000081700000, 0x0000000081700000|100%| O|  |TAMS 0x0000000081600000| PB 0x0000000081600000| Untracked 
|  23|0x0000000081700000, 0x000000008175f5e0, 0x0000000081800000| 37%| O|  |TAMS 0x0000000081700000| PB 0x0000000081700000| Untracked 
|  24|0x0000000081800000, 0x0000000081800000, 0x0000000081900000|  0%| F|  |TAMS 0x0000000081800000| PB 0x0000000081800000| Untracked 
|  25|0x0000000081900000, 0x0000000081900000, 0x0000000081a00000|  0%| F|  |TAMS 0x0000000081900000| PB 0x0000000081900000| Untracked 
|  26|0x0000000081a00000, 0x0000000081a00000, 0x0000000081b00000|  0%| F|  |TAMS 0x0000000081a00000| PB 0x0000000081a00000| Untracked 
|  27|0x0000000081b00000, 0x0000000081b00000, 0x0000000081c00000|  0%| F|  |TAMS 0x0000000081b00000| PB 0x0000000081b00000| Untracked 
|  28|0x0000000081c00000, 0x0000000081c00000, 0x0000000081d00000|  0%| F|  |TAMS 0x0000000081c00000| PB 0x0000000081c00000| Untracked 
|  29|0x0000000081d00000, 0x0000000081d00000, 0x0000000081e00000|  0%| F|  |TAMS 0x0000000081d00000| PB 0x0000000081d00000| Untracked 
|  30|0x0000000081e00000, 0x0000000081e00000, 0x0000000081f00000|  0%| F|  |TAMS 0x0000000081e00000| PB 0x0000000081e00000| Untracked 
|  31|0x0000000081f00000, 0x0000000082000000, 0x0000000082000000|100%| S|CS|TAMS 0x0000000081f00000| PB 0x0000000081f00000| Complete 
|  32|0x0000000082000000, 0x0000000082100000, 0x0000000082100000|100%| S|CS|TAMS 0x0000000082000000| PB 0x0000000082000000| Complete 
|  33|0x0000000082100000, 0x0000000082200000, 0x0000000082200000|100%| S|CS|TAMS 0x0000000082100000| PB 0x0000000082100000| Complete 
|  34|0x0000000082200000, 0x0000000082200000, 0x0000000082300000|  0%| F|  |TAMS 0x0000000082200000| PB 0x0000000082200000| Untracked 
|  35|0x0000000082300000, 0x0000000082300000, 0x0000000082400000|  0%| F|  |TAMS 0x0000000082300000| PB 0x0000000082300000| Untracked 
|  36|0x0000000082400000, 0x0000000082400000, 0x0000000082500000|  0%| F|  |TAMS 0x0000000082400000| PB 0x0000000082400000| Untracked 
|  37|0x0000000082500000, 0x0000000082500000, 0x0000000082600000|  0%| F|  |TAMS 0x0000000082500000| PB 0x0000000082500000| Untracked 
|  38|0x0000000082600000, 0x0000000082600000, 0x0000000082700000|  0%| F|  |TAMS 0x0000000082600000| PB 0x0000000082600000| Untracked 
|  39|0x0000000082700000, 0x0000000082700000, 0x0000000082800000|  0%| F|  |TAMS 0x0000000082700000| PB 0x0000000082700000| Untracked 
|  40|0x0000000082800000, 0x0000000082800000, 0x0000000082900000|  0%| F|  |TAMS 0x0000000082800000| PB 0x0000000082800000| Untracked 
|  41|0x0000000082900000, 0x0000000082900000, 0x0000000082a00000|  0%| F|  |TAMS 0x0000000082900000| PB 0x0000000082900000| Untracked 
|  42|0x0000000082a00000, 0x0000000082a00000, 0x0000000082b00000|  0%| F|  |TAMS 0x0000000082a00000| PB 0x0000000082a00000| Untracked 
|  43|0x0000000082b00000, 0x0000000082b00000, 0x0000000082c00000|  0%| F|  |TAMS 0x0000000082b00000| PB 0x0000000082b00000| Untracked 
|  44|0x0000000082c00000, 0x0000000082c00000, 0x0000000082d00000|  0%| F|  |TAMS 0x0000000082c00000| PB 0x0000000082c00000| Untracked 
|  45|0x0000000082d00000, 0x0000000082d00000, 0x0000000082e00000|  0%| F|  |TAMS 0x0000000082d00000| PB 0x0000000082d00000| Untracked 
|  46|0x0000000082e00000, 0x0000000082e00000, 0x0000000082f00000|  0%| F|  |TAMS 0x0000000082e00000| PB 0x0000000082e00000| Untracked 
|  47|0x0000000082f00000, 0x0000000082f00000, 0x0000000083000000|  0%| F|  |TAMS 0x0000000082f00000| PB 0x0000000082f00000| Untracked 
|  48|0x0000000083000000, 0x0000000083000000, 0x0000000083100000|  0%| F|  |TAMS 0x0000000083000000| PB 0x0000000083000000| Untracked 
|  49|0x0000000083100000, 0x0000000083100000, 0x0000000083200000|  0%| F|  |TAMS 0x0000000083100000| PB 0x0000000083100000| Untracked 
|  50|0x0000000083200000, 0x0000000083200000, 0x0000000083300000|  0%| F|  |TAMS 0x0000000083200000| PB 0x0000000083200000| Untracked 
|  51|0x0000000083300000, 0x0000000083300000, 0x0000000083400000|  0%| F|  |TAMS 0x0000000083300000| PB 0x0000000083300000| Untracked 
|  52|0x0000000083400000, 0x0000000083400000, 0x0000000083500000|  0%| F|  |TAMS 0x0000000083400000| PB 0x0000000083400000| Untracked 
|  53|0x0000000083500000, 0x0000000083500000, 0x0000000083600000|  0%| F|  |TAMS 0x0000000083500000| PB 0x0000000083500000| Untracked 
|  54|0x0000000083600000, 0x0000000083600000, 0x0000000083700000|  0%| F|  |TAMS 0x0000000083600000| PB 0x0000000083600000| Untracked 
|  55|0x0000000083700000, 0x0000000083780000, 0x0000000083800000| 50%| E|  |TAMS 0x0000000083700000| PB 0x0000000083700000| Complete 
|  56|0x0000000083800000, 0x0000000083900000, 0x0000000083900000|100%| E|CS|TAMS 0x0000000083800000| PB 0x0000000083800000| Complete 
|  57|0x0000000083900000, 0x0000000083a00000, 0x0000000083a00000|100%| E|CS|TAMS 0x0000000083900000| PB 0x0000000083900000| Complete 
|  58|0x0000000083a00000, 0x0000000083b00000, 0x0000000083b00000|100%| E|CS|TAMS 0x0000000083a00000| PB 0x0000000083a00000| Complete 
|  59|0x0000000083b00000, 0x0000000083c00000, 0x0000000083c00000|100%| E|CS|TAMS 0x0000000083b00000| PB 0x0000000083b00000| Complete 
|  60|0x0000000083c00000, 0x0000000083d00000, 0x0000000083d00000|100%| E|CS|TAMS 0x0000000083c00000| PB 0x0000000083c00000| Complete 
|  61|0x0000000083d00000, 0x0000000083e00000, 0x0000000083e00000|100%| E|CS|TAMS 0x0000000083d00000| PB 0x0000000083d00000| Complete 
|  62|0x0000000083e00000, 0x0000000083f00000, 0x0000000083f00000|100%| E|CS|TAMS 0x0000000083e00000| PB 0x0000000083e00000| Complete 
|  63|0x0000000083f00000, 0x0000000084000000, 0x0000000084000000|100%| E|CS|TAMS 0x0000000083f00000| PB 0x0000000083f00000| Complete 
|  64|0x0000000084000000, 0x0000000084100000, 0x0000000084100000|100%| E|CS|TAMS 0x0000000084000000| PB 0x0000000084000000| Complete 
|  65|0x0000000084100000, 0x0000000084200000, 0x0000000084200000|100%| E|CS|TAMS 0x0000000084100000| PB 0x0000000084100000| Complete 
|  66|0x0000000084200000, 0x0000000084300000, 0x0000000084300000|100%| E|CS|TAMS 0x0000000084200000| PB 0x0000000084200000| Complete 
|  67|0x0000000084300000, 0x0000000084400000, 0x0000000084400000|100%| E|CS|TAMS 0x0000000084300000| PB 0x0000000084300000| Complete 
|  68|0x0000000084400000, 0x0000000084500000, 0x0000000084500000|100%| E|CS|TAMS 0x0000000084400000| PB 0x0000000084400000| Complete 
|  69|0x0000000084500000, 0x0000000084600000, 0x0000000084600000|100%| E|CS|TAMS 0x0000000084500000| PB 0x0000000084500000| Complete 
|  70|0x0000000084600000, 0x0000000084700000, 0x0000000084700000|100%| E|CS|TAMS 0x0000000084600000| PB 0x0000000084600000| Complete 
|  71|0x0000000084700000, 0x0000000084800000, 0x0000000084800000|100%| E|CS|TAMS 0x0000000084700000| PB 0x0000000084700000| Complete 
|  72|0x0000000084800000, 0x0000000084900000, 0x0000000084900000|100%| E|CS|TAMS 0x0000000084800000| PB 0x0000000084800000| Complete 
|  73|0x0000000084900000, 0x0000000084a00000, 0x0000000084a00000|100%| E|CS|TAMS 0x0000000084900000| PB 0x0000000084900000| Complete 
|  74|0x0000000084a00000, 0x0000000084b00000, 0x0000000084b00000|100%| E|CS|TAMS 0x0000000084a00000| PB 0x0000000084a00000| Complete 
|  75|0x0000000084b00000, 0x0000000084c00000, 0x0000000084c00000|100%| E|CS|TAMS 0x0000000084b00000| PB 0x0000000084b00000| Complete 
| 113|0x0000000087100000, 0x0000000087200000, 0x0000000087200000|100%| E|CS|TAMS 0x0000000087100000| PB 0x0000000087100000| Complete 
| 114|0x0000000087200000, 0x0000000087300000, 0x0000000087300000|100%| E|CS|TAMS 0x0000000087200000| PB 0x0000000087200000| Complete 
| 115|0x0000000087300000, 0x0000000087400000, 0x0000000087400000|100%| E|CS|TAMS 0x0000000087300000| PB 0x0000000087300000| Complete 
| 116|0x0000000087400000, 0x0000000087500000, 0x0000000087500000|100%| E|CS|TAMS 0x0000000087400000| PB 0x0000000087400000| Complete 
| 117|0x0000000087500000, 0x0000000087600000, 0x0000000087600000|100%| E|CS|TAMS 0x0000000087500000| PB 0x0000000087500000| Complete 
| 118|0x0000000087600000, 0x0000000087700000, 0x0000000087700000|100%| E|CS|TAMS 0x0000000087600000| PB 0x0000000087600000| Complete 
| 126|0x0000000087e00000, 0x0000000087f00000, 0x0000000087f00000|100%| E|CS|TAMS 0x0000000087e00000| PB 0x0000000087e00000| Complete 
| 127|0x0000000087f00000, 0x0000000088000000, 0x0000000088000000|100%| E|CS|TAMS 0x0000000087f00000| PB 0x0000000087f00000| Complete 

Card table byte_map: [0x0000024dd6a80000,0x0000024dd6e80000] _byte_map_base: 0x0000024dd6680000

Marking Bits: (CMBitMap*) 0x0000024dc44c9d10
 Bits: [0x0000024dd6e80000, 0x0000024dd8e80000)

Polling page: 0x0000024dc2410000

Metaspace:

Usage:
  Non-class:     25.57 MB used.
      Class:      4.66 MB used.
       Both:     30.23 MB used.

Virtual space:
  Non-class space:       64.00 MB reserved,      26.19 MB ( 41%) committed,  1 nodes.
      Class space:      416.00 MB reserved,       5.25 MB (  1%) committed,  1 nodes.
             Both:      480.00 MB reserved,      31.44 MB (  7%) committed. 

Chunk freelists:
   Non-Class:  5.45 MB
       Class:  10.60 MB
        Both:  16.05 MB

MaxMetaspaceSize: 512.00 MB
CompressedClassSpaceSize: 416.00 MB
Initial GC threshold: 21.00 MB
Current GC threshold: 35.25 MB
CDS: on
 - commit_granule_bytes: 65536.
 - commit_granule_words: 8192.
 - virtual_space_node_default_size: 8388608.
 - enlarge_chunks_in_place: 1.
 - use_allocation_guard: 0.


Internal statistics:

num_allocs_failed_limit: 3.
num_arena_births: 2112.
num_arena_deaths: 0.
num_vsnodes_births: 2.
num_vsnodes_deaths: 0.
num_space_committed: 503.
num_space_uncommitted: 0.
num_chunks_returned_to_freelist: 3.
num_chunks_taken_from_freelist: 3578.
num_chunk_merges: 3.
num_chunk_splits: 2301.
num_chunks_enlarged: 1440.
num_inconsistent_stats: 0.

CodeHeap 'non-profiled nmethods': size=120000Kb used=2083Kb max_used=2083Kb free=117916Kb
 bounds [0x0000024dcf150000, 0x0000024dcf3c0000, 0x0000024dd6680000]
CodeHeap 'profiled nmethods': size=120000Kb used=7839Kb max_used=7839Kb free=112160Kb
 bounds [0x0000024dc7680000, 0x0000024dc7e30000, 0x0000024dcebb0000]
CodeHeap 'non-nmethods': size=5760Kb used=1442Kb max_used=1472Kb free=4317Kb
 bounds [0x0000024dcebb0000, 0x0000024dcee20000, 0x0000024dcf150000]
CodeCache: size=245760Kb, used=11364Kb, max_used=11394Kb, free=234393Kb
 total_blobs=4431, nmethods=3841, adapters=494, full_count=0
Compilation: enabled, stopped_count=0, restarted_count=0

Compilation events (20 events):
Event: 10.038 Thread 0x0000024ddb352850 3818       3       org.codehaus.groovy.util.LazyReference::<init> (17 bytes)
Event: 10.039 Thread 0x0000024ddb352850 nmethod 3818 0x0000024dc7e1c410 code [0x0000024dc7e1c5e0, 0x0000024dc7e1c928]
Event: 10.039 Thread 0x0000024ddb352850 3819       3       java.util.HashSet::<init> (17 bytes)
Event: 10.040 Thread 0x0000024ddb352850 nmethod 3819 0x0000024dc7e1ca90 code [0x0000024dc7e1cc80, 0x0000024dc7e1d018]
Event: 10.040 Thread 0x0000024ddb352850 3820       3       java.util.concurrent.atomic.AtomicInteger::incrementAndGet (14 bytes)
Event: 10.040 Thread 0x0000024ddb352850 nmethod 3820 0x0000024dc7e1d190 code [0x0000024dc7e1d320, 0x0000024dc7e1d440]
Event: 10.040 Thread 0x0000024ddb352850 3821       3       org.codehaus.groovy.util.LazyReference::get (44 bytes)
Event: 10.041 Thread 0x0000024ddb352850 nmethod 3821 0x0000024dc7e1d510 code [0x0000024dc7e1d700, 0x0000024dc7e1dae0]
Event: 10.041 Thread 0x0000024ddb352850 3822       1       org.codehaus.groovy.util.ReferenceManager::getReferenceQueue (5 bytes)
Event: 10.042 Thread 0x0000024ddb352850 nmethod 3822 0x0000024dcf357690 code [0x0000024dcf357820, 0x0000024dcf3578e8]
Event: 10.042 Thread 0x0000024ddb352850 3823       1       org.codehaus.groovy.util.ReferenceBundle::getType (5 bytes)
Event: 10.042 Thread 0x0000024ddb352850 nmethod 3823 0x0000024dcf357990 code [0x0000024dcf357b20, 0x0000024dcf357be8]
Event: 10.042 Thread 0x0000024ddb352850 3824       1       org.codehaus.groovy.util.ReferenceBundle::getManager (5 bytes)
Event: 10.042 Thread 0x0000024ddb352850 nmethod 3824 0x0000024dcf357c90 code [0x0000024dcf357e20, 0x0000024dcf357ee8]
Event: 10.076 Thread 0x0000024ddb352850 3825       3       jdk.internal.org.objectweb.asm.MethodWriter::visitInsn (115 bytes)
Event: 10.076 Thread 0x0000024ddb352850 nmethod 3825 0x0000024dc7e1dc10 code [0x0000024dc7e1de00, 0x0000024dc7e1e1d0]
Event: 10.077 Thread 0x0000024ddb352850 3826       1       java.lang.ClassValue$ClassValueMap::getCache (5 bytes)
Event: 10.077 Thread 0x0000024ddb352850 nmethod 3826 0x0000024dcf357f90 code [0x0000024dcf358120, 0x0000024dcf3581e8]
Event: 10.084 Thread 0x0000024ddb352850 3827       3       jdk.internal.org.objectweb.asm.MethodWriter::visitVarInsn (302 bytes)
Event: 10.085 Thread 0x0000024ddb352850 nmethod 3827 0x0000024dc7e1e390 code [0x0000024dc7e1e600, 0x0000024dc7e1ef00]

GC Heap History (12 events):
Event: 0.610 GC heap before
{Heap before GC invocations=0 (full 0):
 garbage-first heap   total 131072K, used 13312K [0x0000000080000000, 0x0000000100000000)
  region size 1024K, 13 young (13312K), 0 survivors (0K)
 Metaspace       used 826K, committed 960K, reserved 491520K
  class space    used 70K, committed 128K, reserved 425984K
}
Event: 0.615 GC heap after
{Heap after GC invocations=1 (full 0):
 garbage-first heap   total 131072K, used 1279K [0x0000000080000000, 0x0000000100000000)
  region size 1024K, 2 young (2048K), 2 survivors (2048K)
 Metaspace       used 826K, committed 960K, reserved 491520K
  class space    used 70K, committed 128K, reserved 425984K
}
Event: 1.705 GC heap before
{Heap before GC invocations=1 (full 0):
 garbage-first heap   total 131072K, used 23807K [0x0000000080000000, 0x0000000100000000)
  region size 1024K, 21 young (21504K), 2 survivors (2048K)
 Metaspace       used 3424K, committed 3648K, reserved 491520K
  class space    used 450K, committed 576K, reserved 425984K
}
Event: 1.712 GC heap after
{Heap after GC invocations=2 (full 0):
 garbage-first heap   total 131072K, used 11038K [0x0000000080000000, 0x0000000100000000)
  region size 1024K, 3 young (3072K), 3 survivors (3072K)
 Metaspace       used 3424K, committed 3648K, reserved 491520K
  class space    used 450K, committed 576K, reserved 425984K
}
Event: 4.224 GC heap before
{Heap before GC invocations=2 (full 0):
 garbage-first heap   total 131072K, used 86814K [0x0000000080000000, 0x0000000100000000)
  region size 1024K, 76 young (77824K), 3 survivors (3072K)
 Metaspace       used 8802K, committed 9152K, reserved 491520K
  class space    used 1197K, committed 1344K, reserved 425984K
}
Event: 4.238 GC heap after
{Heap after GC invocations=3 (full 0):
 garbage-first heap   total 131072K, used 19284K [0x0000000080000000, 0x0000000100000000)
  region size 1024K, 10 young (10240K), 10 survivors (10240K)
 Metaspace       used 8802K, committed 9152K, reserved 491520K
  class space    used 1197K, committed 1344K, reserved 425984K
}
Event: 7.304 GC heap before
{Heap before GC invocations=3 (full 0):
 garbage-first heap   total 131072K, used 85844K [0x0000000080000000, 0x0000000100000000)
  region size 1024K, 76 young (77824K), 10 survivors (10240K)
 Metaspace       used 19893K, committed 20544K, reserved 491520K
  class space    used 2912K, committed 3200K, reserved 425984K
}
Event: 7.324 GC heap after
{Heap after GC invocations=4 (full 0):
 garbage-first heap   total 131072K, used 24493K [0x0000000080000000, 0x0000000100000000)
  region size 1024K, 5 young (5120K), 5 survivors (5120K)
 Metaspace       used 19893K, committed 20544K, reserved 491520K
  class space    used 2912K, committed 3200K, reserved 425984K
}
Event: 7.646 GC heap before
{Heap before GC invocations=4 (full 0):
 garbage-first heap   total 131072K, used 32685K [0x0000000080000000, 0x0000000100000000)
  region size 1024K, 14 young (14336K), 5 survivors (5120K)
 Metaspace       used 20858K, committed 21504K, reserved 491520K
  class space    used 3081K, committed 3392K, reserved 425984K
}
Event: 7.656 GC heap after
{Heap after GC invocations=5 (full 0):
 garbage-first heap   total 131072K, used 24812K [0x0000000080000000, 0x0000000100000000)
  region size 1024K, 6 young (6144K), 6 survivors (6144K)
 Metaspace       used 20858K, committed 21504K, reserved 491520K
  class space    used 3081K, committed 3392K, reserved 425984K
}
Event: 9.008 GC heap before
{Heap before GC invocations=6 (full 0):
 garbage-first heap   total 86016K, used 69868K [0x0000000080000000, 0x0000000100000000)
  region size 1024K, 50 young (51200K), 6 survivors (6144K)
 Metaspace       used 26590K, committed 27648K, reserved 491520K
  class space    used 4056K, committed 4608K, reserved 425984K
}
Event: 9.022 GC heap after
{Heap after GC invocations=7 (full 0):
 garbage-first heap   total 86016K, used 27005K [0x0000000080000000, 0x0000000100000000)
  region size 1024K, 3 young (3072K), 3 survivors (3072K)
 Metaspace       used 26590K, committed 27648K, reserved 491520K
  class space    used 4056K, committed 4608K, reserved 425984K
}

Dll operation events (14 events):
Event: 0.012 Loaded shared library C:\Users\KHAN\.vscode\extensions\redhat.java-1.54.0-win32-x64\jre\21.0.10-win32-x86_64\bin\java.dll
Event: 0.130 Loaded shared library C:\Users\KHAN\.vscode\extensions\redhat.java-1.54.0-win32-x64\jre\21.0.10-win32-x86_64\bin\zip.dll
Event: 0.173 Loaded shared library C:\Users\KHAN\.vscode\extensions\redhat.java-1.54.0-win32-x64\jre\21.0.10-win32-x86_64\bin\instrument.dll
Event: 0.181 Loaded shared library C:\Users\KHAN\.vscode\extensions\redhat.java-1.54.0-win32-x64\jre\21.0.10-win32-x86_64\bin\net.dll
Event: 0.185 Loaded shared library C:\Users\KHAN\.vscode\extensions\redhat.java-1.54.0-win32-x64\jre\21.0.10-win32-x86_64\bin\nio.dll
Event: 0.191 Loaded shared library C:\Users\KHAN\.vscode\extensions\redhat.java-1.54.0-win32-x64\jre\21.0.10-win32-x86_64\bin\zip.dll
Event: 0.705 Loaded shared library C:\Users\KHAN\.vscode\extensions\redhat.java-1.54.0-win32-x64\jre\21.0.10-win32-x86_64\bin\jimage.dll
Event: 1.069 Loaded shared library C:\Users\KHAN\.vscode\extensions\redhat.java-1.54.0-win32-x64\jre\21.0.10-win32-x86_64\bin\verify.dll
Event: 1.400 Loaded shared library C:\Users\KHAN\.gradle\native\c067742578af261105cb4f569cf0c3c89f3d7b1fecec35dd04571415982c5e48\windows-amd64\native-platform.dll
Event: 1.408 Loaded shared library C:\Users\KHAN\.gradle\native\100fb08df4bc3b14c8652ba06237920a3bd2aa13389f12d3474272988ae205f9\windows-amd64\native-platform-file-events.dll
Event: 3.699 Loaded shared library C:\Users\KHAN\.vscode\extensions\redhat.java-1.54.0-win32-x64\jre\21.0.10-win32-x86_64\bin\management.dll
Event: 3.705 Loaded shared library C:\Users\KHAN\.vscode\extensions\redhat.java-1.54.0-win32-x64\jre\21.0.10-win32-x86_64\bin\management_ext.dll
Event: 4.097 Loaded shared library C:\Users\KHAN\.vscode\extensions\redhat.java-1.54.0-win32-x64\jre\21.0.10-win32-x86_64\bin\extnet.dll
Event: 4.403 Loaded shared library C:\Users\KHAN\.vscode\extensions\redhat.java-1.54.0-win32-x64\jre\21.0.10-win32-x86_64\bin\sunmscapi.dll

Deoptimization events (20 events):
Event: 9.949 Thread 0x0000024dfc18a1d0 Uncommon trap: trap_request=0xffffffde fr.pc=0x0000024dcf347f08 relative=0x0000000000000aa8
Event: 9.949 Thread 0x0000024dfc18a1d0 Uncommon trap: reason=class_check action=maybe_recompile pc=0x0000024dcf347f08 method=java.io.BufferedInputStream.implRead([BII)I @ 100 c2
Event: 9.949 Thread 0x0000024dfc18a1d0 DEOPT PACKING pc=0x0000024dcf347f08 sp=0x0000008cb2af86f0
Event: 9.949 Thread 0x0000024dfc18a1d0 DEOPT UNPACKING pc=0x0000024dcec04422 sp=0x0000008cb2af86d8 mode 2
Event: 10.071 Thread 0x0000024dfc18a1d0 Uncommon trap: trap_request=0xffffff45 fr.pc=0x0000024dcf271f74 relative=0x0000000000000654
Event: 10.071 Thread 0x0000024dfc18a1d0 Uncommon trap: reason=unstable_if action=reinterpret pc=0x0000024dcf271f74 method=jdk.internal.org.objectweb.asm.MethodWriter.visitVarInsn(II)V @ 108 c2
Event: 10.071 Thread 0x0000024dfc18a1d0 DEOPT PACKING pc=0x0000024dcf271f74 sp=0x0000008cb2af06c0
Event: 10.071 Thread 0x0000024dfc18a1d0 DEOPT UNPACKING pc=0x0000024dcec04422 sp=0x0000008cb2af0688 mode 2
Event: 10.071 Thread 0x0000024dfc18a1d0 Uncommon trap: trap_request=0xffffff45 fr.pc=0x0000024dcf2f7fa0 relative=0x0000000000000480
Event: 10.071 Thread 0x0000024dfc18a1d0 Uncommon trap: reason=unstable_if action=reinterpret pc=0x0000024dcf2f7fa0 method=jdk.internal.org.objectweb.asm.MethodWriter.visitMethodInsn(ILjava/lang/String;Ljava/lang/String;Ljava/lang/String;Z)V @ 81 c2
Event: 10.071 Thread 0x0000024dfc18a1d0 DEOPT PACKING pc=0x0000024dcf2f7fa0 sp=0x0000008cb2af06b0
Event: 10.071 Thread 0x0000024dfc18a1d0 DEOPT UNPACKING pc=0x0000024dcec04422 sp=0x0000008cb2af0650 mode 2
Event: 10.071 Thread 0x0000024dfc18a1d0 Uncommon trap: trap_request=0xffffff45 fr.pc=0x0000024dcf300b84 relative=0x0000000000000964
Event: 10.071 Thread 0x0000024dfc18a1d0 Uncommon trap: reason=unstable_if action=reinterpret pc=0x0000024dcf300b84 method=jdk.internal.org.objectweb.asm.MethodWriter.visitInsn(I)V @ 24 c2
Event: 10.071 Thread 0x0000024dfc18a1d0 DEOPT PACKING pc=0x0000024dcf300b84 sp=0x0000008cb2af06a0
Event: 10.071 Thread 0x0000024dfc18a1d0 DEOPT UNPACKING pc=0x0000024dcec04422 sp=0x0000008cb2af0688 mode 2
Event: 10.075 Thread 0x0000024dfc18a1d0 Uncommon trap: trap_request=0xffffff45 fr.pc=0x0000024dcf2dd464 relative=0x00000000000013a4
Event: 10.075 Thread 0x0000024dfc18a1d0 Uncommon trap: reason=unstable_if action=reinterpret pc=0x0000024dcf2dd464 method=java.lang.invoke.LambdaForm.useCount(Ljava/lang/invoke/LambdaForm$Name;)I @ 8 c2
Event: 10.075 Thread 0x0000024dfc18a1d0 DEOPT PACKING pc=0x0000024dcf2dd464 sp=0x0000008cb2af5f80
Event: 10.075 Thread 0x0000024dfc18a1d0 DEOPT UNPACKING pc=0x0000024dcec04422 sp=0x0000008cb2af5de0 mode 2

Classes loaded (20 events):
Event: 9.914 Loading class java/lang/InstantiationException
Event: 9.914 Loading class java/lang/InstantiationException done
Event: 9.915 Loading class java/util/EventListener
Event: 9.915 Loading class java/util/EventListener done
Event: 9.937 Loading class java/util/BitSet
Event: 9.937 Loading class java/util/BitSet done
Event: 9.944 Loading class java/util/TimerTask
Event: 9.944 Loading class java/util/TimerTask done
Event: 9.944 Loading class java/util/Timer
Event: 9.944 Loading class java/util/Timer done
Event: 10.025 Loading class java/security/AccessControlException
Event: 10.025 Loading class java/security/AccessControlException done
Event: 10.077 Loading class java/util/LinkedList$ListItr
Event: 10.077 Loading class java/util/LinkedList$ListItr done
Event: 10.098 Loading class java/lang/reflect/GenericSignatureFormatError
Event: 10.098 Loading class java/lang/ClassFormatError
Event: 10.098 Loading class java/lang/ClassFormatError done
Event: 10.098 Loading class java/lang/reflect/GenericSignatureFormatError done
Event: 10.098 Loading class java/lang/reflect/MalformedParameterizedTypeException
Event: 10.098 Loading class java/lang/reflect/MalformedParameterizedTypeException done

Classes unloaded (0 events):
No events

Classes redefined (0 events):
No events

Internal exceptions (20 events):
Event: 9.215 Thread 0x0000024dfc18a1d0 Exception <a 'java/lang/NoSuchMethodError'{0x0000000087129cb0}: 'java.lang.Object java.lang.invoke.DirectMethodHandle$Holder.invokeStatic(java.lang.Object, java.lang.Object, java.lang.Object, java.lang.Object, java.lang.Object, java.lang.Object, java.lang.Object, java.lang.Object, java.lang.Object, java.lang.Object, java.lang.Object, java.lang.Object, java.lang.Object, java.lang.Object, java.lang.Object, java.lang.Object, java.lang.Object, java.lang.Object, java.lang.Object, java.lang.Object, java.lang.Obj
Event: 9.228 Thread 0x0000024dfc18a1d0 Exception <a 'java/lang/NoSuchMethodError'{0x00000000871b71e8}: 'java.lang.Object java.lang.invoke.DirectMethodHandle$Holder.newInvokeSpecial(java.lang.Object, java.lang.Object, java.lang.Object, java.lang.Object, java.lang.Object, java.lang.Object, java.lang.Object, java.lang.Object, java.lang.Object, java.lang.Object, java.lang.Object, java.lang.Object, java.lang.Object, java.lang.Object, java.lang.Object, java.lang.Object, java.lang.Object, java.lang.Object, java.lang.Object, java.lang.Object)'> (0x0000
Event: 9.228 Thread 0x0000024dfc18a1d0 Exception <a 'java/lang/NoSuchMethodError'{0x00000000871bdef0}: 'java.lang.Object java.lang.invoke.DirectMethodHandle$Holder.invokeSpecial(java.lang.Object, java.lang.Object, java.lang.Object, java.lang.Object, java.lang.Object, java.lang.Object, java.lang.Object, java.lang.Object, java.lang.Object, java.lang.Object, java.lang.Object, java.lang.Object, java.lang.Object, java.lang.Object, java.lang.Object, java.lang.Object, java.lang.Object, java.lang.Object, java.lang.Object, java.lang.Object, java.lang.Ob
Event: 9.229 Thread 0x0000024dfc18a1d0 Exception <a 'java/lang/NoSuchMethodError'{0x00000000871c3700}: 'java.lang.Object java.lang.invoke.DelegatingMethodHandle$Holder.reinvoke_L(java.lang.Object, java.lang.Object, java.lang.Object, java.lang.Object, java.lang.Object, java.lang.Object, java.lang.Object, java.lang.Object, java.lang.Object, java.lang.Object, java.lang.Object, java.lang.Object, java.lang.Object, java.lang.Object, java.lang.Object, java.lang.Object, java.lang.Object, java.lang.Object, java.lang.Object, java.lang.Object)'> (0x000000
Event: 9.250 Thread 0x0000024dfc18a1d0 Exception <a 'java/lang/NoSuchMethodError'{0x0000000084a0d7c0}: 'java.lang.Object java.lang.invoke.DirectMethodHandle$Holder.newInvokeSpecial(java.lang.Object, java.lang.Object, java.lang.Object, java.lang.Object, java.lang.Object, java.lang.Object, java.lang.Object, java.lang.Object, java.lang.Object, java.lang.Object, java.lang.Object, java.lang.Object)'> (0x0000000084a0d7c0) 
thrown [s\src\hotspot\share\interpreter\linkResolver.cpp, line 773]
Event: 9.406 Thread 0x0000024dfc18a1d0 Exception <a 'java/lang/IncompatibleClassChangeError'{0x0000000084660808}: Found class java.lang.Object, but interface was expected> (0x0000000084660808) 
thrown [s\src\hotspot\share\interpreter\linkResolver.cpp, line 840]
Event: 9.444 Thread 0x0000024dfc18a1d0 Exception <a 'java/lang/NoSuchMethodError'{0x000000008458e490}: 'java.lang.Object java.lang.invoke.DirectMethodHandle$Holder.newInvokeSpecial(java.lang.Object, java.lang.Object, long)'> (0x000000008458e490) 
thrown [s\src\hotspot\share\interpreter\linkResolver.cpp, line 773]
Event: 9.444 Thread 0x0000024dfc18a1d0 Exception <a 'java/lang/NoSuchMethodError'{0x0000000084592838}: 'java.lang.Object java.lang.invoke.Invokers$Holder.linkToTargetMethod(java.lang.Object, long, java.lang.Object)'> (0x0000000084592838) 
thrown [s\src\hotspot\share\interpreter\linkResolver.cpp, line 773]
Event: 9.526 Thread 0x0000024dfc18a1d0 Exception <a 'java/lang/NoSuchMethodError'{0x000000008436d680}: 'int java.lang.invoke.DirectMethodHandle$Holder.invokeInterface(java.lang.Object, java.lang.Object)'> (0x000000008436d680) 
thrown [s\src\hotspot\share\interpreter\linkResolver.cpp, line 773]
Event: 9.543 Thread 0x0000024dfc18a1d0 Exception <a 'java/lang/NoSuchMethodError'{0x00000000843cddf8}: 'java.lang.Object java.lang.invoke.DirectMethodHandle$Holder.invokeVirtual(java.lang.Object, java.lang.Object, int)'> (0x00000000843cddf8) 
thrown [s\src\hotspot\share\interpreter\linkResolver.cpp, line 773]
Event: 9.586 Thread 0x0000024dfc18a1d0 Exception <a 'java/lang/NoSuchMethodError'{0x000000008428a398}: 'java.lang.Object java.lang.invoke.DirectMethodHandle$Holder.invokeStatic(java.lang.Object, java.lang.Object, int, java.lang.Object)'> (0x000000008428a398) 
thrown [s\src\hotspot\share\interpreter\linkResolver.cpp, line 773]
Event: 9.587 Thread 0x0000024dfc18a1d0 Exception <a 'java/lang/NoSuchMethodError'{0x00000000842917f0}: 'java.lang.Object java.lang.invoke.DirectMethodHandle$Holder.newInvokeSpecial(java.lang.Object, java.lang.Object, int, java.lang.Object)'> (0x00000000842917f0) 
thrown [s\src\hotspot\share\interpreter\linkResolver.cpp, line 773]
Event: 9.587 Thread 0x0000024dfc18a1d0 Exception <a 'java/lang/NoSuchMethodError'{0x0000000084295f88}: 'java.lang.Object java.lang.invoke.DirectMethodHandle$Holder.invokeSpecial(java.lang.Object, java.lang.Object, java.lang.Object, int, java.lang.Object)'> (0x0000000084295f88) 
thrown [s\src\hotspot\share\interpreter\linkResolver.cpp, line 773]
Event: 9.737 Thread 0x0000024dfc18a1d0 Exception <a 'java/lang/NoSuchMethodError'{0x0000000083f388e0}: 'void java.lang.invoke.DirectMethodHandle$Holder.invokeInterface(java.lang.Object, java.lang.Object, java.lang.Object, java.lang.Object, java.lang.Object, java.lang.Object, java.lang.Object)'> (0x0000000083f388e0) 
thrown [s\src\hotspot\share\interpreter\linkResolver.cpp, line 773]
Event: 9.737 Thread 0x0000024dfc18a1d0 Exception <a 'java/lang/NoSuchMethodError'{0x0000000083f3d268}: 'void java.lang.invoke.DelegatingMethodHandle$Holder.reinvoke_L(java.lang.Object, java.lang.Object, java.lang.Object, java.lang.Object, java.lang.Object, java.lang.Object, java.lang.Object)'> (0x0000000083f3d268) 
thrown [s\src\hotspot\share\interpreter\linkResolver.cpp, line 773]
Event: 9.800 Thread 0x0000024dfc18a1d0 Exception <a 'java/lang/NoSuchMethodError'{0x0000000083ee8748}: 'java.lang.Object java.lang.invoke.DirectMethodHandle$Holder.invokeSpecial(java.lang.Object, java.lang.Object, java.lang.Object, int, java.lang.Object, java.lang.Object)'> (0x0000000083ee8748) 
thrown [s\src\hotspot\share\interpreter\linkResolver.cpp, line 773]
Event: 10.071 Thread 0x0000024dfc18a1d0 Implicit null exception at 0x0000024dcf271a36 to 0x0000024dcf271f68
Event: 10.071 Thread 0x0000024dfc18a1d0 Implicit null exception at 0x0000024dcf2f7c19 to 0x0000024dcf2f7f94
Event: 10.071 Thread 0x0000024dfc18a1d0 Implicit null exception at 0x0000024dcf3002b1 to 0x0000024dcf300b74
Event: 10.072 Thread 0x0000024dfc18a1d0 Exception <a 'java/lang/NoSuchMethodError'{0x00000000839c83c8}: 'java.lang.reflect.Method[] java.lang.Class.getDeclaredMethods(java.lang.Class)'> (0x00000000839c83c8) 
thrown [s\src\hotspot\share\interpreter\linkResolver.cpp, line 773]

ZGC Phase Switch (0 events):
No events

VM Operations (20 events):
Event: 8.699 Executing non-safepoint VM operation: HandshakeAllThreads (Deoptimize)
Event: 8.699 Executing non-safepoint VM operation: HandshakeAllThreads (Deoptimize) done
Event: 8.699 Executing safepoint VM operation: Cleanup
Event: 8.699 Executing safepoint VM operation: Cleanup done
Event: 9.008 Executing safepoint VM operation: G1CollectForAllocation (G1 Evacuation Pause)
Event: 9.022 Executing safepoint VM operation: G1CollectForAllocation (G1 Evacuation Pause) done
Event: 9.048 Executing non-safepoint VM operation: HandshakeAllThreads (Deoptimize)
Event: 9.048 Executing non-safepoint VM operation: HandshakeAllThreads (Deoptimize) done
Event: 9.409 Executing non-safepoint VM operation: HandshakeAllThreads (Deoptimize)
Event: 9.410 Executing non-safepoint VM operation: HandshakeAllThreads (Deoptimize) done
Event: 9.447 Executing non-safepoint VM operation: HandshakeAllThreads (Deoptimize)
Event: 9.447 Executing non-safepoint VM operation: HandshakeAllThreads (Deoptimize) done
Event: 9.743 Executing non-safepoint VM operation: HandshakeAllThreads (Deoptimize)
Event: 9.743 Executing non-safepoint VM operation: HandshakeAllThreads (Deoptimize) done
Event: 9.744 Executing non-safepoint VM operation: HandshakeAllThreads (Deoptimize)
Event: 9.744 Executing non-safepoint VM operation: HandshakeAllThreads (Deoptimize) done
Event: 10.026 Executing non-safepoint VM operation: HandshakeAllThreads (Deoptimize)
Event: 10.026 Executing non-safepoint VM operation: HandshakeAllThreads (Deoptimize) done
Event: 10.026 Executing safepoint VM operation: Cleanup
Event: 10.026 Executing safepoint VM operation: Cleanup done

Memory protections (0 events):
No events

Nmethod flushes (0 events):
No events

Events (20 events):
Event: 4.597 Thread 0x0000024dfc18a1d0 Thread added: 0x0000024dfbf71ec0
Event: 4.601 Thread 0x0000024dfc18a1d0 Thread added: 0x0000024dfbf74620
Event: 5.489 Thread 0x0000024ddb352850 Thread added: 0x0000024ddb92af20
Event: 5.500 Thread 0x0000024dfc18a1d0 Thread added: 0x0000024dfbf73f90
Event: 5.532 Thread 0x0000024dfc18a1d0 Thread added: 0x0000024dfbf72be0
Event: 5.582 Thread 0x0000024dfc18a1d0 Thread added: 0x0000024dfbf74cb0
Event: 5.643 Thread 0x0000024ddb92af20 Thread exited: 0x0000024ddb92af20
Event: 5.911 Thread 0x0000024ddb352850 Thread added: 0x0000024dfc95f740
Event: 7.607 Thread 0x0000024dfc18a1d0 Thread added: 0x0000024dfbf71830
Event: 7.635 Thread 0x0000024dfc18a1d0 Thread added: 0x0000024dfbf72550
Event: 8.034 Thread 0x0000024dfc18a1d0 Thread added: 0x0000024dfe0b02b0
Event: 8.044 Thread 0x0000024dfc18a1d0 Thread added: 0x0000024dfe0a99b0
Event: 8.214 Thread 0x0000024dfc95f740 Thread exited: 0x0000024dfc95f740
Event: 8.441 Thread 0x0000024dfc18a1d0 Thread added: 0x0000024dfe0ae1e0
Event: 8.542 Thread 0x0000024dfc18a1d0 Thread added: 0x0000024dfe0aa040
Event: 8.834 Thread 0x0000024dfc18a1d0 Thread added: 0x0000024dfe0afc20
Event: 9.147 Thread 0x0000024dfc18a1d0 Thread added: 0x0000024dfe0aba80
Event: 9.453 Thread 0x0000024ddb352850 Thread added: 0x0000024dfcf26a60
Event: 9.589 Thread 0x0000024dfc18a1d0 Thread added: 0x0000024dfe0aef00
Event: 9.711 Thread 0x0000024dfc18a1d0 Thread added: 0x0000024dfe0af590


Dynamic libraries:
0x00007ff69e380000 - 0x00007ff69e38e000 	C:\Users\KHAN\.vscode\extensions\redhat.java-1.54.0-win32-x64\jre\21.0.10-win32-x86_64\bin\java.exe
0x00007ffec1a70000 - 0x00007ffec1c68000 	C:\Windows\SYSTEM32\ntdll.dll
0x00007ffec0210000 - 0x00007ffec02d2000 	C:\Windows\System32\KERNEL32.DLL
0x00007ffebf660000 - 0x00007ffebf956000 	C:\Windows\System32\KERNELBASE.dll
0x00007ffebf320000 - 0x00007ffebf420000 	C:\Windows\System32\ucrtbase.dll
0x00007ffea5740000 - 0x00007ffea5758000 	C:\Users\KHAN\.vscode\extensions\redhat.java-1.54.0-win32-x64\jre\21.0.10-win32-x86_64\bin\jli.dll
0x00007ffec0cc0000 - 0x00007ffec0e61000 	C:\Windows\System32\USER32.dll
0x00007ffebf1d0000 - 0x00007ffebf1f2000 	C:\Windows\System32\win32u.dll
0x00007ffec0c90000 - 0x00007ffec0cbb000 	C:\Windows\System32\GDI32.dll
0x00007ffebf200000 - 0x00007ffebf319000 	C:\Windows\System32\gdi32full.dll
0x00007ffebf960000 - 0x00007ffebf9fd000 	C:\Windows\System32\msvcp_win.dll
0x00007ffea52b0000 - 0x00007ffea52ce000 	C:\Users\KHAN\.vscode\extensions\redhat.java-1.54.0-win32-x64\jre\21.0.10-win32-x86_64\bin\VCRUNTIME140.dll
0x00007ffeafc80000 - 0x00007ffeaff1b000 	C:\Windows\WinSxS\amd64_microsoft.windows.common-controls_6595b64144ccf1df_6.0.19041.6456_none_60b8a6cb71f64256\COMCTL32.dll
0x00007ffec0050000 - 0x00007ffec00ee000 	C:\Windows\System32\msvcrt.dll
0x00007ffec0150000 - 0x00007ffec017f000 	C:\Windows\System32\IMM32.DLL
0x00007ffeb2990000 - 0x00007ffeb299c000 	C:\Users\KHAN\.vscode\extensions\redhat.java-1.54.0-win32-x64\jre\21.0.10-win32-x86_64\bin\vcruntime140_1.dll
0x00007ffe9adc0000 - 0x00007ffe9ae4d000 	C:\Users\KHAN\.vscode\extensions\redhat.java-1.54.0-win32-x64\jre\21.0.10-win32-x86_64\bin\msvcp140.dll
0x00007ffe76f30000 - 0x00007ffe77cd1000 	C:\Users\KHAN\.vscode\extensions\redhat.java-1.54.0-win32-x64\jre\21.0.10-win32-x86_64\bin\server\jvm.dll
0x00007ffec0e70000 - 0x00007ffec0f21000 	C:\Windows\System32\ADVAPI32.dll
0x00007ffebfdf0000 - 0x00007ffebfe8f000 	C:\Windows\System32\sechost.dll
0x00007ffebfa90000 - 0x00007ffebfbb0000 	C:\Windows\System32\RPCRT4.dll
0x00007ffebf4d0000 - 0x00007ffebf4f7000 	C:\Windows\System32\bcrypt.dll
0x00007ffec1050000 - 0x00007ffec10bb000 	C:\Windows\System32\WS2_32.dll
0x00007ffebe640000 - 0x00007ffebe68b000 	C:\Windows\SYSTEM32\POWRPROF.dll
0x00007ffeb0ac0000 - 0x00007ffeb0ae7000 	C:\Windows\SYSTEM32\WINMM.dll
0x00007ffeb0b00000 - 0x00007ffeb0b0a000 	C:\Windows\SYSTEM32\VERSION.dll
0x00007ffebe500000 - 0x00007ffebe512000 	C:\Windows\SYSTEM32\UMPDC.dll
0x00007ffebcf70000 - 0x00007ffebcf82000 	C:\Windows\SYSTEM32\kernel.appcore.dll
0x00007ffeb25d0000 - 0x00007ffeb25da000 	C:\Users\KHAN\.vscode\extensions\redhat.java-1.54.0-win32-x64\jre\21.0.10-win32-x86_64\bin\jimage.dll
0x00007ffeb0030000 - 0x00007ffeb0231000 	C:\Windows\SYSTEM32\DBGHELP.DLL
0x00007ffea9b90000 - 0x00007ffea9bc4000 	C:\Windows\SYSTEM32\dbgcore.DLL
0x00007ffebfa00000 - 0x00007ffebfa82000 	C:\Windows\System32\bcryptPrimitives.dll
0x00007ffebc420000 - 0x00007ffebc42f000 	C:\Users\KHAN\.vscode\extensions\redhat.java-1.54.0-win32-x64\jre\21.0.10-win32-x86_64\bin\instrument.dll
0x00007ffea2c70000 - 0x00007ffea2c90000 	C:\Users\KHAN\.vscode\extensions\redhat.java-1.54.0-win32-x64\jre\21.0.10-win32-x86_64\bin\java.dll
0x00007ffec03c0000 - 0x00007ffec0b30000 	C:\Windows\System32\SHELL32.dll
0x00007ffebd170000 - 0x00007ffebd915000 	C:\Windows\SYSTEM32\windows.storage.dll
0x00007ffec11e0000 - 0x00007ffec1534000 	C:\Windows\System32\combase.dll
0x00007ffebeb30000 - 0x00007ffebeb5b000 	C:\Windows\SYSTEM32\Wldp.dll
0x00007ffec0b30000 - 0x00007ffec0bfd000 	C:\Windows\System32\OLEAUT32.dll
0x00007ffec0fa0000 - 0x00007ffec104d000 	C:\Windows\System32\SHCORE.dll
0x00007ffec1540000 - 0x00007ffec159b000 	C:\Windows\System32\shlwapi.dll
0x00007ffebf030000 - 0x00007ffebf054000 	C:\Windows\SYSTEM32\profapi.dll
0x00007ffe9f560000 - 0x00007ffe9f578000 	C:\Users\KHAN\.vscode\extensions\redhat.java-1.54.0-win32-x64\jre\21.0.10-win32-x86_64\bin\zip.dll
0x00007ffeae2c0000 - 0x00007ffeae2d0000 	C:\Users\KHAN\.vscode\extensions\redhat.java-1.54.0-win32-x64\jre\21.0.10-win32-x86_64\bin\net.dll
0x00007ffeb6540000 - 0x00007ffeb664a000 	C:\Windows\SYSTEM32\WINHTTP.dll
0x00007ffebe890000 - 0x00007ffebe8fa000 	C:\Windows\system32\mswsock.dll
0x00007ffe9f540000 - 0x00007ffe9f556000 	C:\Users\KHAN\.vscode\extensions\redhat.java-1.54.0-win32-x64\jre\21.0.10-win32-x86_64\bin\nio.dll
0x00007ffebb360000 - 0x00007ffebb370000 	C:\Users\KHAN\.vscode\extensions\redhat.java-1.54.0-win32-x64\jre\21.0.10-win32-x86_64\bin\verify.dll
0x00007ffeb7b50000 - 0x00007ffeb7b77000 	C:\Users\KHAN\.gradle\native\c067742578af261105cb4f569cf0c3c89f3d7b1fecec35dd04571415982c5e48\windows-amd64\native-platform.dll
0x00007ffe8ec20000 - 0x00007ffe8ed64000 	C:\Users\KHAN\.gradle\native\100fb08df4bc3b14c8652ba06237920a3bd2aa13389f12d3474272988ae205f9\windows-amd64\native-platform-file-events.dll
0x00007ffeb8de0000 - 0x00007ffeb8dea000 	C:\Users\KHAN\.vscode\extensions\redhat.java-1.54.0-win32-x64\jre\21.0.10-win32-x86_64\bin\management.dll
0x00007ffeb7e20000 - 0x00007ffeb7e2c000 	C:\Users\KHAN\.vscode\extensions\redhat.java-1.54.0-win32-x64\jre\21.0.10-win32-x86_64\bin\management_ext.dll
0x00007ffec0f30000 - 0x00007ffec0f38000 	C:\Windows\System32\PSAPI.DLL
0x00007ffebea90000 - 0x00007ffebeaa8000 	C:\Windows\SYSTEM32\CRYPTSP.dll
0x00007ffebe140000 - 0x00007ffebe178000 	C:\Windows\system32\rsaenh.dll
0x00007ffebeff0000 - 0x00007ffebf01e000 	C:\Windows\SYSTEM32\USERENV.dll
0x00007ffebea80000 - 0x00007ffebea8c000 	C:\Windows\SYSTEM32\CRYPTBASE.dll
0x00007ffebe520000 - 0x00007ffebe55b000 	C:\Windows\SYSTEM32\IPHLPAPI.DLL
0x00007ffec0040000 - 0x00007ffec0048000 	C:\Windows\System32\NSI.dll
0x00007ffeadd10000 - 0x00007ffeadd19000 	C:\Users\KHAN\.vscode\extensions\redhat.java-1.54.0-win32-x64\jre\21.0.10-win32-x86_64\bin\extnet.dll
0x00007ffeb9120000 - 0x00007ffeb912e000 	C:\Users\KHAN\.vscode\extensions\redhat.java-1.54.0-win32-x64\jre\21.0.10-win32-x86_64\bin\sunmscapi.dll
0x00007ffebf500000 - 0x00007ffebf65d000 	C:\Windows\System32\CRYPT32.dll
0x00007ffebeba0000 - 0x00007ffebebc7000 	C:\Windows\SYSTEM32\ncrypt.dll
0x00007ffebeb60000 - 0x00007ffebeb9b000 	C:\Windows\SYSTEM32\NTASN1.dll
0x00007ffeadf00000 - 0x00007ffeadf07000 	C:\Windows\system32\wshunix.dll

JVMTI agents:
C:\Users\KHAN\.gradle\wrapper\dists\gradle-8.9-bin\90cnw93cvbtalezasaz0blq0a\gradle-8.9\lib\agents\gradle-instrumentation-agent-8.9.jar path:C:\Users\KHAN\.vscode\extensions\redhat.java-1.54.0-win32-x64\jre\21.0.10-win32-x86_64\bin\instrument.dll, loaded, initialized, instrumentlib options:none

dbghelp: loaded successfully - version: 4.0.5 - missing functions: none
symbol engine: initialized successfully - sym options: 0x614 - pdb path: .;C:\Users\KHAN\.vscode\extensions\redhat.java-1.54.0-win32-x64\jre\21.0.10-win32-x86_64\bin;C:\Windows\SYSTEM32;C:\Windows\WinSxS\amd64_microsoft.windows.common-controls_6595b64144ccf1df_6.0.19041.6456_none_60b8a6cb71f64256;C:\Users\KHAN\.vscode\extensions\redhat.java-1.54.0-win32-x64\jre\21.0.10-win32-x86_64\bin\server;C:\Users\KHAN\.gradle\native\c067742578af261105cb4f569cf0c3c89f3d7b1fecec35dd04571415982c5e48\windows-amd64;C:\Users\KHAN\.gradle\native\100fb08df4bc3b14c8652ba06237920a3bd2aa13389f12d3474272988ae205f9\windows-amd64

VM Arguments:
jvm_args: -XX:MaxMetaspaceSize=512m -XX:+HeapDumpOnOutOfMemoryError --add-opens=java.base/java.util=ALL-UNNAMED --add-opens=java.base/java.lang=ALL-UNNAMED --add-opens=java.base/java.lang.invoke=ALL-UNNAMED --add-opens=java.prefs/java.util.prefs=ALL-UNNAMED --add-exports=jdk.compiler/com.sun.tools.javac.api=ALL-UNNAMED --add-exports=jdk.compiler/com.sun.tools.javac.util=ALL-UNNAMED --add-opens=java.base/java.nio.charset=ALL-UNNAMED --add-opens=java.base/java.net=ALL-UNNAMED --add-opens=java.base/java.util.concurrent.atomic=ALL-UNNAMED -Xmx2048m -Dfile.encoding=UTF-8 -Duser.country=US -Duser.language=en -Duser.variant -javaagent:C:\Users\KHAN\.gradle\wrapper\dists\gradle-8.9-bin\90cnw93cvbtalezasaz0blq0a\gradle-8.9\lib\agents\gradle-instrumentation-agent-8.9.jar 
java_command: org.gradle.launcher.daemon.bootstrap.GradleDaemon 8.9
java_class_path (initial): C:\Users\KHAN\.gradle\wrapper\dists\gradle-8.9-bin\90cnw93cvbtalezasaz0blq0a\gradle-8.9\lib\gradle-daemon-main-8.9.jar
Launcher Type: SUN_STANDARD

[Global flags]
     intx CICompilerCount                          = 3                                         {product} {ergonomic}
   size_t CompressedClassSpaceSize                 = 436207616                                 {product} {ergonomic}
     uint ConcGCThreads                            = 1                                         {product} {ergonomic}
     uint G1ConcRefinementThreads                  = 4                                         {product} {ergonomic}
   size_t G1HeapRegionSize                         = 1048576                                   {product} {ergonomic}
    uintx GCDrainStackTargetSize                   = 64                                        {product} {ergonomic}
     bool HeapDumpOnOutOfMemoryError               = true                                   {manageable} {command line}
   size_t InitialHeapSize                          = 134217728                                 {product} {ergonomic}
   size_t MarkStackSize                            = 4194304                                   {product} {ergonomic}
   size_t MaxHeapSize                              = 2147483648                                {product} {command line}
   size_t MaxMetaspaceSize                         = 536870912                                 {product} {command line}
   size_t MaxNewSize                               = 1287651328                                {product} {ergonomic}
   size_t MinHeapDeltaBytes                        = 1048576                                   {product} {ergonomic}
   size_t MinHeapSize                              = 8388608                                   {product} {ergonomic}
    uintx NonNMethodCodeHeapSize                   = 5832780                                {pd product} {ergonomic}
    uintx NonProfiledCodeHeapSize                  = 122912730                              {pd product} {ergonomic}
    uintx ProfiledCodeHeapSize                     = 122912730                              {pd product} {ergonomic}
    uintx ReservedCodeCacheSize                    = 251658240                              {pd product} {ergonomic}
     bool SegmentedCodeCache                       = true                                      {product} {ergonomic}
   size_t SoftMaxHeapSize                          = 2147483648                             {manageable} {ergonomic}
     bool UseCompressedOops                        = true                           {product lp64_product} {ergonomic}
     bool UseG1GC                                  = true                                      {product} {ergonomic}
     bool UseLargePagesIndividualAllocation        = false                                  {pd product} {ergonomic}

Logging:
Log output configuration:
 #0: stdout all=warning uptime,level,tags foldmultilines=false
 #1: stderr all=off uptime,level,tags foldmultilines=false

Release file:
JAVA_VERSION="21.0.10" 
MODULES="java.base java.compiler java.datatransfer java.xml java.prefs java.desktop java.instrument java.logging java.management java.security.sasl java.naming java.rmi java.management.rmi java.net.http java.scripting java.security.jgss java.transaction.xa java.sql java.sql.rowset java.xml.crypto java.se java.smartcardio jdk.accessibility jdk.internal.jvmstat jdk.attach jdk.charsets jdk.internal.opt jdk.zipfs jdk.compiler jdk.crypto.ec jdk.crypto.cryptoki jdk.crypto.mscapi jdk.dynalink jdk.internal.ed jdk.editpad jdk.hotspot.agent jdk.httpserver jdk.internal.le jdk.internal.vm.ci jdk.internal.vm.compiler jdk.internal.vm.compiler.management jdk.jartool jdk.javadoc jdk.jcmd jdk.management jdk.management.agent jdk.jconsole jdk.jdeps jdk.jdwp.agent jdk.jdi jdk.jfr jdk.jshell jdk.jsobject jdk.jstatd jdk.localedata jdk.management.jfr jdk.naming.dns jdk.naming.rmi jdk.net jdk.nio.mapmode jdk.random jdk.sctp jdk.security.auth jdk.security.jgss jdk.unsupported jdk.unsupported.desktop jdk.xml.dom" 

Environment Variables:
JAVA_HOME=C:\Program Files\Microsoft\jdk-17.0.10.7-hotspot\
PATH=C:\Python312\Scripts\;C:\Python312\;C:\Program Files\Microsoft\jdk-17.0.10.7-hotspot\bin;C:\Windows\system32;C:\Windows;C:\Windows\System32\Wbem;C:\Windows\System32\WindowsPowerShell\v1.0\;C:\Windows\System32\OpenSSH\;C:\ProgramData\chocolatey\bin;C:\Program Files\Git\cmd;C:\Users\KHAN\AppData\Local\Android\Sdk\platform-tools;C:\Users\KHAN\AppData\Local\Android\Sdk\tools;C:\Program Files\nodejs\;C:\Program Files (x86)\Microsoft SQL Server\160\Tools\Binn\;C:\Program Files\Microsoft SQL Server\160\Tools\Binn\;C:\Program Files\Microsoft SQL Server\Client SDK\ODBC\170\Tools\Binn\;C:\Program Files\Microsoft SQL Server\160\DTS\Binn\;C:\Program Files\MongoDB\Server\8.2\bin;C:\tools\php85;C:\ProgramData\ComposerSetup\bin;C:\Users\KHAN\AppData\Local\Microsoft\WindowsApps;C:\Users\KHAN\AppData\Local\Programs\Microsoft VS Code\bin;C:\Users\KHAN\AppData\Local\Android\Sdk\platform-tools;C:\Users\KHAN\AppData\Local\Android\Sdk\platform-tools;C:\Users\KHAN\AppData\Roaming\npm;C:\Program Files\mongosh\;C:\Users\KHAN\AppData\Local\Programs\Antigravity\bin;C:\Users\KHAN\AppData\Roaming\Composer\vendor\bin;C:\Users\KHAN\AppData\Local\Programs\Windsurf\bin
USERNAME=KHAN
OS=Windows_NT
PROCESSOR_IDENTIFIER=Intel64 Family 6 Model 58 Stepping 9, GenuineIntel
TMP=C:\Users\KHAN\AppData\Local\Temp
TEMP=C:\Users\KHAN\AppData\Local\Temp




Periodic native trim disabled

---------------  S Y S T E M  ---------------

OS:
 Windows 10 , 64 bit Build 19041 (10.0.19041.5915)
OS uptime: 5 days 18:12 hours

CPU: total 4 (initial active 4) (2 cores per cpu, 2 threads per core) family 6 model 58 stepping 9 microcode 0x21, cx8, cmov, fxsr, ht, mmx, sse, sse2, sse3, ssse3, sse4.1, sse4.2, popcnt, tsc, tscinvbit, avx, aes, erms, clmul, vzeroupper, clflush, rdtscp, f16c
Processor Information for the first 4 processors :
  Max Mhz: 2601, Current Mhz: 2601, Mhz Limit: 2601

Memory: 4k page, system-wide physical 8095M (449M free)
TotalPageFile size 23286M (AvailPageFile size 5M)
current process WorkingSet (physical memory assigned to process): 231M, peak: 234M
current process commit charge ("private bytes"): 274M, peak: 294M

vm_info: OpenJDK 64-Bit Server VM (21.0.10+7-LTS) for windows-amd64 JRE (21.0.10+7-LTS), built on 2026-01-20T00:00:00Z by "admin" with MS VC++ 17.12 (VS2022)

END.
