#
# There is insufficient memory for the Java Runtime Environment to continue.
# Native memory allocation (malloc) failed to allocate 321296 bytes. Error detail: Chunk::new
# Possible reasons:
#   The system is out of physical RAM or swap space
#   This process is running with CompressedOops enabled, and the Java Heap may be blocking the growth of the native heap
# Possible solutions:
#   Reduce memory load on the system
#   Increase physical memory or swap space
#   Check if swap backing store is full
#   Decrease Java heap size (-Xmx/-Xms)
#   Decrease number of Java threads
#   Decrease Java thread stack sizes (-Xss)
#   Set larger code cache with -XX:ReservedCodeCacheSize=
#   JVM is running with Unscaled Compressed Oops mode in which the Java heap is
#     placed in the first 4GB address space. The Java Heap base address is the
#     maximum limit for the native heap growth. Please use -XX:HeapBaseMinAddress
#     to set the Java Heap base and to place the Java Heap above 4GB virtual address.
# This output file may be truncated or incomplete.
#
#  Out of Memory Error (arena.cpp:168), pid=10648, tid=14376
#
# JRE version: OpenJDK Runtime Environment Temurin-21.0.10+7 (21.0.10+7) (build 21.0.10+7-LTS)
# Java VM: OpenJDK 64-Bit Server VM Temurin-21.0.10+7 (21.0.10+7-LTS, mixed mode, sharing, tiered, compressed oops, compressed class ptrs, parallel gc, windows-amd64)
# No core dump will be written. Minidumps are not enabled by default on client versions of Windows
#

---------------  S U M M A R Y ------------

Command Line: --add-modules=ALL-SYSTEM --add-opens=java.base/java.util=ALL-UNNAMED --add-opens=java.base/java.lang=ALL-UNNAMED --add-opens=java.base/sun.nio.fs=ALL-UNNAMED -Declipse.application=org.eclipse.jdt.ls.core.id1 -Dosgi.bundles.defaultStartLevel=4 -Declipse.product=org.eclipse.jdt.ls.core.product -Djava.import.generatesMetadataFilesAtProjectRoot=false -DDetectVMInstallationsJob.disabled=true -Dfile.encoding=utf8 -XX:+UseParallelGC -XX:GCTimeRatio=4 -XX:AdaptiveSizePolicyWeight=90 -Dsun.zip.disableMemoryMapping=true -Xmx2G -Xms100m -Xlog:disable -javaagent:c:\Users\KHAN\.vscode\extensions\redhat.java-1.53.0-win32-x64\lombok\lombok-1.18.39-4050.jar c:\Users\KHAN\.vscode\extensions\redhat.java-1.53.0-win32-x64\server\plugins\org.eclipse.equinox.launcher_1.7.100.v20251111-0406.jar -configuration c:\Users\KHAN\AppData\Roaming\Code\User\globalStorage\redhat.java\1.53.0\config_ss_win -data c:\Users\KHAN\AppData\Roaming\Code\User\workspaceStorage\68ccc319445cd5e44a420bc5d8f9fddf\redhat.java\ss_ws --pipe=\\.\pipe\lsp-2032095622ed8e7552edcf3d0a903787-sock

Host: Intel(R) Core(TM) i5-3320M CPU @ 2.60GHz, 4 cores, 7G,  Windows 10 , 64 bit Build 19041 (10.0.19041.5915)
Time: Wed Mar 25 16:48:16 2026 Pakistan Standard Time elapsed time: 1.843443 seconds (0d 0h 0m 1s)

---------------  T H R E A D  ---------------

Current thread (0x0000026ccfd832a0):  JavaThread "C2 CompilerThread0" daemon [_thread_in_native, id=14376, stack(0x00000078ebe00000,0x00000078ebf00000) (1024K)]


Current CompileTask:
C2:1843  677       4       lombok.patcher.PatchScript::classMatches (41 bytes)

Stack: [0x00000078ebe00000,0x00000078ebf00000]
Native frames: (J=compiled Java code, j=interpreted, Vv=VM code, C=native code)
V  [jvm.dll+0x6d7a39]
V  [jvm.dll+0x8b4b26]
V  [jvm.dll+0x8b70de]
V  [jvm.dll+0x8b77c3]
V  [jvm.dll+0x284346]
V  [jvm.dll+0xc66ed]
V  [jvm.dll+0xc6c31]
V  [jvm.dll+0x3bec01]
V  [jvm.dll+0x38b162]
V  [jvm.dll+0x38a5aa]
V  [jvm.dll+0x24c560]
V  [jvm.dll+0x24bb40]
V  [jvm.dll+0x1cb34e]
V  [jvm.dll+0x25b85d]
V  [jvm.dll+0x259dea]
V  [jvm.dll+0x3f857e]
V  [jvm.dll+0x85f59d]
V  [jvm.dll+0x6d626d]
C  [ucrtbase.dll+0x21bb2]
C  [KERNEL32.DLL+0x17374]
C  [ntdll.dll+0x4cc91]


---------------  P R O C E S S  ---------------

Threads class SMR info:
_java_thread_list=0x0000026d11d37680, length=11, elements={
0x0000026cb93919a0, 0x0000026ccfd78d60, 0x0000026ccfd7a8c0, 0x0000026ccfd7d940,
0x0000026ccfd7e5a0, 0x0000026ccfd81010, 0x0000026ccfd82460, 0x0000026ccfd832a0,
0x0000026ccfdf4c60, 0x0000026d11c17ef0, 0x0000026d11d09820
}

Java Threads: ( => current thread )
  0x0000026cb93919a0 JavaThread "main"                              [_thread_in_vm, id=21740, stack(0x00000078eb400000,0x00000078eb500000) (1024K)]
  0x0000026ccfd78d60 JavaThread "Reference Handler"          daemon [_thread_blocked, id=16840, stack(0x00000078eb800000,0x00000078eb900000) (1024K)]
  0x0000026ccfd7a8c0 JavaThread "Finalizer"                  daemon [_thread_blocked, id=18664, stack(0x00000078eb900000,0x00000078eba00000) (1024K)]
  0x0000026ccfd7d940 JavaThread "Signal Dispatcher"          daemon [_thread_blocked, id=17636, stack(0x00000078eba00000,0x00000078ebb00000) (1024K)]
  0x0000026ccfd7e5a0 JavaThread "Attach Listener"            daemon [_thread_blocked, id=10736, stack(0x00000078ebb00000,0x00000078ebc00000) (1024K)]
  0x0000026ccfd81010 JavaThread "Service Thread"             daemon [_thread_blocked, id=10488, stack(0x00000078ebc00000,0x00000078ebd00000) (1024K)]
  0x0000026ccfd82460 JavaThread "Monitor Deflation Thread"   daemon [_thread_blocked, id=11104, stack(0x00000078ebd00000,0x00000078ebe00000) (1024K)]
=>0x0000026ccfd832a0 JavaThread "C2 CompilerThread0"         daemon [_thread_in_native, id=14376, stack(0x00000078ebe00000,0x00000078ebf00000) (1024K)]
  0x0000026ccfdf4c60 JavaThread "C1 CompilerThread0"         daemon [_thread_blocked, id=7536, stack(0x00000078ebf00000,0x00000078ec000000) (1024K)]
  0x0000026d11c17ef0 JavaThread "Common-Cleaner"             daemon [_thread_blocked, id=20532, stack(0x00000078ec000000,0x00000078ec100000) (1024K)]
  0x0000026d11d09820 JavaThread "Notification Thread"        daemon [_thread_blocked, id=10352, stack(0x00000078ec100000,0x00000078ec200000) (1024K)]
Total: 11

Other Threads:
  0x0000026cb944f1b0 VMThread "VM Thread"                           [id=12724, stack(0x00000078eb700000,0x00000078eb800000) (1024K)]
  0x0000026cb93faab0 WatcherThread "VM Periodic Task Thread"        [id=4856, stack(0x00000078eb600000,0x00000078eb700000) (1024K)]
  0x0000026cb93ae290 WorkerThread "GC Thread#0"                     [id=5528, stack(0x00000078eb500000,0x00000078eb600000) (1024K)]
Total: 3

Threads with active compile tasks:
C2 CompilerThread0  1870  677       4       lombok.patcher.PatchScript::classMatches (41 bytes)
Total: 1

VM state: not at safepoint (normal execution)

VM Mutex/Monitor currently owned by a thread: None

Heap address: 0x0000000080000000, size: 2048 MB, Compressed Oops mode: 32-bit

CDS archive(s) mapped at: [0x0000026cd0000000-0x0000026cd0ba0000-0x0000026cd0ba0000), size 12189696, SharedBaseAddress: 0x0000026cd0000000, ArchiveRelocationMode: 1.
Compressed class space mapped at: 0x0000026cd1000000-0x0000026d11000000, reserved size: 1073741824
Narrow klass base: 0x0000026cd0000000, Narrow klass shift: 0, Narrow klass range: 0x100000000

GC Precious Log:
 CardTable entry size: 512
 CPUs: 4 total, 4 available
 Memory: 8095M
 Large Page Support: Disabled
 NUMA Support: Disabled
 Compressed Oops: Enabled (32-bit)
 Alignments: Space 512K, Generation 512K, Heap 2M
 Heap Min Capacity: 100M
 Heap Initial Capacity: 100M
 Heap Max Capacity: 2G
 Pre-touch: Disabled
 Parallel Workers: 4

Heap:
 PSYoungGen      total 29696K, used 14541K [0x00000000d5580000, 0x00000000d7680000, 0x0000000100000000)
  eden space 25600K, 56% used [0x00000000d5580000,0x00000000d63b3618,0x00000000d6e80000)
  from space 4096K, 0% used [0x00000000d7280000,0x00000000d7280000,0x00000000d7680000)
  to   space 4096K, 0% used [0x00000000d6e80000,0x00000000d6e80000,0x00000000d7280000)
 ParOldGen       total 68608K, used 0K [0x0000000080000000, 0x0000000084300000, 0x00000000d5580000)
  object space 68608K, 0% used [0x0000000080000000,0x0000000080000000,0x0000000084300000)
 Metaspace       used 2780K, committed 3008K, reserved 1114112K
  class space    used 289K, committed 384K, reserved 1048576K

Card table byte_map: [0x0000026cb8d70000,0x0000026cb9180000] _byte_map_base: 0x0000026cb8970000

Marking Bits: (ParMarkBitMap*) 0x00007ff864133450
 Begin Bits: [0x0000026ccb850000, 0x0000026ccd850000)
 End Bits:   [0x0000026ccd850000, 0x0000026ccf850000)

Polling page: 0x0000026cb8b60000

Metaspace:

Usage:
  Non-class:      2.43 MB used.
      Class:    289.73 KB used.
       Both:      2.72 MB used.

Virtual space:
  Non-class space:       64.00 MB reserved,       2.56 MB (  4%) committed,  1 nodes.
      Class space:        1.00 GB reserved,     384.00 KB ( <1%) committed,  1 nodes.
             Both:        1.06 GB reserved,       2.94 MB ( <1%) committed. 

Chunk freelists:
   Non-Class:  11.65 MB
       Class:  15.67 MB
        Both:  27.32 MB

MaxMetaspaceSize: unlimited
CompressedClassSpaceSize: 1.00 GB
Initial GC threshold: 21.00 MB
Current GC threshold: 21.00 MB
CDS: on
 - commit_granule_bytes: 65536.
 - commit_granule_words: 8192.
 - virtual_space_node_default_size: 8388608.
 - enlarge_chunks_in_place: 1.
 - use_allocation_guard: 0.


Internal statistics:

num_allocs_failed_limit: 0.
num_arena_births: 80.
num_arena_deaths: 0.
num_vsnodes_births: 2.
num_vsnodes_deaths: 0.
num_space_committed: 47.
num_space_uncommitted: 0.
num_chunks_returned_to_freelist: 0.
num_chunks_taken_from_freelist: 102.
num_chunk_merges: 0.
num_chunk_splits: 72.
num_chunks_enlarged: 46.
num_inconsistent_stats: 0.

CodeHeap 'non-profiled nmethods': size=120000Kb used=252Kb max_used=252Kb free=119747Kb
 bounds [0x0000026cc4070000, 0x0000026cc42e0000, 0x0000026ccb5a0000]
CodeHeap 'profiled nmethods': size=120000Kb used=1032Kb max_used=1032Kb free=118967Kb
 bounds [0x0000026cbc5a0000, 0x0000026cbc810000, 0x0000026cc3ad0000]
CodeHeap 'non-nmethods': size=5760Kb used=1181Kb max_used=1193Kb free=4579Kb
 bounds [0x0000026cc3ad0000, 0x0000026cc3d40000, 0x0000026cc4070000]
CodeCache: size=245760Kb, used=2465Kb, max_used=2477Kb, free=243293Kb
 total_blobs=1128, nmethods=688, adapters=347, full_count=0
Compilation: enabled, stopped_count=0, restarted_count=0

Compilation events (20 events):
Event: 1.804 Thread 0x0000026ccfdf4c60  681       3       sun.invoke.util.VerifyType::isNullConversion (157 bytes)
Event: 1.805 Thread 0x0000026ccfdf4c60 nmethod 681 0x0000026cbc69a890 code [0x0000026cbc69abc0, 0x0000026cbc69bff0]
Event: 1.809 Thread 0x0000026ccfdf4c60  682       3       java.lang.invoke.MethodType::erase (8 bytes)
Event: 1.809 Thread 0x0000026ccfdf4c60 nmethod 682 0x0000026cbc69c490 code [0x0000026cbc69c620, 0x0000026cbc69c750]
Event: 1.809 Thread 0x0000026ccfdf4c60  683       3       java.lang.invoke.MemberName::getModifiers (8 bytes)
Event: 1.809 Thread 0x0000026ccfdf4c60 nmethod 683 0x0000026cbc69c810 code [0x0000026cbc69c9a0, 0x0000026cbc69cab0]
Event: 1.817 Thread 0x0000026ccfdf4c60  684       3       java.lang.StringUTF16::putChar (54 bytes)
Event: 1.817 Thread 0x0000026ccfdf4c60 nmethod 684 0x0000026cbc69cb10 code [0x0000026cbc69ccc0, 0x0000026cbc69ce10]
Event: 1.825 Thread 0x0000026ccfdf4c60  686       3       lombok.eclipse.agent.EclipsePatcher$1::shouldTransform (107 bytes)
Event: 1.826 Thread 0x0000026ccfdf4c60 nmethod 686 0x0000026cbc69cf10 code [0x0000026cbc69d220, 0x0000026cbc69e098]
Event: 1.831 Thread 0x0000026ccfdf4c60  688       3       java.math.MutableBigInteger::mulsub (110 bytes)
Event: 1.831 Thread 0x0000026ccfdf4c60 nmethod 688 0x0000026cbc69e590 code [0x0000026cbc69e740, 0x0000026cbc69ea00]
Event: 1.834 Thread 0x0000026ccfdf4c60  689       3       java.math.BigInteger::implMulAdd (81 bytes)
Event: 1.834 Thread 0x0000026ccfdf4c60 nmethod 689 0x0000026cbc69eb90 code [0x0000026cbc69ed40, 0x0000026cbc69ef80]
Event: 1.834 Thread 0x0000026ccfdf4c60  690       3       java.math.BigInteger::mulAdd (19 bytes)
Event: 1.835 Thread 0x0000026ccfdf4c60 nmethod 690 0x0000026cbc69f110 code [0x0000026cbc69f2c0, 0x0000026cbc69f458]
Event: 1.835 Thread 0x0000026ccfdf4c60  692       3       java.math.BigInteger::addOne (77 bytes)
Event: 1.835 Thread 0x0000026ccfdf4c60 nmethod 692 0x0000026cbc69f510 code [0x0000026cbc69f6e0, 0x0000026cbc69fa20]
Event: 1.835 Thread 0x0000026ccfdf4c60  691       3       java.math.BigInteger::implMulAddCheck (176 bytes)
Event: 1.836 Thread 0x0000026ccfdf4c60 nmethod 691 0x0000026cbc69fb90 code [0x0000026cbc69ffe0, 0x0000026cbc6a1810]

GC Heap History (0 events):
No events

Dll operation events (8 events):
Event: 0.024 Loaded shared library c:\Users\KHAN\.vscode\extensions\redhat.java-1.53.0-win32-x64\jre\21.0.10-win32-x86_64\bin\java.dll
Event: 0.644 Loaded shared library c:\Users\KHAN\.vscode\extensions\redhat.java-1.53.0-win32-x64\jre\21.0.10-win32-x86_64\bin\zip.dll
Event: 0.701 Loaded shared library C:\Users\KHAN\.vscode\extensions\redhat.java-1.53.0-win32-x64\jre\21.0.10-win32-x86_64\bin\instrument.dll
Event: 0.712 Loaded shared library C:\Users\KHAN\.vscode\extensions\redhat.java-1.53.0-win32-x64\jre\21.0.10-win32-x86_64\bin\net.dll
Event: 0.715 Loaded shared library C:\Users\KHAN\.vscode\extensions\redhat.java-1.53.0-win32-x64\jre\21.0.10-win32-x86_64\bin\nio.dll
Event: 0.721 Loaded shared library C:\Users\KHAN\.vscode\extensions\redhat.java-1.53.0-win32-x64\jre\21.0.10-win32-x86_64\bin\zip.dll
Event: 0.771 Loaded shared library C:\Users\KHAN\.vscode\extensions\redhat.java-1.53.0-win32-x64\jre\21.0.10-win32-x86_64\bin\jimage.dll
Event: 0.963 Loaded shared library c:\Users\KHAN\.vscode\extensions\redhat.java-1.53.0-win32-x64\jre\21.0.10-win32-x86_64\bin\verify.dll

Deoptimization events (20 events):
Event: 1.295 Thread 0x0000026cb93919a0 DEOPT PACKING pc=0x0000026cbc5ead98 sp=0x00000078eb4fc640
Event: 1.295 Thread 0x0000026cb93919a0 DEOPT UNPACKING pc=0x0000026cc3b24242 sp=0x00000078eb4fbb00 mode 0
Event: 1.297 Thread 0x0000026cb93919a0 DEOPT PACKING pc=0x0000026cbc5ead98 sp=0x00000078eb4fab30
Event: 1.297 Thread 0x0000026cb93919a0 DEOPT UNPACKING pc=0x0000026cc3b24242 sp=0x00000078eb4f9ff0 mode 0
Event: 1.300 Thread 0x0000026cb93919a0 DEOPT PACKING pc=0x0000026cbc5ead98 sp=0x00000078eb4fa790
Event: 1.300 Thread 0x0000026cb93919a0 DEOPT UNPACKING pc=0x0000026cc3b24242 sp=0x00000078eb4f9c50 mode 0
Event: 1.301 Thread 0x0000026cb93919a0 DEOPT PACKING pc=0x0000026cbc5ead98 sp=0x00000078eb4fb0b0
Event: 1.301 Thread 0x0000026cb93919a0 DEOPT UNPACKING pc=0x0000026cc3b24242 sp=0x00000078eb4fa570 mode 0
Event: 1.532 Thread 0x0000026cb93919a0 Uncommon trap: trap_request=0xffffff45 fr.pc=0x0000026cc40a277c relative=0x000000000000015c
Event: 1.532 Thread 0x0000026cb93919a0 Uncommon trap: reason=unstable_if action=reinterpret pc=0x0000026cc40a277c method=jdk.internal.util.ArraysSupport.vectorizedHashCode(Ljava/lang/Object;IIII)I @ 2 c2
Event: 1.532 Thread 0x0000026cb93919a0 DEOPT PACKING pc=0x0000026cc40a277c sp=0x00000078eb4fce30
Event: 1.532 Thread 0x0000026cb93919a0 DEOPT UNPACKING pc=0x0000026cc3b23aa2 sp=0x00000078eb4fcde0 mode 2
Event: 1.547 Thread 0x0000026cb93919a0 Uncommon trap: trap_request=0xffffff45 fr.pc=0x0000026cc4092474 relative=0x00000000000000d4
Event: 1.547 Thread 0x0000026cb93919a0 Uncommon trap: reason=unstable_if action=reinterpret pc=0x0000026cc4092474 method=java.net.URI.match(CJJ)Z @ 45 c2
Event: 1.547 Thread 0x0000026cb93919a0 DEOPT PACKING pc=0x0000026cc4092474 sp=0x00000078eb4fcfb0
Event: 1.547 Thread 0x0000026cb93919a0 DEOPT UNPACKING pc=0x0000026cc3b23aa2 sp=0x00000078eb4fcf18 mode 2
Event: 1.817 Thread 0x0000026cb93919a0 Uncommon trap: trap_request=0xffffff45 fr.pc=0x0000026cc40919b4 relative=0x0000000000000194
Event: 1.817 Thread 0x0000026cb93919a0 Uncommon trap: reason=unstable_if action=reinterpret pc=0x0000026cc40919b4 method=java.lang.StringUTF16.compress([CI[BII)I @ 20 c2
Event: 1.817 Thread 0x0000026cb93919a0 DEOPT PACKING pc=0x0000026cc40919b4 sp=0x00000078eb4fbc40
Event: 1.817 Thread 0x0000026cb93919a0 DEOPT UNPACKING pc=0x0000026cc3b23aa2 sp=0x00000078eb4fbbb0 mode 2

Classes loaded (20 events):
Event: 1.821 Loading class sun/security/rsa/RSASignature$SHA256withRSA
Event: 1.821 Loading class sun/security/rsa/RSASignature
Event: 1.821 Loading class sun/security/rsa/RSASignature done
Event: 1.821 Loading class sun/security/rsa/RSASignature$SHA256withRSA done
Event: 1.821 Loading class sun/security/rsa/RSAPrivateKeyImpl
Event: 1.822 Loading class sun/security/pkcs/PKCS8Key
Event: 1.822 Loading class sun/security/util/InternalPrivateKey
Event: 1.822 Loading class sun/security/util/InternalPrivateKey done
Event: 1.822 Loading class sun/security/pkcs/PKCS8Key done
Event: 1.822 Loading class sun/security/rsa/RSAPrivateKeyImpl done
Event: 1.822 Loading class sun/security/rsa/RSAPrivateCrtKeyImpl
Event: 1.823 Loading class java/security/interfaces/RSAPrivateCrtKey
Event: 1.823 Loading class java/security/interfaces/RSAPrivateCrtKey done
Event: 1.823 Loading class sun/security/rsa/RSAPrivateCrtKeyImpl done
Event: 1.823 Loading class sun/security/rsa/RSACore
Event: 1.824 Loading class sun/security/rsa/RSACore done
Event: 1.824 Loading class sun/security/rsa/RSAPadding
Event: 1.825 Loading class sun/security/rsa/RSAPadding done
Event: 1.827 Loading class java/math/MutableBigInteger
Event: 1.828 Loading class java/math/MutableBigInteger done

Classes unloaded (0 events):
No events

Classes redefined (0 events):
No events

Internal exceptions (12 events):
Event: 0.636 Thread 0x0000026cb93919a0 Exception <a 'java/lang/NoSuchMethodError'{0x00000000d57a9100}: 'void java.lang.invoke.DirectMethodHandle$Holder.invokeStatic(java.lang.Object, java.lang.Object, java.lang.Object)'> (0x00000000d57a9100) 
thrown [s\src\hotspot\share\interpreter\linkResolver.cpp, line 773]
Event: 0.761 Thread 0x0000026cb93919a0 Exception <a 'java/lang/NoSuchMethodError'{0x00000000d5911cc8}: 'java.lang.Object java.lang.invoke.Invokers$Holder.invokeExact_MT(java.lang.Object, java.lang.Object, java.lang.Object, java.lang.Object, java.lang.Object)'> (0x00000000d5911cc8) 
thrown [s\src\hotspot\share\interpreter\linkResolver.cpp, line 773]
Event: 0.850 Thread 0x0000026cb93919a0 Exception <a 'java/lang/NoSuchMethodError'{0x00000000d59ca2c8}: 'int java.lang.invoke.DirectMethodHandle$Holder.invokeSpecial(java.lang.Object, java.lang.Object, java.lang.Object, int)'> (0x00000000d59ca2c8) 
thrown [s\src\hotspot\share\interpreter\linkResolver.cpp, line 773]
Event: 0.854 Thread 0x0000026cb93919a0 Exception <a 'java/lang/NoSuchMethodError'{0x00000000d59dccb0}: 'java.lang.Object java.lang.invoke.DirectMethodHandle$Holder.invokeStatic(java.lang.Object, java.lang.Object, java.lang.Object, java.lang.Object, int)'> (0x00000000d59dccb0) 
thrown [s\src\hotspot\share\interpreter\linkResolver.cpp, line 773]
Event: 0.856 Thread 0x0000026cb93919a0 Exception <a 'java/lang/NoSuchMethodError'{0x00000000d59e80f0}: 'void java.lang.invoke.DelegatingMethodHandle$Holder.reinvoke_L(java.lang.Object, java.lang.Object, java.lang.Object, int, java.lang.Object)'> (0x00000000d59e80f0) 
thrown [s\src\hotspot\share\interpreter\linkResolver.cpp, line 773]
Event: 0.863 Thread 0x0000026cb93919a0 Exception <a 'java/lang/NoSuchMethodError'{0x00000000d59f8be8}: 'int java.lang.invoke.DirectMethodHandle$Holder.invokeSpecial(java.lang.Object, java.lang.Object, java.lang.Object)'> (0x00000000d59f8be8) 
thrown [s\src\hotspot\share\interpreter\linkResolver.cpp, line 773]
Event: 0.866 Thread 0x0000026cb93919a0 Exception <a 'java/lang/NoSuchMethodError'{0x00000000d5a048a8}: 'java.lang.Object java.lang.invoke.DirectMethodHandle$Holder.invokeStatic(java.lang.Object, java.lang.Object, int)'> (0x00000000d5a048a8) 
thrown [s\src\hotspot\share\interpreter\linkResolver.cpp, line 773]
Event: 0.868 Thread 0x0000026cb93919a0 Exception <a 'java/lang/NoSuchMethodError'{0x00000000d5a091f8}: 'void java.lang.invoke.DirectMethodHandle$Holder.invokeStatic(java.lang.Object, java.lang.Object, int, java.lang.Object)'> (0x00000000d5a091f8) 
thrown [s\src\hotspot\share\interpreter\linkResolver.cpp, line 773]
Event: 0.869 Thread 0x0000026cb93919a0 Exception <a 'java/lang/NoSuchMethodError'{0x00000000d5a0cd88}: 'void java.lang.invoke.DirectMethodHandle$Holder.invokeSpecial(java.lang.Object, java.lang.Object, java.lang.Object, int, java.lang.Object)'> (0x00000000d5a0cd88) 
thrown [s\src\hotspot\share\interpreter\linkResolver.cpp, line 773]
Event: 0.869 Thread 0x0000026cb93919a0 Exception <a 'java/lang/NoSuchMethodError'{0x00000000d5a101f8}: 'void java.lang.invoke.DelegatingMethodHandle$Holder.delegate(java.lang.Object, java.lang.Object, int, java.lang.Object)'> (0x00000000d5a101f8) 
thrown [s\src\hotspot\share\interpreter\linkResolver.cpp, line 773]
Event: 1.042 Thread 0x0000026cb93919a0 Exception <a 'java/lang/NoSuchMethodError'{0x00000000d5bcf2e8}: 'void java.lang.invoke.DelegatingMethodHandle$Holder.reinvoke_L(java.lang.Object, java.lang.Object, java.lang.Object, int)'> (0x00000000d5bcf2e8) 
thrown [s\src\hotspot\share\interpreter\linkResolver.cpp, line 773]
Event: 1.482 Thread 0x0000026cb93919a0 Exception <a 'java/lang/NoSuchMethodError'{0x00000000d605abd0}: 'void java.lang.invoke.DirectMethodHandle$Holder.invokeVirtual(java.lang.Object, java.lang.Object)'> (0x00000000d605abd0) 
thrown [s\src\hotspot\share\interpreter\linkResolver.cpp, line 773]

ZGC Phase Switch (0 events):
No events

VM Operations (6 events):
Event: 0.642 Executing non-safepoint VM operation: HandshakeAllThreads (Deoptimize)
Event: 0.642 Executing non-safepoint VM operation: HandshakeAllThreads (Deoptimize) done
Event: 0.810 Executing non-safepoint VM operation: HandshakeAllThreads (Deoptimize)
Event: 0.810 Executing non-safepoint VM operation: HandshakeAllThreads (Deoptimize) done
Event: 1.810 Executing safepoint VM operation: Cleanup
Event: 1.811 Executing safepoint VM operation: Cleanup done

Memory protections (0 events):
No events

Nmethod flushes (0 events):
No events

Events (11 events):
Event: 0.165 Thread 0x0000026cb93919a0 Thread added: 0x0000026cb93919a0
Event: 0.300 Thread 0x0000026cb93919a0 Thread added: 0x0000026ccfd78d60
Event: 0.301 Thread 0x0000026cb93919a0 Thread added: 0x0000026ccfd7a8c0
Event: 0.301 Thread 0x0000026cb93919a0 Thread added: 0x0000026ccfd7d940
Event: 0.301 Thread 0x0000026cb93919a0 Thread added: 0x0000026ccfd7e5a0
Event: 0.301 Thread 0x0000026cb93919a0 Thread added: 0x0000026ccfd81010
Event: 0.301 Thread 0x0000026cb93919a0 Thread added: 0x0000026ccfd82460
Event: 0.301 Thread 0x0000026cb93919a0 Thread added: 0x0000026ccfd832a0
Event: 0.437 Thread 0x0000026cb93919a0 Thread added: 0x0000026ccfdf4c60
Event: 0.707 Thread 0x0000026cb93919a0 Thread added: 0x0000026d11c17ef0
Event: 1.238 Thread 0x0000026cb93919a0 Thread added: 0x0000026d11d09820


Dynamic libraries:
0x00007ff6695e0000 - 0x00007ff6695ee000 	c:\Users\KHAN\.vscode\extensions\redhat.java-1.53.0-win32-x64\jre\21.0.10-win32-x86_64\bin\java.exe
0x00007ff8b8f50000 - 0x00007ff8b9148000 	C:\Windows\SYSTEM32\ntdll.dll
0x00007ff8b7770000 - 0x00007ff8b7832000 	C:\Windows\System32\KERNEL32.DLL
0x00007ff8b6750000 - 0x00007ff8b6a46000 	C:\Windows\System32\KERNELBASE.dll
0x00007ff8b6be0000 - 0x00007ff8b6ce0000 	C:\Windows\System32\ucrtbase.dll
0x00007ff8ada00000 - 0x00007ff8ada18000 	c:\Users\KHAN\.vscode\extensions\redhat.java-1.53.0-win32-x64\jre\21.0.10-win32-x86_64\bin\jli.dll
0x00007ff8b7840000 - 0x00007ff8b79e1000 	C:\Windows\System32\USER32.dll
0x00007ff8b6a50000 - 0x00007ff8b6a72000 	C:\Windows\System32\win32u.dll
0x00007ff8b7150000 - 0x00007ff8b717b000 	C:\Windows\System32\GDI32.dll
0x00007ff8b6630000 - 0x00007ff8b6749000 	C:\Windows\System32\gdi32full.dll
0x00007ff8b6d70000 - 0x00007ff8b6e0d000 	C:\Windows\System32\msvcp_win.dll
0x00007ff8aad80000 - 0x00007ff8aad9e000 	c:\Users\KHAN\.vscode\extensions\redhat.java-1.53.0-win32-x64\jre\21.0.10-win32-x86_64\bin\VCRUNTIME140.dll
0x00007ff8a7770000 - 0x00007ff8a7a0b000 	C:\Windows\WinSxS\amd64_microsoft.windows.common-controls_6595b64144ccf1df_6.0.19041.6456_none_60b8a6cb71f64256\COMCTL32.dll
0x00007ff8b7200000 - 0x00007ff8b729e000 	C:\Windows\System32\msvcrt.dll
0x00007ff8b6f70000 - 0x00007ff8b6f9f000 	C:\Windows\System32\IMM32.DLL
0x00007ff8b1f50000 - 0x00007ff8b1f5c000 	c:\Users\KHAN\.vscode\extensions\redhat.java-1.53.0-win32-x64\jre\21.0.10-win32-x86_64\bin\vcruntime140_1.dll
0x00007ff88f970000 - 0x00007ff88f9fd000 	c:\Users\KHAN\.vscode\extensions\redhat.java-1.53.0-win32-x64\jre\21.0.10-win32-x86_64\bin\msvcp140.dll
0x00007ff863470000 - 0x00007ff864211000 	c:\Users\KHAN\.vscode\extensions\redhat.java-1.53.0-win32-x64\jre\21.0.10-win32-x86_64\bin\server\jvm.dll
0x00007ff8b7470000 - 0x00007ff8b7521000 	C:\Windows\System32\ADVAPI32.dll
0x00007ff8b72a0000 - 0x00007ff8b733f000 	C:\Windows\System32\sechost.dll
0x00007ff8b7030000 - 0x00007ff8b7150000 	C:\Windows\System32\RPCRT4.dll
0x00007ff8b6a80000 - 0x00007ff8b6aa7000 	C:\Windows\System32\bcrypt.dll
0x00007ff8b7db0000 - 0x00007ff8b7e1b000 	C:\Windows\System32\WS2_32.dll
0x00007ff8b5b70000 - 0x00007ff8b5bbb000 	C:\Windows\SYSTEM32\POWRPROF.dll
0x00007ff8a6d00000 - 0x00007ff8a6d27000 	C:\Windows\SYSTEM32\WINMM.dll
0x00007ff8a6dc0000 - 0x00007ff8a6dca000 	C:\Windows\SYSTEM32\VERSION.dll
0x00007ff8b59e0000 - 0x00007ff8b59f2000 	C:\Windows\SYSTEM32\UMPDC.dll
0x00007ff8b4de0000 - 0x00007ff8b4df2000 	C:\Windows\SYSTEM32\kernel.appcore.dll
0x00007ff8affd0000 - 0x00007ff8affda000 	c:\Users\KHAN\.vscode\extensions\redhat.java-1.53.0-win32-x64\jre\21.0.10-win32-x86_64\bin\jimage.dll
0x00007ff8b3b80000 - 0x00007ff8b3d81000 	C:\Windows\SYSTEM32\DBGHELP.DLL
0x00007ff8a08e0000 - 0x00007ff8a0914000 	C:\Windows\SYSTEM32\dbgcore.DLL
0x00007ff8b6ce0000 - 0x00007ff8b6d62000 	C:\Windows\System32\bcryptPrimitives.dll
0x00007ff8b0cf0000 - 0x00007ff8b0cff000 	c:\Users\KHAN\.vscode\extensions\redhat.java-1.53.0-win32-x64\jre\21.0.10-win32-x86_64\bin\instrument.dll
0x00007ff8a6660000 - 0x00007ff8a6680000 	c:\Users\KHAN\.vscode\extensions\redhat.java-1.53.0-win32-x64\jre\21.0.10-win32-x86_64\bin\java.dll
0x00007ff8b7fd0000 - 0x00007ff8b8740000 	C:\Windows\System32\SHELL32.dll
0x00007ff8b4630000 - 0x00007ff8b4dd5000 	C:\Windows\SYSTEM32\windows.storage.dll
0x00007ff8b79f0000 - 0x00007ff8b7d44000 	C:\Windows\System32\combase.dll
0x00007ff8b6010000 - 0x00007ff8b603b000 	C:\Windows\SYSTEM32\Wldp.dll
0x00007ff8b73a0000 - 0x00007ff8b746d000 	C:\Windows\System32\OLEAUT32.dll
0x00007ff8b8870000 - 0x00007ff8b891d000 	C:\Windows\System32\SHCORE.dll
0x00007ff8b8a40000 - 0x00007ff8b8a9b000 	C:\Windows\System32\shlwapi.dll
0x00007ff8b6510000 - 0x00007ff8b6534000 	C:\Windows\SYSTEM32\profapi.dll
0x00007ff8a2ba0000 - 0x00007ff8a2bb8000 	c:\Users\KHAN\.vscode\extensions\redhat.java-1.53.0-win32-x64\jre\21.0.10-win32-x86_64\bin\zip.dll
0x00007ff8b0ce0000 - 0x00007ff8b0cf0000 	C:\Users\KHAN\.vscode\extensions\redhat.java-1.53.0-win32-x64\jre\21.0.10-win32-x86_64\bin\net.dll
0x00007ff8ae0f0000 - 0x00007ff8ae1fa000 	C:\Windows\SYSTEM32\WINHTTP.dll
0x00007ff8b5d70000 - 0x00007ff8b5dda000 	C:\Windows\system32\mswsock.dll
0x00007ff8a3690000 - 0x00007ff8a36a6000 	C:\Users\KHAN\.vscode\extensions\redhat.java-1.53.0-win32-x64\jre\21.0.10-win32-x86_64\bin\nio.dll
0x00007ff8afb50000 - 0x00007ff8afb60000 	c:\Users\KHAN\.vscode\extensions\redhat.java-1.53.0-win32-x64\jre\21.0.10-win32-x86_64\bin\verify.dll

JVMTI agents:
c:\Users\KHAN\.vscode\extensions\redhat.java-1.53.0-win32-x64\lombok\lombok-1.18.39-4050.jar path:c:\Users\KHAN\.vscode\extensions\redhat.java-1.53.0-win32-x64\jre\21.0.10-win32-x86_64\bin\instrument.dll, loaded, initialized, instrumentlib options:none

dbghelp: loaded successfully - version: 4.0.5 - missing functions: none
symbol engine: initialized successfully - sym options: 0x614 - pdb path: .;c:\Users\KHAN\.vscode\extensions\redhat.java-1.53.0-win32-x64\jre\21.0.10-win32-x86_64\bin;C:\Windows\SYSTEM32;C:\Windows\WinSxS\amd64_microsoft.windows.common-controls_6595b64144ccf1df_6.0.19041.6456_none_60b8a6cb71f64256;c:\Users\KHAN\.vscode\extensions\redhat.java-1.53.0-win32-x64\jre\21.0.10-win32-x86_64\bin\server

VM Arguments:
jvm_args: --add-modules=ALL-SYSTEM --add-opens=java.base/java.util=ALL-UNNAMED --add-opens=java.base/java.lang=ALL-UNNAMED --add-opens=java.base/sun.nio.fs=ALL-UNNAMED -Declipse.application=org.eclipse.jdt.ls.core.id1 -Dosgi.bundles.defaultStartLevel=4 -Declipse.product=org.eclipse.jdt.ls.core.product -Djava.import.generatesMetadataFilesAtProjectRoot=false -DDetectVMInstallationsJob.disabled=true -Dfile.encoding=utf8 -XX:+UseParallelGC -XX:GCTimeRatio=4 -XX:AdaptiveSizePolicyWeight=90 -Dsun.zip.disableMemoryMapping=true -Xmx2G -Xms100m -Xlog:disable -javaagent:c:\Users\KHAN\.vscode\extensions\redhat.java-1.53.0-win32-x64\lombok\lombok-1.18.39-4050.jar 
java_command: c:\Users\KHAN\.vscode\extensions\redhat.java-1.53.0-win32-x64\server\plugins\org.eclipse.equinox.launcher_1.7.100.v20251111-0406.jar -configuration c:\Users\KHAN\AppData\Roaming\Code\User\globalStorage\redhat.java\1.53.0\config_ss_win -data c:\Users\KHAN\AppData\Roaming\Code\User\workspaceStorage\68ccc319445cd5e44a420bc5d8f9fddf\redhat.java\ss_ws --pipe=\\.\pipe\lsp-2032095622ed8e7552edcf3d0a903787-sock
java_class_path (initial): c:\Users\KHAN\.vscode\extensions\redhat.java-1.53.0-win32-x64\server\plugins\org.eclipse.equinox.launcher_1.7.100.v20251111-0406.jar
Launcher Type: SUN_STANDARD

[Global flags]
    uintx AdaptiveSizePolicyWeight                 = 90                                        {product} {command line}
     intx CICompilerCount                          = 3                                         {product} {ergonomic}
    uintx GCTimeRatio                              = 4                                         {product} {command line}
   size_t InitialHeapSize                          = 104857600                                 {product} {command line}
   size_t MaxHeapSize                              = 2147483648                                {product} {command line}
   size_t MaxNewSize                               = 715653120                                 {product} {ergonomic}
   size_t MinHeapDeltaBytes                        = 524288                                    {product} {ergonomic}
   size_t MinHeapSize                              = 104857600                                 {product} {command line}
   size_t NewSize                                  = 34603008                                  {product} {ergonomic}
    uintx NonNMethodCodeHeapSize                   = 5832780                                {pd product} {ergonomic}
    uintx NonProfiledCodeHeapSize                  = 122912730                              {pd product} {ergonomic}
   size_t OldSize                                  = 70254592                                  {product} {ergonomic}
    uintx ProfiledCodeHeapSize                     = 122912730                              {pd product} {ergonomic}
    uintx ReservedCodeCacheSize                    = 251658240                              {pd product} {ergonomic}
     bool SegmentedCodeCache                       = true                                      {product} {ergonomic}
   size_t SoftMaxHeapSize                          = 2147483648                             {manageable} {ergonomic}
     bool UseCompressedOops                        = true                           {product lp64_product} {ergonomic}
     bool UseLargePagesIndividualAllocation        = false                                  {pd product} {ergonomic}
     bool UseParallelGC                            = true                                      {product} {command line}

Logging:
Log output configuration:
 #0: stdout all=off uptime,level,tags foldmultilines=false
 #1: stderr all=off uptime,level,tags foldmultilines=false

Release file:
JAVA_VERSION="21.0.10" 
MODULES="java.base java.compiler java.datatransfer java.xml java.prefs java.desktop java.instrument java.logging java.management java.security.sasl java.naming java.rmi java.management.rmi java.net.http java.scripting java.security.jgss java.transaction.xa java.sql java.sql.rowset java.xml.crypto java.se java.smartcardio jdk.accessibility jdk.internal.jvmstat jdk.attach jdk.charsets jdk.internal.opt jdk.zipfs jdk.compiler jdk.crypto.ec jdk.crypto.cryptoki jdk.crypto.mscapi jdk.dynalink jdk.internal.ed jdk.editpad jdk.hotspot.agent jdk.httpserver jdk.internal.le jdk.internal.vm.ci jdk.internal.vm.compiler jdk.internal.vm.compiler.management jdk.jartool jdk.javadoc jdk.jcmd jdk.management jdk.management.agent jdk.jconsole jdk.jdeps jdk.jdwp.agent jdk.jdi jdk.jfr jdk.jshell jdk.jsobject jdk.jstatd jdk.localedata jdk.management.jfr jdk.naming.dns jdk.naming.rmi jdk.net jdk.nio.mapmode jdk.random jdk.sctp jdk.security.auth jdk.security.jgss jdk.unsupported jdk.unsupported.desktop jdk.xml.dom" 

Environment Variables:
JAVA_HOME=C:\Program Files\Microsoft\jdk-17.0.10.7-hotspot\
PATH=C:\Users\KHAN\AppData\Local\Programs\Microsoft VS Code;C:\Python312\Scripts\;C:\Python312\;C:\Program Files\Microsoft\jdk-17.0.10.7-hotspot\bin;C:\Windows\system32;C:\Windows;C:\Windows\System32\Wbem;C:\Windows\System32\WindowsPowerShell\v1.0\;C:\Windows\System32\OpenSSH\;C:\ProgramData\chocolatey\bin;C:\Program Files\Git\cmd;C:\Users\KHAN\AppData\Local\Android\Sdk\platform-tools;C:\Users\KHAN\AppData\Local\Android\Sdk\tools;C:\Program Files\nodejs\;C:\Program Files (x86)\Microsoft SQL Server\160\Tools\Binn\;C:\Program Files\Microsoft SQL Server\160\Tools\Binn\;C:\Program Files\Microsoft SQL Server\Client SDK\ODBC\170\Tools\Binn\;C:\Program Files\Microsoft SQL Server\160\DTS\Binn\;C:\Program Files\MongoDB\Server\8.2\bin;C:\tools\php85;C:\ProgramData\ComposerSetup\bin;C:\Users\KHAN\AppData\Local\Microsoft\WindowsApps;C:\Users\KHAN\AppData\Local\Programs\Microsoft VS Code\bin;C:\Users\KHAN\AppData\Local\Android\Sdk\platform-tools;C:\Users\KHAN\AppData\Local\Android\Sdk\platform-tools;C:\Users\KHAN\AppData\Roaming\npm;C:\Program Files\mongosh\;C:\Users\KHAN\AppData\Local\Programs\Antigravity\bin;C:\Users\KHAN\AppData\Roaming\Composer\vendor\bin
USERNAME=KHAN
OS=Windows_NT
PROCESSOR_IDENTIFIER=Intel64 Family 6 Model 58 Stepping 9, GenuineIntel
TMP=C:\Users\KHAN\AppData\Local\Temp
TEMP=C:\Users\KHAN\AppData\Local\Temp




Periodic native trim disabled

---------------  S Y S T E M  ---------------

OS:
 Windows 10 , 64 bit Build 19041 (10.0.19041.5915)
OS uptime: 13 days 17:33 hours

CPU: total 4 (initial active 4) (2 cores per cpu, 2 threads per core) family 6 model 58 stepping 9 microcode 0x21, cx8, cmov, fxsr, ht, mmx, sse, sse2, sse3, ssse3, sse4.1, sse4.2, popcnt, tsc, tscinvbit, avx, aes, erms, clmul, vzeroupper, clflush, rdtscp, f16c
Processor Information for the first 4 processors :
  Max Mhz: 2601, Current Mhz: 2601, Mhz Limit: 2601

Memory: 4k page, system-wide physical 8095M (350M free)
TotalPageFile size 23286M (AvailPageFile size 0M)
current process WorkingSet (physical memory assigned to process): 55M, peak: 55M
current process commit charge ("private bytes"): 215M, peak: 215M

vm_info: OpenJDK 64-Bit Server VM (21.0.10+7-LTS) for windows-amd64 JRE (21.0.10+7-LTS), built on 2026-01-20T00:00:00Z by "admin" with MS VC++ 17.12 (VS2022)

END.
