#
# There is insufficient memory for the Java Runtime Environment to continue.
# Native memory allocation (mmap) failed to map 65536 bytes. Error detail: Failed to commit metaspace.
# Possible reasons:
#   The system is out of physical RAM or swap space
#   This process is running with CompressedOops enabled, and the Java Heap may be blocking the growth of the native heap
# Possible solutions:
#   Reduce memory load on the system
#   Increase physical memory or swap space
#   Check if swap backing store is full
#   Decrease Java heap size (-Xmx/-Xms)
#   Decrease number of Java threads
#   Decrease Java thread stack sizes (-Xss)
#   Set larger code cache with -XX:ReservedCodeCacheSize=
#   JVM is running with Unscaled Compressed Oops mode in which the Java heap is
#     placed in the first 4GB address space. The Java Heap base address is the
#     maximum limit for the native heap growth. Please use -XX:HeapBaseMinAddress
#     to set the Java Heap base and to place the Java Heap above 4GB virtual address.
# This output file may be truncated or incomplete.
#
#  Out of Memory Error (virtualSpaceNode.cpp:113), pid=4088, tid=22480
#
# JRE version: OpenJDK Runtime Environment Temurin-21.0.10+7 (21.0.10+7) (build 21.0.10+7-LTS)
# Java VM: OpenJDK 64-Bit Server VM Temurin-21.0.10+7 (21.0.10+7-LTS, mixed mode, sharing, tiered, compressed oops, compressed class ptrs, parallel gc, windows-amd64)
# No core dump will be written. Minidumps are not enabled by default on client versions of Windows
#

---------------  S U M M A R Y ------------

Command Line: --add-modules=ALL-SYSTEM --add-opens=java.base/java.util=ALL-UNNAMED --add-opens=java.base/java.lang=ALL-UNNAMED --add-opens=java.base/sun.nio.fs=ALL-UNNAMED -Declipse.application=org.eclipse.jdt.ls.core.id1 -Dosgi.bundles.defaultStartLevel=4 -Declipse.product=org.eclipse.jdt.ls.core.product -Djava.import.generatesMetadataFilesAtProjectRoot=false -DDetectVMInstallationsJob.disabled=true -Dfile.encoding=utf8 -XX:+UseParallelGC -XX:GCTimeRatio=4 -XX:AdaptiveSizePolicyWeight=90 -Dsun.zip.disableMemoryMapping=true -Xmx2G -Xms100m -Xlog:disable -javaagent:c:\Users\KHAN\.antigravity\extensions\redhat.java-1.53.0-win32-x64\lombok\lombok-1.18.39-4050.jar c:\Users\KHAN\.antigravity\extensions\redhat.java-1.53.0-win32-x64\server\plugins\org.eclipse.equinox.launcher_1.7.100.v20251111-0406.jar -configuration c:\Users\KHAN\AppData\Roaming\Antigravity\User\globalStorage\redhat.java\1.53.0\config_ss_win -data c:\Users\KHAN\AppData\Roaming\Antigravity\User\workspaceStorage\68ccc319445cd5e44a420bc5d8f9fddf\redhat.java\ss_ws --pipe=\\.\pipe\lsp-fda7f0e507794cc566ebcfbbf6c13716-sock

Host: Intel(R) Core(TM) i5-3320M CPU @ 2.60GHz, 4 cores, 7G,  Windows 10 , 64 bit Build 19041 (10.0.19041.5915)
Time: Fri Apr  3 03:17:19 2026 Pakistan Standard Time elapsed time: 2.473782 seconds (0d 0h 0m 2s)

---------------  T H R E A D  ---------------

Current thread (0x000001364de34c80):  JavaThread "C1 CompilerThread0" daemon [_thread_in_vm, id=22480, stack(0x0000002131800000,0x0000002131900000) (1024K)]


Current CompileTask:
C1:2473  963       3       java.util.jar.Manifest::getAttributes (14 bytes)

Stack: [0x0000002131800000,0x0000002131900000]
Native frames: (J=compiled Java code, j=interpreted, Vv=VM code, C=native code)
V  [jvm.dll+0x6d7a39]
V  [jvm.dll+0x8b4b26]
V  [jvm.dll+0x8b70de]
V  [jvm.dll+0x8b77c3]
V  [jvm.dll+0x284346]
V  [jvm.dll+0x8b086e]
V  [jvm.dll+0x679444]
V  [jvm.dll+0x6794aa]
V  [jvm.dll+0x67bca6]
V  [jvm.dll+0x67bb72]
V  [jvm.dll+0x679e1e]
V  [jvm.dll+0x68b22a]
V  [jvm.dll+0x6843a2]
V  [jvm.dll+0x1f6360]
V  [jvm.dll+0x1f6548]
V  [jvm.dll+0x156b7e]
V  [jvm.dll+0x156e84]
V  [jvm.dll+0x15629c]
V  [jvm.dll+0x15802d]
V  [jvm.dll+0x25b85d]
V  [jvm.dll+0x259dea]
V  [jvm.dll+0x3f857e]
V  [jvm.dll+0x85f59d]
V  [jvm.dll+0x6d626d]
C  [ucrtbase.dll+0x21bb2]
C  [KERNEL32.DLL+0x17374]
C  [ntdll.dll+0x4cc91]


---------------  P R O C E S S  ---------------

Threads class SMR info:
_java_thread_list=0x0000013665702f70, length=11, elements={
0x000001364ded0f50, 0x000001364df9e830, 0x000001364ddb7850, 0x000001364ddbd120,
0x000001364ddbdb80, 0x000001364ddbe5e0, 0x000001364ddbf040, 0x000001364ddbfe80,
0x000001364de34c80, 0x0000013665581960, 0x00000136656bee40
}

Java Threads: ( => current thread )
  0x000001364ded0f50 JavaThread "main"                              [_thread_in_vm, id=15864, stack(0x0000002130d00000,0x0000002130e00000) (1024K)]
  0x000001364df9e830 JavaThread "Reference Handler"          daemon [_thread_blocked, id=15728, stack(0x0000002131100000,0x0000002131200000) (1024K)]
  0x000001364ddb7850 JavaThread "Finalizer"                  daemon [_thread_blocked, id=22244, stack(0x0000002131200000,0x0000002131300000) (1024K)]
  0x000001364ddbd120 JavaThread "Signal Dispatcher"          daemon [_thread_blocked, id=8876, stack(0x0000002131300000,0x0000002131400000) (1024K)]
  0x000001364ddbdb80 JavaThread "Attach Listener"            daemon [_thread_blocked, id=10236, stack(0x0000002131400000,0x0000002131500000) (1024K)]
  0x000001364ddbe5e0 JavaThread "Service Thread"             daemon [_thread_blocked, id=7892, stack(0x0000002131500000,0x0000002131600000) (1024K)]
  0x000001364ddbf040 JavaThread "Monitor Deflation Thread"   daemon [_thread_blocked, id=14444, stack(0x0000002131600000,0x0000002131700000) (1024K)]
  0x000001364ddbfe80 JavaThread "C2 CompilerThread0"         daemon [_thread_blocked, id=18896, stack(0x0000002131700000,0x0000002131800000) (1024K)]
=>0x000001364de34c80 JavaThread "C1 CompilerThread0"         daemon [_thread_in_vm, id=22480, stack(0x0000002131800000,0x0000002131900000) (1024K)]
  0x0000013665581960 JavaThread "Common-Cleaner"             daemon [_thread_blocked, id=21928, stack(0x0000002131900000,0x0000002131a00000) (1024K)]
  0x00000136656bee40 JavaThread "Notification Thread"        daemon [_thread_blocked, id=9796, stack(0x0000002131a00000,0x0000002131b00000) (1024K)]
Total: 11

Other Threads:
  0x000001364df8e850 VMThread "VM Thread"                           [id=15368, stack(0x0000002131000000,0x0000002131100000) (1024K)]
  0x000001364bceb7b0 WatcherThread "VM Periodic Task Thread"        [id=15076, stack(0x0000002130f00000,0x0000002131000000) (1024K)]
  0x000001364deed6a0 WorkerThread "GC Thread#0"                     [id=17848, stack(0x0000002130e00000,0x0000002130f00000) (1024K)]
Total: 3

Threads with active compile tasks:
C1 CompilerThread0  2520  963       3       java.util.jar.Manifest::getAttributes (14 bytes)
Total: 1

VM state: not at safepoint (normal execution)

VM Mutex/Monitor currently owned by a thread:  ([mutex/lock_event])
[0x00007ff8709dc4e0] Metaspace_lock - owner thread: 0x000001364de34c80

Heap address: 0x0000000080000000, size: 2048 MB, Compressed Oops mode: 32-bit

CDS archive(s) mapped at: [0x0000013600000000-0x0000013600ba0000-0x0000013600ba0000), size 12189696, SharedBaseAddress: 0x0000013600000000, ArchiveRelocationMode: 1.
Compressed class space mapped at: 0x0000013601000000-0x0000013641000000, reserved size: 1073741824
Narrow klass base: 0x0000013600000000, Narrow klass shift: 0, Narrow klass range: 0x100000000

GC Precious Log:
 CardTable entry size: 512
 CPUs: 4 total, 4 available
 Memory: 8095M
 Large Page Support: Disabled
 NUMA Support: Disabled
 Compressed Oops: Enabled (32-bit)
 Alignments: Space 512K, Generation 512K, Heap 2M
 Heap Min Capacity: 100M
 Heap Initial Capacity: 100M
 Heap Max Capacity: 2G
 Pre-touch: Disabled
 Parallel Workers: 4

Heap:
 PSYoungGen      total 29696K, used 18441K [0x00000000d5580000, 0x00000000d7680000, 0x0000000100000000)
  eden space 25600K, 72% used [0x00000000d5580000,0x00000000d6782530,0x00000000d6e80000)
  from space 4096K, 0% used [0x00000000d7280000,0x00000000d7280000,0x00000000d7680000)
  to   space 4096K, 0% used [0x00000000d6e80000,0x00000000d6e80000,0x00000000d7280000)
 ParOldGen       total 68608K, used 0K [0x0000000080000000, 0x0000000084300000, 0x00000000d5580000)
  object space 68608K, 0% used [0x0000000080000000,0x0000000080000000,0x0000000084300000)
 Metaspace       used 3775K, committed 4032K, reserved 1114112K
  class space    used 413K, committed 576K, reserved 1048576K

Card table byte_map: [0x000001364d880000,0x000001364dc90000] _byte_map_base: 0x000001364d480000

Marking Bits: (ParMarkBitMap*) 0x00007ff8709e3450
 Begin Bits: [0x0000013660390000, 0x0000013662390000)
 End Bits:   [0x0000013662390000, 0x0000013664390000)

Polling page: 0x000001364bc60000

Metaspace:

Usage:
  Non-class:      3.28 MB used.
      Class:    413.79 KB used.
       Both:      3.69 MB used.

Virtual space:
  Non-class space:       64.00 MB reserved,       3.38 MB (  5%) committed,  1 nodes.
      Class space:        1.00 GB reserved,     576.00 KB ( <1%) committed,  1 nodes.
             Both:        1.06 GB reserved,       3.94 MB ( <1%) committed. 

Chunk freelists:
   Non-Class:  11.45 MB
       Class:  15.47 MB
        Both:  26.93 MB

MaxMetaspaceSize: unlimited
CompressedClassSpaceSize: 1.00 GB
Initial GC threshold: 21.00 MB
Current GC threshold: 21.00 MB
CDS: on
 - commit_granule_bytes: 65536.
 - commit_granule_words: 8192.
 - virtual_space_node_default_size: 8388608.
 - enlarge_chunks_in_place: 1.
 - use_allocation_guard: 0.


Internal statistics:

num_allocs_failed_limit: 0.
num_arena_births: 170.
num_arena_deaths: 0.
num_vsnodes_births: 2.
num_vsnodes_deaths: 0.
num_space_committed: 63.
num_space_uncommitted: 0.
num_chunks_returned_to_freelist: 0.
num_chunks_taken_from_freelist: 215.
num_chunk_merges: 0.
num_chunk_splits: 140.
num_chunks_enlarged: 77.
num_inconsistent_stats: 0.

CodeHeap 'non-profiled nmethods': size=120000Kb used=407Kb max_used=407Kb free=119593Kb
 bounds [0x0000013658bb0000, 0x0000013658e20000, 0x00000136600e0000]
CodeHeap 'profiled nmethods': size=120000Kb used=1496Kb max_used=1496Kb free=118503Kb
 bounds [0x00000136510e0000, 0x0000013651350000, 0x0000013658610000]
CodeHeap 'non-nmethods': size=5760Kb used=1194Kb max_used=1219Kb free=4566Kb
 bounds [0x0000013658610000, 0x0000013658880000, 0x0000013658bb0000]
CodeCache: size=245760Kb, used=3097Kb, max_used=3122Kb, free=242662Kb
 total_blobs=1418, nmethods=961, adapters=364, full_count=0
Compilation: enabled, stopped_count=0, restarted_count=0

Compilation events (20 events):
Event: 2.421 Thread 0x000001364de34c80  954       1       java.util.jar.Manifest::getEntries (5 bytes)
Event: 2.421 Thread 0x000001364de34c80 nmethod 954 0x0000013658c13310 code [0x0000013658c134a0, 0x0000013658c13568]
Event: 2.421 Thread 0x000001364de34c80  959   !   3       java.util.jar.Attributes::read (494 bytes)
Event: 2.426 Thread 0x000001364de34c80 nmethod 959 0x000001365124eb90 code [0x000001365124f320, 0x0000013651252ed0]
Event: 2.426 Thread 0x000001364de34c80  957       3       java.io.ByteArrayOutputStream::<init> (43 bytes)
Event: 2.427 Thread 0x000001364de34c80 nmethod 957 0x0000013651254790 code [0x00000136512549c0, 0x0000013651255108]
Event: 2.427 Thread 0x000001364de34c80  958       3       java.io.ByteArrayOutputStream::<init> (7 bytes)
Event: 2.427 Thread 0x000001364de34c80 nmethod 958 0x0000013651255410 code [0x00000136512555c0, 0x0000013651255700]
Event: 2.427 Thread 0x000001364de34c80  955       3       java.util.HashMap::<init> (8 bytes)
Event: 2.427 Thread 0x000001364de34c80 nmethod 955 0x0000013651255790 code [0x0000013651255960, 0x0000013651255aa0]
Event: 2.427 Thread 0x000001364de34c80  961       3       java.lang.Float::isNaN (12 bytes)
Event: 2.427 Thread 0x000001364de34c80 nmethod 961 0x0000013651255b90 code [0x0000013651255d20, 0x0000013651255e80]
Event: 2.427 Thread 0x000001364de34c80  962       3       java.util.HashMap::tableSizeFor (32 bytes)
Event: 2.427 Thread 0x000001364de34c80 nmethod 962 0x0000013651255f10 code [0x00000136512560e0, 0x00000136512562e0]
Event: 2.437 Thread 0x000001364ddbfe80 nmethod 947 0x0000013658c13610 code [0x0000013658c13880, 0x0000013658c14360]
Event: 2.437 Thread 0x000001364ddbfe80  960       4       java.util.jar.Manifest$FastInputStream::readLine (296 bytes)
Event: 2.451 Thread 0x000001364ddbfe80 nmethod 960 0x0000013658c14b90 code [0x0000013658c14d60, 0x0000013658c154b0]
Event: 2.451 Thread 0x000001364ddbfe80  948       4       java.lang.String::checkBoundsOffCount (10 bytes)
Event: 2.452 Thread 0x000001364ddbfe80 nmethod 948 0x0000013658c15910 code [0x0000013658c15aa0, 0x0000013658c15b68]
Event: 2.470 Thread 0x000001364de34c80  963       3       java.util.jar.Manifest::getAttributes (14 bytes)

GC Heap History (0 events):
No events

Dll operation events (8 events):
Event: 0.029 Loaded shared library c:\Users\KHAN\.antigravity\extensions\redhat.java-1.53.0-win32-x64\jre\21.0.10-win32-x86_64\bin\java.dll
Event: 0.358 Loaded shared library c:\Users\KHAN\.antigravity\extensions\redhat.java-1.53.0-win32-x64\jre\21.0.10-win32-x86_64\bin\zip.dll
Event: 0.402 Loaded shared library C:\Users\KHAN\.antigravity\extensions\redhat.java-1.53.0-win32-x64\jre\21.0.10-win32-x86_64\bin\instrument.dll
Event: 0.412 Loaded shared library C:\Users\KHAN\.antigravity\extensions\redhat.java-1.53.0-win32-x64\jre\21.0.10-win32-x86_64\bin\net.dll
Event: 0.416 Loaded shared library C:\Users\KHAN\.antigravity\extensions\redhat.java-1.53.0-win32-x64\jre\21.0.10-win32-x86_64\bin\nio.dll
Event: 0.422 Loaded shared library C:\Users\KHAN\.antigravity\extensions\redhat.java-1.53.0-win32-x64\jre\21.0.10-win32-x86_64\bin\zip.dll
Event: 0.485 Loaded shared library C:\Users\KHAN\.antigravity\extensions\redhat.java-1.53.0-win32-x64\jre\21.0.10-win32-x86_64\bin\jimage.dll
Event: 0.709 Loaded shared library c:\Users\KHAN\.antigravity\extensions\redhat.java-1.53.0-win32-x64\jre\21.0.10-win32-x86_64\bin\verify.dll

Deoptimization events (20 events):
Event: 1.797 Thread 0x000001364ded0f50 DEOPT PACKING pc=0x00000136511e1f04 sp=0x0000002130dfd3f0
Event: 1.797 Thread 0x000001364ded0f50 DEOPT UNPACKING pc=0x0000013658664242 sp=0x0000002130dfc848 mode 0
Event: 1.797 Thread 0x000001364ded0f50 DEOPT PACKING pc=0x00000136511e1f04 sp=0x0000002130dfd3f0
Event: 1.797 Thread 0x000001364ded0f50 DEOPT UNPACKING pc=0x0000013658664242 sp=0x0000002130dfc848 mode 0
Event: 1.798 Thread 0x000001364ded0f50 DEOPT PACKING pc=0x00000136511e1f04 sp=0x0000002130dfd370
Event: 1.798 Thread 0x000001364ded0f50 DEOPT UNPACKING pc=0x0000013658664242 sp=0x0000002130dfc7c8 mode 0
Event: 1.798 Thread 0x000001364ded0f50 Uncommon trap: trap_request=0xffffff6e fr.pc=0x0000013658bf95b0 relative=0x0000000000000190
Event: 1.798 Thread 0x000001364ded0f50 Uncommon trap: reason=loop_limit_check action=maybe_recompile pc=0x0000013658bf95b0 method=java.math.BigInteger.implMulAdd([I[IIII)I @ 26 c2
Event: 1.798 Thread 0x000001364ded0f50 DEOPT PACKING pc=0x0000013658bf95b0 sp=0x0000002130dfd380
Event: 1.798 Thread 0x000001364ded0f50 DEOPT UNPACKING pc=0x0000013658663aa2 sp=0x0000002130dfd2d0 mode 2
Event: 2.115 Thread 0x000001364ded0f50 Uncommon trap: trap_request=0xffffff45 fr.pc=0x0000013658c03cac relative=0x000000000000008c
Event: 2.115 Thread 0x000001364ded0f50 Uncommon trap: reason=unstable_if action=reinterpret pc=0x0000013658c03cac method=jdk.internal.misc.Unsafe.convEndian(ZI)I @ 4 c2
Event: 2.115 Thread 0x000001364ded0f50 DEOPT PACKING pc=0x0000013658c03cac sp=0x0000002130dfd930
Event: 2.115 Thread 0x000001364ded0f50 DEOPT UNPACKING pc=0x0000013658663aa2 sp=0x0000002130dfd860 mode 2
Event: 2.118 Thread 0x000001364ded0f50 Uncommon trap: trap_request=0xffffff45 fr.pc=0x0000013658bdf1a4 relative=0x00000000000005c4
Event: 2.118 Thread 0x000001364ded0f50 Uncommon trap: reason=unstable_if action=reinterpret pc=0x0000013658bdf1a4 method=java.lang.AbstractStringBuilder.append(Ljava/lang/String;)Ljava/lang/AbstractStringBuilder; @ 1 c2
Event: 2.118 Thread 0x000001364ded0f50 DEOPT PACKING pc=0x0000013658bdf1a4 sp=0x0000002130dfdc90
Event: 2.118 Thread 0x000001364ded0f50 DEOPT UNPACKING pc=0x0000013658663aa2 sp=0x0000002130dfdc20 mode 2
Event: 2.184 Thread 0x000001364ded0f50 DEOPT PACKING pc=0x00000136511f8bfb sp=0x0000002130dfd170
Event: 2.184 Thread 0x000001364ded0f50 DEOPT UNPACKING pc=0x0000013658664242 sp=0x0000002130dfc5e8 mode 0

Classes loaded (20 events):
Event: 2.399 Loading class sun/nio/fs/WindowsFileSystemProvider$1
Event: 2.399 Loading class sun/nio/fs/WindowsFileSystemProvider$1 done
Event: 2.399 Loading class sun/nio/fs/WindowsLinkSupport
Event: 2.400 Loading class sun/nio/fs/WindowsLinkSupport done
Event: 2.400 Loading class sun/nio/fs/WindowsAclFileAttributeView
Event: 2.400 Loading class sun/nio/fs/AbstractAclFileAttributeView
Event: 2.401 Loading class java/nio/file/attribute/AclFileAttributeView
Event: 2.401 Loading class java/nio/file/attribute/FileOwnerAttributeView
Event: 2.401 Loading class java/nio/file/attribute/FileOwnerAttributeView done
Event: 2.401 Loading class java/nio/file/attribute/AclFileAttributeView done
Event: 2.401 Loading class sun/nio/fs/AbstractAclFileAttributeView done
Event: 2.401 Loading class sun/nio/fs/WindowsAclFileAttributeView done
Event: 2.401 Loading class sun/nio/fs/WindowsSecurity
Event: 2.401 Loading class sun/nio/fs/WindowsSecurity done
Event: 2.402 Loading class sun/nio/fs/WindowsFileStore
Event: 2.403 Loading class java/nio/file/FileStore
Event: 2.403 Loading class java/nio/file/FileStore done
Event: 2.403 Loading class sun/nio/fs/WindowsFileStore done
Event: 2.408 Loading class java/net/URLClassLoader$1
Event: 2.408 Loading class java/net/URLClassLoader$1 done

Classes unloaded (0 events):
No events

Classes redefined (0 events):
No events

Internal exceptions (20 events):
Event: 0.598 Thread 0x000001364ded0f50 Exception <a 'java/lang/NoSuchMethodError'{0x00000000d5a048e8}: 'java.lang.Object java.lang.invoke.DirectMethodHandle$Holder.invokeStatic(java.lang.Object, java.lang.Object, int)'> (0x00000000d5a048e8) 
thrown [s\src\hotspot\share\interpreter\linkResolver.cpp, line 773]
Event: 0.599 Thread 0x000001364ded0f50 Exception <a 'java/lang/NoSuchMethodError'{0x00000000d5a09238}: 'void java.lang.invoke.DirectMethodHandle$Holder.invokeStatic(java.lang.Object, java.lang.Object, int, java.lang.Object)'> (0x00000000d5a09238) 
thrown [s\src\hotspot\share\interpreter\linkResolver.cpp, line 773]
Event: 0.601 Thread 0x000001364ded0f50 Exception <a 'java/lang/NoSuchMethodError'{0x00000000d5a0cdc8}: 'void java.lang.invoke.DirectMethodHandle$Holder.invokeSpecial(java.lang.Object, java.lang.Object, java.lang.Object, int, java.lang.Object)'> (0x00000000d5a0cdc8) 
thrown [s\src\hotspot\share\interpreter\linkResolver.cpp, line 773]
Event: 0.610 Thread 0x000001364ded0f50 Exception <a 'java/lang/NoSuchMethodError'{0x00000000d5a10238}: 'void java.lang.invoke.DelegatingMethodHandle$Holder.delegate(java.lang.Object, java.lang.Object, int, java.lang.Object)'> (0x00000000d5a10238) 
thrown [s\src\hotspot\share\interpreter\linkResolver.cpp, line 773]
Event: 0.770 Thread 0x000001364ded0f50 Exception <a 'java/lang/NoSuchMethodError'{0x00000000d5bd00e8}: 'void java.lang.invoke.DelegatingMethodHandle$Holder.reinvoke_L(java.lang.Object, java.lang.Object, java.lang.Object, int)'> (0x00000000d5bd00e8) 
thrown [s\src\hotspot\share\interpreter\linkResolver.cpp, line 773]
Event: 1.368 Thread 0x000001364ded0f50 Exception <a 'java/lang/NoSuchMethodError'{0x00000000d6060c90}: 'void java.lang.invoke.DirectMethodHandle$Holder.invokeVirtual(java.lang.Object, java.lang.Object)'> (0x00000000d6060c90) 
thrown [s\src\hotspot\share\interpreter\linkResolver.cpp, line 773]
Event: 1.907 Thread 0x000001364ded0f50 Exception <a 'java/lang/NoSuchMethodError'{0x00000000d6436d90}: 'void java.lang.invoke.DirectMethodHandle$Holder.invokeStatic(java.lang.Object, java.lang.Object)'> (0x00000000d6436d90) 
thrown [s\src\hotspot\share\interpreter\linkResolver.cpp, line 773]
Event: 2.024 Thread 0x000001364ded0f50 Exception <a 'java/lang/ClassNotFoundException'{0x00000000d645ca00}: sun/net/www/protocol/c/Handler> (0x00000000d645ca00) 
thrown [s\src\hotspot\share\classfile\systemDictionary.cpp, line 312]
Event: 2.111 Thread 0x000001364ded0f50 Exception <a 'java/io/FileNotFoundException'{0x00000000d64b9898}> (0x00000000d64b9898) 
thrown [s\src\hotspot\share\prims\jni.cpp, line 520]
Event: 2.112 Thread 0x000001364ded0f50 Exception <a 'java/io/FileNotFoundException'{0x00000000d64babd0}> (0x00000000d64babd0) 
thrown [s\src\hotspot\share\prims\jni.cpp, line 520]
Event: 2.112 Thread 0x000001364ded0f50 Exception <a 'java/io/FileNotFoundException'{0x00000000d64bb858}> (0x00000000d64bb858) 
thrown [s\src\hotspot\share\prims\jni.cpp, line 520]
Event: 2.113 Thread 0x000001364ded0f50 Exception <a 'java/io/FileNotFoundException'{0x00000000d64bc3c8}> (0x00000000d64bc3c8) 
thrown [s\src\hotspot\share\prims\jni.cpp, line 520]
Event: 2.118 Thread 0x000001364ded0f50 Implicit null exception at 0x0000013658bdec24 to 0x0000013658bdf194
Event: 2.162 Thread 0x000001364ded0f50 Exception <a 'java/io/FileNotFoundException'{0x00000000d64f4858}> (0x00000000d64f4858) 
thrown [s\src\hotspot\share\prims\jni.cpp, line 520]
Event: 2.182 Thread 0x000001364ded0f50 Exception <a 'java/lang/NoSuchMethodError'{0x00000000d652dd10}: 'java.lang.Object java.lang.invoke.DirectMethodHandle$Holder.invokeInterface(java.lang.Object, java.lang.Object)'> (0x00000000d652dd10) 
thrown [s\src\hotspot\share\interpreter\linkResolver.cpp, line 773]
Event: 2.188 Thread 0x000001364ded0f50 Exception <a 'java/lang/NoSuchMethodError'{0x00000000d6541918}: 'java.lang.Object java.lang.invoke.Invokers$Holder.invokeExact_MT(java.lang.Object, java.lang.Object, java.lang.Object, java.lang.Object, java.lang.Object, java.lang.Object)'> (0x00000000d6541918) 
thrown [s\src\hotspot\share\interpreter\linkResolver.cpp, line 773]
Event: 2.194 Thread 0x000001364ded0f50 Exception <a 'java/lang/NoSuchMethodError'{0x00000000d65589f0}: 'int java.lang.invoke.DirectMethodHandle$Holder.invokeStatic(java.lang.Object, java.lang.Object, java.lang.Object, java.lang.Object, java.lang.Object)'> (0x00000000d65589f0) 
thrown [s\src\hotspot\share\interpreter\linkResolver.cpp, line 773]
Event: 2.330 Thread 0x000001364ded0f50 Exception <a 'java/lang/NoSuchMethodError'{0x00000000d65ec1c0}: 'java.lang.Object java.lang.invoke.DirectMethodHandle$Holder.invokeInterface(java.lang.Object, java.lang.Object, int)'> (0x00000000d65ec1c0) 
thrown [s\src\hotspot\share\interpreter\linkResolver.cpp, line 773]
Event: 2.355 Thread 0x000001364ded0f50 Exception <a 'sun/nio/fs/WindowsException'{0x00000000d6632798}> (0x00000000d6632798) 
thrown [s\src\hotspot\share\prims\jni.cpp, line 520]
Event: 2.356 Thread 0x000001364ded0f50 Exception <a 'sun/nio/fs/WindowsException'{0x00000000d6637ec8}> (0x00000000d6637ec8) 
thrown [s\src\hotspot\share\prims\jni.cpp, line 520]

ZGC Phase Switch (0 events):
No events

VM Operations (10 events):
Event: 0.355 Executing non-safepoint VM operation: HandshakeAllThreads (Deoptimize)
Event: 0.355 Executing non-safepoint VM operation: HandshakeAllThreads (Deoptimize) done
Event: 0.536 Executing non-safepoint VM operation: HandshakeAllThreads (Deoptimize)
Event: 0.536 Executing non-safepoint VM operation: HandshakeAllThreads (Deoptimize) done
Event: 1.542 Executing safepoint VM operation: Cleanup
Event: 1.558 Executing safepoint VM operation: Cleanup done
Event: 1.871 Executing non-safepoint VM operation: HandshakeAllThreads (Deoptimize)
Event: 1.871 Executing non-safepoint VM operation: HandshakeAllThreads (Deoptimize) done
Event: 1.900 Executing non-safepoint VM operation: HandshakeAllThreads (Deoptimize)
Event: 1.900 Executing non-safepoint VM operation: HandshakeAllThreads (Deoptimize) done

Memory protections (0 events):
No events

Nmethod flushes (0 events):
No events

Events (13 events):
Event: 0.091 Thread 0x000001364ded0f50 Thread added: 0x000001364ded0f50
Event: 0.160 Thread 0x000001364ded0f50 Thread added: 0x000001364df9e830
Event: 0.161 Thread 0x000001364ded0f50 Thread added: 0x000001364ddb7850
Event: 0.161 Thread 0x000001364ded0f50 Thread added: 0x000001364ddbd120
Event: 0.161 Thread 0x000001364ded0f50 Thread added: 0x000001364ddbdb80
Event: 0.161 Thread 0x000001364ded0f50 Thread added: 0x000001364ddbe5e0
Event: 0.161 Thread 0x000001364ded0f50 Thread added: 0x000001364ddbf040
Event: 0.161 Thread 0x000001364ded0f50 Thread added: 0x000001364ddbfe80
Event: 0.195 Thread 0x000001364ded0f50 Thread added: 0x000001364de34c80
Event: 0.407 Thread 0x000001364ded0f50 Thread added: 0x0000013665581960
Event: 1.055 Thread 0x000001364ded0f50 Thread added: 0x00000136656bee40
Event: 1.061 Thread 0x000001364de34c80 Thread added: 0x00000136656bfb00
Event: 2.160 Thread 0x00000136656bfb00 Thread exited: 0x00000136656bfb00


Dynamic libraries:
0x00007ff6ee7d0000 - 0x00007ff6ee7de000 	c:\Users\KHAN\.antigravity\extensions\redhat.java-1.53.0-win32-x64\jre\21.0.10-win32-x86_64\bin\java.exe
0x00007ff8b8f50000 - 0x00007ff8b9148000 	C:\Windows\SYSTEM32\ntdll.dll
0x00007ff8b7770000 - 0x00007ff8b7832000 	C:\Windows\System32\KERNEL32.DLL
0x00007ff8b6750000 - 0x00007ff8b6a46000 	C:\Windows\System32\KERNELBASE.dll
0x00007ff8b6be0000 - 0x00007ff8b6ce0000 	C:\Windows\System32\ucrtbase.dll
0x00007ff8b27f0000 - 0x00007ff8b2808000 	c:\Users\KHAN\.antigravity\extensions\redhat.java-1.53.0-win32-x64\jre\21.0.10-win32-x86_64\bin\jli.dll
0x00007ff8b7840000 - 0x00007ff8b79e1000 	C:\Windows\System32\USER32.dll
0x00007ff8b6a50000 - 0x00007ff8b6a72000 	C:\Windows\System32\win32u.dll
0x00007ff8b7150000 - 0x00007ff8b717b000 	C:\Windows\System32\GDI32.dll
0x00007ff8b6630000 - 0x00007ff8b6749000 	C:\Windows\System32\gdi32full.dll
0x00007ff8b6d70000 - 0x00007ff8b6e0d000 	C:\Windows\System32\msvcp_win.dll
0x00007ff8affd0000 - 0x00007ff8affee000 	c:\Users\KHAN\.antigravity\extensions\redhat.java-1.53.0-win32-x64\jre\21.0.10-win32-x86_64\bin\VCRUNTIME140.dll
0x00007ff8a7770000 - 0x00007ff8a7a0b000 	C:\Windows\WinSxS\amd64_microsoft.windows.common-controls_6595b64144ccf1df_6.0.19041.6456_none_60b8a6cb71f64256\COMCTL32.dll
0x00007ff8b7200000 - 0x00007ff8b729e000 	C:\Windows\System32\msvcrt.dll
0x00007ff8b6f70000 - 0x00007ff8b6f9f000 	C:\Windows\System32\IMM32.DLL
0x00007ff8b26f0000 - 0x00007ff8b26fc000 	c:\Users\KHAN\.antigravity\extensions\redhat.java-1.53.0-win32-x64\jre\21.0.10-win32-x86_64\bin\vcruntime140_1.dll
0x00007ff8a6920000 - 0x00007ff8a69ad000 	c:\Users\KHAN\.antigravity\extensions\redhat.java-1.53.0-win32-x64\jre\21.0.10-win32-x86_64\bin\msvcp140.dll
0x00007ff86fd20000 - 0x00007ff870ac1000 	c:\Users\KHAN\.antigravity\extensions\redhat.java-1.53.0-win32-x64\jre\21.0.10-win32-x86_64\bin\server\jvm.dll
0x00007ff8b7470000 - 0x00007ff8b7521000 	C:\Windows\System32\ADVAPI32.dll
0x00007ff8b72a0000 - 0x00007ff8b733f000 	C:\Windows\System32\sechost.dll
0x00007ff8b7030000 - 0x00007ff8b7150000 	C:\Windows\System32\RPCRT4.dll
0x00007ff8b6a80000 - 0x00007ff8b6aa7000 	C:\Windows\System32\bcrypt.dll
0x00007ff8b7db0000 - 0x00007ff8b7e1b000 	C:\Windows\System32\WS2_32.dll
0x00007ff8b5b70000 - 0x00007ff8b5bbb000 	C:\Windows\SYSTEM32\POWRPROF.dll
0x00007ff8a6d00000 - 0x00007ff8a6d27000 	C:\Windows\SYSTEM32\WINMM.dll
0x00007ff8a6dc0000 - 0x00007ff8a6dca000 	C:\Windows\SYSTEM32\VERSION.dll
0x00007ff8b59e0000 - 0x00007ff8b59f2000 	C:\Windows\SYSTEM32\UMPDC.dll
0x00007ff8b4de0000 - 0x00007ff8b4df2000 	C:\Windows\SYSTEM32\kernel.appcore.dll
0x00007ff8b26d0000 - 0x00007ff8b26da000 	c:\Users\KHAN\.antigravity\extensions\redhat.java-1.53.0-win32-x64\jre\21.0.10-win32-x86_64\bin\jimage.dll
0x00007ff8b3b80000 - 0x00007ff8b3d81000 	C:\Windows\SYSTEM32\DBGHELP.DLL
0x00007ff8a08e0000 - 0x00007ff8a0914000 	C:\Windows\SYSTEM32\dbgcore.DLL
0x00007ff8b6ce0000 - 0x00007ff8b6d62000 	C:\Windows\System32\bcryptPrimitives.dll
0x00007ff8b1920000 - 0x00007ff8b192f000 	c:\Users\KHAN\.antigravity\extensions\redhat.java-1.53.0-win32-x64\jre\21.0.10-win32-x86_64\bin\instrument.dll
0x00007ff8adb10000 - 0x00007ff8adb30000 	c:\Users\KHAN\.antigravity\extensions\redhat.java-1.53.0-win32-x64\jre\21.0.10-win32-x86_64\bin\java.dll
0x00007ff8b7fd0000 - 0x00007ff8b8740000 	C:\Windows\System32\SHELL32.dll
0x00007ff8b4630000 - 0x00007ff8b4dd5000 	C:\Windows\SYSTEM32\windows.storage.dll
0x00007ff8b79f0000 - 0x00007ff8b7d44000 	C:\Windows\System32\combase.dll
0x00007ff8b6010000 - 0x00007ff8b603b000 	C:\Windows\SYSTEM32\Wldp.dll
0x00007ff8b73a0000 - 0x00007ff8b746d000 	C:\Windows\System32\OLEAUT32.dll
0x00007ff8b8870000 - 0x00007ff8b891d000 	C:\Windows\System32\SHCORE.dll
0x00007ff8b8a40000 - 0x00007ff8b8a9b000 	C:\Windows\System32\shlwapi.dll
0x00007ff8b6510000 - 0x00007ff8b6534000 	C:\Windows\SYSTEM32\profapi.dll
0x00007ff8ad540000 - 0x00007ff8ad558000 	c:\Users\KHAN\.antigravity\extensions\redhat.java-1.53.0-win32-x64\jre\21.0.10-win32-x86_64\bin\zip.dll
0x00007ff8b13c0000 - 0x00007ff8b13d0000 	C:\Users\KHAN\.antigravity\extensions\redhat.java-1.53.0-win32-x64\jre\21.0.10-win32-x86_64\bin\net.dll
0x00007ff8ae0f0000 - 0x00007ff8ae1fa000 	C:\Windows\SYSTEM32\WINHTTP.dll
0x00007ff8b5d70000 - 0x00007ff8b5dda000 	C:\Windows\system32\mswsock.dll
0x00007ff8acfb0000 - 0x00007ff8acfc6000 	C:\Users\KHAN\.antigravity\extensions\redhat.java-1.53.0-win32-x64\jre\21.0.10-win32-x86_64\bin\nio.dll
0x00007ff8b1370000 - 0x00007ff8b1380000 	c:\Users\KHAN\.antigravity\extensions\redhat.java-1.53.0-win32-x64\jre\21.0.10-win32-x86_64\bin\verify.dll

JVMTI agents:
c:\Users\KHAN\.antigravity\extensions\redhat.java-1.53.0-win32-x64\lombok\lombok-1.18.39-4050.jar path:c:\Users\KHAN\.antigravity\extensions\redhat.java-1.53.0-win32-x64\jre\21.0.10-win32-x86_64\bin\instrument.dll, loaded, initialized, instrumentlib options:none

dbghelp: loaded successfully - version: 4.0.5 - missing functions: none
symbol engine: initialized successfully - sym options: 0x614 - pdb path: .;c:\Users\KHAN\.antigravity\extensions\redhat.java-1.53.0-win32-x64\jre\21.0.10-win32-x86_64\bin;C:\Windows\SYSTEM32;C:\Windows\WinSxS\amd64_microsoft.windows.common-controls_6595b64144ccf1df_6.0.19041.6456_none_60b8a6cb71f64256;c:\Users\KHAN\.antigravity\extensions\redhat.java-1.53.0-win32-x64\jre\21.0.10-win32-x86_64\bin\server

VM Arguments:
jvm_args: --add-modules=ALL-SYSTEM --add-opens=java.base/java.util=ALL-UNNAMED --add-opens=java.base/java.lang=ALL-UNNAMED --add-opens=java.base/sun.nio.fs=ALL-UNNAMED -Declipse.application=org.eclipse.jdt.ls.core.id1 -Dosgi.bundles.defaultStartLevel=4 -Declipse.product=org.eclipse.jdt.ls.core.product -Djava.import.generatesMetadataFilesAtProjectRoot=false -DDetectVMInstallationsJob.disabled=true -Dfile.encoding=utf8 -XX:+UseParallelGC -XX:GCTimeRatio=4 -XX:AdaptiveSizePolicyWeight=90 -Dsun.zip.disableMemoryMapping=true -Xmx2G -Xms100m -Xlog:disable -javaagent:c:\Users\KHAN\.antigravity\extensions\redhat.java-1.53.0-win32-x64\lombok\lombok-1.18.39-4050.jar 
java_command: c:\Users\KHAN\.antigravity\extensions\redhat.java-1.53.0-win32-x64\server\plugins\org.eclipse.equinox.launcher_1.7.100.v20251111-0406.jar -configuration c:\Users\KHAN\AppData\Roaming\Antigravity\User\globalStorage\redhat.java\1.53.0\config_ss_win -data c:\Users\KHAN\AppData\Roaming\Antigravity\User\workspaceStorage\68ccc319445cd5e44a420bc5d8f9fddf\redhat.java\ss_ws --pipe=\\.\pipe\lsp-fda7f0e507794cc566ebcfbbf6c13716-sock
java_class_path (initial): c:\Users\KHAN\.antigravity\extensions\redhat.java-1.53.0-win32-x64\server\plugins\org.eclipse.equinox.launcher_1.7.100.v20251111-0406.jar
Launcher Type: SUN_STANDARD

[Global flags]
    uintx AdaptiveSizePolicyWeight                 = 90                                        {product} {command line}
     intx CICompilerCount                          = 3                                         {product} {ergonomic}
    uintx GCTimeRatio                              = 4                                         {product} {command line}
   size_t InitialHeapSize                          = 104857600                                 {product} {command line}
   size_t MaxHeapSize                              = 2147483648                                {product} {command line}
   size_t MaxNewSize                               = 715653120                                 {product} {ergonomic}
   size_t MinHeapDeltaBytes                        = 524288                                    {product} {ergonomic}
   size_t MinHeapSize                              = 104857600                                 {product} {command line}
   size_t NewSize                                  = 34603008                                  {product} {ergonomic}
    uintx NonNMethodCodeHeapSize                   = 5832780                                {pd product} {ergonomic}
    uintx NonProfiledCodeHeapSize                  = 122912730                              {pd product} {ergonomic}
   size_t OldSize                                  = 70254592                                  {product} {ergonomic}
    uintx ProfiledCodeHeapSize                     = 122912730                              {pd product} {ergonomic}
    uintx ReservedCodeCacheSize                    = 251658240                              {pd product} {ergonomic}
     bool SegmentedCodeCache                       = true                                      {product} {ergonomic}
   size_t SoftMaxHeapSize                          = 2147483648                             {manageable} {ergonomic}
     bool UseCompressedOops                        = true                           {product lp64_product} {ergonomic}
     bool UseLargePagesIndividualAllocation        = false                                  {pd product} {ergonomic}
     bool UseParallelGC                            = true                                      {product} {command line}

Logging:
Log output configuration:
 #0: stdout all=off uptime,level,tags foldmultilines=false
 #1: stderr all=off uptime,level,tags foldmultilines=false

Release file:
JAVA_VERSION="21.0.10" 
MODULES="java.base java.compiler java.datatransfer java.xml java.prefs java.desktop java.instrument java.logging java.management java.security.sasl java.naming java.rmi java.management.rmi java.net.http java.scripting java.security.jgss java.transaction.xa java.sql java.sql.rowset java.xml.crypto java.se java.smartcardio jdk.accessibility jdk.internal.jvmstat jdk.attach jdk.charsets jdk.internal.opt jdk.zipfs jdk.compiler jdk.crypto.ec jdk.crypto.cryptoki jdk.crypto.mscapi jdk.dynalink jdk.internal.ed jdk.editpad jdk.hotspot.agent jdk.httpserver jdk.internal.le jdk.internal.vm.ci jdk.internal.vm.compiler jdk.internal.vm.compiler.management jdk.jartool jdk.javadoc jdk.jcmd jdk.management jdk.management.agent jdk.jconsole jdk.jdeps jdk.jdwp.agent jdk.jdi jdk.jfr jdk.jshell jdk.jsobject jdk.jstatd jdk.localedata jdk.management.jfr jdk.naming.dns jdk.naming.rmi jdk.net jdk.nio.mapmode jdk.random jdk.sctp jdk.security.auth jdk.security.jgss jdk.unsupported jdk.unsupported.desktop jdk.xml.dom" 

Environment Variables:
JAVA_HOME=C:\Program Files\Microsoft\jdk-17.0.10.7-hotspot\
PATH=C:\Python312\Scripts\;C:\Python312\;C:\Program Files\Microsoft\jdk-17.0.10.7-hotspot\bin;C:\Windows\system32;C:\Windows;C:\Windows\System32\Wbem;C:\Windows\System32\WindowsPowerShell\v1.0\;C:\Windows\System32\OpenSSH\;C:\ProgramData\chocolatey\bin;C:\Program Files\Git\cmd;C:\Users\KHAN\AppData\Local\Android\Sdk\platform-tools;C:\Users\KHAN\AppData\Local\Android\Sdk\tools;C:\Program Files\nodejs\;C:\Program Files (x86)\Microsoft SQL Server\160\Tools\Binn\;C:\Program Files\Microsoft SQL Server\160\Tools\Binn\;C:\Program Files\Microsoft SQL Server\Client SDK\ODBC\170\Tools\Binn\;C:\Program Files\Microsoft SQL Server\160\DTS\Binn\;C:\Program Files\MongoDB\Server\8.2\bin;C:\tools\php85;C:\ProgramData\ComposerSetup\bin;C:\Users\KHAN\AppData\Local\Microsoft\WindowsApps;C:\Users\KHAN\AppData\Local\Programs\Microsoft VS Code\bin;C:\Users\KHAN\AppData\Local\Android\Sdk\platform-tools;C:\Users\KHAN\AppData\Local\Android\Sdk\platform-tools;C:\Users\KHAN\AppData\Roaming\npm;C:\Program Files\mongosh\;C:\Users\KHAN\AppData\Local\Programs\Antigravity\bin;C:\Users\KHAN\AppData\Roaming\Composer\vendor\bin
USERNAME=KHAN
OS=Windows_NT
PROCESSOR_IDENTIFIER=Intel64 Family 6 Model 58 Stepping 9, GenuineIntel
TMP=C:\Users\KHAN\AppData\Local\Temp
TEMP=C:\Users\KHAN\AppData\Local\Temp




Periodic native trim disabled

---------------  S Y S T E M  ---------------

OS:
 Windows 10 , 64 bit Build 19041 (10.0.19041.5915)
OS uptime: 22 days 4:02 hours

CPU: total 4 (initial active 4) (2 cores per cpu, 2 threads per core) family 6 model 58 stepping 9 microcode 0x21, cx8, cmov, fxsr, ht, mmx, sse, sse2, sse3, ssse3, sse4.1, sse4.2, popcnt, tsc, tscinvbit, avx, aes, erms, clmul, vzeroupper, clflush, rdtscp, f16c
Processor Information for the first 4 processors :
  Max Mhz: 2601, Current Mhz: 2601, Mhz Limit: 2601

Memory: 4k page, system-wide physical 8095M (404M free)
TotalPageFile size 23286M (AvailPageFile size 1M)
current process WorkingSet (physical memory assigned to process): 66M, peak: 66M
current process commit charge ("private bytes"): 221M, peak: 221M

vm_info: OpenJDK 64-Bit Server VM (21.0.10+7-LTS) for windows-amd64 JRE (21.0.10+7-LTS), built on 2026-01-20T00:00:00Z by "admin" with MS VC++ 17.12 (VS2022)

END.
