#
# There is insufficient memory for the Java Runtime Environment to continue.
# Native memory allocation (malloc) failed to allocate 812416 bytes. Error detail: Chunk::new
# Possible reasons:
#   The system is out of physical RAM or swap space
#   This process is running with CompressedOops enabled, and the Java Heap may be blocking the growth of the native heap
# Possible solutions:
#   Reduce memory load on the system
#   Increase physical memory or swap space
#   Check if swap backing store is full
#   Decrease Java heap size (-Xmx/-Xms)
#   Decrease number of Java threads
#   Decrease Java thread stack sizes (-Xss)
#   Set larger code cache with -XX:ReservedCodeCacheSize=
#   JVM is running with Unscaled Compressed Oops mode in which the Java heap is
#     placed in the first 4GB address space. The Java Heap base address is the
#     maximum limit for the native heap growth. Please use -XX:HeapBaseMinAddress
#     to set the Java Heap base and to place the Java Heap above 4GB virtual address.
# This output file may be truncated or incomplete.
#
#  Out of Memory Error (arena.cpp:168), pid=14500, tid=15160
#
# JRE version: OpenJDK Runtime Environment Temurin-21.0.10+7 (21.0.10+7) (build 21.0.10+7-LTS)
# Java VM: OpenJDK 64-Bit Server VM Temurin-21.0.10+7 (21.0.10+7-LTS, mixed mode, sharing, tiered, compressed oops, compressed class ptrs, parallel gc, windows-amd64)
# No core dump will be written. Minidumps are not enabled by default on client versions of Windows
#

---------------  S U M M A R Y ------------

Command Line: --add-modules=ALL-SYSTEM --add-opens=java.base/java.util=ALL-UNNAMED --add-opens=java.base/java.lang=ALL-UNNAMED --add-opens=java.base/sun.nio.fs=ALL-UNNAMED -Declipse.application=org.eclipse.jdt.ls.core.id1 -Dosgi.bundles.defaultStartLevel=4 -Declipse.product=org.eclipse.jdt.ls.core.product -Djava.import.generatesMetadataFilesAtProjectRoot=false -DDetectVMInstallationsJob.disabled=true -Dfile.encoding=utf8 -XX:+UseParallelGC -XX:GCTimeRatio=4 -XX:AdaptiveSizePolicyWeight=90 -Dsun.zip.disableMemoryMapping=true -Xmx2G -Xms100m -Xlog:disable -javaagent:c:\Users\KHAN\.vscode\extensions\redhat.java-1.53.0-win32-x64\lombok\lombok-1.18.39-4050.jar -XX:+HeapDumpOnOutOfMemoryError -XX:HeapDumpPath=c:\Users\KHAN\AppData\Roaming\Code\User\workspaceStorage\68ccc319445cd5e44a420bc5d8f9fddf\redhat.java -Daether.dependencyCollector.impl=bf c:\Users\KHAN\.vscode\extensions\redhat.java-1.53.0-win32-x64\server\plugins\org.eclipse.equinox.launcher_1.7.100.v20251111-0406.jar -configuration c:\Users\KHAN\AppData\Roaming\Code\User\globalStorage\redhat.java\1.53.0\config_win -data c:\Users\KHAN\AppData\Roaming\Code\User\workspaceStorage\68ccc319445cd5e44a420bc5d8f9fddf\redhat.java\jdt_ws --pipe=\\.\pipe\lsp-349d97e08191b06d0d99ab5bd520d0ef-sock

Host: Intel(R) Core(TM) i5-3320M CPU @ 2.60GHz, 4 cores, 7G,  Windows 10 , 64 bit Build 19041 (10.0.19041.5915)
Time: Thu Apr  2 22:40:54 2026 Pakistan Standard Time elapsed time: 6180.256216 seconds (0d 1h 43m 0s)

---------------  T H R E A D  ---------------

Current thread (0x000002002b2a74b0):  JavaThread "C2 CompilerThread0" daemon [_thread_in_native, id=15160, stack(0x000000113cb00000,0x000000113cc00000) (1024K)]


Current CompileTask:
C2:6180256 11000 %     4       org.lombokweb.asm.ClassReader::readCode @ 1631 (5117 bytes)

Stack: [0x000000113cb00000,0x000000113cc00000]
Native frames: (J=compiled Java code, j=interpreted, Vv=VM code, C=native code)
V  [jvm.dll+0x6d7a39]
V  [jvm.dll+0x8b4b26]
V  [jvm.dll+0x8b70de]
V  [jvm.dll+0x8b77c3]
V  [jvm.dll+0x284346]
V  [jvm.dll+0xc66ed]
V  [jvm.dll+0xc6c31]
V  [jvm.dll+0x2fb29e]
V  [jvm.dll+0x5fe884]
V  [jvm.dll+0x255b17]
V  [jvm.dll+0x255edd]
V  [jvm.dll+0x24e500]
V  [jvm.dll+0x24ba42]
V  [jvm.dll+0x1cb34e]
V  [jvm.dll+0x25b85d]
V  [jvm.dll+0x259dea]
V  [jvm.dll+0x3f857e]
V  [jvm.dll+0x85f59d]
V  [jvm.dll+0x6d626d]
C  [ucrtbase.dll+0x21bb2]
C  [KERNEL32.DLL+0x17374]
C  [ntdll.dll+0x4cc91]


---------------  P R O C E S S  ---------------

Threads class SMR info:
_java_thread_list=0x0000020077259450, length=32, elements={
0x00000200126d5d70, 0x000002002b29d770, 0x000002002b29ec10, 0x000002002b2a2340,
0x000002002b2a2fa0, 0x000002002b2a3c00, 0x000002002b2a6670, 0x000002002b2a74b0,
0x000002002b317f70, 0x0000020071125d10, 0x00000200712b7d10, 0x00000200719044b0,
0x00000200716f0e50, 0x000002002b2f6b40, 0x000002002b2ecb10, 0x0000020071e89380,
0x0000020071f4a320, 0x0000020071d7ef20, 0x00000200717ecd50, 0x00000200717eb9a0,
0x00000200717ea5f0, 0x000002007285fb80, 0x000002007285f4f0, 0x0000020072860f30,
0x00000200728608a0, 0x0000020072860210, 0x00000200728615c0, 0x000002007285dab0,
0x000002007285e140, 0x0000020072863000, 0x000002007285e7d0, 0x000002007760b5c0
}

Java Threads: ( => current thread )
  0x00000200126d5d70 JavaThread "main"                              [_thread_blocked, id=15752, stack(0x000000113c000000,0x000000113c100000) (1024K)]
  0x000002002b29d770 JavaThread "Reference Handler"          daemon [_thread_blocked, id=7936, stack(0x000000113c500000,0x000000113c600000) (1024K)]
  0x000002002b29ec10 JavaThread "Finalizer"                  daemon [_thread_blocked, id=16872, stack(0x000000113c600000,0x000000113c700000) (1024K)]
  0x000002002b2a2340 JavaThread "Signal Dispatcher"          daemon [_thread_blocked, id=2708, stack(0x000000113c700000,0x000000113c800000) (1024K)]
  0x000002002b2a2fa0 JavaThread "Attach Listener"            daemon [_thread_blocked, id=22004, stack(0x000000113c800000,0x000000113c900000) (1024K)]
  0x000002002b2a3c00 JavaThread "Service Thread"             daemon [_thread_blocked, id=10772, stack(0x000000113c900000,0x000000113ca00000) (1024K)]
  0x000002002b2a6670 JavaThread "Monitor Deflation Thread"   daemon [_thread_blocked, id=10652, stack(0x000000113ca00000,0x000000113cb00000) (1024K)]
=>0x000002002b2a74b0 JavaThread "C2 CompilerThread0"         daemon [_thread_in_native, id=15160, stack(0x000000113cb00000,0x000000113cc00000) (1024K)]
  0x000002002b317f70 JavaThread "C1 CompilerThread0"         daemon [_thread_blocked, id=18288, stack(0x000000113cc00000,0x000000113cd00000) (1024K)]
  0x0000020071125d10 JavaThread "Common-Cleaner"             daemon [_thread_blocked, id=9724, stack(0x000000113cd00000,0x000000113ce00000) (1024K)]
  0x00000200712b7d10 JavaThread "Notification Thread"        daemon [_thread_blocked, id=16668, stack(0x000000113ce00000,0x000000113cf00000) (1024K)]
  0x00000200719044b0 JavaThread "Active Thread: Equinox Container: 38810f40-c2c8-4091-9e10-2995005cf714"        [_thread_blocked, id=19200, stack(0x000000113d200000,0x000000113d300000) (1024K)]
  0x00000200716f0e50 JavaThread "Refresh Thread: Equinox Container: 38810f40-c2c8-4091-9e10-2995005cf714" daemon [_thread_blocked, id=13768, stack(0x000000113d300000,0x000000113d400000) (1024K)]
  0x000002002b2f6b40 JavaThread "Framework Event Dispatcher: Equinox Container: 38810f40-c2c8-4091-9e10-2995005cf714" daemon [_thread_blocked, id=1552, stack(0x000000113d400000,0x000000113d500000) (1024K)]
  0x000002002b2ecb10 JavaThread "Start Level: Equinox Container: 38810f40-c2c8-4091-9e10-2995005cf714" daemon [_thread_blocked, id=6164, stack(0x000000113d500000,0x000000113d600000) (1024K)]
  0x0000020071e89380 JavaThread "Bundle File Closer"         daemon [_thread_blocked, id=13200, stack(0x000000113d600000,0x000000113d700000) (1024K)]
  0x0000020071f4a320 JavaThread "SCR Component Actor"        daemon [_thread_blocked, id=7476, stack(0x000000113d700000,0x000000113d800000) (1024K)]
  0x0000020071d7ef20 JavaThread "Worker-JM"                         [_thread_blocked, id=12224, stack(0x000000113d800000,0x000000113d900000) (1024K)]
  0x00000200717ecd50 JavaThread "JNA Cleaner"                daemon [_thread_blocked, id=14148, stack(0x000000113d900000,0x000000113da00000) (1024K)]
  0x00000200717eb9a0 JavaThread "Worker-0"                          [_thread_blocked, id=20964, stack(0x000000113da00000,0x000000113db00000) (1024K)]
  0x00000200717ea5f0 JavaThread "Java indexing"              daemon [_thread_blocked, id=18048, stack(0x000000113df00000,0x000000113e000000) (1024K)]
  0x000002007285fb80 JavaThread "Thread-1"                   daemon [_thread_in_native, id=1200, stack(0x000000113e400000,0x000000113e500000) (1024K)]
  0x000002007285f4f0 JavaThread "Thread-2"                   daemon [_thread_in_native, id=10760, stack(0x000000113e500000,0x000000113e600000) (1024K)]
  0x0000020072860f30 JavaThread "Thread-3"                   daemon [_thread_in_native, id=11200, stack(0x000000113e600000,0x000000113e700000) (1024K)]
  0x00000200728608a0 JavaThread "Thread-4"                   daemon [_thread_in_native, id=20084, stack(0x000000113e700000,0x000000113e800000) (1024K)]
  0x0000020072860210 JavaThread "Thread-5"                   daemon [_thread_in_native, id=22376, stack(0x000000113e800000,0x000000113e900000) (1024K)]
  0x00000200728615c0 JavaThread "pool-2-thread-1"                   [_thread_blocked, id=21012, stack(0x000000113e900000,0x000000113ea00000) (1024K)]
  0x000002007285dab0 JavaThread "WorkspaceEventsHandler"            [_thread_in_Java, id=9000, stack(0x000000113ea00000,0x000000113eb00000) (1024K)]
  0x000002007285e140 JavaThread "pool-1-thread-1"                   [_thread_blocked, id=16816, stack(0x000000113eb00000,0x000000113ec00000) (1024K)]
  0x0000020072863000 JavaThread "Timer-0"                           [_thread_blocked, id=11336, stack(0x000000113f000000,0x000000113f100000) (1024K)]
  0x000002007285e7d0 JavaThread "Worker-6"                          [_thread_blocked, id=20500, stack(0x000000113c100000,0x000000113c200000) (1024K)]
  0x000002007760b5c0 JavaThread "C2 CompilerThread1"         daemon [_thread_in_native, id=11404, stack(0x000000113bf00000,0x000000113c000000) (1024K)]
Total: 32

Other Threads:
  0x0000020014972b30 VMThread "VM Thread"                           [id=5168, stack(0x000000113c400000,0x000000113c500000) (1024K)]
  0x000002002b24bc60 WatcherThread "VM Periodic Task Thread"        [id=17028, stack(0x000000113c300000,0x000000113c400000) (1024K)]
  0x00000200148c1a80 WorkerThread "GC Thread#0"                     [id=19464, stack(0x000000113c200000,0x000000113c300000) (1024K)]
  0x000002007195e070 WorkerThread "GC Thread#1"                     [id=15216, stack(0x000000113cf00000,0x000000113d000000) (1024K)]
  0x000002007195e420 WorkerThread "GC Thread#2"                     [id=14816, stack(0x000000113d000000,0x000000113d100000) (1024K)]
  0x000002007195e7d0 WorkerThread "GC Thread#3"                     [id=16664, stack(0x000000113d100000,0x000000113d200000) (1024K)]
Total: 6

Threads with active compile tasks:
C2 CompilerThread0  6180332 11000 %     4       org.lombokweb.asm.ClassReader::readCode @ 1631 (5117 bytes)
C2 CompilerThread1  6180332 11006       4       org.lombokweb.asm.SymbolTable::<init> (554 bytes)
Total: 2

VM state: not at safepoint (normal execution)

VM Mutex/Monitor currently owned by a thread: None

Heap address: 0x0000000080000000, size: 2048 MB, Compressed Oops mode: 32-bit

CDS archive(s) mapped at: [0x000002002c000000-0x000002002cba0000-0x000002002cba0000), size 12189696, SharedBaseAddress: 0x000002002c000000, ArchiveRelocationMode: 1.
Compressed class space mapped at: 0x000002002d000000-0x000002006d000000, reserved size: 1073741824
Narrow klass base: 0x000002002c000000, Narrow klass shift: 0, Narrow klass range: 0x100000000

GC Precious Log:
 CardTable entry size: 512
 CPUs: 4 total, 4 available
 Memory: 8095M
 Large Page Support: Disabled
 NUMA Support: Disabled
 Compressed Oops: Enabled (32-bit)
 Alignments: Space 512K, Generation 512K, Heap 2M
 Heap Min Capacity: 100M
 Heap Initial Capacity: 100M
 Heap Max Capacity: 2G
 Pre-touch: Disabled
 Parallel Workers: 4

Heap:
 PSYoungGen      total 19968K, used 9961K [0x00000000d5580000, 0x00000000d6c00000, 0x0000000100000000)
  eden space 18432K, 48% used [0x00000000d5580000,0x00000000d5e29568,0x00000000d6780000)
  from space 1536K, 71% used [0x00000000d6a80000,0x00000000d6b90ff8,0x00000000d6c00000)
  to   space 1536K, 0% used [0x00000000d6900000,0x00000000d6900000,0x00000000d6a80000)
 ParOldGen       total 124416K, used 124122K [0x0000000080000000, 0x0000000087980000, 0x00000000d5580000)
  object space 124416K, 99% used [0x0000000080000000,0x0000000087936ac0,0x0000000087980000)
 Metaspace       used 72574K, committed 74048K, reserved 1114112K
  class space    used 8416K, committed 9088K, reserved 1048576K

Card table byte_map: [0x0000020014290000,0x00000200146a0000] _byte_map_base: 0x0000020013e90000

Marking Bits: (ParMarkBitMap*) 0x00007ff87e273450
 Begin Bits: [0x0000020026d70000, 0x0000020028d70000)
 End Bits:   [0x0000020028d70000, 0x000002002ad70000)

Polling page: 0x0000020014080000

Metaspace:

Usage:
  Non-class:     62.65 MB used.
      Class:      8.22 MB used.
       Both:     70.87 MB used.

Virtual space:
  Non-class space:       64.00 MB reserved,      63.44 MB (>99%) committed,  1 nodes.
      Class space:        1.00 GB reserved,       8.88 MB ( <1%) committed,  1 nodes.
             Both:        1.06 GB reserved,      72.31 MB (  7%) committed. 

Chunk freelists:
   Non-Class:  288.00 KB
       Class:  6.98 MB
        Both:  7.27 MB

MaxMetaspaceSize: unlimited
CompressedClassSpaceSize: 1.00 GB
Initial GC threshold: 21.00 MB
Current GC threshold: 98.12 MB
CDS: on
 - commit_granule_bytes: 65536.
 - commit_granule_words: 8192.
 - virtual_space_node_default_size: 8388608.
 - enlarge_chunks_in_place: 1.
 - use_allocation_guard: 0.


Internal statistics:

num_allocs_failed_limit: 13.
num_arena_births: 1354.
num_arena_deaths: 26.
num_vsnodes_births: 2.
num_vsnodes_deaths: 0.
num_space_committed: 1157.
num_space_uncommitted: 0.
num_chunks_returned_to_freelist: 44.
num_chunks_taken_from_freelist: 4426.
num_chunk_merges: 19.
num_chunk_splits: 2814.
num_chunks_enlarged: 1712.
num_inconsistent_stats: 0.

CodeHeap 'non-profiled nmethods': size=120000Kb used=8356Kb max_used=8356Kb free=111643Kb
 bounds [0x000002001f590000, 0x000002001fdc0000, 0x0000020026ac0000]
CodeHeap 'profiled nmethods': size=120000Kb used=22025Kb max_used=22025Kb free=97974Kb
 bounds [0x0000020017ac0000, 0x0000020019050000, 0x000002001eff0000]
CodeHeap 'non-nmethods': size=5760Kb used=1478Kb max_used=1507Kb free=4281Kb
 bounds [0x000002001eff0000, 0x000002001f260000, 0x000002001f590000]
CodeCache: size=245760Kb, used=31859Kb, max_used=31888Kb, free=213898Kb
 total_blobs=10946, nmethods=10157, adapters=694, full_count=0
Compilation: enabled, stopped_count=0, restarted_count=0

Compilation events (20 events):
Event: 6180.147 Thread 0x000002007760b5c0 nmethod 10975% 0x000002001fdb1b10 code [0x000002001fdb20e0, 0x000002001fdb55d8]
Event: 6180.148 Thread 0x000002007760b5c0 10996       4       org.lombokweb.asm.MethodWriter::visitVarInsn (302 bytes)
Event: 6180.151 Thread 0x000002002b317f70 11002       3       org.lombokweb.asm.MethodWriter::visitCode (1 bytes)
Event: 6180.151 Thread 0x000002002b317f70 nmethod 11002 0x000002001903d390 code [0x000002001903d520, 0x000002001903d628]
Event: 6180.151 Thread 0x000002002b317f70 11003       3       org.lombokweb.asm.MethodWriter::visitMaxs (60 bytes)
Event: 6180.152 Thread 0x000002002b317f70 nmethod 11003 0x000002001903d690 code [0x000002001903d860, 0x000002001903db18]
Event: 6180.152 Thread 0x000002002b317f70 11004       3       org.lombokweb.asm.MethodWriter::visitEnd (1 bytes)
Event: 6180.152 Thread 0x000002002b317f70 nmethod 11004 0x000002001903dc10 code [0x000002001903dda0, 0x000002001903dea8]
Event: 6180.152 Thread 0x000002002b317f70 11005       3       org.lombokweb.asm.Handler::getExceptionTableSize (10 bytes)
Event: 6180.153 Thread 0x000002002b317f70 nmethod 11005 0x000002001903df10 code [0x000002001903e0c0, 0x000002001903e2b8]
Event: 6180.155 Thread 0x000002007760b5c0 nmethod 10996 0x000002001fdb8710 code [0x000002001fdb8900, 0x000002001fdb8e48]
Event: 6180.155 Thread 0x000002007760b5c0 11006       4       org.lombokweb.asm.SymbolTable::<init> (554 bytes)
Event: 6180.157 Thread 0x000002002b317f70 11007       3       lombok.patcher.MethodLogistics::generateLoadOpcodeForParam (37 bytes)
Event: 6180.157 Thread 0x000002002b317f70 nmethod 11007 0x000002001903e410 code [0x000002001903e600, 0x000002001903ebb8]
Event: 6180.172 Thread 0x000002002b317f70 11009       3       lombok.patcher.MethodLogistics::loadOpcodeFor (145 bytes)
Event: 6180.174 Thread 0x000002002b317f70 nmethod 11009 0x000002001903ed90 code [0x000002001903f040, 0x000002001903fcb8]
Event: 6180.234 Thread 0x000002002b317f70 11011       3       org.lombokweb.asm.MethodWriter::visitIntInsn (113 bytes)
Event: 6180.235 Thread 0x000002002b317f70 nmethod 11011 0x0000020019040190 code [0x0000020019040380, 0x00000200190407d0]
Event: 6180.246 Thread 0x000002002b317f70 11013       3       org.lombokweb.asm.MethodVisitor::visitIntInsn (17 bytes)
Event: 6180.246 Thread 0x000002002b317f70 nmethod 11013 0x0000020019040910 code [0x0000020019040ac0, 0x0000020019040cc8]

GC Heap History (20 events):
Event: 442.806 GC heap before
{Heap before GC invocations=94 (full 3):
 PSYoungGen      total 20480K, used 20480K [0x00000000d5580000, 0x00000000d6c00000, 0x0000000100000000)
  eden space 19968K, 100% used [0x00000000d5580000,0x00000000d6900000,0x00000000d6900000)
  from space 512K, 100% used [0x00000000d6b80000,0x00000000d6c00000,0x00000000d6c00000)
  to   space 1536K, 0% used [0x00000000d6900000,0x00000000d6900000,0x00000000d6a80000)
 ParOldGen       total 116224K, used 115754K [0x0000000080000000, 0x0000000087180000, 0x00000000d5580000)
  object space 116224K, 99% used [0x0000000080000000,0x000000008710a8d8,0x0000000087180000)
 Metaspace       used 67034K, committed 68480K, reserved 1114112K
  class space    used 7851K, committed 8512K, reserved 1048576K
}
Event: 442.808 GC heap after
{Heap after GC invocations=94 (full 3):
 PSYoungGen      total 21504K, used 480K [0x00000000d5580000, 0x00000000d6c00000, 0x0000000100000000)
  eden space 19968K, 0% used [0x00000000d5580000,0x00000000d5580000,0x00000000d6900000)
  from space 1536K, 31% used [0x00000000d6900000,0x00000000d6978000,0x00000000d6a80000)
  to   space 1024K, 0% used [0x00000000d6b00000,0x00000000d6b00000,0x00000000d6c00000)
 ParOldGen       total 116736K, used 116250K [0x0000000080000000, 0x0000000087200000, 0x00000000d5580000)
  object space 116736K, 99% used [0x0000000080000000,0x00000000871868d8,0x0000000087200000)
 Metaspace       used 67034K, committed 68480K, reserved 1114112K
  class space    used 7851K, committed 8512K, reserved 1048576K
}
Event: 443.087 GC heap before
{Heap before GC invocations=95 (full 3):
 PSYoungGen      total 21504K, used 20448K [0x00000000d5580000, 0x00000000d6c00000, 0x0000000100000000)
  eden space 19968K, 100% used [0x00000000d5580000,0x00000000d6900000,0x00000000d6900000)
  from space 1536K, 31% used [0x00000000d6900000,0x00000000d6978000,0x00000000d6a80000)
  to   space 1024K, 0% used [0x00000000d6b00000,0x00000000d6b00000,0x00000000d6c00000)
 ParOldGen       total 116736K, used 116250K [0x0000000080000000, 0x0000000087200000, 0x00000000d5580000)
  object space 116736K, 99% used [0x0000000080000000,0x00000000871868d8,0x0000000087200000)
 Metaspace       used 67042K, committed 68544K, reserved 1114112K
  class space    used 7851K, committed 8512K, reserved 1048576K
}
Event: 443.092 GC heap after
{Heap after GC invocations=95 (full 3):
 PSYoungGen      total 19456K, used 1024K [0x00000000d5580000, 0x00000000d7000000, 0x0000000100000000)
  eden space 18432K, 0% used [0x00000000d5580000,0x00000000d5580000,0x00000000d6780000)
  from space 1024K, 100% used [0x00000000d6b00000,0x00000000d6c00000,0x00000000d6c00000)
  to   space 3584K, 0% used [0x00000000d6780000,0x00000000d6780000,0x00000000d6b00000)
 ParOldGen       total 118272K, used 118146K [0x0000000080000000, 0x0000000087380000, 0x00000000d5580000)
  object space 118272K, 99% used [0x0000000080000000,0x0000000087360a30,0x0000000087380000)
 Metaspace       used 67042K, committed 68544K, reserved 1114112K
  class space    used 7851K, committed 8512K, reserved 1048576K
}
Event: 443.175 GC heap before
{Heap before GC invocations=96 (full 3):
 PSYoungGen      total 19456K, used 19456K [0x00000000d5580000, 0x00000000d7000000, 0x0000000100000000)
  eden space 18432K, 100% used [0x00000000d5580000,0x00000000d6780000,0x00000000d6780000)
  from space 1024K, 100% used [0x00000000d6b00000,0x00000000d6c00000,0x00000000d6c00000)
  to   space 3584K, 0% used [0x00000000d6780000,0x00000000d6780000,0x00000000d6b00000)
 ParOldGen       total 118272K, used 118146K [0x0000000080000000, 0x0000000087380000, 0x00000000d5580000)
  object space 118272K, 99% used [0x0000000080000000,0x0000000087360a30,0x0000000087380000)
 Metaspace       used 67042K, committed 68544K, reserved 1114112K
  class space    used 7851K, committed 8512K, reserved 1048576K
}
Event: 443.178 GC heap after
{Heap after GC invocations=96 (full 3):
 PSYoungGen      total 18944K, used 320K [0x00000000d5580000, 0x00000000d6b80000, 0x0000000100000000)
  eden space 18432K, 0% used [0x00000000d5580000,0x00000000d5580000,0x00000000d6780000)
  from space 512K, 62% used [0x00000000d6780000,0x00000000d67d0000,0x00000000d6800000)
  to   space 1536K, 0% used [0x00000000d6a00000,0x00000000d6a00000,0x00000000d6b80000)
 ParOldGen       total 119296K, used 119186K [0x0000000080000000, 0x0000000087480000, 0x00000000d5580000)
  object space 119296K, 99% used [0x0000000080000000,0x0000000087464a30,0x0000000087480000)
 Metaspace       used 67042K, committed 68544K, reserved 1114112K
  class space    used 7851K, committed 8512K, reserved 1048576K
}
Event: 443.296 GC heap before
{Heap before GC invocations=97 (full 3):
 PSYoungGen      total 18944K, used 18752K [0x00000000d5580000, 0x00000000d6b80000, 0x0000000100000000)
  eden space 18432K, 100% used [0x00000000d5580000,0x00000000d6780000,0x00000000d6780000)
  from space 512K, 62% used [0x00000000d6780000,0x00000000d67d0000,0x00000000d6800000)
  to   space 1536K, 0% used [0x00000000d6a00000,0x00000000d6a00000,0x00000000d6b80000)
 ParOldGen       total 119296K, used 119186K [0x0000000080000000, 0x0000000087480000, 0x00000000d5580000)
  object space 119296K, 99% used [0x0000000080000000,0x0000000087464a30,0x0000000087480000)
 Metaspace       used 67055K, committed 68544K, reserved 1114112K
  class space    used 7853K, committed 8512K, reserved 1048576K
}
Event: 443.297 GC heap after
{Heap after GC invocations=97 (full 3):
 PSYoungGen      total 18944K, used 448K [0x00000000d5580000, 0x00000000d6a80000, 0x0000000100000000)
  eden space 18432K, 0% used [0x00000000d5580000,0x00000000d5580000,0x00000000d6780000)
  from space 512K, 87% used [0x00000000d6a00000,0x00000000d6a70000,0x00000000d6a80000)
  to   space 1024K, 0% used [0x00000000d6880000,0x00000000d6880000,0x00000000d6980000)
 ParOldGen       total 119808K, used 119457K [0x0000000080000000, 0x0000000087500000, 0x00000000d5580000)
  object space 119808K, 99% used [0x0000000080000000,0x00000000874a8730,0x0000000087500000)
 Metaspace       used 67055K, committed 68544K, reserved 1114112K
  class space    used 7853K, committed 8512K, reserved 1048576K
}
Event: 443.444 GC heap before
{Heap before GC invocations=98 (full 3):
 PSYoungGen      total 18944K, used 18880K [0x00000000d5580000, 0x00000000d6a80000, 0x0000000100000000)
  eden space 18432K, 100% used [0x00000000d5580000,0x00000000d6780000,0x00000000d6780000)
  from space 512K, 87% used [0x00000000d6a00000,0x00000000d6a70000,0x00000000d6a80000)
  to   space 1024K, 0% used [0x00000000d6880000,0x00000000d6880000,0x00000000d6980000)
 ParOldGen       total 119808K, used 119457K [0x0000000080000000, 0x0000000087500000, 0x00000000d5580000)
  object space 119808K, 99% used [0x0000000080000000,0x00000000874a8730,0x0000000087500000)
 Metaspace       used 67058K, committed 68544K, reserved 1114112K
  class space    used 7853K, committed 8512K, reserved 1048576K
}
Event: 443.446 GC heap after
{Heap after GC invocations=98 (full 3):
 PSYoungGen      total 19456K, used 128K [0x00000000d5580000, 0x00000000d6a80000, 0x0000000100000000)
  eden space 18432K, 0% used [0x00000000d5580000,0x00000000d5580000,0x00000000d6780000)
  from space 1024K, 12% used [0x00000000d6880000,0x00000000d68a0000,0x00000000d6980000)
  to   space 512K, 0% used [0x00000000d6a00000,0x00000000d6a00000,0x00000000d6a80000)
 ParOldGen       total 119808K, used 119745K [0x0000000080000000, 0x0000000087500000, 0x00000000d5580000)
  object space 119808K, 99% used [0x0000000080000000,0x00000000874f0730,0x0000000087500000)
 Metaspace       used 67058K, committed 68544K, reserved 1114112K
  class space    used 7853K, committed 8512K, reserved 1048576K
}
Event: 3401.798 GC heap before
{Heap before GC invocations=99 (full 3):
 PSYoungGen      total 19456K, used 18560K [0x00000000d5580000, 0x00000000d6a80000, 0x0000000100000000)
  eden space 18432K, 100% used [0x00000000d5580000,0x00000000d6780000,0x00000000d6780000)
  from space 1024K, 12% used [0x00000000d6880000,0x00000000d68a0000,0x00000000d6980000)
  to   space 512K, 0% used [0x00000000d6a00000,0x00000000d6a00000,0x00000000d6a80000)
 ParOldGen       total 119808K, used 119745K [0x0000000080000000, 0x0000000087500000, 0x00000000d5580000)
  object space 119808K, 99% used [0x0000000080000000,0x00000000874f0730,0x0000000087500000)
 Metaspace       used 68467K, committed 69952K, reserved 1114112K
  class space    used 8014K, committed 8640K, reserved 1048576K
}
Event: 3402.084 GC heap after
{Heap after GC invocations=99 (full 3):
 PSYoungGen      total 18944K, used 505K [0x00000000d5580000, 0x00000000d6a80000, 0x0000000100000000)
  eden space 18432K, 0% used [0x00000000d5580000,0x00000000d5580000,0x00000000d6780000)
  from space 512K, 98% used [0x00000000d6a00000,0x00000000d6a7e490,0x00000000d6a80000)
  to   space 1024K, 0% used [0x00000000d6880000,0x00000000d6880000,0x00000000d6980000)
 ParOldGen       total 120320K, used 119873K [0x0000000080000000, 0x0000000087580000, 0x00000000d5580000)
  object space 120320K, 99% used [0x0000000080000000,0x0000000087510730,0x0000000087580000)
 Metaspace       used 68467K, committed 69952K, reserved 1114112K
  class space    used 8014K, committed 8640K, reserved 1048576K
}
Event: 6176.762 GC heap before
{Heap before GC invocations=100 (full 3):
 PSYoungGen      total 18944K, used 18926K [0x00000000d5580000, 0x00000000d6a80000, 0x0000000100000000)
  eden space 18432K, 99% used [0x00000000d5580000,0x00000000d677d4a8,0x00000000d6780000)
  from space 512K, 98% used [0x00000000d6a00000,0x00000000d6a7e490,0x00000000d6a80000)
  to   space 1024K, 0% used [0x00000000d6880000,0x00000000d6880000,0x00000000d6980000)
 ParOldGen       total 120320K, used 119873K [0x0000000080000000, 0x0000000087580000, 0x00000000d5580000)
  object space 120320K, 99% used [0x0000000080000000,0x0000000087510730,0x0000000087580000)
 Metaspace       used 69875K, committed 71360K, reserved 1114112K
  class space    used 8148K, committed 8768K, reserved 1048576K
}
Event: 6176.838 GC heap after
{Heap after GC invocations=100 (full 3):
 PSYoungGen      total 19456K, used 1016K [0x00000000d5580000, 0x00000000d6e80000, 0x0000000100000000)
  eden space 18432K, 0% used [0x00000000d5580000,0x00000000d5580000,0x00000000d6780000)
  from space 1024K, 99% used [0x00000000d6880000,0x00000000d697e308,0x00000000d6980000)
  to   space 3584K, 0% used [0x00000000d6b00000,0x00000000d6b00000,0x00000000d6e80000)
 ParOldGen       total 121856K, used 121711K [0x0000000080000000, 0x0000000087700000, 0x00000000d5580000)
  object space 121856K, 99% used [0x0000000080000000,0x00000000876dbe30,0x0000000087700000)
 Metaspace       used 69875K, committed 71360K, reserved 1114112K
  class space    used 8148K, committed 8768K, reserved 1048576K
}
Event: 6178.744 GC heap before
{Heap before GC invocations=101 (full 3):
 PSYoungGen      total 19456K, used 19448K [0x00000000d5580000, 0x00000000d6e80000, 0x0000000100000000)
  eden space 18432K, 100% used [0x00000000d5580000,0x00000000d6780000,0x00000000d6780000)
  from space 1024K, 99% used [0x00000000d6880000,0x00000000d697e308,0x00000000d6980000)
  to   space 3584K, 0% used [0x00000000d6b00000,0x00000000d6b00000,0x00000000d6e80000)
 ParOldGen       total 121856K, used 121711K [0x0000000080000000, 0x0000000087700000, 0x00000000d5580000)
  object space 121856K, 99% used [0x0000000080000000,0x00000000876dbe30,0x0000000087700000)
 Metaspace       used 71086K, committed 72576K, reserved 1114112K
  class space    used 8304K, committed 8960K, reserved 1048576K
}
Event: 6178.749 GC heap after
{Heap after GC invocations=101 (full 3):
 PSYoungGen      total 19456K, used 544K [0x00000000d5580000, 0x00000000d6c00000, 0x0000000100000000)
  eden space 18432K, 0% used [0x00000000d5580000,0x00000000d5580000,0x00000000d6780000)
  from space 1024K, 53% used [0x00000000d6b00000,0x00000000d6b88000,0x00000000d6c00000)
  to   space 1536K, 0% used [0x00000000d6900000,0x00000000d6900000,0x00000000d6a80000)
 ParOldGen       total 122880K, used 122739K [0x0000000080000000, 0x0000000087800000, 0x00000000d5580000)
  object space 122880K, 99% used [0x0000000080000000,0x00000000877dcc68,0x0000000087800000)
 Metaspace       used 71086K, committed 72576K, reserved 1114112K
  class space    used 8304K, committed 8960K, reserved 1048576K
}
Event: 6179.732 GC heap before
{Heap before GC invocations=102 (full 3):
 PSYoungGen      total 19456K, used 18976K [0x00000000d5580000, 0x00000000d6c00000, 0x0000000100000000)
  eden space 18432K, 100% used [0x00000000d5580000,0x00000000d6780000,0x00000000d6780000)
  from space 1024K, 53% used [0x00000000d6b00000,0x00000000d6b88000,0x00000000d6c00000)
  to   space 1536K, 0% used [0x00000000d6900000,0x00000000d6900000,0x00000000d6a80000)
 ParOldGen       total 122880K, used 122739K [0x0000000080000000, 0x0000000087800000, 0x00000000d5580000)
  object space 122880K, 99% used [0x0000000080000000,0x00000000877dcc68,0x0000000087800000)
 Metaspace       used 72480K, committed 73984K, reserved 1114112K
  class space    used 8416K, committed 9088K, reserved 1048576K
}
Event: 6179.740 GC heap after
{Heap after GC invocations=102 (full 3):
 PSYoungGen      total 19968K, used 1512K [0x00000000d5580000, 0x00000000d6c80000, 0x0000000100000000)
  eden space 18432K, 0% used [0x00000000d5580000,0x00000000d5580000,0x00000000d6780000)
  from space 1536K, 98% used [0x00000000d6900000,0x00000000d6a7a398,0x00000000d6a80000)
  to   space 2048K, 0% used [0x00000000d6a80000,0x00000000d6a80000,0x00000000d6c80000)
 ParOldGen       total 123904K, used 123445K [0x0000000080000000, 0x0000000087900000, 0x00000000d5580000)
  object space 123904K, 99% used [0x0000000080000000,0x000000008788d470,0x0000000087900000)
 Metaspace       used 72480K, committed 73984K, reserved 1114112K
  class space    used 8416K, committed 9088K, reserved 1048576K
}
Event: 6180.166 GC heap before
{Heap before GC invocations=103 (full 3):
 PSYoungGen      total 19968K, used 19944K [0x00000000d5580000, 0x00000000d6c80000, 0x0000000100000000)
  eden space 18432K, 100% used [0x00000000d5580000,0x00000000d6780000,0x00000000d6780000)
  from space 1536K, 98% used [0x00000000d6900000,0x00000000d6a7a398,0x00000000d6a80000)
  to   space 2048K, 0% used [0x00000000d6a80000,0x00000000d6a80000,0x00000000d6c80000)
 ParOldGen       total 123904K, used 123445K [0x0000000080000000, 0x0000000087900000, 0x00000000d5580000)
  object space 123904K, 99% used [0x0000000080000000,0x000000008788d470,0x0000000087900000)
 Metaspace       used 72571K, committed 74048K, reserved 1114112K
  class space    used 8416K, committed 9088K, reserved 1048576K
}
Event: 6180.170 GC heap after
{Heap after GC invocations=103 (full 3):
 PSYoungGen      total 19968K, used 1091K [0x00000000d5580000, 0x00000000d6c00000, 0x0000000100000000)
  eden space 18432K, 0% used [0x00000000d5580000,0x00000000d5580000,0x00000000d6780000)
  from space 1536K, 71% used [0x00000000d6a80000,0x00000000d6b90ff8,0x00000000d6c00000)
  to   space 1536K, 0% used [0x00000000d6900000,0x00000000d6900000,0x00000000d6a80000)
 ParOldGen       total 124416K, used 124122K [0x0000000080000000, 0x0000000087980000, 0x00000000d5580000)
  object space 124416K, 99% used [0x0000000080000000,0x0000000087936ac0,0x0000000087980000)
 Metaspace       used 72571K, committed 74048K, reserved 1114112K
  class space    used 8416K, committed 9088K, reserved 1048576K
}

Dll operation events (15 events):
Event: 0.023 Loaded shared library c:\Users\KHAN\.vscode\extensions\redhat.java-1.53.0-win32-x64\jre\21.0.10-win32-x86_64\bin\java.dll
Event: 0.715 Loaded shared library c:\Users\KHAN\.vscode\extensions\redhat.java-1.53.0-win32-x64\jre\21.0.10-win32-x86_64\bin\zip.dll
Event: 0.881 Loaded shared library C:\Users\KHAN\.vscode\extensions\redhat.java-1.53.0-win32-x64\jre\21.0.10-win32-x86_64\bin\instrument.dll
Event: 1.060 Loaded shared library C:\Users\KHAN\.vscode\extensions\redhat.java-1.53.0-win32-x64\jre\21.0.10-win32-x86_64\bin\net.dll
Event: 1.066 Loaded shared library C:\Users\KHAN\.vscode\extensions\redhat.java-1.53.0-win32-x64\jre\21.0.10-win32-x86_64\bin\nio.dll
Event: 1.074 Loaded shared library C:\Users\KHAN\.vscode\extensions\redhat.java-1.53.0-win32-x64\jre\21.0.10-win32-x86_64\bin\zip.dll
Event: 1.305 Loaded shared library C:\Users\KHAN\.vscode\extensions\redhat.java-1.53.0-win32-x64\jre\21.0.10-win32-x86_64\bin\jimage.dll
Event: 2.021 Loaded shared library c:\Users\KHAN\.vscode\extensions\redhat.java-1.53.0-win32-x64\jre\21.0.10-win32-x86_64\bin\verify.dll
Event: 20.353 Loaded shared library C:\Users\KHAN\AppData\Roaming\Code\User\globalStorage\redhat.java\1.53.0\config_win\org.eclipse.equinox.launcher\org.eclipse.equinox.launcher.win32.win32.x86_64_1.3.0.v20260203-2149\eclipse_11919.dll
Event: 41.017 Loaded shared library C:\Users\KHAN\AppData\Local\Temp\jna-2305610\jna14569270444698312391.dll
Event: 57.091 Loaded shared library C:\Users\KHAN\.vscode\extensions\redhat.java-1.53.0-win32-x64\jre\21.0.10-win32-x86_64\bin\sunmscapi.dll
Event: 57.488 Loaded shared library C:\Users\KHAN\.vscode\extensions\redhat.java-1.53.0-win32-x64\jre\21.0.10-win32-x86_64\bin\extnet.dll
Event: 126.489 Loaded shared library C:\Users\KHAN\.gradle\native\1def1411415f61bf3af743bc5b6707747c0891f09f0c88961ee8f79bc544acac\windows-amd64\native-platform.dll
Event: 157.116 Loaded shared library C:\Users\KHAN\.vscode\extensions\redhat.java-1.53.0-win32-x64\jre\21.0.10-win32-x86_64\bin\management.dll
Event: 157.122 Loaded shared library C:\Users\KHAN\.vscode\extensions\redhat.java-1.53.0-win32-x64\jre\21.0.10-win32-x86_64\bin\management_ext.dll

Deoptimization events (20 events):
Event: 6179.904 Thread 0x000002007285dab0 Uncommon trap: trap_request=0xffffffcc fr.pc=0x000002001fda97e8 relative=0x00000000000017c8
Event: 6179.904 Thread 0x000002007285dab0 Uncommon trap: reason=intrinsic_or_type_checked_inlining action=make_not_entrant pc=0x000002001fda97e8 method=java.util.ArrayList$SubList.toArray([Ljava/lang/Object;)[Ljava/lang/Object; @ 58 c2
Event: 6179.904 Thread 0x000002007285dab0 DEOPT PACKING pc=0x000002001fda97e8 sp=0x000000113eafbc70
Event: 6179.904 Thread 0x000002007285dab0 DEOPT UNPACKING pc=0x000002001f043aa2 sp=0x000000113eafbb98 mode 2
Event: 6179.935 Thread 0x000002007285dab0 DEOPT PACKING pc=0x000002001834d9b3 sp=0x000000113eafc330
Event: 6179.935 Thread 0x000002007285dab0 DEOPT UNPACKING pc=0x000002001f044242 sp=0x000000113eafb860 mode 0
Event: 6180.034 Thread 0x000002007285dab0 DEOPT PACKING pc=0x000002001834d9b3 sp=0x000000113eafc330
Event: 6180.034 Thread 0x000002007285dab0 DEOPT UNPACKING pc=0x000002001f044242 sp=0x000000113eafb860 mode 0
Event: 6180.154 Thread 0x000002007285dab0 DEOPT PACKING pc=0x0000020018350df1 sp=0x000000113eafc2a0
Event: 6180.154 Thread 0x000002007285dab0 DEOPT UNPACKING pc=0x000002001f044242 sp=0x000000113eafb848 mode 0
Event: 6180.160 Thread 0x000002007285dab0 DEOPT PACKING pc=0x000002001834d9b3 sp=0x000000113eafc330
Event: 6180.160 Thread 0x000002007285dab0 DEOPT UNPACKING pc=0x000002001f044242 sp=0x000000113eafb860 mode 0
Event: 6180.171 Thread 0x000002007285dab0 DEOPT PACKING pc=0x0000020018350df1 sp=0x000000113eafc2a0
Event: 6180.171 Thread 0x000002007285dab0 DEOPT UNPACKING pc=0x000002001f044242 sp=0x000000113eafb848 mode 0
Event: 6180.175 Thread 0x000002007285dab0 DEOPT PACKING pc=0x000002001834d9b3 sp=0x000000113eafc330
Event: 6180.175 Thread 0x000002007285dab0 DEOPT UNPACKING pc=0x000002001f044242 sp=0x000000113eafb860 mode 0
Event: 6180.243 Thread 0x000002007285dab0 DEOPT PACKING pc=0x0000020018350df1 sp=0x000000113eafc2a0
Event: 6180.243 Thread 0x000002007285dab0 DEOPT UNPACKING pc=0x000002001f044242 sp=0x000000113eafb848 mode 0
Event: 6180.247 Thread 0x000002007285dab0 DEOPT PACKING pc=0x000002001834d9b3 sp=0x000000113eafc330
Event: 6180.247 Thread 0x000002007285dab0 DEOPT UNPACKING pc=0x000002001f044242 sp=0x000000113eafb860 mode 0

Classes loaded (20 events):
Event: 1949.153 Loading class java/util/stream/Nodes$ToArrayTask$OfRef
Event: 1949.155 Loading class java/util/stream/Nodes$ToArrayTask
Event: 1949.155 Loading class java/util/stream/Nodes$ToArrayTask done
Event: 1949.155 Loading class java/util/stream/Nodes$ToArrayTask$OfRef done
Event: 1949.180 Loading class java/io/ObjectOutputStream$BlockDataOutputStream
Event: 1949.181 Loading class java/io/ObjectOutputStream$BlockDataOutputStream done
Event: 1949.182 Loading class java/io/ObjectOutputStream$HandleTable
Event: 1949.183 Loading class java/io/ObjectOutputStream$HandleTable done
Event: 1949.183 Loading class java/io/ObjectOutputStream$ReplaceTable
Event: 1949.184 Loading class java/io/ObjectOutputStream$ReplaceTable done
Event: 6179.589 Loading class java/util/stream/ReferencePipeline$4
Event: 6179.592 Loading class java/util/stream/ReferencePipeline$4 done
Event: 6179.645 Loading class java/util/stream/Nodes$IntFixedNodeBuilder
Event: 6179.646 Loading class java/util/stream/Node$Builder$OfInt
Event: 6179.648 Loading class java/util/stream/Node$Builder$OfInt done
Event: 6179.648 Loading class java/util/stream/Nodes$IntArrayNode
Event: 6179.649 Loading class java/util/stream/Nodes$IntArrayNode done
Event: 6179.649 Loading class java/util/stream/Nodes$IntFixedNodeBuilder done
Event: 6179.649 Loading class java/util/stream/ReferencePipeline$4$1
Event: 6179.649 Loading class java/util/stream/ReferencePipeline$4$1 done

Classes unloaded (13 events):
Event: 43.949 Thread 0x0000020014972b30 Unloading class 0x000002002d1a9400 'java/lang/invoke/LambdaForm$MH+0x000002002d1a9400'
Event: 43.949 Thread 0x0000020014972b30 Unloading class 0x000002002d1a9000 'java/lang/invoke/LambdaForm$MH+0x000002002d1a9000'
Event: 43.949 Thread 0x0000020014972b30 Unloading class 0x000002002d1a8c00 'java/lang/invoke/LambdaForm$MH+0x000002002d1a8c00'
Event: 43.949 Thread 0x0000020014972b30 Unloading class 0x000002002d1a8800 'java/lang/invoke/LambdaForm$MH+0x000002002d1a8800'
Event: 43.949 Thread 0x0000020014972b30 Unloading class 0x000002002d1a8400 'java/lang/invoke/LambdaForm$BMH+0x000002002d1a8400'
Event: 43.949 Thread 0x0000020014972b30 Unloading class 0x000002002d1a8000 'java/lang/invoke/LambdaForm$DMH+0x000002002d1a8000'
Event: 43.949 Thread 0x0000020014972b30 Unloading class 0x000002002d1a6c00 'java/lang/invoke/LambdaForm$DMH+0x000002002d1a6c00'
Event: 54.931 Thread 0x0000020014972b30 Unloading class 0x000002002d2fe800 'java/lang/invoke/LambdaForm$MH+0x000002002d2fe800'
Event: 54.931 Thread 0x0000020014972b30 Unloading class 0x000002002d2fdc00 'java/lang/invoke/LambdaForm$MH+0x000002002d2fdc00'
Event: 54.932 Thread 0x0000020014972b30 Unloading class 0x000002002d2fd400 'java/lang/invoke/LambdaForm$MH+0x000002002d2fd400'
Event: 54.932 Thread 0x0000020014972b30 Unloading class 0x000002002d2fd000 'java/lang/invoke/LambdaForm$MH+0x000002002d2fd000'
Event: 54.932 Thread 0x0000020014972b30 Unloading class 0x000002002d2fc800 'java/lang/invoke/LambdaForm$DMH+0x000002002d2fc800'
Event: 54.932 Thread 0x0000020014972b30 Unloading class 0x000002002d2f3c00 'java/lang/invoke/LambdaForm$MH+0x000002002d2f3c00'

Classes redefined (0 events):
No events

Internal exceptions (20 events):
Event: 5324.815 Thread 0x000002007285e7d0 Exception <a 'sun/nio/fs/WindowsException'{0x00000000d572aa40}> (0x00000000d572aa40) 
thrown [s\src\hotspot\share\prims\jni.cpp, line 520]
Event: 5324.816 Thread 0x000002007285e7d0 Exception <a 'sun/nio/fs/WindowsException'{0x00000000d572b3c8}> (0x00000000d572b3c8) 
thrown [s\src\hotspot\share\prims\jni.cpp, line 520]
Event: 5324.816 Thread 0x000002007285e7d0 Exception <a 'sun/nio/fs/WindowsException'{0x00000000d572cbb0}> (0x00000000d572cbb0) 
thrown [s\src\hotspot\share\prims\jni.cpp, line 520]
Event: 5324.816 Thread 0x000002007285e7d0 Exception <a 'sun/nio/fs/WindowsException'{0x00000000d572d788}> (0x00000000d572d788) 
thrown [s\src\hotspot\share\prims\jni.cpp, line 520]
Event: 5324.817 Thread 0x000002007285e7d0 Exception <a 'sun/nio/fs/WindowsException'{0x00000000d572eeb0}> (0x00000000d572eeb0) 
thrown [s\src\hotspot\share\prims\jni.cpp, line 520]
Event: 5324.817 Thread 0x000002007285e7d0 Exception <a 'sun/nio/fs/WindowsException'{0x00000000d572f838}> (0x00000000d572f838) 
thrown [s\src\hotspot\share\prims\jni.cpp, line 520]
Event: 5324.823 Thread 0x000002007285e7d0 Exception <a 'sun/nio/fs/WindowsException'{0x00000000d5758650}> (0x00000000d5758650) 
thrown [s\src\hotspot\share\prims\jni.cpp, line 520]
Event: 5324.823 Thread 0x000002007285e7d0 Exception <a 'sun/nio/fs/WindowsException'{0x00000000d5758fd8}> (0x00000000d5758fd8) 
thrown [s\src\hotspot\share\prims\jni.cpp, line 520]
Event: 5324.824 Thread 0x000002007285e7d0 Exception <a 'sun/nio/fs/WindowsException'{0x00000000d575aab0}> (0x00000000d575aab0) 
thrown [s\src\hotspot\share\prims\jni.cpp, line 520]
Event: 5324.824 Thread 0x000002007285e7d0 Exception <a 'sun/nio/fs/WindowsException'{0x00000000d575b438}> (0x00000000d575b438) 
thrown [s\src\hotspot\share\prims\jni.cpp, line 520]
Event: 5324.825 Thread 0x000002007285e7d0 Exception <a 'sun/nio/fs/WindowsException'{0x00000000d575cc20}> (0x00000000d575cc20) 
thrown [s\src\hotspot\share\prims\jni.cpp, line 520]
Event: 5324.825 Thread 0x000002007285e7d0 Exception <a 'sun/nio/fs/WindowsException'{0x00000000d575d5a8}> (0x00000000d575d5a8) 
thrown [s\src\hotspot\share\prims\jni.cpp, line 520]
Event: 5324.826 Thread 0x000002007285e7d0 Exception <a 'sun/nio/fs/WindowsException'{0x00000000d575f220}> (0x00000000d575f220) 
thrown [s\src\hotspot\share\prims\jni.cpp, line 520]
Event: 5324.826 Thread 0x000002007285e7d0 Exception <a 'sun/nio/fs/WindowsException'{0x00000000d575fba8}> (0x00000000d575fba8) 
thrown [s\src\hotspot\share\prims\jni.cpp, line 520]
Event: 5324.828 Thread 0x000002007285e7d0 Exception <a 'sun/nio/fs/WindowsException'{0x00000000d5762610}> (0x00000000d5762610) 
thrown [s\src\hotspot\share\prims\jni.cpp, line 520]
Event: 5324.828 Thread 0x000002007285e7d0 Exception <a 'sun/nio/fs/WindowsException'{0x00000000d5762f98}> (0x00000000d5762f98) 
thrown [s\src\hotspot\share\prims\jni.cpp, line 520]
Event: 5324.829 Thread 0x000002007285e7d0 Exception <a 'sun/nio/fs/WindowsException'{0x00000000d5764780}> (0x00000000d5764780) 
thrown [s\src\hotspot\share\prims\jni.cpp, line 520]
Event: 5324.829 Thread 0x000002007285e7d0 Exception <a 'sun/nio/fs/WindowsException'{0x00000000d5765108}> (0x00000000d5765108) 
thrown [s\src\hotspot\share\prims\jni.cpp, line 520]
Event: 6176.012 Thread 0x000002007285dab0 Exception <a 'java/lang/NoSuchMethodError'{0x00000000d60ac508}: 'int java.lang.invoke.Invokers$Holder.invokeExact_MT(java.lang.Object, java.lang.Object)'> (0x00000000d60ac508) 
thrown [s\src\hotspot\share\interpreter\linkResolver.cpp, line 773]
Event: 6177.023 Thread 0x000002007285dab0 Exception <a 'java/lang/NoSuchMethodError'{0x00000000d5618b88}: 'java.lang.Object java.lang.invoke.DirectMethodHandle$Holder.invokeVirtual(java.lang.Object, java.lang.Object, int)'> (0x00000000d5618b88) 
thrown [s\src\hotspot\share\interpreter\linkResolver.cpp, line 773]

ZGC Phase Switch (0 events):
No events

VM Operations (20 events):
Event: 5973.392 Executing safepoint VM operation: Cleanup
Event: 5973.392 Executing safepoint VM operation: Cleanup done
Event: 6174.171 Executing safepoint VM operation: Cleanup
Event: 6174.172 Executing safepoint VM operation: Cleanup done
Event: 6175.185 Executing safepoint VM operation: Cleanup
Event: 6175.298 Executing safepoint VM operation: Cleanup done
Event: 6175.610 Executing non-safepoint VM operation: HandshakeAllThreads (Deoptimize)
Event: 6175.611 Executing non-safepoint VM operation: HandshakeAllThreads (Deoptimize) done
Event: 6175.850 Executing non-safepoint VM operation: HandshakeAllThreads (Deoptimize)
Event: 6175.850 Executing non-safepoint VM operation: HandshakeAllThreads (Deoptimize) done
Event: 6176.760 Executing safepoint VM operation: ParallelGCFailedAllocation (Allocation Failure)
Event: 6176.838 Executing safepoint VM operation: ParallelGCFailedAllocation (Allocation Failure) done
Event: 6177.839 Executing safepoint VM operation: Cleanup
Event: 6177.839 Executing safepoint VM operation: Cleanup done
Event: 6178.744 Executing safepoint VM operation: ParallelGCFailedAllocation (Allocation Failure)
Event: 6178.749 Executing safepoint VM operation: ParallelGCFailedAllocation (Allocation Failure) done
Event: 6179.732 Executing safepoint VM operation: ParallelGCFailedAllocation (Allocation Failure)
Event: 6179.741 Executing safepoint VM operation: ParallelGCFailedAllocation (Allocation Failure) done
Event: 6180.166 Executing safepoint VM operation: ParallelGCFailedAllocation (Allocation Failure)
Event: 6180.170 Executing safepoint VM operation: ParallelGCFailedAllocation (Allocation Failure) done

Memory protections (0 events):
No events

Nmethod flushes (20 events):
Event: 156.999 Thread 0x0000020014972b30 flushing  nmethod 0x000002001842a690
Event: 156.999 Thread 0x0000020014972b30 flushing  nmethod 0x0000020018433e90
Event: 156.999 Thread 0x0000020014972b30 flushing  nmethod 0x000002001843f190
Event: 156.999 Thread 0x0000020014972b30 flushing  nmethod 0x0000020018440090
Event: 156.999 Thread 0x0000020014972b30 flushing  nmethod 0x0000020018443f10
Event: 156.999 Thread 0x0000020014972b30 flushing  nmethod 0x0000020018449d90
Event: 156.999 Thread 0x0000020014972b30 flushing  nmethod 0x0000020018495710
Event: 156.999 Thread 0x0000020014972b30 flushing  nmethod 0x0000020018499090
Event: 156.999 Thread 0x0000020014972b30 flushing  nmethod 0x000002001849c090
Event: 156.999 Thread 0x0000020014972b30 flushing  nmethod 0x000002001849f390
Event: 156.999 Thread 0x0000020014972b30 flushing  nmethod 0x00000200184a0490
Event: 156.999 Thread 0x0000020014972b30 flushing  nmethod 0x00000200184bba10
Event: 156.999 Thread 0x0000020014972b30 flushing  nmethod 0x00000200184c1d10
Event: 156.999 Thread 0x0000020014972b30 flushing  nmethod 0x00000200184df790
Event: 156.999 Thread 0x0000020014972b30 flushing  nmethod 0x00000200184e6790
Event: 156.999 Thread 0x0000020014972b30 flushing  nmethod 0x00000200184e9f90
Event: 156.999 Thread 0x0000020014972b30 flushing  nmethod 0x0000020018531d10
Event: 156.999 Thread 0x0000020014972b30 flushing  nmethod 0x0000020018532310
Event: 156.999 Thread 0x0000020014972b30 flushing  nmethod 0x0000020018533290
Event: 156.999 Thread 0x0000020014972b30 flushing  nmethod 0x0000020018537610

Events (20 events):
Event: 1949.237 Thread 0x000002007285c070 Thread exited: 0x000002007285c070
Event: 1949.237 Thread 0x00000200728622e0 Thread exited: 0x00000200728622e0
Event: 1949.237 Thread 0x0000020072861c50 Thread exited: 0x0000020072861c50
Event: 3401.496 Thread 0x00000200717eb9a0 Thread added: 0x000002007285c070
Event: 3401.541 Thread 0x000002007285c070 Thread exited: 0x000002007285c070
Event: 3401.669 Thread 0x00000200717eb9a0 Thread added: 0x000002007285c070
Event: 3401.683 Thread 0x000002007285c070 Thread added: 0x00000200728622e0
Event: 3401.685 Thread 0x000002007285c070 Thread added: 0x0000020072861c50
Event: 3401.734 Thread 0x0000020072861c50 Thread exited: 0x0000020072861c50
Event: 3401.734 Thread 0x00000200728622e0 Thread exited: 0x00000200728622e0
Event: 3401.734 Thread 0x000002007285c070 Thread exited: 0x000002007285c070
Event: 5324.798 Thread 0x000002007285e7d0 Thread added: 0x0000020072861c50
Event: 5324.804 Thread 0x0000020072861c50 Thread exited: 0x0000020072861c50
Event: 5324.830 Thread 0x000002007285e7d0 Thread added: 0x0000020072861c50
Event: 5324.833 Thread 0x0000020072861c50 Thread added: 0x00000200728622e0
Event: 5324.835 Thread 0x0000020072861c50 Thread added: 0x000002007285c070
Event: 5324.840 Thread 0x000002007285c070 Thread exited: 0x000002007285c070
Event: 5324.840 Thread 0x00000200728622e0 Thread exited: 0x00000200728622e0
Event: 5324.841 Thread 0x0000020072861c50 Thread exited: 0x0000020072861c50
Event: 6179.963 Thread 0x000002002b317f70 Thread added: 0x000002007760b5c0


Dynamic libraries:
0x00007ff6a56f0000 - 0x00007ff6a56fe000 	c:\Users\KHAN\.vscode\extensions\redhat.java-1.53.0-win32-x64\jre\21.0.10-win32-x86_64\bin\java.exe
0x00007ff8b8f50000 - 0x00007ff8b9148000 	C:\Windows\SYSTEM32\ntdll.dll
0x00007ff8b7770000 - 0x00007ff8b7832000 	C:\Windows\System32\KERNEL32.DLL
0x00007ff8b6750000 - 0x00007ff8b6a46000 	C:\Windows\System32\KERNELBASE.dll
0x00007ff8b6be0000 - 0x00007ff8b6ce0000 	C:\Windows\System32\ucrtbase.dll
0x00007ff8ace60000 - 0x00007ff8ace78000 	c:\Users\KHAN\.vscode\extensions\redhat.java-1.53.0-win32-x64\jre\21.0.10-win32-x86_64\bin\jli.dll
0x00007ff8b7840000 - 0x00007ff8b79e1000 	C:\Windows\System32\USER32.dll
0x00007ff8b6a50000 - 0x00007ff8b6a72000 	C:\Windows\System32\win32u.dll
0x00007ff8b7150000 - 0x00007ff8b717b000 	C:\Windows\System32\GDI32.dll
0x00007ff8b6630000 - 0x00007ff8b6749000 	C:\Windows\System32\gdi32full.dll
0x00007ff8b6d70000 - 0x00007ff8b6e0d000 	C:\Windows\System32\msvcp_win.dll
0x00007ff8abff0000 - 0x00007ff8ac00e000 	c:\Users\KHAN\.vscode\extensions\redhat.java-1.53.0-win32-x64\jre\21.0.10-win32-x86_64\bin\VCRUNTIME140.dll
0x00007ff8a7770000 - 0x00007ff8a7a0b000 	C:\Windows\WinSxS\amd64_microsoft.windows.common-controls_6595b64144ccf1df_6.0.19041.6456_none_60b8a6cb71f64256\COMCTL32.dll
0x00007ff8b7200000 - 0x00007ff8b729e000 	C:\Windows\System32\msvcrt.dll
0x00007ff8b6f70000 - 0x00007ff8b6f9f000 	C:\Windows\System32\IMM32.DLL
0x00007ff8b24e0000 - 0x00007ff8b24ec000 	c:\Users\KHAN\.vscode\extensions\redhat.java-1.53.0-win32-x64\jre\21.0.10-win32-x86_64\bin\vcruntime140_1.dll
0x00007ff89f730000 - 0x00007ff89f7bd000 	c:\Users\KHAN\.vscode\extensions\redhat.java-1.53.0-win32-x64\jre\21.0.10-win32-x86_64\bin\msvcp140.dll
0x00007ff87d5b0000 - 0x00007ff87e351000 	c:\Users\KHAN\.vscode\extensions\redhat.java-1.53.0-win32-x64\jre\21.0.10-win32-x86_64\bin\server\jvm.dll
0x00007ff8b7470000 - 0x00007ff8b7521000 	C:\Windows\System32\ADVAPI32.dll
0x00007ff8b72a0000 - 0x00007ff8b733f000 	C:\Windows\System32\sechost.dll
0x00007ff8b7030000 - 0x00007ff8b7150000 	C:\Windows\System32\RPCRT4.dll
0x00007ff8b6a80000 - 0x00007ff8b6aa7000 	C:\Windows\System32\bcrypt.dll
0x00007ff8b7db0000 - 0x00007ff8b7e1b000 	C:\Windows\System32\WS2_32.dll
0x00007ff8b5b70000 - 0x00007ff8b5bbb000 	C:\Windows\SYSTEM32\POWRPROF.dll
0x00007ff8a6d00000 - 0x00007ff8a6d27000 	C:\Windows\SYSTEM32\WINMM.dll
0x00007ff8a6dc0000 - 0x00007ff8a6dca000 	C:\Windows\SYSTEM32\VERSION.dll
0x00007ff8b59e0000 - 0x00007ff8b59f2000 	C:\Windows\SYSTEM32\UMPDC.dll
0x00007ff8b4de0000 - 0x00007ff8b4df2000 	C:\Windows\SYSTEM32\kernel.appcore.dll
0x00007ff8b1f50000 - 0x00007ff8b1f5a000 	c:\Users\KHAN\.vscode\extensions\redhat.java-1.53.0-win32-x64\jre\21.0.10-win32-x86_64\bin\jimage.dll
0x00007ff8b3b80000 - 0x00007ff8b3d81000 	C:\Windows\SYSTEM32\DBGHELP.DLL
0x00007ff8a08e0000 - 0x00007ff8a0914000 	C:\Windows\SYSTEM32\dbgcore.DLL
0x00007ff8b6ce0000 - 0x00007ff8b6d62000 	C:\Windows\System32\bcryptPrimitives.dll
0x00007ff8ad500000 - 0x00007ff8ad50f000 	c:\Users\KHAN\.vscode\extensions\redhat.java-1.53.0-win32-x64\jre\21.0.10-win32-x86_64\bin\instrument.dll
0x00007ff8a94d0000 - 0x00007ff8a94f0000 	c:\Users\KHAN\.vscode\extensions\redhat.java-1.53.0-win32-x64\jre\21.0.10-win32-x86_64\bin\java.dll
0x00007ff8b7fd0000 - 0x00007ff8b8740000 	C:\Windows\System32\SHELL32.dll
0x00007ff8b4630000 - 0x00007ff8b4dd5000 	C:\Windows\SYSTEM32\windows.storage.dll
0x00007ff8b79f0000 - 0x00007ff8b7d44000 	C:\Windows\System32\combase.dll
0x00007ff8b6010000 - 0x00007ff8b603b000 	C:\Windows\SYSTEM32\Wldp.dll
0x00007ff8b73a0000 - 0x00007ff8b746d000 	C:\Windows\System32\OLEAUT32.dll
0x00007ff8b8870000 - 0x00007ff8b891d000 	C:\Windows\System32\SHCORE.dll
0x00007ff8b8a40000 - 0x00007ff8b8a9b000 	C:\Windows\System32\shlwapi.dll
0x00007ff8b6510000 - 0x00007ff8b6534000 	C:\Windows\SYSTEM32\profapi.dll
0x00007ff8a9310000 - 0x00007ff8a9328000 	c:\Users\KHAN\.vscode\extensions\redhat.java-1.53.0-win32-x64\jre\21.0.10-win32-x86_64\bin\zip.dll
0x00007ff8b11d0000 - 0x00007ff8b11e0000 	C:\Users\KHAN\.vscode\extensions\redhat.java-1.53.0-win32-x64\jre\21.0.10-win32-x86_64\bin\net.dll
0x00007ff8ae0f0000 - 0x00007ff8ae1fa000 	C:\Windows\SYSTEM32\WINHTTP.dll
0x00007ff8b5d70000 - 0x00007ff8b5dda000 	C:\Windows\system32\mswsock.dll
0x00007ff8a82e0000 - 0x00007ff8a82f6000 	C:\Users\KHAN\.vscode\extensions\redhat.java-1.53.0-win32-x64\jre\21.0.10-win32-x86_64\bin\nio.dll
0x00007ff8ace10000 - 0x00007ff8ace20000 	c:\Users\KHAN\.vscode\extensions\redhat.java-1.53.0-win32-x64\jre\21.0.10-win32-x86_64\bin\verify.dll
0x00007ff8a9500000 - 0x00007ff8a9545000 	C:\Users\KHAN\AppData\Roaming\Code\User\globalStorage\redhat.java\1.53.0\config_win\org.eclipse.equinox.launcher\org.eclipse.equinox.launcher.win32.win32.x86_64_1.3.0.v20260203-2149\eclipse_11919.dll
0x00007ff8b8740000 - 0x00007ff8b886b000 	C:\Windows\System32\ole32.dll
0x00007ff8b5f70000 - 0x00007ff8b5f88000 	C:\Windows\SYSTEM32\CRYPTSP.dll
0x00007ff8b5620000 - 0x00007ff8b5658000 	C:\Windows\system32\rsaenh.dll
0x00007ff8b6490000 - 0x00007ff8b64be000 	C:\Windows\SYSTEM32\USERENV.dll
0x00007ff8b5f60000 - 0x00007ff8b5f6c000 	C:\Windows\SYSTEM32\CRYPTBASE.dll
0x00007ff8b5a00000 - 0x00007ff8b5a3b000 	C:\Windows\SYSTEM32\IPHLPAPI.DLL
0x00007ff8b7740000 - 0x00007ff8b7748000 	C:\Windows\System32\NSI.dll
0x00007ff8a6760000 - 0x00007ff8a67a9000 	C:\Users\KHAN\AppData\Local\Temp\jna-2305610\jna14569270444698312391.dll
0x00007ff8b7180000 - 0x00007ff8b7188000 	C:\Windows\System32\PSAPI.DLL
0x00007ff8ae610000 - 0x00007ff8ae627000 	C:\Windows\SYSTEM32\dhcpcsvc6.DLL
0x00007ff8afe10000 - 0x00007ff8afe2d000 	C:\Windows\SYSTEM32\dhcpcsvc.DLL
0x00007ff8ac070000 - 0x00007ff8ac07e000 	C:\Users\KHAN\.vscode\extensions\redhat.java-1.53.0-win32-x64\jre\21.0.10-win32-x86_64\bin\sunmscapi.dll
0x00007ff8b6e10000 - 0x00007ff8b6f6d000 	C:\Windows\System32\CRYPT32.dll
0x00007ff8b6080000 - 0x00007ff8b60a7000 	C:\Windows\SYSTEM32\ncrypt.dll
0x00007ff8b6040000 - 0x00007ff8b607b000 	C:\Windows\SYSTEM32\NTASN1.dll
0x00007ff8b5a50000 - 0x00007ff8b5b1a000 	C:\Windows\SYSTEM32\DNSAPI.dll
0x00007ff8a8aa0000 - 0x00007ff8a8aaa000 	C:\Windows\System32\rasadhlp.dll
0x00007ff8a8c40000 - 0x00007ff8a8cc0000 	C:\Windows\System32\fwpuclnt.dll
0x00007ff8aacf0000 - 0x00007ff8aacf9000 	C:\Users\KHAN\.vscode\extensions\redhat.java-1.53.0-win32-x64\jre\21.0.10-win32-x86_64\bin\extnet.dll
0x00007ff89b0b0000 - 0x00007ff89b0d7000 	C:\Users\KHAN\.gradle\native\1def1411415f61bf3af743bc5b6707747c0891f09f0c88961ee8f79bc544acac\windows-amd64\native-platform.dll
0x00007ff8b24f0000 - 0x00007ff8b24fa000 	C:\Users\KHAN\.vscode\extensions\redhat.java-1.53.0-win32-x64\jre\21.0.10-win32-x86_64\bin\management.dll
0x00007ff8ac230000 - 0x00007ff8ac23c000 	C:\Users\KHAN\.vscode\extensions\redhat.java-1.53.0-win32-x64\jre\21.0.10-win32-x86_64\bin\management_ext.dll
0x00007ff8aad40000 - 0x00007ff8aad47000 	C:\Windows\system32\wshunix.dll

JVMTI agents:
c:\Users\KHAN\.vscode\extensions\redhat.java-1.53.0-win32-x64\lombok\lombok-1.18.39-4050.jar path:c:\Users\KHAN\.vscode\extensions\redhat.java-1.53.0-win32-x64\jre\21.0.10-win32-x86_64\bin\instrument.dll, loaded, initialized, instrumentlib options:none

dbghelp: loaded successfully - version: 4.0.5 - missing functions: none
symbol engine: initialized successfully - sym options: 0x614 - pdb path: .;c:\Users\KHAN\.vscode\extensions\redhat.java-1.53.0-win32-x64\jre\21.0.10-win32-x86_64\bin;C:\Windows\SYSTEM32;C:\Windows\WinSxS\amd64_microsoft.windows.common-controls_6595b64144ccf1df_6.0.19041.6456_none_60b8a6cb71f64256;c:\Users\KHAN\.vscode\extensions\redhat.java-1.53.0-win32-x64\jre\21.0.10-win32-x86_64\bin\server;C:\Users\KHAN\AppData\Roaming\Code\User\globalStorage\redhat.java\1.53.0\config_win\org.eclipse.equinox.launcher\org.eclipse.equinox.launcher.win32.win32.x86_64_1.3.0.v20260203-2149;C:\Users\KHAN\AppData\Local\Temp\jna-2305610;C:\Users\KHAN\.gradle\native\1def1411415f61bf3af743bc5b6707747c0891f09f0c88961ee8f79bc544acac\windows-amd64

VM Arguments:
jvm_args: --add-modules=ALL-SYSTEM --add-opens=java.base/java.util=ALL-UNNAMED --add-opens=java.base/java.lang=ALL-UNNAMED --add-opens=java.base/sun.nio.fs=ALL-UNNAMED -Declipse.application=org.eclipse.jdt.ls.core.id1 -Dosgi.bundles.defaultStartLevel=4 -Declipse.product=org.eclipse.jdt.ls.core.product -Djava.import.generatesMetadataFilesAtProjectRoot=false -DDetectVMInstallationsJob.disabled=true -Dfile.encoding=utf8 -XX:+UseParallelGC -XX:GCTimeRatio=4 -XX:AdaptiveSizePolicyWeight=90 -Dsun.zip.disableMemoryMapping=true -Xmx2G -Xms100m -Xlog:disable -javaagent:c:\Users\KHAN\.vscode\extensions\redhat.java-1.53.0-win32-x64\lombok\lombok-1.18.39-4050.jar -XX:+HeapDumpOnOutOfMemoryError -XX:HeapDumpPath=c:\Users\KHAN\AppData\Roaming\Code\User\workspaceStorage\68ccc319445cd5e44a420bc5d8f9fddf\redhat.java -Daether.dependencyCollector.impl=bf 
java_command: c:\Users\KHAN\.vscode\extensions\redhat.java-1.53.0-win32-x64\server\plugins\org.eclipse.equinox.launcher_1.7.100.v20251111-0406.jar -configuration c:\Users\KHAN\AppData\Roaming\Code\User\globalStorage\redhat.java\1.53.0\config_win -data c:\Users\KHAN\AppData\Roaming\Code\User\workspaceStorage\68ccc319445cd5e44a420bc5d8f9fddf\redhat.java\jdt_ws --pipe=\\.\pipe\lsp-349d97e08191b06d0d99ab5bd520d0ef-sock
java_class_path (initial): c:\Users\KHAN\.vscode\extensions\redhat.java-1.53.0-win32-x64\server\plugins\org.eclipse.equinox.launcher_1.7.100.v20251111-0406.jar
Launcher Type: SUN_STANDARD

[Global flags]
    uintx AdaptiveSizePolicyWeight                 = 90                                        {product} {command line}
     intx CICompilerCount                          = 3                                         {product} {ergonomic}
    uintx GCTimeRatio                              = 4                                         {product} {command line}
     bool HeapDumpOnOutOfMemoryError               = true                                   {manageable} {command line}
    ccstr HeapDumpPath                             = c:\Users\KHAN\AppData\Roaming\Code\User\workspaceStorage\68ccc319445cd5e44a420bc5d8f9fddf\redhat.java         {manageable} {command line}
   size_t InitialHeapSize                          = 104857600                                 {product} {command line}
   size_t MaxHeapSize                              = 2147483648                                {product} {command line}
   size_t MaxNewSize                               = 715653120                                 {product} {ergonomic}
   size_t MinHeapDeltaBytes                        = 524288                                    {product} {ergonomic}
   size_t MinHeapSize                              = 104857600                                 {product} {command line}
   size_t NewSize                                  = 34603008                                  {product} {ergonomic}
    uintx NonNMethodCodeHeapSize                   = 5832780                                {pd product} {ergonomic}
    uintx NonProfiledCodeHeapSize                  = 122912730                              {pd product} {ergonomic}
   size_t OldSize                                  = 70254592                                  {product} {ergonomic}
    uintx ProfiledCodeHeapSize                     = 122912730                              {pd product} {ergonomic}
    uintx ReservedCodeCacheSize                    = 251658240                              {pd product} {ergonomic}
     bool SegmentedCodeCache                       = true                                      {product} {ergonomic}
   size_t SoftMaxHeapSize                          = 2147483648                             {manageable} {ergonomic}
     bool UseCompressedOops                        = true                           {product lp64_product} {ergonomic}
     bool UseLargePagesIndividualAllocation        = false                                  {pd product} {ergonomic}
     bool UseParallelGC                            = true                                      {product} {command line}

Logging:
Log output configuration:
 #0: stdout all=off uptime,level,tags foldmultilines=false
 #1: stderr all=off uptime,level,tags foldmultilines=false

Release file:
JAVA_VERSION="21.0.10" 
MODULES="java.base java.compiler java.datatransfer java.xml java.prefs java.desktop java.instrument java.logging java.management java.security.sasl java.naming java.rmi java.management.rmi java.net.http java.scripting java.security.jgss java.transaction.xa java.sql java.sql.rowset java.xml.crypto java.se java.smartcardio jdk.accessibility jdk.internal.jvmstat jdk.attach jdk.charsets jdk.internal.opt jdk.zipfs jdk.compiler jdk.crypto.ec jdk.crypto.cryptoki jdk.crypto.mscapi jdk.dynalink jdk.internal.ed jdk.editpad jdk.hotspot.agent jdk.httpserver jdk.internal.le jdk.internal.vm.ci jdk.internal.vm.compiler jdk.internal.vm.compiler.management jdk.jartool jdk.javadoc jdk.jcmd jdk.management jdk.management.agent jdk.jconsole jdk.jdeps jdk.jdwp.agent jdk.jdi jdk.jfr jdk.jshell jdk.jsobject jdk.jstatd jdk.localedata jdk.management.jfr jdk.naming.dns jdk.naming.rmi jdk.net jdk.nio.mapmode jdk.random jdk.sctp jdk.security.auth jdk.security.jgss jdk.unsupported jdk.unsupported.desktop jdk.xml.dom" 

Environment Variables:
JAVA_HOME=C:\Program Files\Microsoft\jdk-17.0.10.7-hotspot\
PATH=C:\Python312\Scripts\;C:\Python312\;C:\Program Files\Microsoft\jdk-17.0.10.7-hotspot\bin;C:\Windows\system32;C:\Windows;C:\Windows\System32\Wbem;C:\Windows\System32\WindowsPowerShell\v1.0\;C:\Windows\System32\OpenSSH\;C:\ProgramData\chocolatey\bin;C:\Program Files\Git\cmd;C:\Users\KHAN\AppData\Local\Android\Sdk\platform-tools;C:\Users\KHAN\AppData\Local\Android\Sdk\tools;C:\Program Files\nodejs\;C:\Program Files (x86)\Microsoft SQL Server\160\Tools\Binn\;C:\Program Files\Microsoft SQL Server\160\Tools\Binn\;C:\Program Files\Microsoft SQL Server\Client SDK\ODBC\170\Tools\Binn\;C:\Program Files\Microsoft SQL Server\160\DTS\Binn\;C:\Program Files\MongoDB\Server\8.2\bin;C:\tools\php85;C:\ProgramData\ComposerSetup\bin;C:\Users\KHAN\AppData\Local\Microsoft\WindowsApps;C:\Users\KHAN\AppData\Local\Programs\Microsoft VS Code\bin;C:\Users\KHAN\AppData\Local\Android\Sdk\platform-tools;C:\Users\KHAN\AppData\Local\Android\Sdk\platform-tools;C:\Users\KHAN\AppData\Roaming\npm;C:\Program Files\mongosh\;C:\Users\KHAN\AppData\Local\Programs\Antigravity\bin;C:\Users\KHAN\AppData\Roaming\Composer\vendor\bin
USERNAME=KHAN
OS=Windows_NT
PROCESSOR_IDENTIFIER=Intel64 Family 6 Model 58 Stepping 9, GenuineIntel
TMP=C:\Users\KHAN\AppData\Local\Temp
TEMP=C:\Users\KHAN\AppData\Local\Temp




Periodic native trim disabled

---------------  S Y S T E M  ---------------

OS:
 Windows 10 , 64 bit Build 19041 (10.0.19041.5915)
OS uptime: 21 days 23:26 hours

CPU: total 4 (initial active 4) (2 cores per cpu, 2 threads per core) family 6 model 58 stepping 9 microcode 0x21, cx8, cmov, fxsr, ht, mmx, sse, sse2, sse3, ssse3, sse4.1, sse4.2, popcnt, tsc, tscinvbit, avx, aes, erms, clmul, vzeroupper, clflush, rdtscp, f16c
Processor Information for the first 4 processors :
  Max Mhz: 2601, Current Mhz: 2400, Mhz Limit: 2392

Memory: 4k page, system-wide physical 8095M (570M free)
TotalPageFile size 23286M (AvailPageFile size 4M)
current process WorkingSet (physical memory assigned to process): 206M, peak: 336M
current process commit charge ("private bytes"): 455M, peak: 455M

vm_info: OpenJDK 64-Bit Server VM (21.0.10+7-LTS) for windows-amd64 JRE (21.0.10+7-LTS), built on 2026-01-20T00:00:00Z by "admin" with MS VC++ 17.12 (VS2022)

END.
