#
# There is insufficient memory for the Java Runtime Environment to continue.
# Native memory allocation (malloc) failed to allocate 815376 bytes. Error detail: Chunk::new
# Possible reasons:
#   The system is out of physical RAM or swap space
#   This process is running with CompressedOops enabled, and the Java Heap may be blocking the growth of the native heap
# Possible solutions:
#   Reduce memory load on the system
#   Increase physical memory or swap space
#   Check if swap backing store is full
#   Decrease Java heap size (-Xmx/-Xms)
#   Decrease number of Java threads
#   Decrease Java thread stack sizes (-Xss)
#   Set larger code cache with -XX:ReservedCodeCacheSize=
#   JVM is running with Unscaled Compressed Oops mode in which the Java heap is
#     placed in the first 4GB address space. The Java Heap base address is the
#     maximum limit for the native heap growth. Please use -XX:HeapBaseMinAddress
#     to set the Java Heap base and to place the Java Heap above 4GB virtual address.
# This output file may be truncated or incomplete.
#
#  Out of Memory Error (arena.cpp:168), pid=508, tid=16300
#
# JRE version: OpenJDK Runtime Environment Temurin-21.0.10+7 (21.0.10+7) (build 21.0.10+7-LTS)
# Java VM: OpenJDK 64-Bit Server VM Temurin-21.0.10+7 (21.0.10+7-LTS, mixed mode, sharing, tiered, compressed oops, compressed class ptrs, g1 gc, windows-amd64)
# No core dump will be written. Minidumps are not enabled by default on client versions of Windows
#

---------------  S U M M A R Y ------------

Command Line: -XX:MaxMetaspaceSize=512m --add-opens=java.base/java.util=ALL-UNNAMED --add-opens=java.base/java.lang=ALL-UNNAMED --add-opens=java.base/java.lang.invoke=ALL-UNNAMED --add-opens=java.prefs/java.util.prefs=ALL-UNNAMED --add-exports=jdk.compiler/com.sun.tools.javac.api=ALL-UNNAMED --add-exports=jdk.compiler/com.sun.tools.javac.util=ALL-UNNAMED --add-opens=java.base/java.nio.charset=ALL-UNNAMED --add-opens=java.base/java.net=ALL-UNNAMED --add-opens=java.base/java.util.concurrent.atomic=ALL-UNNAMED -Xmx2048m -Dfile.encoding=utf8 -Duser.country=US -Duser.language=en -Duser.variant -javaagent:C:\Users\KHAN\.gradle\wrapper\dists\gradle-8.9-bin\90cnw93cvbtalezasaz0blq0a\gradle-8.9\lib\agents\gradle-instrumentation-agent-8.9.jar org.gradle.launcher.daemon.bootstrap.GradleDaemon 8.9

Host: Intel(R) Core(TM) i5-3320M CPU @ 2.60GHz, 4 cores, 7G,  Windows 10 , 64 bit Build 19041 (10.0.19041.5915)
Time: Mon Apr 20 09:40:42 2026 Pakistan Standard Time elapsed time: 18.655481 seconds (0d 0h 0m 18s)

---------------  T H R E A D  ---------------

Current thread (0x000001b73da3bfa0):  JavaThread "C2 CompilerThread0" daemon [_thread_in_native, id=16300, stack(0x0000007886b00000,0x0000007886c00000) (1024K)]


Current CompileTask:
C2:18655 6408   !   4       java.lang.ClassLoader::loadClass (121 bytes)

Stack: [0x0000007886b00000,0x0000007886c00000]
Native frames: (J=compiled Java code, j=interpreted, Vv=VM code, C=native code)
V  [jvm.dll+0x6d7a39]
V  [jvm.dll+0x8b4b26]
V  [jvm.dll+0x8b70de]
V  [jvm.dll+0x8b77c3]
V  [jvm.dll+0x284346]
V  [jvm.dll+0xc66ed]
V  [jvm.dll+0xc6c31]
V  [jvm.dll+0x2fb29e]
V  [jvm.dll+0x5fe884]
V  [jvm.dll+0x255b17]
V  [jvm.dll+0x24e12a]
V  [jvm.dll+0x24ba42]
V  [jvm.dll+0x1cb34e]
V  [jvm.dll+0x25b85d]
V  [jvm.dll+0x259dea]
V  [jvm.dll+0x3f857e]
V  [jvm.dll+0x85f59d]
V  [jvm.dll+0x6d626d]
C  [ucrtbase.dll+0x21bb2]
C  [KERNEL32.DLL+0x17374]
C  [ntdll.dll+0x4cc91]


---------------  P R O C E S S  ---------------

Threads class SMR info:
_java_thread_list=0x000001b761160b80, length=35, elements={
0x000001b726b68580, 0x000001b73da34850, 0x000001b73da35770, 0x000001b73da392f0,
0x000001b73da39d50, 0x000001b73da3a7b0, 0x000001b73da3b210, 0x000001b73da3bfa0,
0x000001b73da51220, 0x000001b73dd4d310, 0x000001b73dd5e7c0, 0x000001b75e545180,
0x000001b75e8d4560, 0x000001b75e714020, 0x000001b75e6040e0, 0x000001b75e609c10,
0x000001b75e679be0, 0x000001b75e65f190, 0x000001b75e646f70, 0x000001b75e6468e0,
0x000001b75e647600, 0x000001b75e647c90, 0x000001b75e644810, 0x000001b75e644ea0,
0x000001b75e645bc0, 0x000001b75e646250, 0x000001b75f61d100, 0x000001b75f61eb40,
0x000001b75f61f1d0, 0x000001b75f621930, 0x000001b75f61f860, 0x000001b75f61fef0,
0x000001b75f620c10, 0x000001b75f61c3e0, 0x000001b75f622650
}

Java Threads: ( => current thread )
  0x000001b726b68580 JavaThread "main"                              [_thread_blocked, id=11696, stack(0x0000007885d00000,0x0000007885e00000) (1024K)]
  0x000001b73da34850 JavaThread "Reference Handler"          daemon [_thread_blocked, id=608, stack(0x0000007886500000,0x0000007886600000) (1024K)]
  0x000001b73da35770 JavaThread "Finalizer"                  daemon [_thread_blocked, id=11484, stack(0x0000007886600000,0x0000007886700000) (1024K)]
  0x000001b73da392f0 JavaThread "Signal Dispatcher"          daemon [_thread_blocked, id=7324, stack(0x0000007886700000,0x0000007886800000) (1024K)]
  0x000001b73da39d50 JavaThread "Attach Listener"            daemon [_thread_blocked, id=5776, stack(0x0000007886800000,0x0000007886900000) (1024K)]
  0x000001b73da3a7b0 JavaThread "Service Thread"             daemon [_thread_blocked, id=616, stack(0x0000007886900000,0x0000007886a00000) (1024K)]
  0x000001b73da3b210 JavaThread "Monitor Deflation Thread"   daemon [_thread_blocked, id=16212, stack(0x0000007886a00000,0x0000007886b00000) (1024K)]
=>0x000001b73da3bfa0 JavaThread "C2 CompilerThread0"         daemon [_thread_in_native, id=16300, stack(0x0000007886b00000,0x0000007886c00000) (1024K)]
  0x000001b73da51220 JavaThread "C1 CompilerThread0"         daemon [_thread_blocked, id=18648, stack(0x0000007886c00000,0x0000007886d00000) (1024K)]
  0x000001b73dd4d310 JavaThread "Common-Cleaner"             daemon [_thread_blocked, id=5692, stack(0x0000007886d00000,0x0000007886e00000) (1024K)]
  0x000001b73dd5e7c0 JavaThread "Notification Thread"        daemon [_thread_blocked, id=15528, stack(0x0000007886e00000,0x0000007886f00000) (1024K)]
  0x000001b75e545180 JavaThread "Daemon health stats"               [_thread_blocked, id=13132, stack(0x0000007887100000,0x0000007887200000) (1024K)]
  0x000001b75e8d4560 JavaThread "Incoming local TCP Connector on port 63170"        [_thread_in_native, id=5784, stack(0x0000007887300000,0x0000007887400000) (1024K)]
  0x000001b75e714020 JavaThread "Daemon periodic checks"            [_thread_blocked, id=1060, stack(0x0000007887400000,0x0000007887500000) (1024K)]
  0x000001b75e6040e0 JavaThread "Daemon"                            [_thread_blocked, id=8476, stack(0x0000007887500000,0x0000007887600000) (1024K)]
  0x000001b75e609c10 JavaThread "Handler for socket connection from /127.0.0.1:63170 to /127.0.0.1:63171"        [_thread_in_native, id=18204, stack(0x0000007887600000,0x0000007887700000) (1024K)]
  0x000001b75e679be0 JavaThread "Cancel handler"                    [_thread_blocked, id=1372, stack(0x0000007887700000,0x0000007887800000) (1024K)]
  0x000001b75e65f190 JavaThread "Daemon worker"                     [_thread_in_native, id=14908, stack(0x0000007887800000,0x0000007887900000) (1024K)]
  0x000001b75e646f70 JavaThread "Asynchronous log dispatcher for DefaultDaemonConnection: socket connection from /127.0.0.1:63170 to /127.0.0.1:63171"        [_thread_blocked, id=15972, stack(0x0000007887900000,0x0000007887a00000) (1024K)]
  0x000001b75e6468e0 JavaThread "Stdin handler"                     [_thread_blocked, id=17860, stack(0x0000007887a00000,0x0000007887b00000) (1024K)]
  0x000001b75e647600 JavaThread "Daemon client event forwarder"        [_thread_blocked, id=528, stack(0x0000007887b00000,0x0000007887c00000) (1024K)]
  0x000001b75e647c90 JavaThread "Cache worker for journal cache (C:\Users\KHAN\.gradle\caches\journal-1)"        [_thread_blocked, id=14660, stack(0x0000007887c00000,0x0000007887d00000) (1024K)]
  0x000001b75e644810 JavaThread "File lock request listener"        [_thread_in_native, id=2328, stack(0x0000007887d00000,0x0000007887e00000) (1024K)]
  0x000001b75e644ea0 JavaThread "Cache worker for file hash cache (C:\Users\KHAN\.gradle\caches\8.9\fileHashes)"        [_thread_blocked, id=5976, stack(0x0000007887e00000,0x0000007887f00000) (1024K)]
  0x000001b75e645bc0 JavaThread "Cache worker for file hash cache (C:\Users\KHAN\Shoppe\node_modules\lottie-react-native\android\.gradle\8.9\fileHashes)"        [_thread_blocked, id=7832, stack(0x0000007888000000,0x0000007888100000) (1024K)]
  0x000001b75e646250 JavaThread "Cache worker for Build Output Cleanup Cache (C:\Users\KHAN\Shoppe\node_modules\lottie-react-native\android\.gradle\buildOutputCleanup)"        [_thread_blocked, id=10716, stack(0x0000007888100000,0x0000007888200000) (1024K)]
  0x000001b75f61d100 JavaThread "File watcher server"        daemon [_thread_in_native, id=17132, stack(0x0000007887f00000,0x0000007888000000) (1024K)]
  0x000001b75f61eb40 JavaThread "File watcher consumer"      daemon [_thread_blocked, id=2316, stack(0x0000007888200000,0x0000007888300000) (1024K)]
  0x000001b75f61f1d0 JavaThread "Cache worker for checksums cache (C:\Users\KHAN\Shoppe\node_modules\lottie-react-native\android\.gradle\8.9\checksums)"        [_thread_blocked, id=15016, stack(0x0000007888300000,0x0000007888400000) (1024K)]
  0x000001b75f621930 JavaThread "Cache worker for file content cache (C:\Users\KHAN\.gradle\caches\8.9\fileContent)"        [_thread_blocked, id=2276, stack(0x0000007888400000,0x0000007888500000) (1024K)]
  0x000001b75f61f860 JavaThread "Cache worker for cache directory md-rule (C:\Users\KHAN\.gradle\caches\8.9\md-rule)"        [_thread_blocked, id=5484, stack(0x0000007888500000,0x0000007888600000) (1024K)]
  0x000001b75f61fef0 JavaThread "Cache worker for cache directory md-supplier (C:\Users\KHAN\.gradle\caches\8.9\md-supplier)"        [_thread_blocked, id=9784, stack(0x0000007888700000,0x0000007888800000) (1024K)]
  0x000001b75f620c10 JavaThread "jar transforms"                    [_thread_blocked, id=10024, stack(0x0000007888800000,0x0000007888900000) (1024K)]
  0x000001b75f61c3e0 JavaThread "jar transforms Thread 2"           [_thread_blocked, id=444, stack(0x0000007888600000,0x0000007888700000) (1024K)]
  0x000001b75f622650 JavaThread "jar transforms Thread 3"           [_thread_blocked, id=4664, stack(0x0000007888900000,0x0000007888a00000) (1024K)]
Total: 35

Other Threads:
  0x000001b73da17880 VMThread "VM Thread"                           [id=13860, stack(0x0000007886400000,0x0000007886500000) (1024K)]
  0x000001b73da06c10 WatcherThread "VM Periodic Task Thread"        [id=18848, stack(0x0000007886300000,0x0000007886400000) (1024K)]
  0x000001b72494e060 WorkerThread "GC Thread#0"                     [id=5424, stack(0x0000007885e00000,0x0000007885f00000) (1024K)]
  0x000001b73dd80a20 WorkerThread "GC Thread#1"                     [id=680, stack(0x0000007886f00000,0x0000007887000000) (1024K)]
  0x000001b73dd62210 WorkerThread "GC Thread#2"                     [id=1568, stack(0x0000007887000000,0x0000007887100000) (1024K)]
  0x000001b75da6c740 WorkerThread "GC Thread#3"                     [id=13508, stack(0x0000007887200000,0x0000007887300000) (1024K)]
  0x000001b726bc9e20 ConcurrentGCThread "G1 Main Marker"            [id=10536, stack(0x0000007885f00000,0x0000007886000000) (1024K)]
  0x000001b726bcaee0 WorkerThread "G1 Conc#0"                       [id=11748, stack(0x0000007886000000,0x0000007886100000) (1024K)]
  0x000001b726c2e8a0 ConcurrentGCThread "G1 Refine#0"               [id=6436, stack(0x0000007886100000,0x0000007886200000) (1024K)]
  0x000001b73d8cd500 ConcurrentGCThread "G1 Service"                [id=6784, stack(0x0000007886200000,0x0000007886300000) (1024K)]
Total: 10

Threads with active compile tasks:
C2 CompilerThread0  18704 6408   !   4       java.lang.ClassLoader::loadClass (121 bytes)
Total: 1

VM state: not at safepoint (normal execution)

VM Mutex/Monitor currently owned by a thread: None

Heap address: 0x0000000080000000, size: 2048 MB, Compressed Oops mode: 32-bit

CDS archive(s) mapped at: [0x000001b73e000000-0x000001b73eba0000-0x000001b73eba0000), size 12189696, SharedBaseAddress: 0x000001b73e000000, ArchiveRelocationMode: 1.
Compressed class space mapped at: 0x000001b73f000000-0x000001b759000000, reserved size: 436207616
Narrow klass base: 0x000001b73e000000, Narrow klass shift: 0, Narrow klass range: 0x100000000

GC Precious Log:
 CardTable entry size: 512
 Card Set container configuration: InlinePtr #cards 5 size 8 Array Of Cards #cards 12 size 40 Howl #buckets 4 coarsen threshold 1843 Howl Bitmap #cards 512 size 80 coarsen threshold 460 Card regions per heap region 1 cards per card region 2048
 CPUs: 4 total, 4 available
 Memory: 8095M
 Large Page Support: Disabled
 NUMA Support: Disabled
 Compressed Oops: Enabled (32-bit)
 Heap Region Size: 1M
 Heap Min Capacity: 8M
 Heap Initial Capacity: 128M
 Heap Max Capacity: 2G
 Pre-touch: Disabled
 Parallel Workers: 4
 Concurrent Workers: 1
 Concurrent Refinement Workers: 4
 Periodic GC: Disabled

Heap:
 garbage-first heap   total 110592K, used 82157K [0x0000000080000000, 0x0000000100000000)
  region size 1024K, 37 young (37888K), 4 survivors (4096K)
 Metaspace       used 49616K, committed 51072K, reserved 491520K
  class space    used 7041K, committed 7744K, reserved 425984K

Heap Regions: E=young(eden), S=young(survivor), O=old, HS=humongous(starts), HC=humongous(continues), CS=collection set, F=free, TAMS=top-at-mark-start, PB=parsable bottom
|   0|0x0000000080000000, 0x0000000080100000, 0x0000000080100000|100%|HS|  |TAMS 0x0000000080000000| PB 0x0000000080000000| Complete 
|   1|0x0000000080100000, 0x0000000080200000, 0x0000000080200000|100%|HC|  |TAMS 0x0000000080100000| PB 0x0000000080100000| Complete 
|   2|0x0000000080200000, 0x0000000080300000, 0x0000000080300000|100%|HC|  |TAMS 0x0000000080200000| PB 0x0000000080200000| Complete 
|   3|0x0000000080300000, 0x0000000080400000, 0x0000000080400000|100%|HC|  |TAMS 0x0000000080300000| PB 0x0000000080300000| Complete 
|   4|0x0000000080400000, 0x0000000080500000, 0x0000000080500000|100%| O|  |TAMS 0x0000000080400000| PB 0x0000000080400000| Untracked 
|   5|0x0000000080500000, 0x0000000080600000, 0x0000000080600000|100%| O|  |TAMS 0x0000000080500000| PB 0x0000000080500000| Untracked 
|   6|0x0000000080600000, 0x0000000080700000, 0x0000000080700000|100%| O|  |TAMS 0x0000000080600000| PB 0x0000000080600000| Untracked 
|   7|0x0000000080700000, 0x0000000080800000, 0x0000000080800000|100%| O|  |TAMS 0x0000000080700000| PB 0x0000000080700000| Untracked 
|   8|0x0000000080800000, 0x0000000080900000, 0x0000000080900000|100%|HS|  |TAMS 0x0000000080800000| PB 0x0000000080800000| Complete 
|   9|0x0000000080900000, 0x0000000080a00000, 0x0000000080a00000|100%| O|  |TAMS 0x0000000080900000| PB 0x0000000080900000| Untracked 
|  10|0x0000000080a00000, 0x0000000080b00000, 0x0000000080b00000|100%| O|  |TAMS 0x0000000080a00000| PB 0x0000000080a00000| Untracked 
|  11|0x0000000080b00000, 0x0000000080c00000, 0x0000000080c00000|100%| O|  |TAMS 0x0000000080b00000| PB 0x0000000080b00000| Untracked 
|  12|0x0000000080c00000, 0x0000000080d00000, 0x0000000080d00000|100%| O|  |TAMS 0x0000000080c00000| PB 0x0000000080c00000| Untracked 
|  13|0x0000000080d00000, 0x0000000080e00000, 0x0000000080e00000|100%| O|  |TAMS 0x0000000080d00000| PB 0x0000000080d00000| Untracked 
|  14|0x0000000080e00000, 0x0000000080f00000, 0x0000000080f00000|100%| O|  |TAMS 0x0000000080e00000| PB 0x0000000080e00000| Untracked 
|  15|0x0000000080f00000, 0x0000000081000000, 0x0000000081000000|100%| O|  |TAMS 0x0000000080f00000| PB 0x0000000080f00000| Untracked 
|  16|0x0000000081000000, 0x0000000081100000, 0x0000000081100000|100%| O|  |TAMS 0x0000000081000000| PB 0x0000000081000000| Untracked 
|  17|0x0000000081100000, 0x0000000081200000, 0x0000000081200000|100%| O|  |TAMS 0x0000000081100000| PB 0x0000000081100000| Untracked 
|  18|0x0000000081200000, 0x0000000081300000, 0x0000000081300000|100%| O|  |TAMS 0x0000000081200000| PB 0x0000000081200000| Untracked 
|  19|0x0000000081300000, 0x0000000081400000, 0x0000000081400000|100%| O|  |TAMS 0x0000000081300000| PB 0x0000000081300000| Untracked 
|  20|0x0000000081400000, 0x0000000081500000, 0x0000000081500000|100%| O|  |TAMS 0x0000000081400000| PB 0x0000000081400000| Untracked 
|  21|0x0000000081500000, 0x0000000081600000, 0x0000000081600000|100%| O|  |TAMS 0x0000000081500000| PB 0x0000000081500000| Untracked 
|  22|0x0000000081600000, 0x0000000081700000, 0x0000000081700000|100%| O|  |TAMS 0x0000000081600000| PB 0x0000000081600000| Untracked 
|  23|0x0000000081700000, 0x0000000081800000, 0x0000000081800000|100%| O|  |TAMS 0x0000000081700000| PB 0x0000000081700000| Untracked 
|  24|0x0000000081800000, 0x0000000081900000, 0x0000000081900000|100%| O|  |TAMS 0x0000000081800000| PB 0x0000000081800000| Untracked 
|  25|0x0000000081900000, 0x0000000081a00000, 0x0000000081a00000|100%| O|  |TAMS 0x0000000081900000| PB 0x0000000081900000| Untracked 
|  26|0x0000000081a00000, 0x0000000081b00000, 0x0000000081b00000|100%| O|  |TAMS 0x0000000081a00000| PB 0x0000000081a00000| Untracked 
|  27|0x0000000081b00000, 0x0000000081c00000, 0x0000000081c00000|100%| O|  |TAMS 0x0000000081b00000| PB 0x0000000081b00000| Untracked 
|  28|0x0000000081c00000, 0x0000000081d00000, 0x0000000081d00000|100%| O|  |TAMS 0x0000000081c00000| PB 0x0000000081c00000| Untracked 
|  29|0x0000000081d00000, 0x0000000081e00000, 0x0000000081e00000|100%| O|  |TAMS 0x0000000081d00000| PB 0x0000000081d00000| Untracked 
|  30|0x0000000081e00000, 0x0000000081f00000, 0x0000000081f00000|100%| O|  |TAMS 0x0000000081e00000| PB 0x0000000081e00000| Untracked 
|  31|0x0000000081f00000, 0x0000000082000000, 0x0000000082000000|100%| O|  |TAMS 0x0000000081f00000| PB 0x0000000081f00000| Untracked 
|  32|0x0000000082000000, 0x0000000082100000, 0x0000000082100000|100%| O|  |TAMS 0x0000000082000000| PB 0x0000000082000000| Untracked 
|  33|0x0000000082100000, 0x0000000082200000, 0x0000000082200000|100%| O|  |TAMS 0x0000000082100000| PB 0x0000000082100000| Untracked 
|  34|0x0000000082200000, 0x0000000082300000, 0x0000000082300000|100%| O|  |TAMS 0x0000000082200000| PB 0x0000000082200000| Untracked 
|  35|0x0000000082300000, 0x0000000082400000, 0x0000000082400000|100%| O|  |TAMS 0x0000000082300000| PB 0x0000000082300000| Untracked 
|  36|0x0000000082400000, 0x0000000082500000, 0x0000000082500000|100%| O|  |TAMS 0x0000000082400000| PB 0x0000000082400000| Untracked 
|  37|0x0000000082500000, 0x0000000082600000, 0x0000000082600000|100%| O|  |TAMS 0x0000000082500000| PB 0x0000000082500000| Untracked 
|  38|0x0000000082600000, 0x0000000082700000, 0x0000000082700000|100%| O|  |TAMS 0x0000000082600000| PB 0x0000000082600000| Untracked 
|  39|0x0000000082700000, 0x0000000082800000, 0x0000000082800000|100%| O|  |TAMS 0x0000000082700000| PB 0x0000000082700000| Untracked 
|  40|0x0000000082800000, 0x000000008283b480, 0x0000000082900000| 23%| O|  |TAMS 0x0000000082800000| PB 0x0000000082800000| Untracked 
|  41|0x0000000082900000, 0x0000000082900000, 0x0000000082a00000|  0%| F|  |TAMS 0x0000000082900000| PB 0x0000000082900000| Untracked 
|  42|0x0000000082a00000, 0x0000000082b00000, 0x0000000082b00000|100%| O|  |TAMS 0x0000000082a00000| PB 0x0000000082a00000| Untracked 
|  43|0x0000000082b00000, 0x0000000082b00000, 0x0000000082c00000|  0%| F|  |TAMS 0x0000000082b00000| PB 0x0000000082b00000| Untracked 
|  44|0x0000000082c00000, 0x0000000082c00000, 0x0000000082d00000|  0%| F|  |TAMS 0x0000000082c00000| PB 0x0000000082c00000| Untracked 
|  45|0x0000000082d00000, 0x0000000082e00000, 0x0000000082e00000|100%| O|  |TAMS 0x0000000082d00000| PB 0x0000000082d00000| Untracked 
|  46|0x0000000082e00000, 0x0000000082f00000, 0x0000000082f00000|100%| O|  |TAMS 0x0000000082e00000| PB 0x0000000082e00000| Untracked 
|  47|0x0000000082f00000, 0x0000000083000000, 0x0000000083000000|100%| O|  |TAMS 0x0000000082f00000| PB 0x0000000082f00000| Untracked 
|  48|0x0000000083000000, 0x0000000083000000, 0x0000000083100000|  0%| F|  |TAMS 0x0000000083000000| PB 0x0000000083000000| Untracked 
|  49|0x0000000083100000, 0x0000000083100000, 0x0000000083200000|  0%| F|  |TAMS 0x0000000083100000| PB 0x0000000083100000| Untracked 
|  50|0x0000000083200000, 0x0000000083200000, 0x0000000083300000|  0%| F|  |TAMS 0x0000000083200000| PB 0x0000000083200000| Untracked 
|  51|0x0000000083300000, 0x0000000083300000, 0x0000000083400000|  0%| F|  |TAMS 0x0000000083300000| PB 0x0000000083300000| Untracked 
|  52|0x0000000083400000, 0x0000000083400000, 0x0000000083500000|  0%| F|  |TAMS 0x0000000083400000| PB 0x0000000083400000| Untracked 
|  53|0x0000000083500000, 0x0000000083500000, 0x0000000083600000|  0%| F|  |TAMS 0x0000000083500000| PB 0x0000000083500000| Untracked 
|  54|0x0000000083600000, 0x0000000083600000, 0x0000000083700000|  0%| F|  |TAMS 0x0000000083600000| PB 0x0000000083600000| Untracked 
|  55|0x0000000083700000, 0x0000000083700000, 0x0000000083800000|  0%| F|  |TAMS 0x0000000083700000| PB 0x0000000083700000| Untracked 
|  56|0x0000000083800000, 0x0000000083800000, 0x0000000083900000|  0%| F|  |TAMS 0x0000000083800000| PB 0x0000000083800000| Untracked 
|  57|0x0000000083900000, 0x0000000083a00000, 0x0000000083a00000|100%| S|CS|TAMS 0x0000000083900000| PB 0x0000000083900000| Complete 
|  58|0x0000000083a00000, 0x0000000083b00000, 0x0000000083b00000|100%| S|CS|TAMS 0x0000000083a00000| PB 0x0000000083a00000| Complete 
|  59|0x0000000083b00000, 0x0000000083c00000, 0x0000000083c00000|100%| S|CS|TAMS 0x0000000083b00000| PB 0x0000000083b00000| Complete 
|  60|0x0000000083c00000, 0x0000000083d00000, 0x0000000083d00000|100%| S|CS|TAMS 0x0000000083c00000| PB 0x0000000083c00000| Complete 
|  61|0x0000000083d00000, 0x0000000083d00000, 0x0000000083e00000|  0%| F|  |TAMS 0x0000000083d00000| PB 0x0000000083d00000| Untracked 
|  62|0x0000000083e00000, 0x0000000083e00000, 0x0000000083f00000|  0%| F|  |TAMS 0x0000000083e00000| PB 0x0000000083e00000| Untracked 
|  63|0x0000000083f00000, 0x0000000083f00000, 0x0000000084000000|  0%| F|  |TAMS 0x0000000083f00000| PB 0x0000000083f00000| Untracked 
|  64|0x0000000084000000, 0x0000000084000000, 0x0000000084100000|  0%| F|  |TAMS 0x0000000084000000| PB 0x0000000084000000| Untracked 
|  65|0x0000000084100000, 0x0000000084100000, 0x0000000084200000|  0%| F|  |TAMS 0x0000000084100000| PB 0x0000000084100000| Untracked 
|  66|0x0000000084200000, 0x0000000084200000, 0x0000000084300000|  0%| F|  |TAMS 0x0000000084200000| PB 0x0000000084200000| Untracked 
|  67|0x0000000084300000, 0x0000000084300000, 0x0000000084400000|  0%| F|  |TAMS 0x0000000084300000| PB 0x0000000084300000| Untracked 
|  68|0x0000000084400000, 0x0000000084400000, 0x0000000084500000|  0%| F|  |TAMS 0x0000000084400000| PB 0x0000000084400000| Untracked 
|  69|0x0000000084500000, 0x0000000084500000, 0x0000000084600000|  0%| F|  |TAMS 0x0000000084500000| PB 0x0000000084500000| Untracked 
|  70|0x0000000084600000, 0x0000000084600000, 0x0000000084700000|  0%| F|  |TAMS 0x0000000084600000| PB 0x0000000084600000| Untracked 
|  71|0x0000000084700000, 0x0000000084700000, 0x0000000084800000|  0%| F|  |TAMS 0x0000000084700000| PB 0x0000000084700000| Untracked 
|  72|0x0000000084800000, 0x0000000084800000, 0x0000000084900000|  0%| F|  |TAMS 0x0000000084800000| PB 0x0000000084800000| Untracked 
|  73|0x0000000084900000, 0x0000000084900000, 0x0000000084a00000|  0%| F|  |TAMS 0x0000000084900000| PB 0x0000000084900000| Untracked 
|  74|0x0000000084a00000, 0x0000000084a00000, 0x0000000084b00000|  0%| F|  |TAMS 0x0000000084a00000| PB 0x0000000084a00000| Untracked 
|  75|0x0000000084b00000, 0x0000000084c00000, 0x0000000084c00000|100%| E|  |TAMS 0x0000000084b00000| PB 0x0000000084b00000| Complete 
|  76|0x0000000084c00000, 0x0000000084d00000, 0x0000000084d00000|100%| E|CS|TAMS 0x0000000084c00000| PB 0x0000000084c00000| Complete 
|  77|0x0000000084d00000, 0x0000000084e00000, 0x0000000084e00000|100%| E|CS|TAMS 0x0000000084d00000| PB 0x0000000084d00000| Complete 
|  78|0x0000000084e00000, 0x0000000084f00000, 0x0000000084f00000|100%| E|CS|TAMS 0x0000000084e00000| PB 0x0000000084e00000| Complete 
|  79|0x0000000084f00000, 0x0000000085000000, 0x0000000085000000|100%| E|CS|TAMS 0x0000000084f00000| PB 0x0000000084f00000| Complete 
|  80|0x0000000085000000, 0x0000000085100000, 0x0000000085100000|100%| E|CS|TAMS 0x0000000085000000| PB 0x0000000085000000| Complete 
|  81|0x0000000085100000, 0x0000000085200000, 0x0000000085200000|100%| E|CS|TAMS 0x0000000085100000| PB 0x0000000085100000| Complete 
|  82|0x0000000085200000, 0x0000000085300000, 0x0000000085300000|100%| E|CS|TAMS 0x0000000085200000| PB 0x0000000085200000| Complete 
|  83|0x0000000085300000, 0x0000000085400000, 0x0000000085400000|100%| E|CS|TAMS 0x0000000085300000| PB 0x0000000085300000| Complete 
|  84|0x0000000085400000, 0x0000000085500000, 0x0000000085500000|100%| E|CS|TAMS 0x0000000085400000| PB 0x0000000085400000| Complete 
|  85|0x0000000085500000, 0x0000000085600000, 0x0000000085600000|100%| E|CS|TAMS 0x0000000085500000| PB 0x0000000085500000| Complete 
|  86|0x0000000085600000, 0x0000000085700000, 0x0000000085700000|100%| E|CS|TAMS 0x0000000085600000| PB 0x0000000085600000| Complete 
|  87|0x0000000085700000, 0x0000000085800000, 0x0000000085800000|100%| E|CS|TAMS 0x0000000085700000| PB 0x0000000085700000| Complete 
|  88|0x0000000085800000, 0x0000000085900000, 0x0000000085900000|100%| E|CS|TAMS 0x0000000085800000| PB 0x0000000085800000| Complete 
|  89|0x0000000085900000, 0x0000000085a00000, 0x0000000085a00000|100%| E|CS|TAMS 0x0000000085900000| PB 0x0000000085900000| Complete 
|  90|0x0000000085a00000, 0x0000000085b00000, 0x0000000085b00000|100%| E|CS|TAMS 0x0000000085a00000| PB 0x0000000085a00000| Complete 
|  91|0x0000000085b00000, 0x0000000085c00000, 0x0000000085c00000|100%| E|CS|TAMS 0x0000000085b00000| PB 0x0000000085b00000| Complete 
|  92|0x0000000085c00000, 0x0000000085d00000, 0x0000000085d00000|100%| E|CS|TAMS 0x0000000085c00000| PB 0x0000000085c00000| Complete 
|  93|0x0000000085d00000, 0x0000000085e00000, 0x0000000085e00000|100%| E|CS|TAMS 0x0000000085d00000| PB 0x0000000085d00000| Complete 
|  94|0x0000000085e00000, 0x0000000085f00000, 0x0000000085f00000|100%| E|CS|TAMS 0x0000000085e00000| PB 0x0000000085e00000| Complete 
|  95|0x0000000085f00000, 0x0000000086000000, 0x0000000086000000|100%| E|CS|TAMS 0x0000000085f00000| PB 0x0000000085f00000| Complete 
|  96|0x0000000086000000, 0x0000000086100000, 0x0000000086100000|100%| E|CS|TAMS 0x0000000086000000| PB 0x0000000086000000| Complete 
|  97|0x0000000086100000, 0x0000000086200000, 0x0000000086200000|100%| E|CS|TAMS 0x0000000086100000| PB 0x0000000086100000| Complete 
|  98|0x0000000086200000, 0x0000000086300000, 0x0000000086300000|100%| E|CS|TAMS 0x0000000086200000| PB 0x0000000086200000| Complete 
|  99|0x0000000086300000, 0x0000000086400000, 0x0000000086400000|100%| E|CS|TAMS 0x0000000086300000| PB 0x0000000086300000| Complete 
| 100|0x0000000086400000, 0x0000000086500000, 0x0000000086500000|100%| E|CS|TAMS 0x0000000086400000| PB 0x0000000086400000| Complete 
| 101|0x0000000086500000, 0x0000000086600000, 0x0000000086600000|100%| E|CS|TAMS 0x0000000086500000| PB 0x0000000086500000| Complete 
| 102|0x0000000086600000, 0x0000000086700000, 0x0000000086700000|100%| E|CS|TAMS 0x0000000086600000| PB 0x0000000086600000| Complete 
| 103|0x0000000086700000, 0x0000000086800000, 0x0000000086800000|100%| E|CS|TAMS 0x0000000086700000| PB 0x0000000086700000| Complete 
| 104|0x0000000086800000, 0x0000000086900000, 0x0000000086900000|100%| E|CS|TAMS 0x0000000086800000| PB 0x0000000086800000| Complete 
| 105|0x0000000086900000, 0x0000000086a00000, 0x0000000086a00000|100%| E|CS|TAMS 0x0000000086900000| PB 0x0000000086900000| Complete 
| 106|0x0000000086a00000, 0x0000000086b00000, 0x0000000086b00000|100%| E|CS|TAMS 0x0000000086a00000| PB 0x0000000086a00000| Complete 
| 127|0x0000000087f00000, 0x0000000088000000, 0x0000000088000000|100%| E|CS|TAMS 0x0000000087f00000| PB 0x0000000087f00000| Complete 

Card table byte_map: [0x000001b739170000,0x000001b739570000] _byte_map_base: 0x000001b738d70000

Marking Bits: (CMBitMap*) 0x000001b72494e680
 Bits: [0x000001b739570000, 0x000001b73b570000)

Polling page: 0x000001b724bd0000

Metaspace:

Usage:
  Non-class:     41.61 MB used.
      Class:      6.88 MB used.
       Both:     48.49 MB used.

Virtual space:
  Non-class space:       64.00 MB reserved,      42.31 MB ( 66%) committed,  1 nodes.
      Class space:      416.00 MB reserved,       7.56 MB (  2%) committed,  1 nodes.
             Both:      480.00 MB reserved,      49.88 MB ( 10%) committed. 

Chunk freelists:
   Non-Class:  4.88 MB
       Class:  8.47 MB
        Both:  13.34 MB

MaxMetaspaceSize: 512.00 MB
CompressedClassSpaceSize: 416.00 MB
Initial GC threshold: 21.00 MB
Current GC threshold: 58.69 MB
CDS: on
 - commit_granule_bytes: 65536.
 - commit_granule_words: 8192.
 - virtual_space_node_default_size: 8388608.
 - enlarge_chunks_in_place: 1.
 - use_allocation_guard: 0.


Internal statistics:

num_allocs_failed_limit: 6.
num_arena_births: 2542.
num_arena_deaths: 0.
num_vsnodes_births: 2.
num_vsnodes_deaths: 0.
num_space_committed: 798.
num_space_uncommitted: 0.
num_chunks_returned_to_freelist: 6.
num_chunks_taken_from_freelist: 4714.
num_chunk_merges: 6.
num_chunk_splits: 3137.
num_chunks_enlarged: 2024.
num_inconsistent_stats: 0.

CodeHeap 'non-profiled nmethods': size=120000Kb used=4036Kb max_used=4036Kb free=115963Kb
 bounds [0x000001b731840000, 0x000001b731c40000, 0x000001b738d70000]
CodeHeap 'profiled nmethods': size=120000Kb used=12132Kb max_used=12132Kb free=107867Kb
 bounds [0x000001b729d70000, 0x000001b72a950000, 0x000001b7312a0000]
CodeHeap 'non-nmethods': size=5760Kb used=2587Kb max_used=2620Kb free=3173Kb
 bounds [0x000001b7312a0000, 0x000001b731540000, 0x000001b731840000]
CodeCache: size=245760Kb, used=18755Kb, max_used=18788Kb, free=227003Kb
 total_blobs=6790, nmethods=5935, adapters=757, full_count=0
Compilation: enabled, stopped_count=0, restarted_count=0

Compilation events (20 events):
Event: 18.514 Thread 0x000001b73da51220 6415       3       com.sun.beans.util.Cache$Kind$Soft::getReferent (5 bytes)
Event: 18.514 Thread 0x000001b73da51220 nmethod 6415 0x000001b72a93d010 code [0x000001b72a93d1c0, 0x000001b72a93d380]
Event: 18.518 Thread 0x000001b73da51220 6423       2       sun.invoke.util.VerifyType::isNullConversion (157 bytes)
Event: 18.519 Thread 0x000001b73da51220 nmethod 6423 0x000001b72a93d410 code [0x000001b72a93d640, 0x000001b72a93dcc0]
Event: 18.539 Thread 0x000001b73da51220 6424       3       groovyjarjarasm.asm.Frame::accept (264 bytes)
Event: 18.540 Thread 0x000001b73da51220 nmethod 6424 0x000001b72a93df10 code [0x000001b72a93e140, 0x000001b72a93e9e0]
Event: 18.554 Thread 0x000001b73da51220 6426       3       org.codehaus.groovy.reflection.CachedField::getModifiers (8 bytes)
Event: 18.554 Thread 0x000001b73da51220 nmethod 6426 0x000001b72a93ed90 code [0x000001b72a93ef20, 0x000001b72a93f050]
Event: 18.554 Thread 0x000001b73da51220 6427       3       groovy.lang.MetaClassImpl::addMetaBeanProperty (119 bytes)
Event: 18.555 Thread 0x000001b73da51220 nmethod 6427 0x000001b72a93f110 code [0x000001b72a93f3e0, 0x000001b72a940ac0]
Event: 18.561 Thread 0x000001b73da51220 6429       3       java.lang.invoke.DirectMethodHandle$Interface::checkReceiver (82 bytes)
Event: 18.563 Thread 0x000001b73da51220 nmethod 6429 0x000001b72a940f90 code [0x000001b72a941340, 0x000001b72a942c48]
Event: 18.578 Thread 0x000001b73da51220 6431       3       jdk.internal.reflect.DirectMethodHandleAccessor::methodAccessor (35 bytes)
Event: 18.579 Thread 0x000001b73da51220 nmethod 6431 0x000001b72a943410 code [0x000001b72a9435c0, 0x000001b72a943768]
Event: 18.597 Thread 0x000001b73da51220 6432       3       java.lang.invoke.InvokerBytecodeGenerator::storeInsnOpcode (98 bytes)
Event: 18.598 Thread 0x000001b73da51220 nmethod 6432 0x000001b72a943810 code [0x000001b72a943a80, 0x000001b72a9443c8]
Event: 18.605 Thread 0x000001b73da51220 6433       3       java.lang.String::regionMatches (150 bytes)
Event: 18.606 Thread 0x000001b73da51220 nmethod 6433 0x000001b72a944710 code [0x000001b72a944960, 0x000001b72a945128]
Event: 18.624 Thread 0x000001b73da51220 6434   !   2       jdk.internal.loader.Resource::getBytes (244 bytes)
Event: 18.626 Thread 0x000001b73da51220 nmethod 6434 0x000001b72a945410 code [0x000001b72a9456a0, 0x000001b72a946100]

GC Heap History (20 events):
Event: 9.022 GC heap before
{Heap before GC invocations=6 (full 0):
 garbage-first heap   total 89088K, used 73746K [0x0000000080000000, 0x0000000100000000)
  region size 1024K, 52 young (53248K), 5 survivors (5120K)
 Metaspace       used 26993K, committed 28096K, reserved 491520K
  class space    used 4133K, committed 4672K, reserved 425984K
}
Event: 9.035 GC heap after
{Heap after GC invocations=7 (full 0):
 garbage-first heap   total 89088K, used 28291K [0x0000000080000000, 0x0000000100000000)
  region size 1024K, 6 young (6144K), 6 survivors (6144K)
 Metaspace       used 26993K, committed 28096K, reserved 491520K
  class space    used 4133K, committed 4672K, reserved 425984K
}
Event: 10.237 GC heap before
{Heap before GC invocations=7 (full 0):
 garbage-first heap   total 89088K, used 71299K [0x0000000080000000, 0x0000000100000000)
  region size 1024K, 49 young (50176K), 6 survivors (6144K)
 Metaspace       used 31943K, committed 33216K, reserved 491520K
  class space    used 4788K, committed 5440K, reserved 425984K
}
Event: 10.249 GC heap after
{Heap after GC invocations=8 (full 0):
 garbage-first heap   total 89088K, used 32119K [0x0000000080000000, 0x0000000100000000)
  region size 1024K, 7 young (7168K), 7 survivors (7168K)
 Metaspace       used 31943K, committed 33216K, reserved 491520K
  class space    used 4788K, committed 5440K, reserved 425984K
}
Event: 11.954 GC heap before
{Heap before GC invocations=8 (full 0):
 garbage-first heap   total 89088K, used 74103K [0x0000000080000000, 0x0000000100000000)
  region size 1024K, 48 young (49152K), 7 survivors (7168K)
 Metaspace       used 34649K, committed 35840K, reserved 491520K
  class space    used 5224K, committed 5824K, reserved 425984K
}
Event: 11.969 GC heap after
{Heap after GC invocations=9 (full 0):
 garbage-first heap   total 89088K, used 35175K [0x0000000080000000, 0x0000000100000000)
  region size 1024K, 5 young (5120K), 5 survivors (5120K)
 Metaspace       used 34649K, committed 35840K, reserved 491520K
  class space    used 5224K, committed 5824K, reserved 425984K
}
Event: 12.795 GC heap before
{Heap before GC invocations=9 (full 0):
 garbage-first heap   total 89088K, used 75111K [0x0000000080000000, 0x0000000100000000)
  region size 1024K, 44 young (45056K), 5 survivors (5120K)
 Metaspace       used 34665K, committed 35904K, reserved 491520K
  class space    used 5224K, committed 5824K, reserved 425984K
}
Event: 12.806 GC heap after
{Heap after GC invocations=10 (full 0):
 garbage-first heap   total 89088K, used 37254K [0x0000000080000000, 0x0000000100000000)
  region size 1024K, 4 young (4096K), 4 survivors (4096K)
 Metaspace       used 34665K, committed 35904K, reserved 491520K
  class space    used 5224K, committed 5824K, reserved 425984K
}
Event: 13.534 GC heap before
{Heap before GC invocations=10 (full 0):
 garbage-first heap   total 89088K, used 70022K [0x0000000080000000, 0x0000000100000000)
  region size 1024K, 37 young (37888K), 4 survivors (4096K)
 Metaspace       used 34811K, committed 35968K, reserved 491520K
  class space    used 5242K, committed 5824K, reserved 425984K
}
Event: 13.541 GC heap after
{Heap after GC invocations=11 (full 0):
 garbage-first heap   total 89088K, used 38384K [0x0000000080000000, 0x0000000100000000)
  region size 1024K, 3 young (3072K), 3 survivors (3072K)
 Metaspace       used 34811K, committed 35968K, reserved 491520K
  class space    used 5242K, committed 5824K, reserved 425984K
}
Event: 13.749 GC heap before
{Heap before GC invocations=12 (full 0):
 garbage-first heap   total 89088K, used 76272K [0x0000000080000000, 0x0000000100000000)
  region size 1024K, 40 young (40960K), 3 survivors (3072K)
 Metaspace       used 34820K, committed 36032K, reserved 491520K
  class space    used 5242K, committed 5824K, reserved 425984K
}
Event: 13.757 GC heap after
{Heap after GC invocations=13 (full 0):
 garbage-first heap   total 89088K, used 40308K [0x0000000080000000, 0x0000000100000000)
  region size 1024K, 5 young (5120K), 5 survivors (5120K)
 Metaspace       used 34820K, committed 36032K, reserved 491520K
  class space    used 5242K, committed 5824K, reserved 425984K
}
Event: 14.872 GC heap before
{Heap before GC invocations=13 (full 0):
 garbage-first heap   total 89088K, used 77172K [0x0000000080000000, 0x0000000100000000)
  region size 1024K, 41 young (41984K), 5 survivors (5120K)
 Metaspace       used 39012K, committed 40320K, reserved 491520K
  class space    used 5756K, committed 6400K, reserved 425984K
}
Event: 14.885 GC heap after
{Heap after GC invocations=14 (full 0):
 garbage-first heap   total 89088K, used 42400K [0x0000000080000000, 0x0000000100000000)
  region size 1024K, 5 young (5120K), 5 survivors (5120K)
 Metaspace       used 39012K, committed 40320K, reserved 491520K
  class space    used 5756K, committed 6400K, reserved 425984K
}
Event: 15.959 GC heap before
{Heap before GC invocations=14 (full 0):
 garbage-first heap   total 89088K, used 70048K [0x0000000080000000, 0x0000000100000000)
  region size 1024K, 31 young (31744K), 5 survivors (5120K)
 Metaspace       used 43197K, committed 44544K, reserved 491520K
  class space    used 6252K, committed 6912K, reserved 425984K
}
Event: 15.971 GC heap after
{Heap after GC invocations=15 (full 0):
 garbage-first heap   total 110592K, used 47702K [0x0000000080000000, 0x0000000100000000)
  region size 1024K, 6 young (6144K), 6 survivors (6144K)
 Metaspace       used 43197K, committed 44544K, reserved 491520K
  class space    used 6252K, committed 6912K, reserved 425984K
}
Event: 17.312 GC heap before
{Heap before GC invocations=15 (full 0):
 garbage-first heap   total 110592K, used 98902K [0x0000000080000000, 0x0000000100000000)
  region size 1024K, 53 young (54272K), 6 survivors (6144K)
 Metaspace       used 48620K, committed 50048K, reserved 491520K
  class space    used 6931K, committed 7616K, reserved 425984K
}
Event: 17.329 GC heap after
{Heap after GC invocations=16 (full 0):
 garbage-first heap   total 110592K, used 48431K [0x0000000080000000, 0x0000000100000000)
  region size 1024K, 6 young (6144K), 6 survivors (6144K)
 Metaspace       used 48620K, committed 50048K, reserved 491520K
  class space    used 6931K, committed 7616K, reserved 425984K
}
Event: 17.808 GC heap before
{Heap before GC invocations=16 (full 0):
 garbage-first heap   total 110592K, used 96559K [0x0000000080000000, 0x0000000100000000)
  region size 1024K, 53 young (54272K), 6 survivors (6144K)
 Metaspace       used 48711K, committed 50176K, reserved 491520K
  class space    used 6932K, committed 7616K, reserved 425984K
}
Event: 17.820 GC heap after
{Heap after GC invocations=17 (full 0):
 garbage-first heap   total 110592K, used 49389K [0x0000000080000000, 0x0000000100000000)
  region size 1024K, 4 young (4096K), 4 survivors (4096K)
 Metaspace       used 48711K, committed 50176K, reserved 491520K
  class space    used 6932K, committed 7616K, reserved 425984K
}

Dll operation events (14 events):
Event: 0.013 Loaded shared library C:\Users\KHAN\.vscode\extensions\redhat.java-1.54.0-win32-x64\jre\21.0.10-win32-x86_64\bin\java.dll
Event: 0.142 Loaded shared library C:\Users\KHAN\.vscode\extensions\redhat.java-1.54.0-win32-x64\jre\21.0.10-win32-x86_64\bin\zip.dll
Event: 0.188 Loaded shared library C:\Users\KHAN\.vscode\extensions\redhat.java-1.54.0-win32-x64\jre\21.0.10-win32-x86_64\bin\instrument.dll
Event: 0.196 Loaded shared library C:\Users\KHAN\.vscode\extensions\redhat.java-1.54.0-win32-x64\jre\21.0.10-win32-x86_64\bin\net.dll
Event: 0.199 Loaded shared library C:\Users\KHAN\.vscode\extensions\redhat.java-1.54.0-win32-x64\jre\21.0.10-win32-x86_64\bin\nio.dll
Event: 0.205 Loaded shared library C:\Users\KHAN\.vscode\extensions\redhat.java-1.54.0-win32-x64\jre\21.0.10-win32-x86_64\bin\zip.dll
Event: 0.729 Loaded shared library C:\Users\KHAN\.vscode\extensions\redhat.java-1.54.0-win32-x64\jre\21.0.10-win32-x86_64\bin\jimage.dll
Event: 0.989 Loaded shared library C:\Users\KHAN\.vscode\extensions\redhat.java-1.54.0-win32-x64\jre\21.0.10-win32-x86_64\bin\verify.dll
Event: 1.259 Loaded shared library C:\Users\KHAN\.gradle\native\c067742578af261105cb4f569cf0c3c89f3d7b1fecec35dd04571415982c5e48\windows-amd64\native-platform.dll
Event: 1.490 Loaded shared library C:\Users\KHAN\.gradle\native\100fb08df4bc3b14c8652ba06237920a3bd2aa13389f12d3474272988ae205f9\windows-amd64\native-platform-file-events.dll
Event: 3.561 Loaded shared library C:\Users\KHAN\.vscode\extensions\redhat.java-1.54.0-win32-x64\jre\21.0.10-win32-x86_64\bin\management.dll
Event: 3.567 Loaded shared library C:\Users\KHAN\.vscode\extensions\redhat.java-1.54.0-win32-x64\jre\21.0.10-win32-x86_64\bin\management_ext.dll
Event: 3.952 Loaded shared library C:\Users\KHAN\.vscode\extensions\redhat.java-1.54.0-win32-x64\jre\21.0.10-win32-x86_64\bin\extnet.dll
Event: 4.282 Loaded shared library C:\Users\KHAN\.vscode\extensions\redhat.java-1.54.0-win32-x64\jre\21.0.10-win32-x86_64\bin\sunmscapi.dll

Deoptimization events (20 events):
Event: 18.422 Thread 0x000001b75e65f190 Uncommon trap: trap_request=0xffffff45 fr.pc=0x000001b731947ee0 relative=0x00000000000002a0
Event: 18.422 Thread 0x000001b75e65f190 Uncommon trap: reason=unstable_if action=reinterpret pc=0x000001b731947ee0 method=java.lang.String.regionMatches(ZILjava/lang/String;II)Z @ 36 c2
Event: 18.422 Thread 0x000001b75e65f190 DEOPT PACKING pc=0x000001b731947ee0 sp=0x00000078878f96e0
Event: 18.422 Thread 0x000001b75e65f190 DEOPT UNPACKING pc=0x000001b7312f4422 sp=0x00000078878f9648 mode 2
Event: 18.441 Thread 0x000001b75e65f190 Uncommon trap: trap_request=0xffffffde fr.pc=0x000001b731a535cc relative=0x00000000000024ec
Event: 18.441 Thread 0x000001b75e65f190 Uncommon trap: reason=class_check action=maybe_recompile pc=0x000001b731a535cc method=jdk.internal.loader.Resource.getBytes()[B @ 10 c2
Event: 18.441 Thread 0x000001b75e65f190 DEOPT PACKING pc=0x000001b731a535cc sp=0x00000078878f9990
Event: 18.441 Thread 0x000001b75e65f190 DEOPT UNPACKING pc=0x000001b7312f4422 sp=0x00000078878f99a8 mode 2
Event: 18.514 Thread 0x000001b75e65f190 Uncommon trap: trap_request=0xfffffff4 fr.pc=0x000001b73196e204 relative=0x0000000000000344
Event: 18.514 Thread 0x000001b75e65f190 Uncommon trap: reason=null_check action=make_not_entrant pc=0x000001b73196e204 method=sun.invoke.util.VerifyType.isNullConversion(Ljava/lang/Class;Ljava/lang/Class;Z)Z @ 67 c2
Event: 18.514 Thread 0x000001b75e65f190 DEOPT PACKING pc=0x000001b73196e204 sp=0x00000078878f8800
Event: 18.514 Thread 0x000001b75e65f190 DEOPT UNPACKING pc=0x000001b7312f4422 sp=0x00000078878f8780 mode 2
Event: 18.517 Thread 0x000001b75e65f190 Uncommon trap: trap_request=0xffffff45 fr.pc=0x000001b7319cf048 relative=0x00000000000000a8
Event: 18.517 Thread 0x000001b75e65f190 Uncommon trap: reason=unstable_if action=reinterpret pc=0x000001b7319cf048 method=java.lang.invoke.InvokerBytecodeGenerator.storeInsnOpcode(Ljava/lang/invoke/LambdaForm$BasicType;)I @ 8 c2
Event: 18.517 Thread 0x000001b75e65f190 DEOPT PACKING pc=0x000001b7319cf048 sp=0x00000078878f7f70
Event: 18.517 Thread 0x000001b75e65f190 DEOPT UNPACKING pc=0x000001b7312f4422 sp=0x00000078878f7f00 mode 2
Event: 18.577 Thread 0x000001b75e65f190 Uncommon trap: trap_request=0xffffff45 fr.pc=0x000001b731942468 relative=0x0000000000000328
Event: 18.577 Thread 0x000001b75e65f190 Uncommon trap: reason=unstable_if action=reinterpret pc=0x000001b731942468 method=java.util.stream.StreamOpFlag.fromCharacteristics(Ljava/util/Spliterator;)I @ 10 c2
Event: 18.577 Thread 0x000001b75e65f190 DEOPT PACKING pc=0x000001b731942468 sp=0x00000078878f8140
Event: 18.577 Thread 0x000001b75e65f190 DEOPT UNPACKING pc=0x000001b7312f4422 sp=0x00000078878f8038 mode 2

Classes loaded (20 events):
Event: 17.144 Loading class javax/naming/InvalidNameException
Event: 17.144 Loading class javax/naming/InvalidNameException done
Event: 17.144 Loading class javax/net/ssl/SSLPeerUnverifiedException
Event: 17.144 Loading class javax/net/ssl/SSLPeerUnverifiedException done
Event: 17.144 Loading class java/security/cert/CertificateParsingException
Event: 17.145 Loading class java/security/cert/CertificateException
Event: 17.145 Loading class java/security/cert/CertificateException done
Event: 17.145 Loading class java/security/cert/CertificateParsingException done
Event: 18.495 Loading class sun/reflect/MagicAccessorImpl
Event: 18.495 Loading class sun/reflect/MagicAccessorImpl done
Event: 18.514 Loading class sun/invoke/util/ValueConversions$1
Event: 18.514 Loading class sun/invoke/util/ValueConversions$1 done
Event: 18.515 Loading class java/lang/invoke/BoundMethodHandle$Species_LI
Event: 18.515 Loading class java/lang/invoke/BoundMethodHandle$Species_LI done
Event: 18.576 Loading class java/util/TreeMap$EntrySpliterator
Event: 18.577 Loading class java/util/TreeMap$TreeMapSpliterator
Event: 18.577 Loading class java/util/TreeMap$TreeMapSpliterator done
Event: 18.577 Loading class java/util/TreeMap$EntrySpliterator done
Event: 18.622 Loading class java/util/Stack
Event: 18.622 Loading class java/util/Stack done

Classes unloaded (0 events):
No events

Classes redefined (0 events):
No events

Internal exceptions (20 events):
Event: 18.405 Thread 0x000001b75f622650 Exception <a 'sun/nio/fs/WindowsException'{0x0000000085026c70}> (0x0000000085026c70) 
thrown [s\src\hotspot\share\prims\jni.cpp, line 520]
Event: 18.407 Thread 0x000001b75f622650 Exception <a 'sun/nio/fs/WindowsException'{0x0000000085036238}> (0x0000000085036238) 
thrown [s\src\hotspot\share\prims\jni.cpp, line 520]
Event: 18.410 Thread 0x000001b75f622650 Exception <a 'sun/nio/fs/WindowsException'{0x0000000085046c48}> (0x0000000085046c48) 
thrown [s\src\hotspot\share\prims\jni.cpp, line 520]
Event: 18.413 Thread 0x000001b75f622650 Exception <a 'sun/nio/fs/WindowsException'{0x000000008505ac68}> (0x000000008505ac68) 
thrown [s\src\hotspot\share\prims\jni.cpp, line 520]
Event: 18.416 Thread 0x000001b75f622650 Exception <a 'sun/nio/fs/WindowsException'{0x0000000085066478}> (0x0000000085066478) 
thrown [s\src\hotspot\share\prims\jni.cpp, line 520]
Event: 18.450 Thread 0x000001b75e65f190 Exception <a 'java/lang/ClassNotFoundException'{0x00000000850cafd8}: build_3p1xjqkz29usdx6g77nxzza85BeanInfo> (0x00000000850cafd8) 
thrown [s\src\hotspot\share\classfile\systemDictionary.cpp, line 312]
Event: 18.451 Thread 0x000001b75e65f190 Exception <a 'java/lang/ClassNotFoundException'{0x00000000850d45b0}: org/gradle/api/internal/project/ProjectScriptBeanInfo> (0x00000000850d45b0) 
thrown [s\src\hotspot\share\classfile\systemDictionary.cpp, line 312]
Event: 18.452 Thread 0x000001b75e65f190 Exception <a 'java/lang/ClassNotFoundException'{0x00000000850ddcb8}: org/gradle/plugin/use/internal/PluginsAwareScriptBeanInfo> (0x00000000850ddcb8) 
thrown [s\src\hotspot\share\classfile\systemDictionary.cpp, line 312]
Event: 18.452 Thread 0x000001b75e65f190 Exception <a 'java/lang/ClassNotFoundException'{0x00000000850e73b8}: org/gradle/plugin/use/internal/PluginsAwareScriptCustomizer> (0x00000000850e73b8) 
thrown [s\src\hotspot\share\classfile\systemDictionary.cpp, line 312]
Event: 18.454 Thread 0x000001b75e65f190 Exception <a 'java/lang/ClassNotFoundException'{0x00000000850f8b08}: org/gradle/api/internal/project/ProjectScriptCustomizer> (0x00000000850f8b08) 
thrown [s\src\hotspot\share\classfile\systemDictionary.cpp, line 312]
Event: 18.456 Thread 0x000001b75e65f190 Exception <a 'java/lang/ClassNotFoundException'{0x0000000084f10500}: build_3p1xjqkz29usdx6g77nxzza85Customizer> (0x0000000084f10500) 
thrown [s\src\hotspot\share\classfile\systemDictionary.cpp, line 312]
Event: 18.508 Thread 0x000001b75e65f190 Exception <a 'java/lang/ClassNotFoundException'{0x0000000084e0bb40}: org/gradle/api/internal/initialization/DefaultScriptHandler_DecoratedBeanInfo> (0x0000000084e0bb40) 
thrown [s\src\hotspot\share\classfile\systemDictionary.cpp, line 312]
Event: 18.509 Thread 0x000001b75e65f190 Exception <a 'java/lang/ClassNotFoundException'{0x0000000084e1aff8}: org/gradle/api/internal/initialization/DefaultScriptHandlerBeanInfo> (0x0000000084e1aff8) 
thrown [s\src\hotspot\share\classfile\systemDictionary.cpp, line 312]
Event: 18.510 Thread 0x000001b75e65f190 Exception <a 'java/lang/ClassNotFoundException'{0x0000000084e2a480}: org/gradle/api/internal/initialization/DefaultScriptHandlerCustomizer> (0x0000000084e2a480) 
thrown [s\src\hotspot\share\classfile\systemDictionary.cpp, line 312]
Event: 18.512 Thread 0x000001b75e65f190 Exception <a 'java/lang/ClassNotFoundException'{0x0000000084e46e18}: org/gradle/api/internal/initialization/DefaultScriptHandler_DecoratedCustomizer> (0x0000000084e46e18) 
thrown [s\src\hotspot\share\classfile\systemDictionary.cpp, line 312]
Event: 18.514 Thread 0x000001b75e65f190 Implicit null exception at 0x000001b73196df72 to 0x000001b73196e1f0
Event: 18.515 Thread 0x000001b75e65f190 Exception <a 'java/lang/NoSuchMethodError'{0x0000000084e5e160}: 'int java.lang.invoke.DirectMethodHandle$Holder.invokeSpecial(java.lang.Object, java.lang.Object, java.lang.Object, int)'> (0x0000000084e5e160) 
thrown [s\src\hotspot\share\interpreter\linkResolver.cpp, line 773]
Event: 18.516 Thread 0x000001b75e65f190 Exception <a 'java/lang/NoSuchMethodError'{0x0000000084e6f6c0}: 'java.lang.Object java.lang.invoke.DirectMethodHandle$Holder.invokeStatic(java.lang.Object, java.lang.Object, java.lang.Object, java.lang.Object, int)'> (0x0000000084e6f6c0) 
thrown [s\src\hotspot\share\interpreter\linkResolver.cpp, line 773]
Event: 18.517 Thread 0x000001b75e65f190 Exception <a 'java/lang/NoSuchMethodError'{0x0000000084e77d48}: 'java.lang.Object java.lang.invoke.DirectMethodHandle$Holder.invokeSpecial(java.lang.Object, java.lang.Object, java.lang.Object, java.lang.Object, int)'> (0x0000000084e77d48) 
thrown [s\src\hotspot\share\interpreter\linkResolver.cpp, line 773]
Event: 18.575 Thread 0x000001b75e65f190 Exception <a 'java/lang/IncompatibleClassChangeError'{0x0000000084d6b708}: Found class java.lang.Object, but interface was expected> (0x0000000084d6b708) 
thrown [s\src\hotspot\share\interpreter\linkResolver.cpp, line 840]

ZGC Phase Switch (0 events):
No events

VM Operations (20 events):
Event: 14.927 Executing non-safepoint VM operation: HandshakeAllThreads (Deoptimize)
Event: 14.927 Executing non-safepoint VM operation: HandshakeAllThreads (Deoptimize) done
Event: 15.192 Executing non-safepoint VM operation: HandshakeAllThreads (Deoptimize)
Event: 15.192 Executing non-safepoint VM operation: HandshakeAllThreads (Deoptimize) done
Event: 15.230 Executing non-safepoint VM operation: HandshakeAllThreads (Deoptimize)
Event: 15.230 Executing non-safepoint VM operation: HandshakeAllThreads (Deoptimize) done
Event: 15.755 Executing safepoint VM operation: ICBufferFull
Event: 15.755 Executing safepoint VM operation: ICBufferFull done
Event: 15.959 Executing safepoint VM operation: G1TryInitiateConcMark (G1 Humongous Allocation)
Event: 15.971 Executing safepoint VM operation: G1TryInitiateConcMark (G1 Humongous Allocation) done
Event: 16.365 Executing non-safepoint VM operation: HandshakeAllThreads (Deoptimize)
Event: 16.365 Executing non-safepoint VM operation: HandshakeAllThreads (Deoptimize) done
Event: 16.620 Executing safepoint VM operation: ICBufferFull
Event: 16.621 Executing safepoint VM operation: ICBufferFull done
Event: 16.794 Executing non-safepoint VM operation: HandshakeAllThreads (Deoptimize)
Event: 16.794 Executing non-safepoint VM operation: HandshakeAllThreads (Deoptimize) done
Event: 17.312 Executing safepoint VM operation: G1CollectForAllocation (G1 Evacuation Pause)
Event: 17.329 Executing safepoint VM operation: G1CollectForAllocation (G1 Evacuation Pause) done
Event: 17.808 Executing safepoint VM operation: G1CollectForAllocation (G1 Evacuation Pause)
Event: 17.820 Executing safepoint VM operation: G1CollectForAllocation (G1 Evacuation Pause) done

Memory protections (0 events):
No events

Nmethod flushes (20 events):
Event: 13.620 Thread 0x000001b73da17880 flushing  nmethod 0x000001b729f87190
Event: 13.620 Thread 0x000001b73da17880 flushing  nmethod 0x000001b729ff7310
Event: 13.620 Thread 0x000001b73da17880 flushing  nmethod 0x000001b72a04f710
Event: 13.620 Thread 0x000001b73da17880 flushing  nmethod 0x000001b72a0a8790
Event: 13.620 Thread 0x000001b73da17880 flushing  nmethod 0x000001b72a0a9b10
Event: 13.620 Thread 0x000001b73da17880 flushing  nmethod 0x000001b72a0aa710
Event: 13.620 Thread 0x000001b73da17880 flushing  nmethod 0x000001b72a0acd90
Event: 13.620 Thread 0x000001b73da17880 flushing  nmethod 0x000001b72a0b1210
Event: 13.620 Thread 0x000001b73da17880 flushing  nmethod 0x000001b72a143810
Event: 13.620 Thread 0x000001b73da17880 flushing  nmethod 0x000001b72a14e310
Event: 13.620 Thread 0x000001b73da17880 flushing  nmethod 0x000001b72a14e790
Event: 13.620 Thread 0x000001b73da17880 flushing  nmethod 0x000001b72a16b590
Event: 13.620 Thread 0x000001b73da17880 flushing  nmethod 0x000001b72a1b3f90
Event: 13.620 Thread 0x000001b73da17880 flushing  nmethod 0x000001b72a1b8d90
Event: 13.620 Thread 0x000001b73da17880 flushing  nmethod 0x000001b72a1b9310
Event: 13.620 Thread 0x000001b73da17880 flushing  nmethod 0x000001b72a216610
Event: 13.620 Thread 0x000001b73da17880 flushing  nmethod 0x000001b72a23f110
Event: 13.620 Thread 0x000001b73da17880 flushing  nmethod 0x000001b72a35ec10
Event: 13.620 Thread 0x000001b73da17880 flushing  nmethod 0x000001b72a35fb10
Event: 13.620 Thread 0x000001b73da17880 flushing  nmethod 0x000001b72a36b990

Events (20 events):
Event: 7.208 Thread 0x000001b75e65f190 Thread added: 0x000001b75e645bc0
Event: 7.231 Thread 0x000001b75e65f190 Thread added: 0x000001b75e646250
Event: 7.734 Thread 0x000001b75dd37470 Thread exited: 0x000001b75dd37470
Event: 7.844 Thread 0x000001b75e65f190 Thread added: 0x000001b75f61d100
Event: 7.887 Thread 0x000001b75e65f190 Thread added: 0x000001b75f61eb40
Event: 8.352 Thread 0x000001b75e65f190 Thread added: 0x000001b75f61f1d0
Event: 8.435 Thread 0x000001b75e65f190 Thread added: 0x000001b75f621930
Event: 8.734 Thread 0x000001b75e65f190 Thread added: 0x000001b75f61f860
Event: 8.810 Thread 0x000001b73da51220 Thread added: 0x000001b75fd1f130
Event: 9.102 Thread 0x000001b75e65f190 Thread added: 0x000001b75f61fef0
Event: 9.399 Thread 0x000001b75fd1f130 Thread exited: 0x000001b75fd1f130
Event: 9.400 Thread 0x000001b73da51220 Thread added: 0x000001b75fd1ee00
Event: 9.584 Thread 0x000001b75fd1ee00 Thread exited: 0x000001b75fd1ee00
Event: 9.630 Thread 0x000001b73da51220 Thread added: 0x000001b75ebbee50
Event: 14.144 Thread 0x000001b75e65f190 Thread added: 0x000001b75f620c10
Event: 14.601 Thread 0x000001b75ebbee50 Thread exited: 0x000001b75ebbee50
Event: 15.640 Thread 0x000001b75e65f190 Thread added: 0x000001b75f61c3e0
Event: 16.058 Thread 0x000001b73da51220 Thread added: 0x000001b76116f760
Event: 18.261 Thread 0x000001b76116f760 Thread exited: 0x000001b76116f760
Event: 18.392 Thread 0x000001b75e65f190 Thread added: 0x000001b75f622650


Dynamic libraries:
0x00007ff69e380000 - 0x00007ff69e38e000 	C:\Users\KHAN\.vscode\extensions\redhat.java-1.54.0-win32-x64\jre\21.0.10-win32-x86_64\bin\java.exe
0x00007ffec1a70000 - 0x00007ffec1c68000 	C:\Windows\SYSTEM32\ntdll.dll
0x00007ffec0210000 - 0x00007ffec02d2000 	C:\Windows\System32\KERNEL32.DLL
0x00007ffebf660000 - 0x00007ffebf956000 	C:\Windows\System32\KERNELBASE.dll
0x00007ffebf320000 - 0x00007ffebf420000 	C:\Windows\System32\ucrtbase.dll
0x00007ffea5740000 - 0x00007ffea5758000 	C:\Users\KHAN\.vscode\extensions\redhat.java-1.54.0-win32-x64\jre\21.0.10-win32-x86_64\bin\jli.dll
0x00007ffea52b0000 - 0x00007ffea52ce000 	C:\Users\KHAN\.vscode\extensions\redhat.java-1.54.0-win32-x64\jre\21.0.10-win32-x86_64\bin\VCRUNTIME140.dll
0x00007ffec0cc0000 - 0x00007ffec0e61000 	C:\Windows\System32\USER32.dll
0x00007ffebf1d0000 - 0x00007ffebf1f2000 	C:\Windows\System32\win32u.dll
0x00007ffec0c90000 - 0x00007ffec0cbb000 	C:\Windows\System32\GDI32.dll
0x00007ffebf200000 - 0x00007ffebf319000 	C:\Windows\System32\gdi32full.dll
0x00007ffeafc80000 - 0x00007ffeaff1b000 	C:\Windows\WinSxS\amd64_microsoft.windows.common-controls_6595b64144ccf1df_6.0.19041.6456_none_60b8a6cb71f64256\COMCTL32.dll
0x00007ffebf960000 - 0x00007ffebf9fd000 	C:\Windows\System32\msvcp_win.dll
0x00007ffec0050000 - 0x00007ffec00ee000 	C:\Windows\System32\msvcrt.dll
0x00007ffec0150000 - 0x00007ffec017f000 	C:\Windows\System32\IMM32.DLL
0x00007ffeb2990000 - 0x00007ffeb299c000 	C:\Users\KHAN\.vscode\extensions\redhat.java-1.54.0-win32-x64\jre\21.0.10-win32-x86_64\bin\vcruntime140_1.dll
0x00007ffe9adc0000 - 0x00007ffe9ae4d000 	C:\Users\KHAN\.vscode\extensions\redhat.java-1.54.0-win32-x64\jre\21.0.10-win32-x86_64\bin\msvcp140.dll
0x00007ffe76f30000 - 0x00007ffe77cd1000 	C:\Users\KHAN\.vscode\extensions\redhat.java-1.54.0-win32-x64\jre\21.0.10-win32-x86_64\bin\server\jvm.dll
0x00007ffec0e70000 - 0x00007ffec0f21000 	C:\Windows\System32\ADVAPI32.dll
0x00007ffebfdf0000 - 0x00007ffebfe8f000 	C:\Windows\System32\sechost.dll
0x00007ffebfa90000 - 0x00007ffebfbb0000 	C:\Windows\System32\RPCRT4.dll
0x00007ffebf4d0000 - 0x00007ffebf4f7000 	C:\Windows\System32\bcrypt.dll
0x00007ffec1050000 - 0x00007ffec10bb000 	C:\Windows\System32\WS2_32.dll
0x00007ffebe640000 - 0x00007ffebe68b000 	C:\Windows\SYSTEM32\POWRPROF.dll
0x00007ffeb0ac0000 - 0x00007ffeb0ae7000 	C:\Windows\SYSTEM32\WINMM.dll
0x00007ffeb0b00000 - 0x00007ffeb0b0a000 	C:\Windows\SYSTEM32\VERSION.dll
0x00007ffebe500000 - 0x00007ffebe512000 	C:\Windows\SYSTEM32\UMPDC.dll
0x00007ffebcf70000 - 0x00007ffebcf82000 	C:\Windows\SYSTEM32\kernel.appcore.dll
0x00007ffeb25d0000 - 0x00007ffeb25da000 	C:\Users\KHAN\.vscode\extensions\redhat.java-1.54.0-win32-x64\jre\21.0.10-win32-x86_64\bin\jimage.dll
0x00007ffeb0030000 - 0x00007ffeb0231000 	C:\Windows\SYSTEM32\DBGHELP.DLL
0x00007ffea9b90000 - 0x00007ffea9bc4000 	C:\Windows\SYSTEM32\dbgcore.DLL
0x00007ffebfa00000 - 0x00007ffebfa82000 	C:\Windows\System32\bcryptPrimitives.dll
0x00007ffebc420000 - 0x00007ffebc42f000 	C:\Users\KHAN\.vscode\extensions\redhat.java-1.54.0-win32-x64\jre\21.0.10-win32-x86_64\bin\instrument.dll
0x00007ffea2c70000 - 0x00007ffea2c90000 	C:\Users\KHAN\.vscode\extensions\redhat.java-1.54.0-win32-x64\jre\21.0.10-win32-x86_64\bin\java.dll
0x00007ffec03c0000 - 0x00007ffec0b30000 	C:\Windows\System32\SHELL32.dll
0x00007ffebd170000 - 0x00007ffebd915000 	C:\Windows\SYSTEM32\windows.storage.dll
0x00007ffec11e0000 - 0x00007ffec1534000 	C:\Windows\System32\combase.dll
0x00007ffebeb30000 - 0x00007ffebeb5b000 	C:\Windows\SYSTEM32\Wldp.dll
0x00007ffec0b30000 - 0x00007ffec0bfd000 	C:\Windows\System32\OLEAUT32.dll
0x00007ffec0fa0000 - 0x00007ffec104d000 	C:\Windows\System32\SHCORE.dll
0x00007ffec1540000 - 0x00007ffec159b000 	C:\Windows\System32\shlwapi.dll
0x00007ffebf030000 - 0x00007ffebf054000 	C:\Windows\SYSTEM32\profapi.dll
0x00007ffe9f560000 - 0x00007ffe9f578000 	C:\Users\KHAN\.vscode\extensions\redhat.java-1.54.0-win32-x64\jre\21.0.10-win32-x86_64\bin\zip.dll
0x00007ffeae2c0000 - 0x00007ffeae2d0000 	C:\Users\KHAN\.vscode\extensions\redhat.java-1.54.0-win32-x64\jre\21.0.10-win32-x86_64\bin\net.dll
0x00007ffeb6540000 - 0x00007ffeb664a000 	C:\Windows\SYSTEM32\WINHTTP.dll
0x00007ffebe890000 - 0x00007ffebe8fa000 	C:\Windows\system32\mswsock.dll
0x00007ffe9f540000 - 0x00007ffe9f556000 	C:\Users\KHAN\.vscode\extensions\redhat.java-1.54.0-win32-x64\jre\21.0.10-win32-x86_64\bin\nio.dll
0x00007ffebb360000 - 0x00007ffebb370000 	C:\Users\KHAN\.vscode\extensions\redhat.java-1.54.0-win32-x64\jre\21.0.10-win32-x86_64\bin\verify.dll
0x00007ffeb7b50000 - 0x00007ffeb7b77000 	C:\Users\KHAN\.gradle\native\c067742578af261105cb4f569cf0c3c89f3d7b1fecec35dd04571415982c5e48\windows-amd64\native-platform.dll
0x00007ffe8ec20000 - 0x00007ffe8ed64000 	C:\Users\KHAN\.gradle\native\100fb08df4bc3b14c8652ba06237920a3bd2aa13389f12d3474272988ae205f9\windows-amd64\native-platform-file-events.dll
0x00007ffeb8de0000 - 0x00007ffeb8dea000 	C:\Users\KHAN\.vscode\extensions\redhat.java-1.54.0-win32-x64\jre\21.0.10-win32-x86_64\bin\management.dll
0x00007ffeb7e20000 - 0x00007ffeb7e2c000 	C:\Users\KHAN\.vscode\extensions\redhat.java-1.54.0-win32-x64\jre\21.0.10-win32-x86_64\bin\management_ext.dll
0x00007ffec0f30000 - 0x00007ffec0f38000 	C:\Windows\System32\PSAPI.DLL
0x00007ffebea90000 - 0x00007ffebeaa8000 	C:\Windows\SYSTEM32\CRYPTSP.dll
0x00007ffebe140000 - 0x00007ffebe178000 	C:\Windows\system32\rsaenh.dll
0x00007ffebeff0000 - 0x00007ffebf01e000 	C:\Windows\SYSTEM32\USERENV.dll
0x00007ffebea80000 - 0x00007ffebea8c000 	C:\Windows\SYSTEM32\CRYPTBASE.dll
0x00007ffebe520000 - 0x00007ffebe55b000 	C:\Windows\SYSTEM32\IPHLPAPI.DLL
0x00007ffec0040000 - 0x00007ffec0048000 	C:\Windows\System32\NSI.dll
0x00007ffeadd10000 - 0x00007ffeadd19000 	C:\Users\KHAN\.vscode\extensions\redhat.java-1.54.0-win32-x64\jre\21.0.10-win32-x86_64\bin\extnet.dll
0x00007ffeb9120000 - 0x00007ffeb912e000 	C:\Users\KHAN\.vscode\extensions\redhat.java-1.54.0-win32-x64\jre\21.0.10-win32-x86_64\bin\sunmscapi.dll
0x00007ffebf500000 - 0x00007ffebf65d000 	C:\Windows\System32\CRYPT32.dll
0x00007ffebeba0000 - 0x00007ffebebc7000 	C:\Windows\SYSTEM32\ncrypt.dll
0x00007ffebeb60000 - 0x00007ffebeb9b000 	C:\Windows\SYSTEM32\NTASN1.dll
0x00007ffeadf00000 - 0x00007ffeadf07000 	C:\Windows\system32\wshunix.dll

JVMTI agents:
C:\Users\KHAN\.gradle\wrapper\dists\gradle-8.9-bin\90cnw93cvbtalezasaz0blq0a\gradle-8.9\lib\agents\gradle-instrumentation-agent-8.9.jar path:C:\Users\KHAN\.vscode\extensions\redhat.java-1.54.0-win32-x64\jre\21.0.10-win32-x86_64\bin\instrument.dll, loaded, initialized, instrumentlib options:none

dbghelp: loaded successfully - version: 4.0.5 - missing functions: none
symbol engine: initialized successfully - sym options: 0x614 - pdb path: .;C:\Users\KHAN\.vscode\extensions\redhat.java-1.54.0-win32-x64\jre\21.0.10-win32-x86_64\bin;C:\Windows\SYSTEM32;C:\Windows\WinSxS\amd64_microsoft.windows.common-controls_6595b64144ccf1df_6.0.19041.6456_none_60b8a6cb71f64256;C:\Users\KHAN\.vscode\extensions\redhat.java-1.54.0-win32-x64\jre\21.0.10-win32-x86_64\bin\server;C:\Users\KHAN\.gradle\native\c067742578af261105cb4f569cf0c3c89f3d7b1fecec35dd04571415982c5e48\windows-amd64;C:\Users\KHAN\.gradle\native\100fb08df4bc3b14c8652ba06237920a3bd2aa13389f12d3474272988ae205f9\windows-amd64

VM Arguments:
jvm_args: -XX:MaxMetaspaceSize=512m --add-opens=java.base/java.util=ALL-UNNAMED --add-opens=java.base/java.lang=ALL-UNNAMED --add-opens=java.base/java.lang.invoke=ALL-UNNAMED --add-opens=java.prefs/java.util.prefs=ALL-UNNAMED --add-exports=jdk.compiler/com.sun.tools.javac.api=ALL-UNNAMED --add-exports=jdk.compiler/com.sun.tools.javac.util=ALL-UNNAMED --add-opens=java.base/java.nio.charset=ALL-UNNAMED --add-opens=java.base/java.net=ALL-UNNAMED --add-opens=java.base/java.util.concurrent.atomic=ALL-UNNAMED -Xmx2048m -Dfile.encoding=utf8 -Duser.country=US -Duser.language=en -Duser.variant -javaagent:C:\Users\KHAN\.gradle\wrapper\dists\gradle-8.9-bin\90cnw93cvbtalezasaz0blq0a\gradle-8.9\lib\agents\gradle-instrumentation-agent-8.9.jar 
java_command: org.gradle.launcher.daemon.bootstrap.GradleDaemon 8.9
java_class_path (initial): C:\Users\KHAN\.gradle\wrapper\dists\gradle-8.9-bin\90cnw93cvbtalezasaz0blq0a\gradle-8.9\lib\gradle-daemon-main-8.9.jar
Launcher Type: SUN_STANDARD

[Global flags]
     intx CICompilerCount                          = 3                                         {product} {ergonomic}
   size_t CompressedClassSpaceSize                 = 436207616                                 {product} {ergonomic}
     uint ConcGCThreads                            = 1                                         {product} {ergonomic}
     uint G1ConcRefinementThreads                  = 4                                         {product} {ergonomic}
   size_t G1HeapRegionSize                         = 1048576                                   {product} {ergonomic}
    uintx GCDrainStackTargetSize                   = 64                                        {product} {ergonomic}
   size_t InitialHeapSize                          = 134217728                                 {product} {ergonomic}
   size_t MarkStackSize                            = 4194304                                   {product} {ergonomic}
   size_t MaxHeapSize                              = 2147483648                                {product} {command line}
   size_t MaxMetaspaceSize                         = 536870912                                 {product} {command line}
   size_t MaxNewSize                               = 1287651328                                {product} {ergonomic}
   size_t MinHeapDeltaBytes                        = 1048576                                   {product} {ergonomic}
   size_t MinHeapSize                              = 8388608                                   {product} {ergonomic}
    uintx NonNMethodCodeHeapSize                   = 5832780                                {pd product} {ergonomic}
    uintx NonProfiledCodeHeapSize                  = 122912730                              {pd product} {ergonomic}
    uintx ProfiledCodeHeapSize                     = 122912730                              {pd product} {ergonomic}
    uintx ReservedCodeCacheSize                    = 251658240                              {pd product} {ergonomic}
     bool SegmentedCodeCache                       = true                                      {product} {ergonomic}
   size_t SoftMaxHeapSize                          = 2147483648                             {manageable} {ergonomic}
     bool UseCompressedOops                        = true                           {product lp64_product} {ergonomic}
     bool UseG1GC                                  = true                                      {product} {ergonomic}
     bool UseLargePagesIndividualAllocation        = false                                  {pd product} {ergonomic}

Logging:
Log output configuration:
 #0: stdout all=warning uptime,level,tags foldmultilines=false
 #1: stderr all=off uptime,level,tags foldmultilines=false

Release file:
JAVA_VERSION="21.0.10" 
MODULES="java.base java.compiler java.datatransfer java.xml java.prefs java.desktop java.instrument java.logging java.management java.security.sasl java.naming java.rmi java.management.rmi java.net.http java.scripting java.security.jgss java.transaction.xa java.sql java.sql.rowset java.xml.crypto java.se java.smartcardio jdk.accessibility jdk.internal.jvmstat jdk.attach jdk.charsets jdk.internal.opt jdk.zipfs jdk.compiler jdk.crypto.ec jdk.crypto.cryptoki jdk.crypto.mscapi jdk.dynalink jdk.internal.ed jdk.editpad jdk.hotspot.agent jdk.httpserver jdk.internal.le jdk.internal.vm.ci jdk.internal.vm.compiler jdk.internal.vm.compiler.management jdk.jartool jdk.javadoc jdk.jcmd jdk.management jdk.management.agent jdk.jconsole jdk.jdeps jdk.jdwp.agent jdk.jdi jdk.jfr jdk.jshell jdk.jsobject jdk.jstatd jdk.localedata jdk.management.jfr jdk.naming.dns jdk.naming.rmi jdk.net jdk.nio.mapmode jdk.random jdk.sctp jdk.security.auth jdk.security.jgss jdk.unsupported jdk.unsupported.desktop jdk.xml.dom" 

Environment Variables:
JAVA_HOME=C:\Program Files\Microsoft\jdk-17.0.10.7-hotspot\
PATH=C:\Python312\Scripts\;C:\Python312\;C:\Program Files\Microsoft\jdk-17.0.10.7-hotspot\bin;C:\Windows\system32;C:\Windows;C:\Windows\System32\Wbem;C:\Windows\System32\WindowsPowerShell\v1.0\;C:\Windows\System32\OpenSSH\;C:\ProgramData\chocolatey\bin;C:\Program Files\Git\cmd;C:\Users\KHAN\AppData\Local\Android\Sdk\platform-tools;C:\Users\KHAN\AppData\Local\Android\Sdk\tools;C:\Program Files\nodejs\;C:\Program Files (x86)\Microsoft SQL Server\160\Tools\Binn\;C:\Program Files\Microsoft SQL Server\160\Tools\Binn\;C:\Program Files\Microsoft SQL Server\Client SDK\ODBC\170\Tools\Binn\;C:\Program Files\Microsoft SQL Server\160\DTS\Binn\;C:\Program Files\MongoDB\Server\8.2\bin;C:\tools\php85;C:\ProgramData\ComposerSetup\bin;C:\Users\KHAN\AppData\Local\Microsoft\WindowsApps;C:\Users\KHAN\AppData\Local\Programs\Microsoft VS Code\bin;C:\Users\KHAN\AppData\Local\Android\Sdk\platform-tools;C:\Users\KHAN\AppData\Local\Android\Sdk\platform-tools;C:\Users\KHAN\AppData\Roaming\npm;C:\Program Files\mongosh\;C:\Users\KHAN\AppData\Local\Programs\Antigravity\bin;C:\Users\KHAN\AppData\Roaming\Composer\vendor\bin;C:\Users\KHAN\AppData\Local\Programs\Windsurf\bin
USERNAME=KHAN
OS=Windows_NT
PROCESSOR_IDENTIFIER=Intel64 Family 6 Model 58 Stepping 9, GenuineIntel
TMP=C:\Users\KHAN\AppData\Local\Temp
TEMP=C:\Users\KHAN\AppData\Local\Temp




Periodic native trim disabled

---------------  S Y S T E M  ---------------

OS:
 Windows 10 , 64 bit Build 19041 (10.0.19041.5915)
OS uptime: 5 days 18:12 hours

CPU: total 4 (initial active 4) (2 cores per cpu, 2 threads per core) family 6 model 58 stepping 9 microcode 0x21, cx8, cmov, fxsr, ht, mmx, sse, sse2, sse3, ssse3, sse4.1, sse4.2, popcnt, tsc, tscinvbit, avx, aes, erms, clmul, vzeroupper, clflush, rdtscp, f16c
Processor Information for the first 4 processors :
  Max Mhz: 2601, Current Mhz: 2601, Mhz Limit: 2601

Memory: 4k page, system-wide physical 8095M (346M free)
TotalPageFile size 23286M (AvailPageFile size 10M)
current process WorkingSet (physical memory assigned to process): 277M, peak: 278M
current process commit charge ("private bytes"): 307M, peak: 314M

vm_info: OpenJDK 64-Bit Server VM (21.0.10+7-LTS) for windows-amd64 JRE (21.0.10+7-LTS), built on 2026-01-20T00:00:00Z by "admin" with MS VC++ 17.12 (VS2022)

END.
