#
# There is insufficient memory for the Java Runtime Environment to continue.
# Native memory allocation (malloc) failed to allocate 1048576 bytes. Error detail: AllocateHeap
# Possible reasons:
#   The system is out of physical RAM or swap space
#   This process is running with CompressedOops enabled, and the Java Heap may be blocking the growth of the native heap
# Possible solutions:
#   Reduce memory load on the system
#   Increase physical memory or swap space
#   Check if swap backing store is full
#   Decrease Java heap size (-Xmx/-Xms)
#   Decrease number of Java threads
#   Decrease Java thread stack sizes (-Xss)
#   Set larger code cache with -XX:ReservedCodeCacheSize=
#   JVM is running with Unscaled Compressed Oops mode in which the Java heap is
#     placed in the first 4GB address space. The Java Heap base address is the
#     maximum limit for the native heap growth. Please use -XX:HeapBaseMinAddress
#     to set the Java Heap base and to place the Java Heap above 4GB virtual address.
# This output file may be truncated or incomplete.
#
#  Out of Memory Error (allocation.cpp:44), pid=7384, tid=17828
#
# JRE version: OpenJDK Runtime Environment Temurin-21.0.10+7 (21.0.10+7) (build 21.0.10+7-LTS)
# Java VM: OpenJDK 64-Bit Server VM Temurin-21.0.10+7 (21.0.10+7-LTS, mixed mode, sharing, tiered, compressed oops, compressed class ptrs, parallel gc, windows-amd64)
# No core dump will be written. Minidumps are not enabled by default on client versions of Windows
#

---------------  S U M M A R Y ------------

Command Line: --add-modules=ALL-SYSTEM --add-opens=java.base/java.util=ALL-UNNAMED --add-opens=java.base/java.lang=ALL-UNNAMED --add-opens=java.base/sun.nio.fs=ALL-UNNAMED -Declipse.application=org.eclipse.jdt.ls.core.id1 -Dosgi.bundles.defaultStartLevel=4 -Declipse.product=org.eclipse.jdt.ls.core.product -Djava.import.generatesMetadataFilesAtProjectRoot=false -DDetectVMInstallationsJob.disabled=true -Dfile.encoding=utf8 -XX:+UseParallelGC -XX:GCTimeRatio=4 -XX:AdaptiveSizePolicyWeight=90 -Dsun.zip.disableMemoryMapping=true -Xmx2G -Xms100m -Xlog:disable -javaagent:c:\Users\KHAN\.vscode\extensions\redhat.java-1.53.0-win32-x64\lombok\lombok-1.18.39-4050.jar -XX:+HeapDumpOnOutOfMemoryError -XX:HeapDumpPath=c:\Users\KHAN\AppData\Roaming\Code\User\workspaceStorage\68ccc319445cd5e44a420bc5d8f9fddf\redhat.java -Daether.dependencyCollector.impl=bf c:\Users\KHAN\.vscode\extensions\redhat.java-1.53.0-win32-x64\server\plugins\org.eclipse.equinox.launcher_1.7.100.v20251111-0406.jar -configuration c:\Users\KHAN\AppData\Roaming\Code\User\globalStorage\redhat.java\1.53.0\config_win -data c:\Users\KHAN\AppData\Roaming\Code\User\workspaceStorage\68ccc319445cd5e44a420bc5d8f9fddf\redhat.java\jdt_ws --pipe=\\.\pipe\lsp-1694bff107b4099c0b63865200bef63b-sock

Host: Intel(R) Core(TM) i5-3320M CPU @ 2.60GHz, 4 cores, 7G,  Windows 10 , 64 bit Build 19041 (10.0.19041.5915)
Time: Fri Mar 27 18:59:39 2026 Pakistan Standard Time elapsed time: 178796.097467 seconds (2d 1h 39m 56s)

---------------  T H R E A D  ---------------

Current thread (0x000001743bca3300):  JavaThread "Attach Listener" daemon [_thread_in_vm, id=17828, stack(0x0000005f13d00000,0x0000005f13e00000) (1024K)]

Stack: [0x0000005f13d00000,0x0000005f13e00000]
Native frames: (J=compiled Java code, j=interpreted, Vv=VM code, C=native code)
V  [jvm.dll+0x6d7a39]
V  [jvm.dll+0x8b4b26]
V  [jvm.dll+0x8b70de]
V  [jvm.dll+0x8b77c3]
V  [jvm.dll+0x284346]
V  [jvm.dll+0xc1277]
V  [jvm.dll+0x6d82e9]
V  [jvm.dll+0x1334a6]
V  [jvm.dll+0x3f857e]
V  [jvm.dll+0x85f59d]
V  [jvm.dll+0x6d626d]
C  [ucrtbase.dll+0x21bb2]
C  [KERNEL32.DLL+0x17374]
C  [ntdll.dll+0x4cc91]


---------------  P R O C E S S  ---------------

Threads class SMR info:
_java_thread_list=0x0000017404d87d20, length=31, elements={
0x0000017422fe6b80, 0x000001743bc9cd50, 0x000001743bc9e9b0, 0x000001743bca26a0,
0x000001743bca3300, 0x000001743bca3f60, 0x000001743bca69d0, 0x000001743bca7810,
0x000001743bd18ff0, 0x000001747dae1b00, 0x000001747dbe8630, 0x000001747dde7130,
0x000001747db74f80, 0x000001747da8fd20, 0x000001747d9c0c00, 0x000001747dbe51e0,
0x000001747e569050, 0x000001747e9e1d40, 0x000001747e3e2150, 0x000001747e3e1430,
0x000001747e3e1ac0, 0x000001747e3e0da0, 0x00000174054d40f0, 0x00000174054d9640,
0x00000174054d26b0, 0x00000174054d4780, 0x00000174054d4e10, 0x00000174054d9cd0,
0x00000174054d8fb0, 0x00000174054d6ee0, 0x00000174054d5b30
}

Java Threads: ( => current thread )
  0x0000017422fe6b80 JavaThread "main"                              [_thread_blocked, id=19320, stack(0x0000005f13600000,0x0000005f13700000) (1024K)]
  0x000001743bc9cd50 JavaThread "Reference Handler"          daemon [_thread_blocked, id=9524, stack(0x0000005f13a00000,0x0000005f13b00000) (1024K)]
  0x000001743bc9e9b0 JavaThread "Finalizer"                  daemon [_thread_blocked, id=15864, stack(0x0000005f13b00000,0x0000005f13c00000) (1024K)]
  0x000001743bca26a0 JavaThread "Signal Dispatcher"          daemon [_thread_blocked, id=13632, stack(0x0000005f13c00000,0x0000005f13d00000) (1024K)]
=>0x000001743bca3300 JavaThread "Attach Listener"            daemon [_thread_in_vm, id=17828, stack(0x0000005f13d00000,0x0000005f13e00000) (1024K)]
  0x000001743bca3f60 JavaThread "Service Thread"             daemon [_thread_blocked, id=14288, stack(0x0000005f13e00000,0x0000005f13f00000) (1024K)]
  0x000001743bca69d0 JavaThread "Monitor Deflation Thread"   daemon [_thread_blocked, id=21596, stack(0x0000005f13f00000,0x0000005f14000000) (1024K)]
  0x000001743bca7810 JavaThread "C2 CompilerThread0"         daemon [_thread_blocked, id=10460, stack(0x0000005f14000000,0x0000005f14100000) (1024K)]
  0x000001743bd18ff0 JavaThread "C1 CompilerThread0"         daemon [_thread_blocked, id=20628, stack(0x0000005f14100000,0x0000005f14200000) (1024K)]
  0x000001747dae1b00 JavaThread "Common-Cleaner"             daemon [_thread_blocked, id=3968, stack(0x0000005f14200000,0x0000005f14300000) (1024K)]
  0x000001747dbe8630 JavaThread "Notification Thread"        daemon [_thread_blocked, id=19360, stack(0x0000005f14300000,0x0000005f14400000) (1024K)]
  0x000001747dde7130 JavaThread "Active Thread: Equinox Container: da75b7d1-cb18-41a7-95c3-36d5acfe174a"        [_thread_blocked, id=17912, stack(0x0000005f14700000,0x0000005f14800000) (1024K)]
  0x000001747db74f80 JavaThread "Refresh Thread: Equinox Container: da75b7d1-cb18-41a7-95c3-36d5acfe174a" daemon [_thread_blocked, id=16248, stack(0x0000005f14900000,0x0000005f14a00000) (1024K)]
  0x000001747da8fd20 JavaThread "Framework Event Dispatcher: Equinox Container: da75b7d1-cb18-41a7-95c3-36d5acfe174a" daemon [_thread_blocked, id=10492, stack(0x0000005f14800000,0x0000005f14900000) (1024K)]
  0x000001747d9c0c00 JavaThread "Start Level: Equinox Container: da75b7d1-cb18-41a7-95c3-36d5acfe174a" daemon [_thread_blocked, id=19656, stack(0x0000005f14a00000,0x0000005f14b00000) (1024K)]
  0x000001747dbe51e0 JavaThread "Bundle File Closer"         daemon [_thread_blocked, id=17516, stack(0x0000005f14c00000,0x0000005f14d00000) (1024K)]
  0x000001747e569050 JavaThread "SCR Component Actor"        daemon [_thread_blocked, id=436, stack(0x0000005f14b00000,0x0000005f14c00000) (1024K)]
  0x000001747e9e1d40 JavaThread "Worker-JM"                         [_thread_blocked, id=12156, stack(0x0000005f14d00000,0x0000005f14e00000) (1024K)]
  0x000001747e3e2150 JavaThread "JNA Cleaner"                daemon [_thread_blocked, id=11144, stack(0x0000005f14f00000,0x0000005f15000000) (1024K)]
  0x000001747e3e1430 JavaThread "Java indexing"              daemon [_thread_blocked, id=21472, stack(0x0000005f15300000,0x0000005f15400000) (1024K)]
  0x000001747e3e1ac0 JavaThread "Worker-4"                          [_thread_blocked, id=8928, stack(0x0000005f15700000,0x0000005f15800000) (1024K)]
  0x000001747e3e0da0 JavaThread "Thread-1"                   daemon [_thread_in_native, id=9928, stack(0x0000005f15900000,0x0000005f15a00000) (1024K)]
  0x00000174054d40f0 JavaThread "Thread-2"                   daemon [_thread_in_native, id=9980, stack(0x0000005f15a00000,0x0000005f15b00000) (1024K)]
  0x00000174054d9640 JavaThread "Thread-3"                   daemon [_thread_in_native, id=9332, stack(0x0000005f15b00000,0x0000005f15c00000) (1024K)]
  0x00000174054d26b0 JavaThread "Thread-4"                   daemon [_thread_in_native, id=12956, stack(0x0000005f15c00000,0x0000005f15d00000) (1024K)]
  0x00000174054d4780 JavaThread "Thread-5"                   daemon [_thread_in_native, id=13360, stack(0x0000005f15d00000,0x0000005f15e00000) (1024K)]
  0x00000174054d4e10 JavaThread "pool-2-thread-1"                   [_thread_blocked, id=8072, stack(0x0000005f15e00000,0x0000005f15f00000) (1024K)]
  0x00000174054d9cd0 JavaThread "WorkspaceEventsHandler"            [_thread_blocked, id=7432, stack(0x0000005f15f00000,0x0000005f16000000) (1024K)]
  0x00000174054d8fb0 JavaThread "pool-1-thread-1"                   [_thread_blocked, id=8668, stack(0x0000005f16000000,0x0000005f16100000) (1024K)]
  0x00000174054d6ee0 JavaThread "Timer-0"                           [_thread_blocked, id=6748, stack(0x0000005f14e00000,0x0000005f14f00000) (1024K)]
  0x00000174054d5b30 JavaThread "Worker-6"                          [_thread_blocked, id=19004, stack(0x0000005f13400000,0x0000005f13500000) (1024K)]
Total: 31

Other Threads:
  0x00000174253725e0 VMThread "VM Thread"                           [id=11768, stack(0x0000005f13900000,0x0000005f13a00000) (1024K)]
  0x000001743bc4cb40 WatcherThread "VM Periodic Task Thread"        [id=1444, stack(0x0000005f13800000,0x0000005f13900000) (1024K)]
  0x00000174252cf3b0 WorkerThread "GC Thread#0"                     [id=12260, stack(0x0000005f13700000,0x0000005f13800000) (1024K)]
  0x000001747e3a42b0 WorkerThread "GC Thread#1"                     [id=12004, stack(0x0000005f14400000,0x0000005f14500000) (1024K)]
  0x000001747e3a4660 WorkerThread "GC Thread#2"                     [id=7980, stack(0x0000005f14500000,0x0000005f14600000) (1024K)]
  0x000001747dccf6c0 WorkerThread "GC Thread#3"                     [id=5924, stack(0x0000005f14600000,0x0000005f14700000) (1024K)]
Total: 6

Threads with active compile tasks:
Total: 0

VM state: not at safepoint (normal execution)

VM Mutex/Monitor currently owned by a thread: None

Heap address: 0x0000000080000000, size: 2048 MB, Compressed Oops mode: 32-bit

CDS archive(s) mapped at: [0x000001743c000000-0x000001743cba0000-0x000001743cba0000), size 12189696, SharedBaseAddress: 0x000001743c000000, ArchiveRelocationMode: 1.
Compressed class space mapped at: 0x000001743d000000-0x000001747d000000, reserved size: 1073741824
Narrow klass base: 0x000001743c000000, Narrow klass shift: 0, Narrow klass range: 0x100000000

GC Precious Log:
 CardTable entry size: 512
 CPUs: 4 total, 4 available
 Memory: 8095M
 Large Page Support: Disabled
 NUMA Support: Disabled
 Compressed Oops: Enabled (32-bit)
 Alignments: Space 512K, Generation 512K, Heap 2M
 Heap Min Capacity: 100M
 Heap Initial Capacity: 100M
 Heap Max Capacity: 2G
 Pre-touch: Disabled
 Parallel Workers: 4

Heap:
 PSYoungGen      total 13824K, used 3360K [0x00000000d5580000, 0x00000000d6600000, 0x0000000100000000)
  eden space 13312K, 24% used [0x00000000d5580000,0x00000000d58a8340,0x00000000d6280000)
  from space 512K, 25% used [0x00000000d6580000,0x00000000d65a0000,0x00000000d6600000)
  to   space 512K, 0% used [0x00000000d6500000,0x00000000d6500000,0x00000000d6580000)
 ParOldGen       total 116736K, used 116283K [0x0000000080000000, 0x0000000087200000, 0x00000000d5580000)
  object space 116736K, 99% used [0x0000000080000000,0x000000008718ee88,0x0000000087200000)
 Metaspace       used 64346K, committed 65920K, reserved 1114112K
  class space    used 7474K, committed 8128K, reserved 1048576K

Card table byte_map: [0x0000017424c60000,0x0000017425070000] _byte_map_base: 0x0000017424860000

Marking Bits: (ParMarkBitMap*) 0x00007ff8631b3450
 Begin Bits: [0x0000017437770000, 0x0000017439770000)
 End Bits:   [0x0000017439770000, 0x000001743b770000)

Polling page: 0x00000174231a0000

Metaspace:

Usage:
  Non-class:     55.54 MB used.
      Class:      7.30 MB used.
       Both:     62.84 MB used.

Virtual space:
  Non-class space:       64.00 MB reserved,      56.44 MB ( 88%) committed,  1 nodes.
      Class space:        1.00 GB reserved,       7.94 MB ( <1%) committed,  1 nodes.
             Both:        1.06 GB reserved,      64.38 MB (  6%) committed. 

Chunk freelists:
   Non-Class:  7.48 MB
       Class:  7.94 MB
        Both:  15.43 MB

MaxMetaspaceSize: unlimited
CompressedClassSpaceSize: 1.00 GB
Initial GC threshold: 21.00 MB
Current GC threshold: 97.31 MB
CDS: on
 - commit_granule_bytes: 65536.
 - commit_granule_words: 8192.
 - virtual_space_node_default_size: 8388608.
 - enlarge_chunks_in_place: 1.
 - use_allocation_guard: 0.


Internal statistics:

num_allocs_failed_limit: 13.
num_arena_births: 1312.
num_arena_deaths: 14.
num_vsnodes_births: 2.
num_vsnodes_deaths: 0.
num_space_committed: 1030.
num_space_uncommitted: 0.
num_chunks_returned_to_freelist: 27.
num_chunks_taken_from_freelist: 4139.
num_chunk_merges: 19.
num_chunk_splits: 2670.
num_chunks_enlarged: 1657.
num_inconsistent_stats: 0.

CodeHeap 'non-profiled nmethods': size=120000Kb used=7433Kb max_used=7433Kb free=112566Kb
 bounds [0x000001742ff90000, 0x00000174306e0000, 0x00000174374c0000]
CodeHeap 'profiled nmethods': size=120000Kb used=21171Kb max_used=21171Kb free=98829Kb
 bounds [0x00000174284c0000, 0x0000017429970000, 0x000001742f9f0000]
CodeHeap 'non-nmethods': size=5760Kb used=1406Kb max_used=1459Kb free=4353Kb
 bounds [0x000001742f9f0000, 0x000001742fc60000, 0x000001742ff90000]
CodeCache: size=245760Kb, used=30010Kb, max_used=30063Kb, free=215748Kb
 total_blobs=10630, nmethods=9914, adapters=622, full_count=0
Compilation: enabled, stopped_count=0, restarted_count=0

Compilation events (20 events):
Event: 174787.465 Thread 0x000001743bd18ff0 10706       3       com.sun.org.apache.xerces.internal.dom.CoreDocumentImpl::createAttribute (47 bytes)
Event: 174787.481 Thread 0x000001743bd18ff0 nmethod 10706 0x0000017429969b10 code [0x0000017429969d40, 0x000001742996a400]
Event: 174787.502 Thread 0x000001743bd18ff0 10707       3       jdk.internal.misc.Unsafe::getAndBitwiseOrInt (27 bytes)
Event: 174787.502 Thread 0x000001743bd18ff0 nmethod 10707 0x000001742996a690 code [0x000001742996a840, 0x000001742996aa70]
Event: 174787.519 Thread 0x000001743bd18ff0 10708       1       org.eclipse.jdt.launching.LibraryLocation::getJavadocLocation (5 bytes)
Event: 174787.520 Thread 0x000001743bd18ff0 nmethod 10708 0x00000174306d0f90 code [0x00000174306d1120, 0x00000174306d11e8]
Event: 174787.521 Thread 0x000001743bd18ff0 10709       1       org.eclipse.jdt.launching.LibraryLocation::getSystemLibrarySourcePath (5 bytes)
Event: 174787.522 Thread 0x000001743bd18ff0 nmethod 10709 0x00000174306d1290 code [0x00000174306d1420, 0x00000174306d14e8]
Event: 174787.536 Thread 0x000001743bd18ff0 10710       3       java.util.stream.SpinedBuffer::ensureCapacity (138 bytes)
Event: 174787.542 Thread 0x000001743bd18ff0 nmethod 10710 0x000001742996ab90 code [0x000001742996ade0, 0x000001742996bb48]
Event: 174787.608 Thread 0x000001743bd18ff0 10711       3       org.eclipse.core.internal.watson.ElementTree::getParent (22 bytes)
Event: 174787.609 Thread 0x000001743bd18ff0 nmethod 10711 0x000001742996c010 code [0x000001742996c1e0, 0x000001742996c568]
Event: 174787.726 Thread 0x000001743bd18ff0 10712       3       org.eclipse.lsp4j.jsonrpc.messages.Either::forLeft (10 bytes)
Event: 174787.727 Thread 0x000001743bd18ff0 nmethod 10712 0x000001742996c710 code [0x000001742996c8c0, 0x000001742996cae8]
Event: 174787.727 Thread 0x000001743bd18ff0 10713       1       org.eclipse.core.internal.jobs.InternalJob::internalSetPriority (6 bytes)
Event: 174787.727 Thread 0x000001743bd18ff0 nmethod 10713 0x00000174306d1590 code [0x00000174306d1720, 0x00000174306d17e8]
Event: 178584.800 Thread 0x000001743bca7810 10714   !   4       java.util.concurrent.locks.AbstractQueuedSynchronizer$ConditionObject::newConditionNode (78 bytes)
Event: 178584.855 Thread 0x000001743bca7810 nmethod 10714 0x00000174306d1890 code [0x00000174306d1a80, 0x00000174306d1e18]
Event: 178625.653 Thread 0x000001743bca7810 10715   !   4       java.util.concurrent.locks.AbstractQueuedSynchronizer::reacquire (64 bytes)
Event: 178625.663 Thread 0x000001743bca7810 nmethod 10715 0x00000174306d2110 code [0x00000174306d22c0, 0x00000174306d24b0]

GC Heap History (20 events):
Event: 163.866 GC heap before
{Heap before GC invocations=130 (full 3):
 PSYoungGen      total 13824K, used 13664K [0x00000000d5580000, 0x00000000d6480000, 0x0000000100000000)
  eden space 13312K, 100% used [0x00000000d5580000,0x00000000d6280000,0x00000000d6280000)
  from space 512K, 68% used [0x00000000d6400000,0x00000000d6458000,0x00000000d6480000)
  to   space 512K, 0% used [0x00000000d6380000,0x00000000d6380000,0x00000000d6400000)
 ParOldGen       total 112640K, used 112450K [0x0000000080000000, 0x0000000086e00000, 0x00000000d5580000)
  object space 112640K, 99% used [0x0000000080000000,0x0000000086dd0a10,0x0000000086e00000)
 Metaspace       used 62696K, committed 64192K, reserved 1114112K
  class space    used 7320K, committed 8000K, reserved 1048576K
}
Event: 163.878 GC heap after
{Heap after GC invocations=130 (full 3):
 PSYoungGen      total 13824K, used 512K [0x00000000d5580000, 0x00000000d6880000, 0x0000000100000000)
  eden space 13312K, 0% used [0x00000000d5580000,0x00000000d5580000,0x00000000d6280000)
  from space 512K, 100% used [0x00000000d6380000,0x00000000d6400000,0x00000000d6400000)
  to   space 3072K, 0% used [0x00000000d6580000,0x00000000d6580000,0x00000000d6880000)
 ParOldGen       total 114688K, used 114602K [0x0000000080000000, 0x0000000087000000, 0x00000000d5580000)
  object space 114688K, 99% used [0x0000000080000000,0x0000000086feab68,0x0000000087000000)
 Metaspace       used 62696K, committed 64192K, reserved 1114112K
  class space    used 7320K, committed 8000K, reserved 1048576K
}
Event: 163.925 GC heap before
{Heap before GC invocations=131 (full 3):
 PSYoungGen      total 13824K, used 13824K [0x00000000d5580000, 0x00000000d6880000, 0x0000000100000000)
  eden space 13312K, 100% used [0x00000000d5580000,0x00000000d6280000,0x00000000d6280000)
  from space 512K, 100% used [0x00000000d6380000,0x00000000d6400000,0x00000000d6400000)
  to   space 3072K, 0% used [0x00000000d6580000,0x00000000d6580000,0x00000000d6880000)
 ParOldGen       total 114688K, used 114602K [0x0000000080000000, 0x0000000087000000, 0x00000000d5580000)
  object space 114688K, 99% used [0x0000000080000000,0x0000000086feab68,0x0000000087000000)
 Metaspace       used 62696K, committed 64192K, reserved 1114112K
  class space    used 7320K, committed 8000K, reserved 1048576K
}
Event: 163.927 GC heap after
{Heap after GC invocations=131 (full 3):
 PSYoungGen      total 13824K, used 256K [0x00000000d5580000, 0x00000000d6600000, 0x0000000100000000)
  eden space 13312K, 0% used [0x00000000d5580000,0x00000000d5580000,0x00000000d6280000)
  from space 512K, 50% used [0x00000000d6580000,0x00000000d65c0000,0x00000000d6600000)
  to   space 1536K, 0% used [0x00000000d6300000,0x00000000d6300000,0x00000000d6480000)
 ParOldGen       total 115200K, used 115130K [0x0000000080000000, 0x0000000087080000, 0x00000000d5580000)
  object space 115200K, 99% used [0x0000000080000000,0x000000008706eb68,0x0000000087080000)
 Metaspace       used 62696K, committed 64192K, reserved 1114112K
  class space    used 7320K, committed 8000K, reserved 1048576K
}
Event: 163.989 GC heap before
{Heap before GC invocations=132 (full 3):
 PSYoungGen      total 13824K, used 13568K [0x00000000d5580000, 0x00000000d6600000, 0x0000000100000000)
  eden space 13312K, 100% used [0x00000000d5580000,0x00000000d6280000,0x00000000d6280000)
  from space 512K, 50% used [0x00000000d6580000,0x00000000d65c0000,0x00000000d6600000)
  to   space 1536K, 0% used [0x00000000d6300000,0x00000000d6300000,0x00000000d6480000)
 ParOldGen       total 115200K, used 115130K [0x0000000080000000, 0x0000000087080000, 0x00000000d5580000)
  object space 115200K, 99% used [0x0000000080000000,0x000000008706eb68,0x0000000087080000)
 Metaspace       used 62696K, committed 64192K, reserved 1114112K
  class space    used 7320K, committed 8000K, reserved 1048576K
}
Event: 163.991 GC heap after
{Heap after GC invocations=132 (full 3):
 PSYoungGen      total 14848K, used 416K [0x00000000d5580000, 0x00000000d6600000, 0x0000000100000000)
  eden space 13312K, 0% used [0x00000000d5580000,0x00000000d5580000,0x00000000d6280000)
  from space 1536K, 27% used [0x00000000d6300000,0x00000000d6368000,0x00000000d6480000)
  to   space 512K, 0% used [0x00000000d6580000,0x00000000d6580000,0x00000000d6600000)
 ParOldGen       total 115712K, used 115346K [0x0000000080000000, 0x0000000087100000, 0x00000000d5580000)
  object space 115712K, 99% used [0x0000000080000000,0x00000000870a4b68,0x0000000087100000)
 Metaspace       used 62696K, committed 64192K, reserved 1114112K
  class space    used 7320K, committed 8000K, reserved 1048576K
}
Event: 164.080 GC heap before
{Heap before GC invocations=133 (full 3):
 PSYoungGen      total 14848K, used 13728K [0x00000000d5580000, 0x00000000d6600000, 0x0000000100000000)
  eden space 13312K, 100% used [0x00000000d5580000,0x00000000d6280000,0x00000000d6280000)
  from space 1536K, 27% used [0x00000000d6300000,0x00000000d6368000,0x00000000d6480000)
  to   space 512K, 0% used [0x00000000d6580000,0x00000000d6580000,0x00000000d6600000)
 ParOldGen       total 115712K, used 115346K [0x0000000080000000, 0x0000000087100000, 0x00000000d5580000)
  object space 115712K, 99% used [0x0000000080000000,0x00000000870a4b68,0x0000000087100000)
 Metaspace       used 62707K, committed 64192K, reserved 1114112K
  class space    used 7322K, committed 8000K, reserved 1048576K
}
Event: 164.082 GC heap after
{Heap after GC invocations=133 (full 3):
 PSYoungGen      total 13824K, used 192K [0x00000000d5580000, 0x00000000d6600000, 0x0000000100000000)
  eden space 13312K, 0% used [0x00000000d5580000,0x00000000d5580000,0x00000000d6280000)
  from space 512K, 37% used [0x00000000d6580000,0x00000000d65b0000,0x00000000d6600000)
  to   space 512K, 0% used [0x00000000d6500000,0x00000000d6500000,0x00000000d6580000)
 ParOldGen       total 115712K, used 115666K [0x0000000080000000, 0x0000000087100000, 0x00000000d5580000)
  object space 115712K, 99% used [0x0000000080000000,0x00000000870f4868,0x0000000087100000)
 Metaspace       used 62707K, committed 64192K, reserved 1114112K
  class space    used 7322K, committed 8000K, reserved 1048576K
}
Event: 164.159 GC heap before
{Heap before GC invocations=134 (full 3):
 PSYoungGen      total 13824K, used 13504K [0x00000000d5580000, 0x00000000d6600000, 0x0000000100000000)
  eden space 13312K, 100% used [0x00000000d5580000,0x00000000d6280000,0x00000000d6280000)
  from space 512K, 37% used [0x00000000d6580000,0x00000000d65b0000,0x00000000d6600000)
  to   space 512K, 0% used [0x00000000d6500000,0x00000000d6500000,0x00000000d6580000)
 ParOldGen       total 115712K, used 115666K [0x0000000080000000, 0x0000000087100000, 0x00000000d5580000)
  object space 115712K, 99% used [0x0000000080000000,0x00000000870f4868,0x0000000087100000)
 Metaspace       used 62707K, committed 64192K, reserved 1114112K
  class space    used 7322K, committed 8000K, reserved 1048576K
}
Event: 164.160 GC heap after
{Heap after GC invocations=134 (full 3):
 PSYoungGen      total 13824K, used 162K [0x00000000d5580000, 0x00000000d6600000, 0x0000000100000000)
  eden space 13312K, 0% used [0x00000000d5580000,0x00000000d5580000,0x00000000d6280000)
  from space 512K, 31% used [0x00000000d6500000,0x00000000d6528b48,0x00000000d6580000)
  to   space 512K, 0% used [0x00000000d6580000,0x00000000d6580000,0x00000000d6600000)
 ParOldGen       total 115712K, used 115706K [0x0000000080000000, 0x0000000087100000, 0x00000000d5580000)
  object space 115712K, 99% used [0x0000000080000000,0x00000000870fe868,0x0000000087100000)
 Metaspace       used 62707K, committed 64192K, reserved 1114112K
  class space    used 7322K, committed 8000K, reserved 1048576K
}
Event: 416.072 GC heap before
{Heap before GC invocations=135 (full 3):
 PSYoungGen      total 13824K, used 13474K [0x00000000d5580000, 0x00000000d6600000, 0x0000000100000000)
  eden space 13312K, 100% used [0x00000000d5580000,0x00000000d6280000,0x00000000d6280000)
  from space 512K, 31% used [0x00000000d6500000,0x00000000d6528b48,0x00000000d6580000)
  to   space 512K, 0% used [0x00000000d6580000,0x00000000d6580000,0x00000000d6600000)
 ParOldGen       total 115712K, used 115706K [0x0000000080000000, 0x0000000087100000, 0x00000000d5580000)
  object space 115712K, 99% used [0x0000000080000000,0x00000000870fe868,0x0000000087100000)
 Metaspace       used 63743K, committed 65280K, reserved 1114112K
  class space    used 7442K, committed 8128K, reserved 1048576K
}
Event: 416.189 GC heap after
{Heap after GC invocations=135 (full 3):
 PSYoungGen      total 13824K, used 505K [0x00000000d5580000, 0x00000000d6600000, 0x0000000100000000)
  eden space 13312K, 0% used [0x00000000d5580000,0x00000000d5580000,0x00000000d6280000)
  from space 512K, 98% used [0x00000000d6580000,0x00000000d65fe470,0x00000000d6600000)
  to   space 1024K, 0% used [0x00000000d6400000,0x00000000d6400000,0x00000000d6500000)
 ParOldGen       total 116224K, used 115730K [0x0000000080000000, 0x0000000087180000, 0x00000000d5580000)
  object space 116224K, 99% used [0x0000000080000000,0x0000000087104868,0x0000000087180000)
 Metaspace       used 63743K, committed 65280K, reserved 1114112K
  class space    used 7442K, committed 8128K, reserved 1048576K
}
Event: 1838.022 GC heap before
{Heap before GC invocations=136 (full 3):
 PSYoungGen      total 13824K, used 13817K [0x00000000d5580000, 0x00000000d6600000, 0x0000000100000000)
  eden space 13312K, 100% used [0x00000000d5580000,0x00000000d6280000,0x00000000d6280000)
  from space 512K, 98% used [0x00000000d6580000,0x00000000d65fe470,0x00000000d6600000)
  to   space 1024K, 0% used [0x00000000d6400000,0x00000000d6400000,0x00000000d6500000)
 ParOldGen       total 116224K, used 115730K [0x0000000080000000, 0x0000000087180000, 0x00000000d5580000)
  object space 116224K, 99% used [0x0000000080000000,0x0000000087104868,0x0000000087180000)
 Metaspace       used 64061K, committed 65536K, reserved 1114112K
  class space    used 7471K, committed 8128K, reserved 1048576K
}
Event: 1838.265 GC heap after
{Heap after GC invocations=136 (full 3):
 PSYoungGen      total 14336K, used 128K [0x00000000d5580000, 0x00000000d6600000, 0x0000000100000000)
  eden space 13312K, 0% used [0x00000000d5580000,0x00000000d5580000,0x00000000d6280000)
  from space 1024K, 12% used [0x00000000d6400000,0x00000000d6420000,0x00000000d6500000)
  to   space 512K, 0% used [0x00000000d6580000,0x00000000d6580000,0x00000000d6600000)
 ParOldGen       total 116224K, used 116171K [0x0000000080000000, 0x0000000087180000, 0x00000000d5580000)
  object space 116224K, 99% used [0x0000000080000000,0x0000000087172e88,0x0000000087180000)
 Metaspace       used 64061K, committed 65536K, reserved 1114112K
  class space    used 7471K, committed 8128K, reserved 1048576K
}
Event: 4919.789 GC heap before
{Heap before GC invocations=137 (full 3):
 PSYoungGen      total 14336K, used 13440K [0x00000000d5580000, 0x00000000d6600000, 0x0000000100000000)
  eden space 13312K, 100% used [0x00000000d5580000,0x00000000d6280000,0x00000000d6280000)
  from space 1024K, 12% used [0x00000000d6400000,0x00000000d6420000,0x00000000d6500000)
  to   space 512K, 0% used [0x00000000d6580000,0x00000000d6580000,0x00000000d6600000)
 ParOldGen       total 116224K, used 116171K [0x0000000080000000, 0x0000000087180000, 0x00000000d5580000)
  object space 116224K, 99% used [0x0000000080000000,0x0000000087172e88,0x0000000087180000)
 Metaspace       used 64183K, committed 65728K, reserved 1114112K
  class space    used 7471K, committed 8128K, reserved 1048576K
}
Event: 4919.873 GC heap after
{Heap after GC invocations=137 (full 3):
 PSYoungGen      total 13824K, used 128K [0x00000000d5580000, 0x00000000d6600000, 0x0000000100000000)
  eden space 13312K, 0% used [0x00000000d5580000,0x00000000d5580000,0x00000000d6280000)
  from space 512K, 25% used [0x00000000d6580000,0x00000000d65a0000,0x00000000d6600000)
  to   space 512K, 0% used [0x00000000d6500000,0x00000000d6500000,0x00000000d6580000)
 ParOldGen       total 116736K, used 116227K [0x0000000080000000, 0x0000000087200000, 0x00000000d5580000)
  object space 116736K, 99% used [0x0000000080000000,0x0000000087180e88,0x0000000087200000)
 Metaspace       used 64183K, committed 65728K, reserved 1114112K
  class space    used 7471K, committed 8128K, reserved 1048576K
}
Event: 5785.886 GC heap before
{Heap before GC invocations=138 (full 3):
 PSYoungGen      total 13824K, used 13440K [0x00000000d5580000, 0x00000000d6600000, 0x0000000100000000)
  eden space 13312K, 100% used [0x00000000d5580000,0x00000000d6280000,0x00000000d6280000)
  from space 512K, 25% used [0x00000000d6580000,0x00000000d65a0000,0x00000000d6600000)
  to   space 512K, 0% used [0x00000000d6500000,0x00000000d6500000,0x00000000d6580000)
 ParOldGen       total 116736K, used 116227K [0x0000000080000000, 0x0000000087200000, 0x00000000d5580000)
  object space 116736K, 99% used [0x0000000080000000,0x0000000087180e88,0x0000000087200000)
 Metaspace       used 64248K, committed 65792K, reserved 1114112K
  class space    used 7474K, committed 8128K, reserved 1048576K
}
Event: 5785.889 GC heap after
{Heap after GC invocations=138 (full 3):
 PSYoungGen      total 13824K, used 128K [0x00000000d5580000, 0x00000000d6600000, 0x0000000100000000)
  eden space 13312K, 0% used [0x00000000d5580000,0x00000000d5580000,0x00000000d6280000)
  from space 512K, 25% used [0x00000000d6500000,0x00000000d6520000,0x00000000d6580000)
  to   space 512K, 0% used [0x00000000d6580000,0x00000000d6580000,0x00000000d6600000)
 ParOldGen       total 116736K, used 116251K [0x0000000080000000, 0x0000000087200000, 0x00000000d5580000)
  object space 116736K, 99% used [0x0000000080000000,0x0000000087186e88,0x0000000087200000)
 Metaspace       used 64248K, committed 65792K, reserved 1114112K
  class space    used 7474K, committed 8128K, reserved 1048576K
}
Event: 174487.650 GC heap before
{Heap before GC invocations=139 (full 3):
 PSYoungGen      total 13824K, used 13440K [0x00000000d5580000, 0x00000000d6600000, 0x0000000100000000)
  eden space 13312K, 100% used [0x00000000d5580000,0x00000000d6280000,0x00000000d6280000)
  from space 512K, 25% used [0x00000000d6500000,0x00000000d6520000,0x00000000d6580000)
  to   space 512K, 0% used [0x00000000d6580000,0x00000000d6580000,0x00000000d6600000)
 ParOldGen       total 116736K, used 116251K [0x0000000080000000, 0x0000000087200000, 0x00000000d5580000)
  object space 116736K, 99% used [0x0000000080000000,0x0000000087186e88,0x0000000087200000)
 Metaspace       used 64322K, committed 65792K, reserved 1114112K
  class space    used 7474K, committed 8128K, reserved 1048576K
}
Event: 174487.768 GC heap after
{Heap after GC invocations=139 (full 3):
 PSYoungGen      total 13824K, used 128K [0x00000000d5580000, 0x00000000d6600000, 0x0000000100000000)
  eden space 13312K, 0% used [0x00000000d5580000,0x00000000d5580000,0x00000000d6280000)
  from space 512K, 25% used [0x00000000d6580000,0x00000000d65a0000,0x00000000d6600000)
  to   space 512K, 0% used [0x00000000d6500000,0x00000000d6500000,0x00000000d6580000)
 ParOldGen       total 116736K, used 116283K [0x0000000080000000, 0x0000000087200000, 0x00000000d5580000)
  object space 116736K, 99% used [0x0000000080000000,0x000000008718ee88,0x0000000087200000)
 Metaspace       used 64322K, committed 65792K, reserved 1114112K
  class space    used 7474K, committed 8128K, reserved 1048576K
}

Dll operation events (15 events):
Event: 0.015 Loaded shared library c:\Users\KHAN\.vscode\extensions\redhat.java-1.53.0-win32-x64\jre\21.0.10-win32-x86_64\bin\java.dll
Event: 0.343 Loaded shared library c:\Users\KHAN\.vscode\extensions\redhat.java-1.53.0-win32-x64\jre\21.0.10-win32-x86_64\bin\zip.dll
Event: 0.451 Loaded shared library C:\Users\KHAN\.vscode\extensions\redhat.java-1.53.0-win32-x64\jre\21.0.10-win32-x86_64\bin\instrument.dll
Event: 0.497 Loaded shared library C:\Users\KHAN\.vscode\extensions\redhat.java-1.53.0-win32-x64\jre\21.0.10-win32-x86_64\bin\net.dll
Event: 0.508 Loaded shared library C:\Users\KHAN\.vscode\extensions\redhat.java-1.53.0-win32-x64\jre\21.0.10-win32-x86_64\bin\nio.dll
Event: 0.521 Loaded shared library C:\Users\KHAN\.vscode\extensions\redhat.java-1.53.0-win32-x64\jre\21.0.10-win32-x86_64\bin\zip.dll
Event: 0.607 Loaded shared library C:\Users\KHAN\.vscode\extensions\redhat.java-1.53.0-win32-x64\jre\21.0.10-win32-x86_64\bin\jimage.dll
Event: 1.100 Loaded shared library c:\Users\KHAN\.vscode\extensions\redhat.java-1.53.0-win32-x64\jre\21.0.10-win32-x86_64\bin\verify.dll
Event: 7.179 Loaded shared library C:\Users\KHAN\AppData\Roaming\Code\User\globalStorage\redhat.java\1.53.0\config_win\org.eclipse.equinox.launcher\org.eclipse.equinox.launcher.win32.win32.x86_64_1.3.0.v20260203-2149\eclipse_11919.dll
Event: 11.655 Loaded shared library C:\Users\KHAN\AppData\Local\Temp\jna-2305610\jna5954210524506566726.dll
Event: 22.687 Loaded shared library C:\Users\KHAN\.gradle\native\1def1411415f61bf3af743bc5b6707747c0891f09f0c88961ee8f79bc544acac\windows-amd64\native-platform.dll
Event: 25.058 Loaded shared library C:\Users\KHAN\.vscode\extensions\redhat.java-1.53.0-win32-x64\jre\21.0.10-win32-x86_64\bin\management.dll
Event: 25.062 Loaded shared library C:\Users\KHAN\.vscode\extensions\redhat.java-1.53.0-win32-x64\jre\21.0.10-win32-x86_64\bin\management_ext.dll
Event: 25.966 Loaded shared library C:\Users\KHAN\.vscode\extensions\redhat.java-1.53.0-win32-x64\jre\21.0.10-win32-x86_64\bin\extnet.dll
Event: 30.297 Loaded shared library C:\Users\KHAN\.vscode\extensions\redhat.java-1.53.0-win32-x64\jre\21.0.10-win32-x86_64\bin\sunmscapi.dll

Deoptimization events (20 events):
Event: 8628.815 Thread 0x000001747e3e1ac0 Uncommon trap: trap_request=0xffffffbe fr.pc=0x00000174306b6fe0 relative=0x0000000000001400
Event: 8628.816 Thread 0x000001747e3e1ac0 Uncommon trap: reason=profile_predicate action=maybe_recompile pc=0x00000174306b6fe0 method=org.eclipse.jdt.internal.compiler.util.HashtableOfObjectToInt.get(Ljava/lang/Object;)I @ 54 c2
Event: 8628.816 Thread 0x000001747e3e1ac0 DEOPT PACKING pc=0x00000174306b6fe0 sp=0x0000005f157fea70
Event: 8628.817 Thread 0x000001747e3e1ac0 DEOPT UNPACKING pc=0x000001742fa43aa2 sp=0x0000005f157fe9b8 mode 2
Event: 8628.820 Thread 0x000001747e3e1ac0 Uncommon trap: trap_request=0xffffffbe fr.pc=0x00000174306b6fe0 relative=0x0000000000001400
Event: 8628.820 Thread 0x000001747e3e1ac0 Uncommon trap: reason=profile_predicate action=maybe_recompile pc=0x00000174306b6fe0 method=org.eclipse.jdt.internal.compiler.util.HashtableOfObjectToInt.get(Ljava/lang/Object;)I @ 54 c2
Event: 8628.820 Thread 0x000001747e3e1ac0 DEOPT PACKING pc=0x00000174306b6fe0 sp=0x0000005f157fea70
Event: 8628.820 Thread 0x000001747e3e1ac0 DEOPT UNPACKING pc=0x000001742fa43aa2 sp=0x0000005f157fe9b8 mode 2
Event: 8628.822 Thread 0x000001747e3e1ac0 Uncommon trap: trap_request=0xffffffbe fr.pc=0x00000174306b6fe0 relative=0x0000000000001400
Event: 8628.822 Thread 0x000001747e3e1ac0 Uncommon trap: reason=profile_predicate action=maybe_recompile pc=0x00000174306b6fe0 method=org.eclipse.jdt.internal.compiler.util.HashtableOfObjectToInt.get(Ljava/lang/Object;)I @ 54 c2
Event: 8628.822 Thread 0x000001747e3e1ac0 DEOPT PACKING pc=0x00000174306b6fe0 sp=0x0000005f157fea70
Event: 8628.822 Thread 0x000001747e3e1ac0 DEOPT UNPACKING pc=0x000001742fa43aa2 sp=0x0000005f157fe9b8 mode 2
Event: 8628.823 Thread 0x000001747e3e1ac0 Uncommon trap: trap_request=0xffffffbe fr.pc=0x00000174306b6fe0 relative=0x0000000000001400
Event: 8628.823 Thread 0x000001747e3e1ac0 Uncommon trap: reason=profile_predicate action=maybe_recompile pc=0x00000174306b6fe0 method=org.eclipse.jdt.internal.compiler.util.HashtableOfObjectToInt.get(Ljava/lang/Object;)I @ 54 c2
Event: 8628.823 Thread 0x000001747e3e1ac0 DEOPT PACKING pc=0x00000174306b6fe0 sp=0x0000005f157fea70
Event: 8628.823 Thread 0x000001747e3e1ac0 DEOPT UNPACKING pc=0x000001742fa43aa2 sp=0x0000005f157fe9b8 mode 2
Event: 24671.217 Thread 0x000001747e3e1ac0 DEOPT PACKING pc=0x0000017428db145b sp=0x0000005f157fed00
Event: 24671.219 Thread 0x000001747e3e1ac0 DEOPT UNPACKING pc=0x000001742fa44242 sp=0x0000005f157fe198 mode 0
Event: 56278.516 Thread 0x00000174054d6ee0 DEOPT PACKING pc=0x000001742994bcab sp=0x0000005f14eff5e0
Event: 56278.563 Thread 0x00000174054d6ee0 DEOPT UNPACKING pc=0x000001742fa44242 sp=0x0000005f14efeac8 mode 0

Classes loaded (20 events):
Event: 625.070 Loading class java/util/stream/Nodes$CollectorTask$OfRef
Event: 625.071 Loading class java/util/stream/Nodes$CollectorTask
Event: 625.076 Loading class java/util/stream/Nodes$CollectorTask done
Event: 625.076 Loading class java/util/stream/Nodes$CollectorTask$OfRef done
Event: 625.083 Loading class java/util/function/LongFunction
Event: 625.084 Loading class java/util/function/LongFunction done
Event: 625.085 Loading class java/util/stream/Nodes$ConcNode
Event: 625.086 Loading class java/util/stream/Nodes$AbstractConcNode
Event: 625.086 Loading class java/util/stream/Nodes$AbstractConcNode done
Event: 625.086 Loading class java/util/stream/Nodes$ConcNode done
Event: 625.148 Loading class java/util/stream/Nodes$ToArrayTask$OfRef
Event: 625.149 Loading class java/util/stream/Nodes$ToArrayTask
Event: 625.151 Loading class java/util/stream/Nodes$ToArrayTask done
Event: 625.151 Loading class java/util/stream/Nodes$ToArrayTask$OfRef done
Event: 625.161 Loading class java/io/ObjectOutputStream$BlockDataOutputStream
Event: 625.161 Loading class java/io/ObjectOutputStream$BlockDataOutputStream done
Event: 625.161 Loading class java/io/ObjectOutputStream$HandleTable
Event: 625.162 Loading class java/io/ObjectOutputStream$HandleTable done
Event: 625.162 Loading class java/io/ObjectOutputStream$ReplaceTable
Event: 625.162 Loading class java/io/ObjectOutputStream$ReplaceTable done

Classes unloaded (7 events):
Event: 12.865 Thread 0x00000174253725e0 Unloading class 0x000001743d1acc00 'java/lang/invoke/LambdaForm$MH+0x000001743d1acc00'
Event: 12.865 Thread 0x00000174253725e0 Unloading class 0x000001743d1ac800 'java/lang/invoke/LambdaForm$MH+0x000001743d1ac800'
Event: 12.865 Thread 0x00000174253725e0 Unloading class 0x000001743d1ac400 'java/lang/invoke/LambdaForm$MH+0x000001743d1ac400'
Event: 12.865 Thread 0x00000174253725e0 Unloading class 0x000001743d1ac000 'java/lang/invoke/LambdaForm$MH+0x000001743d1ac000'
Event: 12.865 Thread 0x00000174253725e0 Unloading class 0x000001743d1abc00 'java/lang/invoke/LambdaForm$BMH+0x000001743d1abc00'
Event: 12.865 Thread 0x00000174253725e0 Unloading class 0x000001743d1ab800 'java/lang/invoke/LambdaForm$DMH+0x000001743d1ab800'
Event: 12.865 Thread 0x00000174253725e0 Unloading class 0x000001743d1aa400 'java/lang/invoke/LambdaForm$DMH+0x000001743d1aa400'

Classes redefined (0 events):
No events

Internal exceptions (20 events):
Event: 174787.518 Thread 0x00000174054d5b30 Exception <a 'sun/nio/fs/WindowsException'{0x00000000d567f040}> (0x00000000d567f040) 
thrown [s\src\hotspot\share\prims\jni.cpp, line 520]
Event: 174787.518 Thread 0x00000174054d5b30 Exception <a 'sun/nio/fs/WindowsException'{0x00000000d567f9c8}> (0x00000000d567f9c8) 
thrown [s\src\hotspot\share\prims\jni.cpp, line 520]
Event: 174787.519 Thread 0x00000174054d5b30 Exception <a 'sun/nio/fs/WindowsException'{0x00000000d5681960}> (0x00000000d5681960) 
thrown [s\src\hotspot\share\prims\jni.cpp, line 520]
Event: 174787.519 Thread 0x00000174054d5b30 Exception <a 'sun/nio/fs/WindowsException'{0x00000000d56822e8}> (0x00000000d56822e8) 
thrown [s\src\hotspot\share\prims\jni.cpp, line 520]
Event: 174787.520 Thread 0x00000174054d5b30 Exception <a 'sun/nio/fs/WindowsException'{0x00000000d5683ad0}> (0x00000000d5683ad0) 
thrown [s\src\hotspot\share\prims\jni.cpp, line 520]
Event: 174787.520 Thread 0x00000174054d5b30 Exception <a 'sun/nio/fs/WindowsException'{0x00000000d5684458}> (0x00000000d5684458) 
thrown [s\src\hotspot\share\prims\jni.cpp, line 520]
Event: 174787.520 Thread 0x00000174054d5b30 Exception <a 'sun/nio/fs/WindowsException'{0x00000000d5685b80}> (0x00000000d5685b80) 
thrown [s\src\hotspot\share\prims\jni.cpp, line 520]
Event: 174787.520 Thread 0x00000174054d5b30 Exception <a 'sun/nio/fs/WindowsException'{0x00000000d5686508}> (0x00000000d5686508) 
thrown [s\src\hotspot\share\prims\jni.cpp, line 520]
Event: 174787.528 Thread 0x00000174054d5b30 Exception <a 'sun/nio/fs/WindowsException'{0x00000000d56af008}> (0x00000000d56af008) 
thrown [s\src\hotspot\share\prims\jni.cpp, line 520]
Event: 174787.528 Thread 0x00000174054d5b30 Exception <a 'sun/nio/fs/WindowsException'{0x00000000d56af990}> (0x00000000d56af990) 
thrown [s\src\hotspot\share\prims\jni.cpp, line 520]
Event: 174787.529 Thread 0x00000174054d5b30 Exception <a 'sun/nio/fs/WindowsException'{0x00000000d56b1468}> (0x00000000d56b1468) 
thrown [s\src\hotspot\share\prims\jni.cpp, line 520]
Event: 174787.529 Thread 0x00000174054d5b30 Exception <a 'sun/nio/fs/WindowsException'{0x00000000d56b1df0}> (0x00000000d56b1df0) 
thrown [s\src\hotspot\share\prims\jni.cpp, line 520]
Event: 174787.529 Thread 0x00000174054d5b30 Exception <a 'sun/nio/fs/WindowsException'{0x00000000d56b35d8}> (0x00000000d56b35d8) 
thrown [s\src\hotspot\share\prims\jni.cpp, line 520]
Event: 174787.530 Thread 0x00000174054d5b30 Exception <a 'sun/nio/fs/WindowsException'{0x00000000d56b3f60}> (0x00000000d56b3f60) 
thrown [s\src\hotspot\share\prims\jni.cpp, line 520]
Event: 174787.530 Thread 0x00000174054d5b30 Exception <a 'sun/nio/fs/WindowsException'{0x00000000d56b5978}> (0x00000000d56b5978) 
thrown [s\src\hotspot\share\prims\jni.cpp, line 520]
Event: 174787.530 Thread 0x00000174054d5b30 Exception <a 'sun/nio/fs/WindowsException'{0x00000000d56b6300}> (0x00000000d56b6300) 
thrown [s\src\hotspot\share\prims\jni.cpp, line 520]
Event: 174787.531 Thread 0x00000174054d5b30 Exception <a 'sun/nio/fs/WindowsException'{0x00000000d56b9030}> (0x00000000d56b9030) 
thrown [s\src\hotspot\share\prims\jni.cpp, line 520]
Event: 174787.531 Thread 0x00000174054d5b30 Exception <a 'sun/nio/fs/WindowsException'{0x00000000d56b99b8}> (0x00000000d56b99b8) 
thrown [s\src\hotspot\share\prims\jni.cpp, line 520]
Event: 174787.532 Thread 0x00000174054d5b30 Exception <a 'sun/nio/fs/WindowsException'{0x00000000d56bb1a0}> (0x00000000d56bb1a0) 
thrown [s\src\hotspot\share\prims\jni.cpp, line 520]
Event: 174787.532 Thread 0x00000174054d5b30 Exception <a 'sun/nio/fs/WindowsException'{0x00000000d56bbb28}> (0x00000000d56bbb28) 
thrown [s\src\hotspot\share\prims\jni.cpp, line 520]

ZGC Phase Switch (0 events):
No events

VM Operations (20 events):
Event: 178481.322 Executing non-safepoint VM operation: HandshakeAllThreads (HandshakeForDeflation)
Event: 178481.322 Executing non-safepoint VM operation: HandshakeAllThreads (HandshakeForDeflation) done
Event: 178481.322 Executing non-safepoint VM operation: RendezvousGCThreads
Event: 178481.322 Executing non-safepoint VM operation: RendezvousGCThreads done
Event: 178541.413 Executing non-safepoint VM operation: HandshakeAllThreads (HandshakeForDeflation)
Event: 178541.413 Executing non-safepoint VM operation: HandshakeAllThreads (HandshakeForDeflation) done
Event: 178541.413 Executing non-safepoint VM operation: RendezvousGCThreads
Event: 178541.413 Executing non-safepoint VM operation: RendezvousGCThreads done
Event: 178661.560 Executing non-safepoint VM operation: HandshakeAllThreads (HandshakeForDeflation)
Event: 178661.560 Executing non-safepoint VM operation: HandshakeAllThreads (HandshakeForDeflation) done
Event: 178661.560 Executing non-safepoint VM operation: RendezvousGCThreads
Event: 178661.560 Executing non-safepoint VM operation: RendezvousGCThreads done
Event: 178721.679 Executing non-safepoint VM operation: HandshakeAllThreads (HandshakeForDeflation)
Event: 178721.679 Executing non-safepoint VM operation: HandshakeAllThreads (HandshakeForDeflation) done
Event: 178721.679 Executing non-safepoint VM operation: RendezvousGCThreads
Event: 178721.679 Executing non-safepoint VM operation: RendezvousGCThreads done
Event: 178781.788 Executing non-safepoint VM operation: HandshakeAllThreads (HandshakeForDeflation)
Event: 178781.788 Executing non-safepoint VM operation: HandshakeAllThreads (HandshakeForDeflation) done
Event: 178781.788 Executing non-safepoint VM operation: RendezvousGCThreads
Event: 178781.788 Executing non-safepoint VM operation: RendezvousGCThreads done

Memory protections (0 events):
No events

Nmethod flushes (20 events):
Event: 100.341 Thread 0x00000174253725e0 flushing  nmethod 0x0000017428e12190
Event: 100.341 Thread 0x00000174253725e0 flushing  nmethod 0x0000017428e12790
Event: 100.341 Thread 0x00000174253725e0 flushing  nmethod 0x0000017428e19690
Event: 100.341 Thread 0x00000174253725e0 flushing  nmethod 0x0000017428e19c90
Event: 100.341 Thread 0x00000174253725e0 flushing  nmethod 0x0000017428e1a090
Event: 100.341 Thread 0x00000174253725e0 flushing  nmethod 0x0000017428e1a690
Event: 100.341 Thread 0x00000174253725e0 flushing  nmethod 0x0000017428e1c110
Event: 100.341 Thread 0x00000174253725e0 flushing  nmethod 0x0000017428e2a190
Event: 100.341 Thread 0x00000174253725e0 flushing  nmethod 0x0000017428e54d90
Event: 100.341 Thread 0x00000174253725e0 flushing  nmethod 0x0000017428e55490
Event: 100.341 Thread 0x00000174253725e0 flushing  nmethod 0x0000017428e55890
Event: 100.341 Thread 0x00000174253725e0 flushing  nmethod 0x0000017428e56390
Event: 100.341 Thread 0x00000174253725e0 flushing  nmethod 0x0000017428e56c90
Event: 100.341 Thread 0x00000174253725e0 flushing  nmethod 0x0000017428e58310
Event: 100.341 Thread 0x00000174253725e0 flushing  nmethod 0x0000017428e5a390
Event: 100.341 Thread 0x00000174253725e0 flushing  nmethod 0x0000017428e5b110
Event: 100.341 Thread 0x00000174253725e0 flushing  nmethod 0x0000017428e5be10
Event: 100.341 Thread 0x00000174253725e0 flushing  nmethod 0x0000017428e5c210
Event: 100.341 Thread 0x00000174253725e0 flushing  nmethod 0x0000017428e5d910
Event: 100.341 Thread 0x00000174253725e0 flushing  nmethod 0x0000017428e60090

Events (20 events):
Event: 5966.944 Thread 0x00000174054d2d40 Thread added: 0x00000174054d7c00
Event: 5966.951 Thread 0x00000174054d61c0 Thread exited: 0x00000174054d61c0
Event: 5966.951 Thread 0x00000174054d2d40 Thread exited: 0x00000174054d2d40
Event: 5966.957 Thread 0x00000174054d7c00 Thread exited: 0x00000174054d7c00
Event: 8628.801 Thread 0x000001747e3e1ac0 Thread added: 0x00000174054d61c0
Event: 8628.805 Thread 0x00000174054d61c0 Thread exited: 0x00000174054d61c0
Event: 8628.842 Thread 0x000001747e3e1ac0 Thread added: 0x00000174054d33d0
Event: 8628.843 Thread 0x00000174054d33d0 Thread added: 0x00000174054d3a60
Event: 8628.845 Thread 0x00000174054d3a60 Thread added: 0x00000174054d6850
Event: 8628.847 Thread 0x00000174054d6850 Thread exited: 0x00000174054d6850
Event: 8628.847 Thread 0x00000174054d33d0 Thread exited: 0x00000174054d33d0
Event: 8628.847 Thread 0x00000174054d3a60 Thread exited: 0x00000174054d3a60
Event: 174787.499 Thread 0x00000174054d5b30 Thread added: 0x00000174054d3a60
Event: 174787.502 Thread 0x00000174054d3a60 Thread exited: 0x00000174054d3a60
Event: 174787.534 Thread 0x00000174054d5b30 Thread added: 0x00000174054d61c0
Event: 174787.535 Thread 0x00000174054d61c0 Thread added: 0x00000174054d6850
Event: 174787.536 Thread 0x00000174054d61c0 Thread added: 0x00000174054d7570
Event: 174787.537 Thread 0x00000174054d7570 Thread exited: 0x00000174054d7570
Event: 174787.537 Thread 0x00000174054d6850 Thread exited: 0x00000174054d6850
Event: 174787.538 Thread 0x00000174054d61c0 Thread exited: 0x00000174054d61c0


Dynamic libraries:
0x00007ff7055e0000 - 0x00007ff7055ee000 	c:\Users\KHAN\.vscode\extensions\redhat.java-1.53.0-win32-x64\jre\21.0.10-win32-x86_64\bin\java.exe
0x00007ff8b8f50000 - 0x00007ff8b9148000 	C:\Windows\SYSTEM32\ntdll.dll
0x00007ff8b7770000 - 0x00007ff8b7832000 	C:\Windows\System32\KERNEL32.DLL
0x00007ff8b6750000 - 0x00007ff8b6a46000 	C:\Windows\System32\KERNELBASE.dll
0x00007ff8b6be0000 - 0x00007ff8b6ce0000 	C:\Windows\System32\ucrtbase.dll
0x00007ff899da0000 - 0x00007ff899db8000 	c:\Users\KHAN\.vscode\extensions\redhat.java-1.53.0-win32-x64\jre\21.0.10-win32-x86_64\bin\jli.dll
0x00007ff8b7840000 - 0x00007ff8b79e1000 	C:\Windows\System32\USER32.dll
0x00007ff8b6a50000 - 0x00007ff8b6a72000 	C:\Windows\System32\win32u.dll
0x00007ff8b7150000 - 0x00007ff8b717b000 	C:\Windows\System32\GDI32.dll
0x00007ff8b6630000 - 0x00007ff8b6749000 	C:\Windows\System32\gdi32full.dll
0x00007ff8b6d70000 - 0x00007ff8b6e0d000 	C:\Windows\System32\msvcp_win.dll
0x00007ff89b150000 - 0x00007ff89b16e000 	c:\Users\KHAN\.vscode\extensions\redhat.java-1.53.0-win32-x64\jre\21.0.10-win32-x86_64\bin\VCRUNTIME140.dll
0x00007ff8a7770000 - 0x00007ff8a7a0b000 	C:\Windows\WinSxS\amd64_microsoft.windows.common-controls_6595b64144ccf1df_6.0.19041.6456_none_60b8a6cb71f64256\COMCTL32.dll
0x00007ff8b7200000 - 0x00007ff8b729e000 	C:\Windows\System32\msvcrt.dll
0x00007ff8b6f70000 - 0x00007ff8b6f9f000 	C:\Windows\System32\IMM32.DLL
0x00007ff8affd0000 - 0x00007ff8affdc000 	c:\Users\KHAN\.vscode\extensions\redhat.java-1.53.0-win32-x64\jre\21.0.10-win32-x86_64\bin\vcruntime140_1.dll
0x00007ff88cda0000 - 0x00007ff88ce2d000 	c:\Users\KHAN\.vscode\extensions\redhat.java-1.53.0-win32-x64\jre\21.0.10-win32-x86_64\bin\msvcp140.dll
0x00007ff8624f0000 - 0x00007ff863291000 	c:\Users\KHAN\.vscode\extensions\redhat.java-1.53.0-win32-x64\jre\21.0.10-win32-x86_64\bin\server\jvm.dll
0x00007ff8b7470000 - 0x00007ff8b7521000 	C:\Windows\System32\ADVAPI32.dll
0x00007ff8b72a0000 - 0x00007ff8b733f000 	C:\Windows\System32\sechost.dll
0x00007ff8b7030000 - 0x00007ff8b7150000 	C:\Windows\System32\RPCRT4.dll
0x00007ff8b6a80000 - 0x00007ff8b6aa7000 	C:\Windows\System32\bcrypt.dll
0x00007ff8b7db0000 - 0x00007ff8b7e1b000 	C:\Windows\System32\WS2_32.dll
0x00007ff8b5b70000 - 0x00007ff8b5bbb000 	C:\Windows\SYSTEM32\POWRPROF.dll
0x00007ff8a6d00000 - 0x00007ff8a6d27000 	C:\Windows\SYSTEM32\WINMM.dll
0x00007ff8a6dc0000 - 0x00007ff8a6dca000 	C:\Windows\SYSTEM32\VERSION.dll
0x00007ff8b59e0000 - 0x00007ff8b59f2000 	C:\Windows\SYSTEM32\UMPDC.dll
0x00007ff8b4de0000 - 0x00007ff8b4df2000 	C:\Windows\SYSTEM32\kernel.appcore.dll
0x00007ff8adc90000 - 0x00007ff8adc9a000 	c:\Users\KHAN\.vscode\extensions\redhat.java-1.53.0-win32-x64\jre\21.0.10-win32-x86_64\bin\jimage.dll
0x00007ff8b3b80000 - 0x00007ff8b3d81000 	C:\Windows\SYSTEM32\DBGHELP.DLL
0x00007ff8a08e0000 - 0x00007ff8a0914000 	C:\Windows\SYSTEM32\dbgcore.DLL
0x00007ff8b6ce0000 - 0x00007ff8b6d62000 	C:\Windows\System32\bcryptPrimitives.dll
0x00007ff8a6b30000 - 0x00007ff8a6b3f000 	c:\Users\KHAN\.vscode\extensions\redhat.java-1.53.0-win32-x64\jre\21.0.10-win32-x86_64\bin\instrument.dll
0x00007ff8995b0000 - 0x00007ff8995d0000 	c:\Users\KHAN\.vscode\extensions\redhat.java-1.53.0-win32-x64\jre\21.0.10-win32-x86_64\bin\java.dll
0x00007ff8b7fd0000 - 0x00007ff8b8740000 	C:\Windows\System32\SHELL32.dll
0x00007ff8b4630000 - 0x00007ff8b4dd5000 	C:\Windows\SYSTEM32\windows.storage.dll
0x00007ff8b79f0000 - 0x00007ff8b7d44000 	C:\Windows\System32\combase.dll
0x00007ff8b6010000 - 0x00007ff8b603b000 	C:\Windows\SYSTEM32\Wldp.dll
0x00007ff8b73a0000 - 0x00007ff8b746d000 	C:\Windows\System32\OLEAUT32.dll
0x00007ff8b8870000 - 0x00007ff8b891d000 	C:\Windows\System32\SHCORE.dll
0x00007ff8b8a40000 - 0x00007ff8b8a9b000 	C:\Windows\System32\shlwapi.dll
0x00007ff8b6510000 - 0x00007ff8b6534000 	C:\Windows\SYSTEM32\profapi.dll
0x00007ff899050000 - 0x00007ff899068000 	c:\Users\KHAN\.vscode\extensions\redhat.java-1.53.0-win32-x64\jre\21.0.10-win32-x86_64\bin\zip.dll
0x00007ff8ad5b0000 - 0x00007ff8ad5c0000 	C:\Users\KHAN\.vscode\extensions\redhat.java-1.53.0-win32-x64\jre\21.0.10-win32-x86_64\bin\net.dll
0x00007ff8ae0f0000 - 0x00007ff8ae1fa000 	C:\Windows\SYSTEM32\WINHTTP.dll
0x00007ff8b5d70000 - 0x00007ff8b5dda000 	C:\Windows\system32\mswsock.dll
0x00007ff898a40000 - 0x00007ff898a56000 	C:\Users\KHAN\.vscode\extensions\redhat.java-1.53.0-win32-x64\jre\21.0.10-win32-x86_64\bin\nio.dll
0x00007ff8a66b0000 - 0x00007ff8a66c0000 	c:\Users\KHAN\.vscode\extensions\redhat.java-1.53.0-win32-x64\jre\21.0.10-win32-x86_64\bin\verify.dll
0x00007ff8943e0000 - 0x00007ff894425000 	C:\Users\KHAN\AppData\Roaming\Code\User\globalStorage\redhat.java\1.53.0\config_win\org.eclipse.equinox.launcher\org.eclipse.equinox.launcher.win32.win32.x86_64_1.3.0.v20260203-2149\eclipse_11919.dll
0x00007ff8b8740000 - 0x00007ff8b886b000 	C:\Windows\System32\ole32.dll
0x00007ff8b5f70000 - 0x00007ff8b5f88000 	C:\Windows\SYSTEM32\CRYPTSP.dll
0x00007ff8b5620000 - 0x00007ff8b5658000 	C:\Windows\system32\rsaenh.dll
0x00007ff8b6490000 - 0x00007ff8b64be000 	C:\Windows\SYSTEM32\USERENV.dll
0x00007ff8b5f60000 - 0x00007ff8b5f6c000 	C:\Windows\SYSTEM32\CRYPTBASE.dll
0x00007ff8b5a00000 - 0x00007ff8b5a3b000 	C:\Windows\SYSTEM32\IPHLPAPI.DLL
0x00007ff8b7740000 - 0x00007ff8b7748000 	C:\Windows\System32\NSI.dll
0x00007ff89ab80000 - 0x00007ff89abc9000 	C:\Users\KHAN\AppData\Local\Temp\jna-2305610\jna5954210524506566726.dll
0x00007ff8b7180000 - 0x00007ff8b7188000 	C:\Windows\System32\PSAPI.DLL
0x00007ff8ae610000 - 0x00007ff8ae627000 	C:\Windows\SYSTEM32\dhcpcsvc6.DLL
0x00007ff8afe10000 - 0x00007ff8afe2d000 	C:\Windows\SYSTEM32\dhcpcsvc.DLL
0x00007ff88ac00000 - 0x00007ff88ac27000 	C:\Users\KHAN\.gradle\native\1def1411415f61bf3af743bc5b6707747c0891f09f0c88961ee8f79bc544acac\windows-amd64\native-platform.dll
0x00007ff8abfe0000 - 0x00007ff8abfea000 	C:\Users\KHAN\.vscode\extensions\redhat.java-1.53.0-win32-x64\jre\21.0.10-win32-x86_64\bin\management.dll
0x00007ff8a9880000 - 0x00007ff8a988c000 	C:\Users\KHAN\.vscode\extensions\redhat.java-1.53.0-win32-x64\jre\21.0.10-win32-x86_64\bin\management_ext.dll
0x00007ff8a6d80000 - 0x00007ff8a6d89000 	C:\Users\KHAN\.vscode\extensions\redhat.java-1.53.0-win32-x64\jre\21.0.10-win32-x86_64\bin\extnet.dll
0x00007ff8a9590000 - 0x00007ff8a959e000 	C:\Users\KHAN\.vscode\extensions\redhat.java-1.53.0-win32-x64\jre\21.0.10-win32-x86_64\bin\sunmscapi.dll
0x00007ff8b6e10000 - 0x00007ff8b6f6d000 	C:\Windows\System32\CRYPT32.dll
0x00007ff8b6080000 - 0x00007ff8b60a7000 	C:\Windows\SYSTEM32\ncrypt.dll
0x00007ff8b6040000 - 0x00007ff8b607b000 	C:\Windows\SYSTEM32\NTASN1.dll
0x00007ff8afb40000 - 0x00007ff8afb47000 	C:\Windows\system32\wshunix.dll

JVMTI agents:
c:\Users\KHAN\.vscode\extensions\redhat.java-1.53.0-win32-x64\lombok\lombok-1.18.39-4050.jar path:c:\Users\KHAN\.vscode\extensions\redhat.java-1.53.0-win32-x64\jre\21.0.10-win32-x86_64\bin\instrument.dll, loaded, initialized, instrumentlib options:none

dbghelp: loaded successfully - version: 4.0.5 - missing functions: none
symbol engine: initialized successfully - sym options: 0x614 - pdb path: .;c:\Users\KHAN\.vscode\extensions\redhat.java-1.53.0-win32-x64\jre\21.0.10-win32-x86_64\bin;C:\Windows\SYSTEM32;C:\Windows\WinSxS\amd64_microsoft.windows.common-controls_6595b64144ccf1df_6.0.19041.6456_none_60b8a6cb71f64256;c:\Users\KHAN\.vscode\extensions\redhat.java-1.53.0-win32-x64\jre\21.0.10-win32-x86_64\bin\server;C:\Users\KHAN\AppData\Roaming\Code\User\globalStorage\redhat.java\1.53.0\config_win\org.eclipse.equinox.launcher\org.eclipse.equinox.launcher.win32.win32.x86_64_1.3.0.v20260203-2149;C:\Users\KHAN\AppData\Local\Temp\jna-2305610;C:\Users\KHAN\.gradle\native\1def1411415f61bf3af743bc5b6707747c0891f09f0c88961ee8f79bc544acac\windows-amd64

VM Arguments:
jvm_args: --add-modules=ALL-SYSTEM --add-opens=java.base/java.util=ALL-UNNAMED --add-opens=java.base/java.lang=ALL-UNNAMED --add-opens=java.base/sun.nio.fs=ALL-UNNAMED -Declipse.application=org.eclipse.jdt.ls.core.id1 -Dosgi.bundles.defaultStartLevel=4 -Declipse.product=org.eclipse.jdt.ls.core.product -Djava.import.generatesMetadataFilesAtProjectRoot=false -DDetectVMInstallationsJob.disabled=true -Dfile.encoding=utf8 -XX:+UseParallelGC -XX:GCTimeRatio=4 -XX:AdaptiveSizePolicyWeight=90 -Dsun.zip.disableMemoryMapping=true -Xmx2G -Xms100m -Xlog:disable -javaagent:c:\Users\KHAN\.vscode\extensions\redhat.java-1.53.0-win32-x64\lombok\lombok-1.18.39-4050.jar -XX:+HeapDumpOnOutOfMemoryError -XX:HeapDumpPath=c:\Users\KHAN\AppData\Roaming\Code\User\workspaceStorage\68ccc319445cd5e44a420bc5d8f9fddf\redhat.java -Daether.dependencyCollector.impl=bf 
java_command: c:\Users\KHAN\.vscode\extensions\redhat.java-1.53.0-win32-x64\server\plugins\org.eclipse.equinox.launcher_1.7.100.v20251111-0406.jar -configuration c:\Users\KHAN\AppData\Roaming\Code\User\globalStorage\redhat.java\1.53.0\config_win -data c:\Users\KHAN\AppData\Roaming\Code\User\workspaceStorage\68ccc319445cd5e44a420bc5d8f9fddf\redhat.java\jdt_ws --pipe=\\.\pipe\lsp-1694bff107b4099c0b63865200bef63b-sock
java_class_path (initial): c:\Users\KHAN\.vscode\extensions\redhat.java-1.53.0-win32-x64\server\plugins\org.eclipse.equinox.launcher_1.7.100.v20251111-0406.jar
Launcher Type: SUN_STANDARD

[Global flags]
    uintx AdaptiveSizePolicyWeight                 = 90                                        {product} {command line}
     intx CICompilerCount                          = 3                                         {product} {ergonomic}
    uintx GCTimeRatio                              = 4                                         {product} {command line}
     bool HeapDumpOnOutOfMemoryError               = true                                   {manageable} {command line}
    ccstr HeapDumpPath                             = c:\Users\KHAN\AppData\Roaming\Code\User\workspaceStorage\68ccc319445cd5e44a420bc5d8f9fddf\redhat.java         {manageable} {command line}
   size_t InitialHeapSize                          = 104857600                                 {product} {command line}
   size_t MaxHeapSize                              = 2147483648                                {product} {command line}
   size_t MaxNewSize                               = 715653120                                 {product} {ergonomic}
   size_t MinHeapDeltaBytes                        = 524288                                    {product} {ergonomic}
   size_t MinHeapSize                              = 104857600                                 {product} {command line}
   size_t NewSize                                  = 34603008                                  {product} {ergonomic}
    uintx NonNMethodCodeHeapSize                   = 5832780                                {pd product} {ergonomic}
    uintx NonProfiledCodeHeapSize                  = 122912730                              {pd product} {ergonomic}
   size_t OldSize                                  = 70254592                                  {product} {ergonomic}
    uintx ProfiledCodeHeapSize                     = 122912730                              {pd product} {ergonomic}
    uintx ReservedCodeCacheSize                    = 251658240                              {pd product} {ergonomic}
     bool SegmentedCodeCache                       = true                                      {product} {ergonomic}
   size_t SoftMaxHeapSize                          = 2147483648                             {manageable} {ergonomic}
     bool UseCompressedOops                        = true                           {product lp64_product} {ergonomic}
     bool UseLargePagesIndividualAllocation        = false                                  {pd product} {ergonomic}
     bool UseParallelGC                            = true                                      {product} {command line}

Logging:
Log output configuration:
 #0: stdout all=off uptime,level,tags foldmultilines=false
 #1: stderr all=off uptime,level,tags foldmultilines=false

Release file:
JAVA_VERSION="21.0.10" 
MODULES="java.base java.compiler java.datatransfer java.xml java.prefs java.desktop java.instrument java.logging java.management java.security.sasl java.naming java.rmi java.management.rmi java.net.http java.scripting java.security.jgss java.transaction.xa java.sql java.sql.rowset java.xml.crypto java.se java.smartcardio jdk.accessibility jdk.internal.jvmstat jdk.attach jdk.charsets jdk.internal.opt jdk.zipfs jdk.compiler jdk.crypto.ec jdk.crypto.cryptoki jdk.crypto.mscapi jdk.dynalink jdk.internal.ed jdk.editpad jdk.hotspot.agent jdk.httpserver jdk.internal.le jdk.internal.vm.ci jdk.internal.vm.compiler jdk.internal.vm.compiler.management jdk.jartool jdk.javadoc jdk.jcmd jdk.management jdk.management.agent jdk.jconsole jdk.jdeps jdk.jdwp.agent jdk.jdi jdk.jfr jdk.jshell jdk.jsobject jdk.jstatd jdk.localedata jdk.management.jfr jdk.naming.dns jdk.naming.rmi jdk.net jdk.nio.mapmode jdk.random jdk.sctp jdk.security.auth jdk.security.jgss jdk.unsupported jdk.unsupported.desktop jdk.xml.dom" 

Environment Variables:
JAVA_HOME=C:\Program Files\Microsoft\jdk-17.0.10.7-hotspot\
PATH=C:\Python312\Scripts\;C:\Python312\;C:\Program Files\Microsoft\jdk-17.0.10.7-hotspot\bin;C:\Windows\system32;C:\Windows;C:\Windows\System32\Wbem;C:\Windows\System32\WindowsPowerShell\v1.0\;C:\Windows\System32\OpenSSH\;C:\ProgramData\chocolatey\bin;C:\Program Files\Git\cmd;C:\Users\KHAN\AppData\Local\Android\Sdk\platform-tools;C:\Users\KHAN\AppData\Local\Android\Sdk\tools;C:\Program Files\nodejs\;C:\Program Files (x86)\Microsoft SQL Server\160\Tools\Binn\;C:\Program Files\Microsoft SQL Server\160\Tools\Binn\;C:\Program Files\Microsoft SQL Server\Client SDK\ODBC\170\Tools\Binn\;C:\Program Files\Microsoft SQL Server\160\DTS\Binn\;C:\Program Files\MongoDB\Server\8.2\bin;C:\tools\php85;C:\ProgramData\ComposerSetup\bin;C:\Users\KHAN\AppData\Local\Microsoft\WindowsApps;C:\Users\KHAN\AppData\Local\Programs\Microsoft VS Code\bin;C:\Users\KHAN\AppData\Local\Android\Sdk\platform-tools;C:\Users\KHAN\AppData\Local\Android\Sdk\platform-tools;C:\Users\KHAN\AppData\Roaming\npm;C:\Program Files\mongosh\;C:\Users\KHAN\AppData\Local\Programs\Antigravity\bin;C:\Users\KHAN\AppData\Roaming\Composer\vendor\bin
USERNAME=KHAN
OS=Windows_NT
PROCESSOR_IDENTIFIER=Intel64 Family 6 Model 58 Stepping 9, GenuineIntel
TMP=C:\Users\KHAN\AppData\Local\Temp
TEMP=C:\Users\KHAN\AppData\Local\Temp




Periodic native trim disabled

---------------  S Y S T E M  ---------------

OS:
 Windows 10 , 64 bit Build 19041 (10.0.19041.5915)
OS uptime: 15 days 19:44 hours

CPU: total 4 (initial active 4) (2 cores per cpu, 2 threads per core) family 6 model 58 stepping 9 microcode 0x21, cx8, cmov, fxsr, ht, mmx, sse, sse2, sse3, ssse3, sse4.1, sse4.2, popcnt, tsc, tscinvbit, avx, aes, erms, clmul, vzeroupper, clflush, rdtscp, f16c
Processor Information for the first 4 processors :
  Max Mhz: 2601, Current Mhz: 2601, Mhz Limit: 2601

Memory: 4k page, system-wide physical 8095M (302M free)
TotalPageFile size 23286M (AvailPageFile size 85M)
current process WorkingSet (physical memory assigned to process): 19M, peak: 346M
current process commit charge ("private bytes"): 403M, peak: 417M

vm_info: OpenJDK 64-Bit Server VM (21.0.10+7-LTS) for windows-amd64 JRE (21.0.10+7-LTS), built on 2026-01-20T00:00:00Z by "admin" with MS VC++ 17.12 (VS2022)

END.
