#
# There is insufficient memory for the Java Runtime Environment to continue.
# Native memory allocation (malloc) failed to allocate 1906736 bytes. Error detail: Chunk::new
# Possible reasons:
#   The system is out of physical RAM or swap space
#   This process is running with CompressedOops enabled, and the Java Heap may be blocking the growth of the native heap
# Possible solutions:
#   Reduce memory load on the system
#   Increase physical memory or swap space
#   Check if swap backing store is full
#   Decrease Java heap size (-Xmx/-Xms)
#   Decrease number of Java threads
#   Decrease Java thread stack sizes (-Xss)
#   Set larger code cache with -XX:ReservedCodeCacheSize=
#   JVM is running with Unscaled Compressed Oops mode in which the Java heap is
#     placed in the first 4GB address space. The Java Heap base address is the
#     maximum limit for the native heap growth. Please use -XX:HeapBaseMinAddress
#     to set the Java Heap base and to place the Java Heap above 4GB virtual address.
# This output file may be truncated or incomplete.
#
#  Out of Memory Error (arena.cpp:168), pid=10228, tid=7944
#
# JRE version: OpenJDK Runtime Environment Temurin-21.0.10+7 (21.0.10+7) (build 21.0.10+7-LTS)
# Java VM: OpenJDK 64-Bit Server VM Temurin-21.0.10+7 (21.0.10+7-LTS, mixed mode, sharing, tiered, compressed oops, compressed class ptrs, g1 gc, windows-amd64)
# No core dump will be written. Minidumps are not enabled by default on client versions of Windows
#

---------------  S U M M A R Y ------------

Command Line: --add-opens=java.base/java.lang=ALL-UNNAMED --add-opens=java.base/java.lang.invoke=ALL-UNNAMED --add-opens=java.base/java.util=ALL-UNNAMED --add-opens=java.prefs/java.util.prefs=ALL-UNNAMED --add-exports=jdk.compiler/com.sun.tools.javac.api=ALL-UNNAMED --add-exports=jdk.compiler/com.sun.tools.javac.util=ALL-UNNAMED --add-opens=java.base/java.util=ALL-UNNAMED --add-opens=java.prefs/java.util.prefs=ALL-UNNAMED --add-opens=java.base/java.nio.charset=ALL-UNNAMED --add-opens=java.base/java.net=ALL-UNNAMED --add-opens=java.base/java.util.concurrent.atomic=ALL-UNNAMED --add-opens=java.xml/javax.xml.namespace=ALL-UNNAMED -XX:MaxMetaspaceSize=256m -XX:+UseG1GC -Xmx1536m -Dfile.encoding=UTF-8 -Duser.country=US -Duser.language=en -Duser.variant -javaagent:C:\Users\KHAN\.gradle\wrapper\dists\gradle-8.14.1-bin\baw1sv0jfoi8rxs14qo3h49cs\gradle-8.14.1\lib\agents\gradle-instrumentation-agent-8.14.1.jar org.gradle.launcher.daemon.bootstrap.GradleDaemon 8.14.1

Host: Intel(R) Core(TM) i5-3320M CPU @ 2.60GHz, 4 cores, 7G,  Windows 10 , 64 bit Build 19041 (10.0.19041.5915)
Time: Fri Apr 10 17:10:28 2026 Pakistan Standard Time elapsed time: 13.016344 seconds (0d 0h 0m 13s)

---------------  T H R E A D  ---------------

Current thread (0x000002e317a37930):  JavaThread "C2 CompilerThread0" daemon [_thread_in_native, id=7944, stack(0x000000fa72800000,0x000000fa72900000) (1024K)]


Current CompileTask:
C2:13016 2676   !   4       java.lang.ClassLoader::loadClass (121 bytes)

Stack: [0x000000fa72800000,0x000000fa72900000]
Native frames: (J=compiled Java code, j=interpreted, Vv=VM code, C=native code)
V  [jvm.dll+0x6d7a39]
V  [jvm.dll+0x8b4b26]
V  [jvm.dll+0x8b70de]
V  [jvm.dll+0x8b77c3]
V  [jvm.dll+0x284346]
V  [jvm.dll+0xc66ed]
V  [jvm.dll+0xc6c31]
V  [jvm.dll+0x3bec01]
V  [jvm.dll+0x38b162]
V  [jvm.dll+0x38a5aa]
V  [jvm.dll+0x24c560]
V  [jvm.dll+0x24bb40]
V  [jvm.dll+0x1cb34e]
V  [jvm.dll+0x25b85d]
V  [jvm.dll+0x259dea]
V  [jvm.dll+0x3f857e]
V  [jvm.dll+0x85f59d]
V  [jvm.dll+0x6d626d]
C  [ucrtbase.dll+0x21bb2]
C  [KERNEL32.DLL+0x17374]
C  [ntdll.dll+0x4cc91]


---------------  P R O C E S S  ---------------

Threads class SMR info:
_java_thread_list=0x000002e32a9e3140, length=24, elements={
0x000002e37f973090, 0x000002e317a320d0, 0x000002e317a32df0, 0x000002e317a33b10,
0x000002e317a356e0, 0x000002e317a36140, 0x000002e317a36ba0, 0x000002e317a37930,
0x000002e317a3d5b0, 0x000002e317c37ba0, 0x000002e317c8a5f0, 0x000002e32b4e6050,
0x000002e32b4b1910, 0x000002e32b5a3960, 0x000002e32b5c2c70, 0x000002e32b5d5350,
0x000002e32b886c30, 0x000002e32b8a8c80, 0x000002e32b8aad50, 0x000002e32b8a9310,
0x000002e32b8aa030, 0x000002e32b8ab3e0, 0x000002e32b8aba70, 0x000002e32b8a99a0
}

Java Threads: ( => current thread )
  0x000002e37f973090 JavaThread "main"                              [_thread_blocked, id=5100, stack(0x000000fa71a00000,0x000000fa71b00000) (1024K)]
  0x000002e317a320d0 JavaThread "Reference Handler"          daemon [_thread_blocked, id=5828, stack(0x000000fa72200000,0x000000fa72300000) (1024K)]
  0x000002e317a32df0 JavaThread "Finalizer"                  daemon [_thread_blocked, id=10180, stack(0x000000fa72300000,0x000000fa72400000) (1024K)]
  0x000002e317a33b10 JavaThread "Signal Dispatcher"          daemon [_thread_blocked, id=15820, stack(0x000000fa72400000,0x000000fa72500000) (1024K)]
  0x000002e317a356e0 JavaThread "Attach Listener"            daemon [_thread_blocked, id=15756, stack(0x000000fa72500000,0x000000fa72600000) (1024K)]
  0x000002e317a36140 JavaThread "Service Thread"             daemon [_thread_blocked, id=15704, stack(0x000000fa72600000,0x000000fa72700000) (1024K)]
  0x000002e317a36ba0 JavaThread "Monitor Deflation Thread"   daemon [_thread_blocked, id=14608, stack(0x000000fa72700000,0x000000fa72800000) (1024K)]
=>0x000002e317a37930 JavaThread "C2 CompilerThread0"         daemon [_thread_in_native, id=7944, stack(0x000000fa72800000,0x000000fa72900000) (1024K)]
  0x000002e317a3d5b0 JavaThread "C1 CompilerThread0"         daemon [_thread_blocked, id=13940, stack(0x000000fa72900000,0x000000fa72a00000) (1024K)]
  0x000002e317c37ba0 JavaThread "Common-Cleaner"             daemon [_thread_blocked, id=9236, stack(0x000000fa72a00000,0x000000fa72b00000) (1024K)]
  0x000002e317c8a5f0 JavaThread "Notification Thread"        daemon [_thread_blocked, id=12072, stack(0x000000fa72b00000,0x000000fa72c00000) (1024K)]
  0x000002e32b4e6050 JavaThread "Daemon health stats"               [_thread_blocked, id=5260, stack(0x000000fa72f00000,0x000000fa73000000) (1024K)]
  0x000002e32b4b1910 JavaThread "Incoming local TCP Connector on port 53652"        [_thread_in_native, id=14080, stack(0x000000fa73000000,0x000000fa73100000) (1024K)]
  0x000002e32b5a3960 JavaThread "Daemon periodic checks"            [_thread_blocked, id=11296, stack(0x000000fa73100000,0x000000fa73200000) (1024K)]
  0x000002e32b5c2c70 JavaThread "Daemon"                            [_thread_blocked, id=10516, stack(0x000000fa73200000,0x000000fa73300000) (1024K)]
  0x000002e32b5d5350 JavaThread "Handler for socket connection from /127.0.0.1:53652 to /127.0.0.1:53653"        [_thread_in_native, id=7664, stack(0x000000fa73300000,0x000000fa73400000) (1024K)]
  0x000002e32b886c30 JavaThread "Cancel handler"                    [_thread_blocked, id=14704, stack(0x000000fa73400000,0x000000fa73500000) (1024K)]
  0x000002e32b8a8c80 JavaThread "Daemon worker"                     [_thread_in_Java, id=15080, stack(0x000000fa73500000,0x000000fa73600000) (1024K)]
  0x000002e32b8aad50 JavaThread "Asynchronous log dispatcher for DefaultDaemonConnection: socket connection from /127.0.0.1:53652 to /127.0.0.1:53653"        [_thread_blocked, id=7780, stack(0x000000fa73600000,0x000000fa73700000) (1024K)]
  0x000002e32b8a9310 JavaThread "Stdin handler"                     [_thread_blocked, id=6952, stack(0x000000fa73700000,0x000000fa73800000) (1024K)]
  0x000002e32b8aa030 JavaThread "Daemon client event forwarder"        [_thread_blocked, id=8064, stack(0x000000fa73800000,0x000000fa73900000) (1024K)]
  0x000002e32b8ab3e0 JavaThread "Cache worker for journal cache (C:\Users\KHAN\.gradle\caches\journal-1)"        [_thread_blocked, id=10772, stack(0x000000fa73900000,0x000000fa73a00000) (1024K)]
  0x000002e32b8aba70 JavaThread "File lock request listener"        [_thread_in_native, id=14308, stack(0x000000fa73a00000,0x000000fa73b00000) (1024K)]
  0x000002e32b8a99a0 JavaThread "Cache worker for file hash cache (C:\Users\KHAN\.gradle\caches\8.14.1\fileHashes)"        [_thread_blocked, id=9176, stack(0x000000fa73b00000,0x000000fa73c00000) (1024K)]
Total: 24

Other Threads:
  0x000002e317a12ec0 VMThread "VM Thread"                           [id=2904, stack(0x000000fa72100000,0x000000fa72200000) (1024K)]
  0x000002e3179ff7a0 WatcherThread "VM Periodic Task Thread"        [id=13432, stack(0x000000fa72000000,0x000000fa72100000) (1024K)]
  0x000002e37f9bd760 WorkerThread "GC Thread#0"                     [id=16964, stack(0x000000fa71b00000,0x000000fa71c00000) (1024K)]
  0x000002e32a1201b0 WorkerThread "GC Thread#1"                     [id=4112, stack(0x000000fa72c00000,0x000000fa72d00000) (1024K)]
  0x000002e32a120560 WorkerThread "GC Thread#2"                     [id=16312, stack(0x000000fa72d00000,0x000000fa72e00000) (1024K)]
  0x000002e32ac31360 WorkerThread "GC Thread#3"                     [id=10720, stack(0x000000fa72e00000,0x000000fa72f00000) (1024K)]
  0x000002e37f9ca660 ConcurrentGCThread "G1 Main Marker"            [id=14248, stack(0x000000fa71c00000,0x000000fa71d00000) (1024K)]
  0x000002e37f9cb080 WorkerThread "G1 Conc#0"                       [id=15316, stack(0x000000fa71d00000,0x000000fa71e00000) (1024K)]
  0x000002e37fa2e800 ConcurrentGCThread "G1 Refine#0"               [id=15032, stack(0x000000fa71e00000,0x000000fa71f00000) (1024K)]
  0x000002e3178c58c0 ConcurrentGCThread "G1 Service"                [id=11044, stack(0x000000fa71f00000,0x000000fa72000000) (1024K)]
Total: 10

Threads with active compile tasks:
C2 CompilerThread0  13065 2676   !   4       java.lang.ClassLoader::loadClass (121 bytes)
Total: 1

VM state: not at safepoint (normal execution)

VM Mutex/Monitor currently owned by a thread: None

Heap address: 0x00000000a0000000, size: 1536 MB, Compressed Oops mode: 32-bit

CDS archive(s) mapped at: [0x000002e318000000-0x000002e318ba0000-0x000002e318ba0000), size 12189696, SharedBaseAddress: 0x000002e318000000, ArchiveRelocationMode: 1.
Compressed class space mapped at: 0x000002e319000000-0x000002e326000000, reserved size: 218103808
Narrow klass base: 0x000002e318000000, Narrow klass shift: 0, Narrow klass range: 0x100000000

GC Precious Log:
 CardTable entry size: 512
 Card Set container configuration: InlinePtr #cards 5 size 8 Array Of Cards #cards 12 size 40 Howl #buckets 4 coarsen threshold 1843 Howl Bitmap #cards 512 size 80 coarsen threshold 460 Card regions per heap region 1 cards per card region 2048
 CPUs: 4 total, 4 available
 Memory: 8095M
 Large Page Support: Disabled
 NUMA Support: Disabled
 Compressed Oops: Enabled (32-bit)
 Heap Region Size: 1M
 Heap Min Capacity: 8M
 Heap Initial Capacity: 128M
 Heap Max Capacity: 1536M
 Pre-touch: Disabled
 Parallel Workers: 4
 Concurrent Workers: 1
 Concurrent Refinement Workers: 4
 Periodic GC: Disabled

Heap:
 garbage-first heap   total 131072K, used 63694K [0x00000000a0000000, 0x0000000100000000)
  region size 1024K, 57 young (58368K), 10 survivors (10240K)
 Metaspace       used 15748K, committed 16256K, reserved 278528K
  class space    used 2202K, committed 2432K, reserved 212992K

Heap Regions: E=young(eden), S=young(survivor), O=old, HS=humongous(starts), HC=humongous(continues), CS=collection set, F=free, TAMS=top-at-mark-start, PB=parsable bottom
|   0|0x00000000a0000000, 0x00000000a0100000, 0x00000000a0100000|100%|HS|  |TAMS 0x00000000a0000000| PB 0x00000000a0000000| Complete 
|   1|0x00000000a0100000, 0x00000000a0200000, 0x00000000a0200000|100%|HC|  |TAMS 0x00000000a0100000| PB 0x00000000a0100000| Complete 
|   2|0x00000000a0200000, 0x00000000a0300000, 0x00000000a0300000|100%|HC|  |TAMS 0x00000000a0200000| PB 0x00000000a0200000| Complete 
|   3|0x00000000a0300000, 0x00000000a0400000, 0x00000000a0400000|100%| O|  |TAMS 0x00000000a0300000| PB 0x00000000a0300000| Untracked 
|   4|0x00000000a0400000, 0x00000000a0500000, 0x00000000a0500000|100%| O|  |TAMS 0x00000000a0400000| PB 0x00000000a0400000| Untracked 
|   5|0x00000000a0500000, 0x00000000a0600000, 0x00000000a0600000|100%| O|  |TAMS 0x00000000a0500000| PB 0x00000000a0500000| Untracked 
|   6|0x00000000a0600000, 0x00000000a0700000, 0x00000000a0700000|100%|HS|  |TAMS 0x00000000a0600000| PB 0x00000000a0600000| Complete 
|   7|0x00000000a0700000, 0x00000000a0700000, 0x00000000a0800000|  0%| F|  |TAMS 0x00000000a0700000| PB 0x00000000a0700000| Untracked 
|   8|0x00000000a0800000, 0x00000000a0833a10, 0x00000000a0900000| 20%| O|  |TAMS 0x00000000a0800000| PB 0x00000000a0800000| Untracked 
|   9|0x00000000a0900000, 0x00000000a0900000, 0x00000000a0a00000|  0%| F|  |TAMS 0x00000000a0900000| PB 0x00000000a0900000| Untracked 
|  10|0x00000000a0a00000, 0x00000000a0a00000, 0x00000000a0b00000|  0%| F|  |TAMS 0x00000000a0a00000| PB 0x00000000a0a00000| Untracked 
|  11|0x00000000a0b00000, 0x00000000a0b00000, 0x00000000a0c00000|  0%| F|  |TAMS 0x00000000a0b00000| PB 0x00000000a0b00000| Untracked 
|  12|0x00000000a0c00000, 0x00000000a0c00000, 0x00000000a0d00000|  0%| F|  |TAMS 0x00000000a0c00000| PB 0x00000000a0c00000| Untracked 
|  13|0x00000000a0d00000, 0x00000000a0d00000, 0x00000000a0e00000|  0%| F|  |TAMS 0x00000000a0d00000| PB 0x00000000a0d00000| Untracked 
|  14|0x00000000a0e00000, 0x00000000a0e00000, 0x00000000a0f00000|  0%| F|  |TAMS 0x00000000a0e00000| PB 0x00000000a0e00000| Untracked 
|  15|0x00000000a0f00000, 0x00000000a0f00000, 0x00000000a1000000|  0%| F|  |TAMS 0x00000000a0f00000| PB 0x00000000a0f00000| Untracked 
|  16|0x00000000a1000000, 0x00000000a1000000, 0x00000000a1100000|  0%| F|  |TAMS 0x00000000a1000000| PB 0x00000000a1000000| Untracked 
|  17|0x00000000a1100000, 0x00000000a1100000, 0x00000000a1200000|  0%| F|  |TAMS 0x00000000a1100000| PB 0x00000000a1100000| Untracked 
|  18|0x00000000a1200000, 0x00000000a1200000, 0x00000000a1300000|  0%| F|  |TAMS 0x00000000a1200000| PB 0x00000000a1200000| Untracked 
|  19|0x00000000a1300000, 0x00000000a1300000, 0x00000000a1400000|  0%| F|  |TAMS 0x00000000a1300000| PB 0x00000000a1300000| Untracked 
|  20|0x00000000a1400000, 0x00000000a1400000, 0x00000000a1500000|  0%| F|  |TAMS 0x00000000a1400000| PB 0x00000000a1400000| Untracked 
|  21|0x00000000a1500000, 0x00000000a1500000, 0x00000000a1600000|  0%| F|  |TAMS 0x00000000a1500000| PB 0x00000000a1500000| Untracked 
|  22|0x00000000a1600000, 0x00000000a1600000, 0x00000000a1700000|  0%| F|  |TAMS 0x00000000a1600000| PB 0x00000000a1600000| Untracked 
|  23|0x00000000a1700000, 0x00000000a1700000, 0x00000000a1800000|  0%| F|  |TAMS 0x00000000a1700000| PB 0x00000000a1700000| Untracked 
|  24|0x00000000a1800000, 0x00000000a1800000, 0x00000000a1900000|  0%| F|  |TAMS 0x00000000a1800000| PB 0x00000000a1800000| Untracked 
|  25|0x00000000a1900000, 0x00000000a1900000, 0x00000000a1a00000|  0%| F|  |TAMS 0x00000000a1900000| PB 0x00000000a1900000| Untracked 
|  26|0x00000000a1a00000, 0x00000000a1a00000, 0x00000000a1b00000|  0%| F|  |TAMS 0x00000000a1a00000| PB 0x00000000a1a00000| Untracked 
|  27|0x00000000a1b00000, 0x00000000a1b00000, 0x00000000a1c00000|  0%| F|  |TAMS 0x00000000a1b00000| PB 0x00000000a1b00000| Untracked 
|  28|0x00000000a1c00000, 0x00000000a1c00000, 0x00000000a1d00000|  0%| F|  |TAMS 0x00000000a1c00000| PB 0x00000000a1c00000| Untracked 
|  29|0x00000000a1d00000, 0x00000000a1d00000, 0x00000000a1e00000|  0%| F|  |TAMS 0x00000000a1d00000| PB 0x00000000a1d00000| Untracked 
|  30|0x00000000a1e00000, 0x00000000a1e00000, 0x00000000a1f00000|  0%| F|  |TAMS 0x00000000a1e00000| PB 0x00000000a1e00000| Untracked 
|  31|0x00000000a1f00000, 0x00000000a1f00000, 0x00000000a2000000|  0%| F|  |TAMS 0x00000000a1f00000| PB 0x00000000a1f00000| Untracked 
|  32|0x00000000a2000000, 0x00000000a2000000, 0x00000000a2100000|  0%| F|  |TAMS 0x00000000a2000000| PB 0x00000000a2000000| Untracked 
|  33|0x00000000a2100000, 0x00000000a2100000, 0x00000000a2200000|  0%| F|  |TAMS 0x00000000a2100000| PB 0x00000000a2100000| Untracked 
|  34|0x00000000a2200000, 0x00000000a2200000, 0x00000000a2300000|  0%| F|  |TAMS 0x00000000a2200000| PB 0x00000000a2200000| Untracked 
|  35|0x00000000a2300000, 0x00000000a2300000, 0x00000000a2400000|  0%| F|  |TAMS 0x00000000a2300000| PB 0x00000000a2300000| Untracked 
|  36|0x00000000a2400000, 0x00000000a2400000, 0x00000000a2500000|  0%| F|  |TAMS 0x00000000a2400000| PB 0x00000000a2400000| Untracked 
|  37|0x00000000a2500000, 0x00000000a2500000, 0x00000000a2600000|  0%| F|  |TAMS 0x00000000a2500000| PB 0x00000000a2500000| Untracked 
|  38|0x00000000a2600000, 0x00000000a2600000, 0x00000000a2700000|  0%| F|  |TAMS 0x00000000a2600000| PB 0x00000000a2600000| Untracked 
|  39|0x00000000a2700000, 0x00000000a2700000, 0x00000000a2800000|  0%| F|  |TAMS 0x00000000a2700000| PB 0x00000000a2700000| Untracked 
|  40|0x00000000a2800000, 0x00000000a2800000, 0x00000000a2900000|  0%| F|  |TAMS 0x00000000a2800000| PB 0x00000000a2800000| Untracked 
|  41|0x00000000a2900000, 0x00000000a2900000, 0x00000000a2a00000|  0%| F|  |TAMS 0x00000000a2900000| PB 0x00000000a2900000| Untracked 
|  42|0x00000000a2a00000, 0x00000000a2b00000, 0x00000000a2b00000|100%| S|CS|TAMS 0x00000000a2a00000| PB 0x00000000a2a00000| Complete 
|  43|0x00000000a2b00000, 0x00000000a2c00000, 0x00000000a2c00000|100%| S|CS|TAMS 0x00000000a2b00000| PB 0x00000000a2b00000| Complete 
|  44|0x00000000a2c00000, 0x00000000a2d00000, 0x00000000a2d00000|100%| S|CS|TAMS 0x00000000a2c00000| PB 0x00000000a2c00000| Complete 
|  45|0x00000000a2d00000, 0x00000000a2e00000, 0x00000000a2e00000|100%| S|CS|TAMS 0x00000000a2d00000| PB 0x00000000a2d00000| Complete 
|  46|0x00000000a2e00000, 0x00000000a2f00000, 0x00000000a2f00000|100%| S|CS|TAMS 0x00000000a2e00000| PB 0x00000000a2e00000| Complete 
|  47|0x00000000a2f00000, 0x00000000a3000000, 0x00000000a3000000|100%| S|CS|TAMS 0x00000000a2f00000| PB 0x00000000a2f00000| Complete 
|  48|0x00000000a3000000, 0x00000000a3100000, 0x00000000a3100000|100%| S|CS|TAMS 0x00000000a3000000| PB 0x00000000a3000000| Complete 
|  49|0x00000000a3100000, 0x00000000a3200000, 0x00000000a3200000|100%| S|CS|TAMS 0x00000000a3100000| PB 0x00000000a3100000| Complete 
|  50|0x00000000a3200000, 0x00000000a3300000, 0x00000000a3300000|100%| S|CS|TAMS 0x00000000a3200000| PB 0x00000000a3200000| Complete 
|  51|0x00000000a3300000, 0x00000000a3400000, 0x00000000a3400000|100%| S|CS|TAMS 0x00000000a3300000| PB 0x00000000a3300000| Complete 
|  52|0x00000000a3400000, 0x00000000a3400000, 0x00000000a3500000|  0%| F|  |TAMS 0x00000000a3400000| PB 0x00000000a3400000| Untracked 
|  53|0x00000000a3500000, 0x00000000a3500000, 0x00000000a3600000|  0%| F|  |TAMS 0x00000000a3500000| PB 0x00000000a3500000| Untracked 
|  54|0x00000000a3600000, 0x00000000a3600000, 0x00000000a3700000|  0%| F|  |TAMS 0x00000000a3600000| PB 0x00000000a3600000| Untracked 
|  55|0x00000000a3700000, 0x00000000a3700000, 0x00000000a3800000|  0%| F|  |TAMS 0x00000000a3700000| PB 0x00000000a3700000| Untracked 
|  56|0x00000000a3800000, 0x00000000a3800000, 0x00000000a3900000|  0%| F|  |TAMS 0x00000000a3800000| PB 0x00000000a3800000| Untracked 
|  57|0x00000000a3900000, 0x00000000a3900000, 0x00000000a3a00000|  0%| F|  |TAMS 0x00000000a3900000| PB 0x00000000a3900000| Untracked 
|  58|0x00000000a3a00000, 0x00000000a3a00000, 0x00000000a3b00000|  0%| F|  |TAMS 0x00000000a3a00000| PB 0x00000000a3a00000| Untracked 
|  59|0x00000000a3b00000, 0x00000000a3b00000, 0x00000000a3c00000|  0%| F|  |TAMS 0x00000000a3b00000| PB 0x00000000a3b00000| Untracked 
|  60|0x00000000a3c00000, 0x00000000a3c00000, 0x00000000a3d00000|  0%| F|  |TAMS 0x00000000a3c00000| PB 0x00000000a3c00000| Untracked 
|  61|0x00000000a3d00000, 0x00000000a3d00000, 0x00000000a3e00000|  0%| F|  |TAMS 0x00000000a3d00000| PB 0x00000000a3d00000| Untracked 
|  62|0x00000000a3e00000, 0x00000000a3e00000, 0x00000000a3f00000|  0%| F|  |TAMS 0x00000000a3e00000| PB 0x00000000a3e00000| Untracked 
|  63|0x00000000a3f00000, 0x00000000a3f00000, 0x00000000a4000000|  0%| F|  |TAMS 0x00000000a3f00000| PB 0x00000000a3f00000| Untracked 
|  64|0x00000000a4000000, 0x00000000a4000000, 0x00000000a4100000|  0%| F|  |TAMS 0x00000000a4000000| PB 0x00000000a4000000| Untracked 
|  65|0x00000000a4100000, 0x00000000a4100000, 0x00000000a4200000|  0%| F|  |TAMS 0x00000000a4100000| PB 0x00000000a4100000| Untracked 
|  66|0x00000000a4200000, 0x00000000a4200000, 0x00000000a4300000|  0%| F|  |TAMS 0x00000000a4200000| PB 0x00000000a4200000| Untracked 
|  67|0x00000000a4300000, 0x00000000a4300000, 0x00000000a4400000|  0%| F|  |TAMS 0x00000000a4300000| PB 0x00000000a4300000| Untracked 
|  68|0x00000000a4400000, 0x00000000a4400000, 0x00000000a4500000|  0%| F|  |TAMS 0x00000000a4400000| PB 0x00000000a4400000| Untracked 
|  69|0x00000000a4500000, 0x00000000a4500000, 0x00000000a4600000|  0%| F|  |TAMS 0x00000000a4500000| PB 0x00000000a4500000| Untracked 
|  70|0x00000000a4600000, 0x00000000a4600000, 0x00000000a4700000|  0%| F|  |TAMS 0x00000000a4600000| PB 0x00000000a4600000| Untracked 
|  71|0x00000000a4700000, 0x00000000a4700000, 0x00000000a4800000|  0%| F|  |TAMS 0x00000000a4700000| PB 0x00000000a4700000| Untracked 
|  72|0x00000000a4800000, 0x00000000a4800000, 0x00000000a4900000|  0%| F|  |TAMS 0x00000000a4800000| PB 0x00000000a4800000| Untracked 
|  73|0x00000000a4900000, 0x00000000a4900000, 0x00000000a4a00000|  0%| F|  |TAMS 0x00000000a4900000| PB 0x00000000a4900000| Untracked 
|  74|0x00000000a4a00000, 0x00000000a4a00000, 0x00000000a4b00000|  0%| F|  |TAMS 0x00000000a4a00000| PB 0x00000000a4a00000| Untracked 
|  75|0x00000000a4b00000, 0x00000000a4b00000, 0x00000000a4c00000|  0%| F|  |TAMS 0x00000000a4b00000| PB 0x00000000a4b00000| Untracked 
|  76|0x00000000a4c00000, 0x00000000a4c00000, 0x00000000a4d00000|  0%| F|  |TAMS 0x00000000a4c00000| PB 0x00000000a4c00000| Untracked 
|  77|0x00000000a4d00000, 0x00000000a4d00000, 0x00000000a4e00000|  0%| F|  |TAMS 0x00000000a4d00000| PB 0x00000000a4d00000| Untracked 
|  78|0x00000000a4e00000, 0x00000000a4e00000, 0x00000000a4f00000|  0%| F|  |TAMS 0x00000000a4e00000| PB 0x00000000a4e00000| Untracked 
|  79|0x00000000a4f00000, 0x00000000a4f00000, 0x00000000a5000000|  0%| F|  |TAMS 0x00000000a4f00000| PB 0x00000000a4f00000| Untracked 
|  80|0x00000000a5000000, 0x00000000a5000000, 0x00000000a5100000|  0%| F|  |TAMS 0x00000000a5000000| PB 0x00000000a5000000| Untracked 
|  81|0x00000000a5100000, 0x00000000a5170a50, 0x00000000a5200000| 44%| E|  |TAMS 0x00000000a5100000| PB 0x00000000a5100000| Complete 
|  82|0x00000000a5200000, 0x00000000a5300000, 0x00000000a5300000|100%| E|CS|TAMS 0x00000000a5200000| PB 0x00000000a5200000| Complete 
|  83|0x00000000a5300000, 0x00000000a5400000, 0x00000000a5400000|100%| E|CS|TAMS 0x00000000a5300000| PB 0x00000000a5300000| Complete 
|  84|0x00000000a5400000, 0x00000000a5500000, 0x00000000a5500000|100%| E|CS|TAMS 0x00000000a5400000| PB 0x00000000a5400000| Complete 
|  85|0x00000000a5500000, 0x00000000a5600000, 0x00000000a5600000|100%| E|CS|TAMS 0x00000000a5500000| PB 0x00000000a5500000| Complete 
|  86|0x00000000a5600000, 0x00000000a5700000, 0x00000000a5700000|100%| E|CS|TAMS 0x00000000a5600000| PB 0x00000000a5600000| Complete 
|  87|0x00000000a5700000, 0x00000000a5800000, 0x00000000a5800000|100%| E|CS|TAMS 0x00000000a5700000| PB 0x00000000a5700000| Complete 
|  88|0x00000000a5800000, 0x00000000a5900000, 0x00000000a5900000|100%| E|CS|TAMS 0x00000000a5800000| PB 0x00000000a5800000| Complete 
|  89|0x00000000a5900000, 0x00000000a5a00000, 0x00000000a5a00000|100%| E|CS|TAMS 0x00000000a5900000| PB 0x00000000a5900000| Complete 
|  90|0x00000000a5a00000, 0x00000000a5b00000, 0x00000000a5b00000|100%| E|CS|TAMS 0x00000000a5a00000| PB 0x00000000a5a00000| Complete 
|  91|0x00000000a5b00000, 0x00000000a5c00000, 0x00000000a5c00000|100%| E|CS|TAMS 0x00000000a5b00000| PB 0x00000000a5b00000| Complete 
|  92|0x00000000a5c00000, 0x00000000a5d00000, 0x00000000a5d00000|100%| E|CS|TAMS 0x00000000a5c00000| PB 0x00000000a5c00000| Complete 
|  93|0x00000000a5d00000, 0x00000000a5e00000, 0x00000000a5e00000|100%| E|CS|TAMS 0x00000000a5d00000| PB 0x00000000a5d00000| Complete 
|  94|0x00000000a5e00000, 0x00000000a5f00000, 0x00000000a5f00000|100%| E|CS|TAMS 0x00000000a5e00000| PB 0x00000000a5e00000| Complete 
|  95|0x00000000a5f00000, 0x00000000a6000000, 0x00000000a6000000|100%| E|CS|TAMS 0x00000000a5f00000| PB 0x00000000a5f00000| Complete 
|  96|0x00000000a6000000, 0x00000000a6100000, 0x00000000a6100000|100%| E|CS|TAMS 0x00000000a6000000| PB 0x00000000a6000000| Complete 
|  97|0x00000000a6100000, 0x00000000a6200000, 0x00000000a6200000|100%| E|CS|TAMS 0x00000000a6100000| PB 0x00000000a6100000| Complete 
|  98|0x00000000a6200000, 0x00000000a6300000, 0x00000000a6300000|100%| E|CS|TAMS 0x00000000a6200000| PB 0x00000000a6200000| Complete 
|  99|0x00000000a6300000, 0x00000000a6400000, 0x00000000a6400000|100%| E|CS|TAMS 0x00000000a6300000| PB 0x00000000a6300000| Complete 
| 100|0x00000000a6400000, 0x00000000a6500000, 0x00000000a6500000|100%| E|CS|TAMS 0x00000000a6400000| PB 0x00000000a6400000| Complete 
| 101|0x00000000a6500000, 0x00000000a6600000, 0x00000000a6600000|100%| E|  |TAMS 0x00000000a6500000| PB 0x00000000a6500000| Complete 
| 102|0x00000000a6600000, 0x00000000a6700000, 0x00000000a6700000|100%| E|CS|TAMS 0x00000000a6600000| PB 0x00000000a6600000| Complete 
| 103|0x00000000a6700000, 0x00000000a6800000, 0x00000000a6800000|100%| E|CS|TAMS 0x00000000a6700000| PB 0x00000000a6700000| Complete 
| 104|0x00000000a6800000, 0x00000000a6900000, 0x00000000a6900000|100%| E|CS|TAMS 0x00000000a6800000| PB 0x00000000a6800000| Complete 
| 105|0x00000000a6900000, 0x00000000a6a00000, 0x00000000a6a00000|100%| E|CS|TAMS 0x00000000a6900000| PB 0x00000000a6900000| Complete 
| 106|0x00000000a6a00000, 0x00000000a6b00000, 0x00000000a6b00000|100%| E|CS|TAMS 0x00000000a6a00000| PB 0x00000000a6a00000| Complete 
| 107|0x00000000a6b00000, 0x00000000a6c00000, 0x00000000a6c00000|100%| E|CS|TAMS 0x00000000a6b00000| PB 0x00000000a6b00000| Complete 
| 108|0x00000000a6c00000, 0x00000000a6d00000, 0x00000000a6d00000|100%| E|CS|TAMS 0x00000000a6c00000| PB 0x00000000a6c00000| Complete 
| 109|0x00000000a6d00000, 0x00000000a6e00000, 0x00000000a6e00000|100%| E|CS|TAMS 0x00000000a6d00000| PB 0x00000000a6d00000| Complete 
| 110|0x00000000a6e00000, 0x00000000a6f00000, 0x00000000a6f00000|100%| E|CS|TAMS 0x00000000a6e00000| PB 0x00000000a6e00000| Complete 
| 111|0x00000000a6f00000, 0x00000000a7000000, 0x00000000a7000000|100%| E|CS|TAMS 0x00000000a6f00000| PB 0x00000000a6f00000| Complete 
| 112|0x00000000a7000000, 0x00000000a7100000, 0x00000000a7100000|100%| E|CS|TAMS 0x00000000a7000000| PB 0x00000000a7000000| Complete 
| 113|0x00000000a7100000, 0x00000000a7200000, 0x00000000a7200000|100%| E|CS|TAMS 0x00000000a7100000| PB 0x00000000a7100000| Complete 
| 114|0x00000000a7200000, 0x00000000a7300000, 0x00000000a7300000|100%| E|CS|TAMS 0x00000000a7200000| PB 0x00000000a7200000| Complete 
| 115|0x00000000a7300000, 0x00000000a7400000, 0x00000000a7400000|100%| E|CS|TAMS 0x00000000a7300000| PB 0x00000000a7300000| Complete 
| 116|0x00000000a7400000, 0x00000000a7500000, 0x00000000a7500000|100%| E|CS|TAMS 0x00000000a7400000| PB 0x00000000a7400000| Complete 
| 117|0x00000000a7500000, 0x00000000a7600000, 0x00000000a7600000|100%| E|CS|TAMS 0x00000000a7500000| PB 0x00000000a7500000| Complete 
| 118|0x00000000a7600000, 0x00000000a7700000, 0x00000000a7700000|100%| E|CS|TAMS 0x00000000a7600000| PB 0x00000000a7600000| Complete 
| 119|0x00000000a7700000, 0x00000000a7800000, 0x00000000a7800000|100%| E|CS|TAMS 0x00000000a7700000| PB 0x00000000a7700000| Complete 
| 120|0x00000000a7800000, 0x00000000a7900000, 0x00000000a7900000|100%| E|CS|TAMS 0x00000000a7800000| PB 0x00000000a7800000| Complete 
| 121|0x00000000a7900000, 0x00000000a7a00000, 0x00000000a7a00000|100%| E|CS|TAMS 0x00000000a7900000| PB 0x00000000a7900000| Complete 
| 122|0x00000000a7a00000, 0x00000000a7b00000, 0x00000000a7b00000|100%| E|CS|TAMS 0x00000000a7a00000| PB 0x00000000a7a00000| Complete 
| 123|0x00000000a7b00000, 0x00000000a7c00000, 0x00000000a7c00000|100%| E|CS|TAMS 0x00000000a7b00000| PB 0x00000000a7b00000| Complete 
| 124|0x00000000a7c00000, 0x00000000a7d00000, 0x00000000a7d00000|100%| E|CS|TAMS 0x00000000a7c00000| PB 0x00000000a7c00000| Complete 
| 125|0x00000000a7d00000, 0x00000000a7e00000, 0x00000000a7e00000|100%| E|CS|TAMS 0x00000000a7d00000| PB 0x00000000a7d00000| Complete 
| 126|0x00000000a7e00000, 0x00000000a7f00000, 0x00000000a7f00000|100%| E|CS|TAMS 0x00000000a7e00000| PB 0x00000000a7e00000| Complete 
| 127|0x00000000a7f00000, 0x00000000a8000000, 0x00000000a8000000|100%| E|CS|TAMS 0x00000000a7f00000| PB 0x00000000a7f00000| Complete 

Card table byte_map: [0x000002e313960000,0x000002e313c60000] _byte_map_base: 0x000002e313460000

Marking Bits: (CMBitMap*) 0x000002e37f9bdd80
 Bits: [0x000002e313c60000, 0x000002e315460000)

Polling page: 0x000002e37f610000

Metaspace:

Usage:
  Non-class:     13.25 MB used.
      Class:      2.16 MB used.
       Both:     15.41 MB used.

Virtual space:
  Non-class space:       64.00 MB reserved,      13.50 MB ( 21%) committed,  1 nodes.
      Class space:      208.00 MB reserved,       2.38 MB (  1%) committed,  1 nodes.
             Both:      272.00 MB reserved,      15.88 MB (  6%) committed. 

Chunk freelists:
   Non-Class:  2.45 MB
       Class:  13.66 MB
        Both:  16.11 MB

MaxMetaspaceSize: 256.00 MB
CompressedClassSpaceSize: 208.00 MB
Initial GC threshold: 21.00 MB
Current GC threshold: 21.00 MB
CDS: on
 - commit_granule_bytes: 65536.
 - commit_granule_words: 8192.
 - virtual_space_node_default_size: 8388608.
 - enlarge_chunks_in_place: 1.
 - use_allocation_guard: 0.


Internal statistics:

num_allocs_failed_limit: 0.
num_arena_births: 568.
num_arena_deaths: 0.
num_vsnodes_births: 2.
num_vsnodes_deaths: 0.
num_space_committed: 254.
num_space_uncommitted: 0.
num_chunks_returned_to_freelist: 0.
num_chunks_taken_from_freelist: 1106.
num_chunk_merges: 0.
num_chunk_splits: 719.
num_chunks_enlarged: 499.
num_inconsistent_stats: 0.

CodeHeap 'non-profiled nmethods': size=120000Kb used=1253Kb max_used=1253Kb free=118746Kb
 bounds [0x000002e30c020000, 0x000002e30c290000, 0x000002e313550000]
CodeHeap 'profiled nmethods': size=120000Kb used=5547Kb max_used=5547Kb free=114452Kb
 bounds [0x000002e304550000, 0x000002e304ac0000, 0x000002e30ba80000]
CodeHeap 'non-nmethods': size=5760Kb used=1402Kb max_used=1413Kb free=4357Kb
 bounds [0x000002e30ba80000, 0x000002e30bcf0000, 0x000002e30c020000]
CodeCache: size=245760Kb, used=8202Kb, max_used=8213Kb, free=237555Kb
 total_blobs=3292, nmethods=2734, adapters=462, full_count=0
Compilation: enabled, stopped_count=0, restarted_count=0

Compilation events (20 events):
Event: 12.951 Thread 0x000002e317a3d5b0 2724       3       java.lang.invoke.LambdaFormEditor$TransformKey::packedBytes (37 bytes)
Event: 12.951 Thread 0x000002e317a3d5b0 nmethod 2724 0x000002e304ab0590 code [0x000002e304ab0720, 0x000002e304ab0830]
Event: 12.952 Thread 0x000002e317a3d5b0 2725       3       java.lang.reflect.Method::isVarArgs (5 bytes)
Event: 12.952 Thread 0x000002e317a3d5b0 nmethod 2725 0x000002e304ab0890 code [0x000002e304ab0a40, 0x000002e304ab0c18]
Event: 12.955 Thread 0x000002e317a3d5b0 2727   !   3       java.lang.invoke.LambdaForm::lambdaName (49 bytes)
Event: 12.955 Thread 0x000002e317a3d5b0 nmethod 2727 0x000002e304ab0d10 code [0x000002e304ab0ea0, 0x000002e304ab0fc8]
Event: 12.955 Thread 0x000002e317a3d5b0 2729       3       java.lang.invoke.InvokerBytecodeGenerator::addMethod (725 bytes)
Event: 12.958 Thread 0x000002e317a3d5b0 nmethod 2729 0x000002e304ab1090 code [0x000002e304ab1600, 0x000002e304ab3a18]
Event: 12.958 Thread 0x000002e317a3d5b0 2731       3       java.lang.invoke.BoundMethodHandle::speciesDataFor (32 bytes)
Event: 12.959 Thread 0x000002e317a3d5b0 nmethod 2731 0x000002e304ab4610 code [0x000002e304ab47e0, 0x000002e304ab4b60]
Event: 12.959 Thread 0x000002e317a3d5b0 2730       3       java.lang.invoke.MethodHandles::classData (17 bytes)
Event: 12.959 Thread 0x000002e317a3d5b0 nmethod 2730 0x000002e304ab4c90 code [0x000002e304ab4e80, 0x000002e304ab5250]
Event: 12.959 Thread 0x000002e317a3d5b0 2728       3       java.lang.invoke.InvokerBytecodeGenerator::classFilePrologue (64 bytes)
Event: 12.960 Thread 0x000002e317a3d5b0 nmethod 2728 0x000002e304ab5410 code [0x000002e304ab5660, 0x000002e304ab5dd0]
Event: 12.971 Thread 0x000002e317a3d5b0 2733       3       java.util.jar.JarFile$JarFileEntry::getRealName (5 bytes)
Event: 12.971 Thread 0x000002e317a3d5b0 nmethod 2733 0x000002e304ab6090 code [0x000002e304ab6220, 0x000002e304ab6340]
Event: 12.980 Thread 0x000002e317a3d5b0 2734       3       java.lang.invoke.InfoFromMemberName::getModifiers (8 bytes)
Event: 12.980 Thread 0x000002e317a3d5b0 nmethod 2734 0x000002e304ab6410 code [0x000002e304ab65c0, 0x000002e304ab6738]
Event: 12.997 Thread 0x000002e317a3d5b0 2735       3       java.lang.Package$VersionInfo::<init> (44 bytes)
Event: 12.997 Thread 0x000002e317a3d5b0 nmethod 2735 0x000002e304ab6810 code [0x000002e304ab69e0, 0x000002e304ab6dd8]

GC Heap History (6 events):
Event: 1.568 GC heap before
{Heap before GC invocations=0 (full 0):
 garbage-first heap   total 131072K, used 12288K [0x00000000a0000000, 0x0000000100000000)
  region size 1024K, 13 young (13312K), 0 survivors (0K)
 Metaspace       used 833K, committed 960K, reserved 278528K
  class space    used 71K, committed 128K, reserved 212992K
}
Event: 1.584 GC heap after
{Heap after GC invocations=1 (full 0):
 garbage-first heap   total 131072K, used 1194K [0x00000000a0000000, 0x0000000100000000)
  region size 1024K, 2 young (2048K), 2 survivors (2048K)
 Metaspace       used 833K, committed 960K, reserved 278528K
  class space    used 71K, committed 128K, reserved 212992K
}
Event: 3.417 GC heap before
{Heap before GC invocations=1 (full 0):
 garbage-first heap   total 131072K, used 28842K [0x00000000a0000000, 0x0000000100000000)
  region size 1024K, 27 young (27648K), 2 survivors (2048K)
 Metaspace       used 3430K, committed 3648K, reserved 278528K
  class space    used 446K, committed 576K, reserved 212992K
}
Event: 3.424 GC heap after
{Heap after GC invocations=2 (full 0):
 garbage-first heap   total 131072K, used 10240K [0x00000000a0000000, 0x0000000100000000)
  region size 1024K, 4 young (4096K), 4 survivors (4096K)
 Metaspace       used 3430K, committed 3648K, reserved 278528K
  class space    used 446K, committed 576K, reserved 212992K
}
Event: 6.993 GC heap before
{Heap before GC invocations=2 (full 0):
 garbage-first heap   total 131072K, used 86016K [0x00000000a0000000, 0x0000000100000000)
  region size 1024K, 76 young (77824K), 4 survivors (4096K)
 Metaspace       used 6052K, committed 6208K, reserved 278528K
  class space    used 815K, committed 896K, reserved 212992K
}
Event: 7.007 GC heap after
{Heap after GC invocations=3 (full 0):
 garbage-first heap   total 131072K, used 17614K [0x00000000a0000000, 0x0000000100000000)
  region size 1024K, 10 young (10240K), 10 survivors (10240K)
 Metaspace       used 6052K, committed 6208K, reserved 278528K
  class space    used 815K, committed 896K, reserved 212992K
}

Dll operation events (14 events):
Event: 0.020 Loaded shared library C:\Users\KHAN\.vscode\extensions\redhat.java-1.53.0-win32-x64\jre\21.0.10-win32-x86_64\bin\java.dll
Event: 0.332 Loaded shared library C:\Users\KHAN\.vscode\extensions\redhat.java-1.53.0-win32-x64\jre\21.0.10-win32-x86_64\bin\zip.dll
Event: 0.448 Loaded shared library C:\Users\KHAN\.vscode\extensions\redhat.java-1.53.0-win32-x64\jre\21.0.10-win32-x86_64\bin\instrument.dll
Event: 0.485 Loaded shared library C:\Users\KHAN\.vscode\extensions\redhat.java-1.53.0-win32-x64\jre\21.0.10-win32-x86_64\bin\net.dll
Event: 0.513 Loaded shared library C:\Users\KHAN\.vscode\extensions\redhat.java-1.53.0-win32-x64\jre\21.0.10-win32-x86_64\bin\nio.dll
Event: 0.593 Loaded shared library C:\Users\KHAN\.vscode\extensions\redhat.java-1.53.0-win32-x64\jre\21.0.10-win32-x86_64\bin\zip.dll
Event: 1.842 Loaded shared library C:\Users\KHAN\.vscode\extensions\redhat.java-1.53.0-win32-x64\jre\21.0.10-win32-x86_64\bin\jimage.dll
Event: 2.360 Loaded shared library C:\Users\KHAN\.vscode\extensions\redhat.java-1.53.0-win32-x64\jre\21.0.10-win32-x86_64\bin\verify.dll
Event: 2.649 Loaded shared library C:\Users\KHAN\.gradle\native\1def1411415f61bf3af743bc5b6707747c0891f09f0c88961ee8f79bc544acac\windows-amd64\native-platform.dll
Event: 2.922 Loaded shared library C:\Users\KHAN\.gradle\native\0.2.7\x86_64-windows-gnu\gradle-fileevents.dll
Event: 7.033 Loaded shared library C:\Users\KHAN\.vscode\extensions\redhat.java-1.53.0-win32-x64\jre\21.0.10-win32-x86_64\bin\management.dll
Event: 7.039 Loaded shared library C:\Users\KHAN\.vscode\extensions\redhat.java-1.53.0-win32-x64\jre\21.0.10-win32-x86_64\bin\management_ext.dll
Event: 7.831 Loaded shared library C:\Users\KHAN\.vscode\extensions\redhat.java-1.53.0-win32-x64\jre\21.0.10-win32-x86_64\bin\extnet.dll
Event: 8.842 Loaded shared library C:\Users\KHAN\.vscode\extensions\redhat.java-1.53.0-win32-x64\jre\21.0.10-win32-x86_64\bin\sunmscapi.dll

Deoptimization events (20 events):
Event: 10.394 Thread 0x000002e32b8a8c80 DEOPT PACKING pc=0x000002e30c0cbad4 sp=0x000000fa735fc600
Event: 10.394 Thread 0x000002e32b8a8c80 DEOPT UNPACKING pc=0x000002e30bad4422 sp=0x000000fa735fc520 mode 2
Event: 10.394 Thread 0x000002e32b8a8c80 Uncommon trap: trap_request=0xffffff45 fr.pc=0x000002e30c0a8298 relative=0x00000000000001b8
Event: 10.394 Thread 0x000002e32b8a8c80 Uncommon trap: reason=unstable_if action=reinterpret pc=0x000002e30c0a8298 method=java.util.HashMap.getNode(Ljava/lang/Object;)Ljava/util/HashMap$Node; @ 66 c2
Event: 10.394 Thread 0x000002e32b8a8c80 DEOPT PACKING pc=0x000002e30c0a8298 sp=0x000000fa735fc5a0
Event: 10.394 Thread 0x000002e32b8a8c80 DEOPT UNPACKING pc=0x000002e30bad4422 sp=0x000000fa735fc520 mode 2
Event: 10.461 Thread 0x000002e32b8a8c80 Uncommon trap: trap_request=0xffffff45 fr.pc=0x000002e30c0b04c0 relative=0x0000000000000280
Event: 10.461 Thread 0x000002e32b8a8c80 Uncommon trap: reason=unstable_if action=reinterpret pc=0x000002e30c0b04c0 method=java.util.concurrent.ConcurrentHashMap.get(Ljava/lang/Object;)Ljava/lang/Object; @ 76 c2
Event: 10.461 Thread 0x000002e32b8a8c80 DEOPT PACKING pc=0x000002e30c0b04c0 sp=0x000000fa735fbb20
Event: 10.461 Thread 0x000002e32b8a8c80 DEOPT UNPACKING pc=0x000002e30bad4422 sp=0x000000fa735fba88 mode 2
Event: 12.734 Thread 0x000002e32b8a8c80 DEOPT PACKING pc=0x000002e30464b4d9 sp=0x000000fa735fad40
Event: 12.734 Thread 0x000002e32b8a8c80 DEOPT UNPACKING pc=0x000002e30bad4bc2 sp=0x000000fa735fa1d8 mode 0
Event: 12.959 Thread 0x000002e32b8a8c80 Uncommon trap: trap_request=0xffffff45 fr.pc=0x000002e30c044bdc relative=0x0000000000000c5c
Event: 12.959 Thread 0x000002e32b8a8c80 Uncommon trap: reason=unstable_if action=reinterpret pc=0x000002e30c044bdc method=java.io.WinNTFileSystem.resolve(Ljava/lang/String;Ljava/lang/String;)Ljava/lang/String; @ 19 c2
Event: 12.959 Thread 0x000002e32b8a8c80 DEOPT PACKING pc=0x000002e30c044bdc sp=0x000000fa735fb660
Event: 12.959 Thread 0x000002e32b8a8c80 DEOPT UNPACKING pc=0x000002e30bad4422 sp=0x000000fa735fb5f8 mode 2
Event: 12.962 Thread 0x000002e32b8a8c80 Uncommon trap: trap_request=0xffffff45 fr.pc=0x000002e30c0534e4 relative=0x0000000000000604
Event: 12.962 Thread 0x000002e32b8a8c80 Uncommon trap: reason=unstable_if action=reinterpret pc=0x000002e30c0534e4 method=java.io.File.getName()Ljava/lang/String; @ 16 c2
Event: 12.962 Thread 0x000002e32b8a8c80 DEOPT PACKING pc=0x000002e30c0534e4 sp=0x000000fa735fb620
Event: 12.962 Thread 0x000002e32b8a8c80 DEOPT UNPACKING pc=0x000002e30bad4422 sp=0x000000fa735fb5f0 mode 2

Classes loaded (20 events):
Event: 12.452 Loading class java/nio/file/attribute/PosixFilePermissions$1
Event: 12.452 Loading class java/nio/file/attribute/PosixFilePermissions$1 done
Event: 12.548 Loading class java/util/concurrent/ArrayBlockingQueue
Event: 12.549 Loading class java/util/concurrent/ArrayBlockingQueue done
Event: 12.549 Loading class java/util/concurrent/locks/ReentrantLock$FairSync
Event: 12.549 Loading class java/util/concurrent/locks/ReentrantLock$FairSync done
Event: 12.579 Loading class java/net/DatagramPacket
Event: 12.579 Loading class java/net/DatagramPacket done
Event: 12.597 Loading class sun/nio/ch/DatagramChannelImpl$DatagramPackets
Event: 12.597 Loading class sun/nio/ch/DatagramChannelImpl$DatagramPackets done
Event: 12.857 Loading class sun/security/provider/MD5
Event: 12.857 Loading class sun/security/provider/MD5 done
Event: 12.857 Loading class sun/security/provider/SHA5$SHA512
Event: 12.857 Loading class sun/security/provider/SHA5
Event: 12.858 Loading class sun/security/provider/SHA5 done
Event: 12.858 Loading class sun/security/provider/SHA5$SHA512 done
Event: 12.882 Loading class sun/security/provider/ByteArrayAccess$LE
Event: 12.882 Loading class sun/security/provider/ByteArrayAccess$LE done
Event: 12.961 Loading class java/io/File$TempDirectory
Event: 12.961 Loading class java/io/File$TempDirectory done

Classes unloaded (0 events):
No events

Classes redefined (0 events):
No events

Internal exceptions (20 events):
Event: 8.660 Thread 0x000002e37f973090 Exception <a 'java/io/IOException'{0x00000000a75cd4c8}> (0x00000000a75cd4c8) 
thrown [s\src\hotspot\share\prims\jni.cpp, line 520]
Event: 8.670 Thread 0x000002e37f973090 Implicit null exception at 0x000002e30c099c24 to 0x000002e30c09a24c
Event: 8.723 Thread 0x000002e37f973090 Exception <a 'java/lang/NoSuchMethodError'{0x00000000a74417d8}: 'java.lang.Object java.lang.invoke.DirectMethodHandle$Holder.newInvokeSpecial(java.lang.Object, java.lang.Object, java.lang.Object, java.lang.Object, java.lang.Object)'> (0x00000000a74417d8) 
thrown [s\src\hotspot\share\interpreter\linkResolver.cpp, line 773]
Event: 9.607 Thread 0x000002e32b5c2c70 Exception <a 'java/lang/NoSuchMethodError'{0x00000000a72d8548}: 'void java.lang.invoke.DirectMethodHandle$Holder.invokeSpecial(java.lang.Object, java.lang.Object, java.lang.Object)'> (0x00000000a72d8548) 
thrown [s\src\hotspot\share\interpreter\linkResolver.cpp, line 773]
Event: 10.002 Thread 0x000002e32b8a8c80 Exception <a 'java/lang/NoSuchMethodError'{0x00000000a6cd9c80}: 'long java.lang.invoke.DirectMethodHandle$Holder.invokeInterface(java.lang.Object, java.lang.Object)'> (0x00000000a6cd9c80) 
thrown [s\src\hotspot\share\interpreter\linkResolver.cpp, line 773]
Event: 10.271 Thread 0x000002e32b8a8c80 Exception <a 'java/lang/NoSuchMethodError'{0x00000000a670a168}: 'void java.lang.invoke.DirectMethodHandle$Holder.invokeStatic(java.lang.Object, java.lang.Object)'> (0x00000000a670a168) 
thrown [s\src\hotspot\share\interpreter\linkResolver.cpp, line 773]
Event: 10.284 Thread 0x000002e32b8a8c80 Exception <a 'java/lang/NoSuchMethodError'{0x00000000a674f338}: 'java.lang.Object java.lang.invoke.DirectMethodHandle$Holder.invokeVirtual(java.lang.Object, java.lang.Object, java.lang.Object, java.lang.Object, java.lang.Object, java.lang.Object, java.lang.Object, java.lang.Object, java.lang.Object, java.lang.Object, java.lang.Object, java.lang.Object)'> (0x00000000a674f338) 
thrown [s\src\hotspot\share\interpreter\linkResolver.cpp, line 773]
Event: 10.284 Thread 0x000002e32b8a8c80 Exception <a 'java/lang/NoSuchMethodError'{0x00000000a6754360}: 'java.lang.Object java.lang.invoke.DirectMethodHandle$Holder.invokeSpecial(java.lang.Object, java.lang.Object, java.lang.Object, java.lang.Object, java.lang.Object, java.lang.Object, java.lang.Object, java.lang.Object, java.lang.Object, java.lang.Object, java.lang.Object, java.lang.Object, java.lang.Object)'> (0x00000000a6754360) 
thrown [s\src\hotspot\share\interpreter\linkResolver.cpp, line 773]
Event: 10.471 Thread 0x000002e32b8a8c80 Exception <a 'java/lang/NoSuchMethodError'{0x00000000a65b2128}: 'int java.lang.invoke.DirectMethodHandle$Holder.invokeVirtual(java.lang.Object, java.lang.Object, java.lang.Object)'> (0x00000000a65b2128) 
thrown [s\src\hotspot\share\interpreter\linkResolver.cpp, line 773]
Event: 10.636 Thread 0x000002e32b8a8c80 Exception <a 'java/lang/NoSuchMethodError'{0x00000000a62294e0}: 'java.lang.Object java.lang.invoke.DirectMethodHandle$Holder.newInvokeSpecial(java.lang.Object, java.lang.Object, java.lang.Object, java.lang.Object, java.lang.Object, java.lang.Object)'> (0x00000000a62294e0) 
thrown [s\src\hotspot\share\interpreter\linkResolver.cpp, line 773]
Event: 10.964 Thread 0x000002e32b8a8c80 Exception <a 'java/lang/NoSuchMethodError'{0x00000000a5f03f50}: 'void java.lang.invoke.DelegatingMethodHandle$Holder.reinvoke_L(java.lang.Object, java.lang.Object, java.lang.Object, java.lang.Object, java.lang.Object, java.lang.Object, java.lang.Object, java.lang.Object, java.lang.Object, java.lang.Object)'> (0x00000000a5f03f50) 
thrown [s\src\hotspot\share\interpreter\linkResolver.cpp, line 773]
Event: 10.967 Thread 0x000002e32b8a8c80 Exception <a 'java/lang/NoSuchMethodError'{0x00000000a5f0ba30}: 'java.lang.Object java.lang.invoke.Invokers$Holder.invoker(java.lang.Object, java.lang.Object, java.lang.Object, java.lang.Object, java.lang.Object, java.lang.Object, java.lang.Object, java.lang.Object, java.lang.Object, java.lang.Object)'> (0x00000000a5f0ba30) 
thrown [s\src\hotspot\share\interpreter\linkResolver.cpp, line 773]
Event: 12.474 Thread 0x000002e32b8a8c80 Exception <a 'java/lang/NoSuchMethodError'{0x00000000a5956010}: 'void java.lang.invoke.DirectMethodHandle$Holder.invokeInterface(java.lang.Object, java.lang.Object)'> (0x00000000a5956010) 
thrown [s\src\hotspot\share\interpreter\linkResolver.cpp, line 773]
Event: 12.474 Thread 0x000002e32b8a8c80 Exception <a 'java/lang/IncompatibleClassChangeError'{0x00000000a5959590}: Found class java.lang.Object, but interface was expected> (0x00000000a5959590) 
thrown [s\src\hotspot\share\interpreter\linkResolver.cpp, line 840]
Event: 12.552 Thread 0x000002e32b8a8c80 Exception <a 'java/lang/NoSuchMethodError'{0x00000000a5880270}: 'java.lang.Object java.lang.invoke.DirectMethodHandle$Holder.newInvokeSpecial(java.lang.Object, java.lang.Object, int)'> (0x00000000a5880270) 
thrown [s\src\hotspot\share\interpreter\linkResolver.cpp, line 773]
Event: 12.904 Thread 0x000002e32b8a8c80 Exception <a 'java/lang/NoSuchMethodError'{0x00000000a5476f48}: 'java.lang.Object java.lang.invoke.DirectMethodHandle$Holder.invokeVirtual(java.lang.Object, java.lang.Object, java.lang.Object, java.lang.Object, java.lang.Object, java.lang.Object, java.lang.Object, java.lang.Object)'> (0x00000000a5476f48) 
thrown [s\src\hotspot\share\interpreter\linkResolver.cpp, line 773]
Event: 12.953 Thread 0x000002e32b8a8c80 Exception <a 'java/lang/NoSuchMethodError'{0x00000000a531bd28}: 'java.lang.Object java.lang.invoke.DirectMethodHandle$Holder.invokeVirtual(java.lang.Object, java.lang.Object, java.lang.Object, java.lang.Object, java.lang.Object, java.lang.Object, java.lang.Object, java.lang.Object, java.lang.Object, java.lang.Object)'> (0x00000000a531bd28) 
thrown [s\src\hotspot\share\interpreter\linkResolver.cpp, line 773]
Event: 12.979 Thread 0x000002e32b8a8c80 Exception <a 'java/lang/NoSuchMethodError'{0x00000000a53b1470}: 'void java.lang.invoke.DirectMethodHandle$Holder.invokeStatic(java.lang.Object, java.lang.Object, java.lang.Object, java.lang.Object)'> (0x00000000a53b1470) 
thrown [s\src\hotspot\share\interpreter\linkResolver.cpp, line 773]
Event: 12.979 Thread 0x000002e32b8a8c80 Exception <a 'java/lang/NoSuchMethodError'{0x00000000a53b5228}: 'void java.lang.invoke.DirectMethodHandle$Holder.invokeStaticInit(java.lang.Object, java.lang.Object, java.lang.Object, java.lang.Object)'> (0x00000000a53b5228) 
thrown [s\src\hotspot\share\interpreter\linkResolver.cpp, line 773]
Event: 13.006 Thread 0x000002e32b8a8c80 Exception <a 'java/lang/NoSuchMethodError'{0x00000000a520b360}: 'java.lang.Object java.lang.invoke.DirectMethodHandle$Holder.invokeInterface(java.lang.Object, java.lang.Object, java.lang.Object)'> (0x00000000a520b360) 
thrown [s\src\hotspot\share\interpreter\linkResolver.cpp, line 773]

ZGC Phase Switch (0 events):
No events

VM Operations (20 events):
Event: 7.818 Executing non-safepoint VM operation: HandshakeAllThreads (Deoptimize)
Event: 7.818 Executing non-safepoint VM operation: HandshakeAllThreads (Deoptimize) done
Event: 7.895 Executing non-safepoint VM operation: HandshakeAllThreads (Deoptimize)
Event: 7.896 Executing non-safepoint VM operation: HandshakeAllThreads (Deoptimize) done
Event: 8.208 Executing non-safepoint VM operation: HandshakeAllThreads (Deoptimize)
Event: 8.209 Executing non-safepoint VM operation: HandshakeAllThreads (Deoptimize) done
Event: 8.209 Executing safepoint VM operation: Cleanup
Event: 8.209 Executing safepoint VM operation: Cleanup done
Event: 8.355 Executing non-safepoint VM operation: HandshakeAllThreads (Deoptimize)
Event: 8.356 Executing non-safepoint VM operation: HandshakeAllThreads (Deoptimize) done
Event: 8.737 Executing non-safepoint VM operation: HandshakeAllThreads (Deoptimize)
Event: 8.795 Executing non-safepoint VM operation: HandshakeAllThreads (Deoptimize) done
Event: 9.800 Executing safepoint VM operation: Cleanup
Event: 9.847 Executing safepoint VM operation: Cleanup done
Event: 10.849 Executing safepoint VM operation: Cleanup
Event: 10.865 Executing safepoint VM operation: Cleanup done
Event: 11.874 Executing safepoint VM operation: Cleanup
Event: 11.874 Executing safepoint VM operation: Cleanup done
Event: 12.550 Executing non-safepoint VM operation: HandshakeAllThreads (Deoptimize)
Event: 12.550 Executing non-safepoint VM operation: HandshakeAllThreads (Deoptimize) done

Memory protections (0 events):
No events

Nmethod flushes (0 events):
No events

Events (20 events):
Event: 0.099 Thread 0x000002e37f973090 Thread added: 0x000002e317a356e0
Event: 0.099 Thread 0x000002e37f973090 Thread added: 0x000002e317a36140
Event: 0.099 Thread 0x000002e37f973090 Thread added: 0x000002e317a36ba0
Event: 0.099 Thread 0x000002e37f973090 Thread added: 0x000002e317a37930
Event: 0.114 Thread 0x000002e37f973090 Thread added: 0x000002e317a3d5b0
Event: 0.452 Thread 0x000002e37f973090 Thread added: 0x000002e317c37ba0
Event: 0.659 Thread 0x000002e37f973090 Thread added: 0x000002e317c8a5f0
Event: 7.156 Thread 0x000002e37f973090 Thread added: 0x000002e32b4e6050
Event: 8.446 Thread 0x000002e37f973090 Thread added: 0x000002e32b4b1910
Event: 8.731 Thread 0x000002e37f973090 Thread added: 0x000002e32b5a3960
Event: 8.984 Thread 0x000002e32b4b1910 Thread added: 0x000002e32b5c2c70
Event: 9.006 Thread 0x000002e32b5c2c70 Thread added: 0x000002e32b5d5350
Event: 9.590 Thread 0x000002e32b5c2c70 Thread added: 0x000002e32b886c30
Event: 9.610 Thread 0x000002e32b5c2c70 Thread added: 0x000002e32b8a8c80
Event: 9.694 Thread 0x000002e32b8a8c80 Thread added: 0x000002e32b8aad50
Event: 9.702 Thread 0x000002e32b8a8c80 Thread added: 0x000002e32b8a9310
Event: 9.732 Thread 0x000002e32b8a8c80 Thread added: 0x000002e32b8aa030
Event: 12.550 Thread 0x000002e32b8a8c80 Thread added: 0x000002e32b8ab3e0
Event: 12.576 Thread 0x000002e32b8a8c80 Thread added: 0x000002e32b8aba70
Event: 12.811 Thread 0x000002e32b8a8c80 Thread added: 0x000002e32b8a99a0


Dynamic libraries:
0x00007ff61f380000 - 0x00007ff61f38e000 	C:\Users\KHAN\.vscode\extensions\redhat.java-1.53.0-win32-x64\jre\21.0.10-win32-x86_64\bin\java.exe
0x00007ff9bd490000 - 0x00007ff9bd688000 	C:\Windows\SYSTEM32\ntdll.dll
0x00007ff9bb8e0000 - 0x00007ff9bb9a2000 	C:\Windows\System32\KERNEL32.DLL
0x00007ff9bb1b0000 - 0x00007ff9bb4a6000 	C:\Windows\System32\KERNELBASE.dll
0x00007ff9b6ec0000 - 0x00007ff9b6f54000 	C:\Windows\SYSTEM32\apphelp.dll
0x00007ff9bab50000 - 0x00007ff9bac50000 	C:\Windows\System32\ucrtbase.dll
0x00007ff9a8e10000 - 0x00007ff9a8e28000 	C:\Users\KHAN\.vscode\extensions\redhat.java-1.53.0-win32-x64\jre\21.0.10-win32-x86_64\bin\jli.dll
0x00007ff9bb4b0000 - 0x00007ff9bb651000 	C:\Windows\System32\USER32.dll
0x00007ff9bab20000 - 0x00007ff9bab42000 	C:\Windows\System32\win32u.dll
0x00007ff9bb660000 - 0x00007ff9bb68b000 	C:\Windows\System32\GDI32.dll
0x00007ff9bade0000 - 0x00007ff9baef9000 	C:\Windows\System32\gdi32full.dll
0x00007ff9bb090000 - 0x00007ff9bb12d000 	C:\Windows\System32\msvcp_win.dll
0x00007ff9a8ce0000 - 0x00007ff9a8cfe000 	C:\Users\KHAN\.vscode\extensions\redhat.java-1.53.0-win32-x64\jre\21.0.10-win32-x86_64\bin\VCRUNTIME140.dll
0x00007ff9abbe0000 - 0x00007ff9abe7b000 	C:\Windows\WinSxS\amd64_microsoft.windows.common-controls_6595b64144ccf1df_6.0.19041.6456_none_60b8a6cb71f64256\COMCTL32.dll
0x00007ff9bd380000 - 0x00007ff9bd41e000 	C:\Windows\System32\msvcrt.dll
0x00007ff9bd420000 - 0x00007ff9bd44f000 	C:\Windows\System32\IMM32.DLL
0x00007ff9b7980000 - 0x00007ff9b798c000 	C:\Users\KHAN\.vscode\extensions\redhat.java-1.53.0-win32-x64\jre\21.0.10-win32-x86_64\bin\vcruntime140_1.dll
0x00007ff99a260000 - 0x00007ff99a2ed000 	C:\Users\KHAN\.vscode\extensions\redhat.java-1.53.0-win32-x64\jre\21.0.10-win32-x86_64\bin\msvcp140.dll
0x00007ff95bde0000 - 0x00007ff95cb81000 	C:\Users\KHAN\.vscode\extensions\redhat.java-1.53.0-win32-x64\jre\21.0.10-win32-x86_64\bin\server\jvm.dll
0x00007ff9bb9c0000 - 0x00007ff9bba71000 	C:\Windows\System32\ADVAPI32.dll
0x00007ff9bd230000 - 0x00007ff9bd2cf000 	C:\Windows\System32\sechost.dll
0x00007ff9bb690000 - 0x00007ff9bb7b0000 	C:\Windows\System32\RPCRT4.dll
0x00007ff9bac50000 - 0x00007ff9bac77000 	C:\Windows\System32\bcrypt.dll
0x00007ff9bc360000 - 0x00007ff9bc3cb000 	C:\Windows\System32\WS2_32.dll
0x00007ff9ba060000 - 0x00007ff9ba0ab000 	C:\Windows\SYSTEM32\POWRPROF.dll
0x00007ff9ac4e0000 - 0x00007ff9ac507000 	C:\Windows\SYSTEM32\WINMM.dll
0x00007ff9ac510000 - 0x00007ff9ac51a000 	C:\Windows\SYSTEM32\VERSION.dll
0x00007ff9b9f20000 - 0x00007ff9b9f32000 	C:\Windows\SYSTEM32\UMPDC.dll
0x00007ff9b8990000 - 0x00007ff9b89a2000 	C:\Windows\SYSTEM32\kernel.appcore.dll
0x00007ff9b6c70000 - 0x00007ff9b6c7a000 	C:\Users\KHAN\.vscode\extensions\redhat.java-1.53.0-win32-x64\jre\21.0.10-win32-x86_64\bin\jimage.dll
0x00007ff9abe80000 - 0x00007ff9ac081000 	C:\Windows\SYSTEM32\DBGHELP.DLL
0x00007ff9a54d0000 - 0x00007ff9a5504000 	C:\Windows\SYSTEM32\dbgcore.DLL
0x00007ff9bafb0000 - 0x00007ff9bb032000 	C:\Windows\System32\bcryptPrimitives.dll
0x00007ff9b4670000 - 0x00007ff9b467f000 	C:\Users\KHAN\.vscode\extensions\redhat.java-1.53.0-win32-x64\jre\21.0.10-win32-x86_64\bin\instrument.dll
0x00007ff9a9cc0000 - 0x00007ff9a9ce0000 	C:\Users\KHAN\.vscode\extensions\redhat.java-1.53.0-win32-x64\jre\21.0.10-win32-x86_64\bin\java.dll
0x00007ff9bbb60000 - 0x00007ff9bc2d0000 	C:\Windows\System32\SHELL32.dll
0x00007ff9b8b90000 - 0x00007ff9b9335000 	C:\Windows\SYSTEM32\windows.storage.dll
0x00007ff9bc640000 - 0x00007ff9bc994000 	C:\Windows\System32\combase.dll
0x00007ff9ba550000 - 0x00007ff9ba57b000 	C:\Windows\SYSTEM32\Wldp.dll
0x00007ff9bc3d0000 - 0x00007ff9bc49d000 	C:\Windows\System32\OLEAUT32.dll
0x00007ff9bd2d0000 - 0x00007ff9bd37d000 	C:\Windows\System32\SHCORE.dll
0x00007ff9bba90000 - 0x00007ff9bbaeb000 	C:\Windows\System32\shlwapi.dll
0x00007ff9baa50000 - 0x00007ff9baa74000 	C:\Windows\SYSTEM32\profapi.dll
0x00007ff9a63a0000 - 0x00007ff9a63b8000 	C:\Users\KHAN\.vscode\extensions\redhat.java-1.53.0-win32-x64\jre\21.0.10-win32-x86_64\bin\zip.dll
0x00007ff9b4630000 - 0x00007ff9b4640000 	C:\Users\KHAN\.vscode\extensions\redhat.java-1.53.0-win32-x64\jre\21.0.10-win32-x86_64\bin\net.dll
0x00007ff9b1ef0000 - 0x00007ff9b1ffa000 	C:\Windows\SYSTEM32\WINHTTP.dll
0x00007ff9ba2b0000 - 0x00007ff9ba31a000 	C:\Windows\system32\mswsock.dll
0x00007ff9a7f00000 - 0x00007ff9a7f16000 	C:\Users\KHAN\.vscode\extensions\redhat.java-1.53.0-win32-x64\jre\21.0.10-win32-x86_64\bin\nio.dll
0x00007ff9b31e0000 - 0x00007ff9b31f0000 	C:\Users\KHAN\.vscode\extensions\redhat.java-1.53.0-win32-x64\jre\21.0.10-win32-x86_64\bin\verify.dll
0x00007ff9956c0000 - 0x00007ff9956e7000 	C:\Users\KHAN\.gradle\native\1def1411415f61bf3af743bc5b6707747c0891f09f0c88961ee8f79bc544acac\windows-amd64\native-platform.dll
0x00007ff9965b0000 - 0x00007ff996628000 	C:\Users\KHAN\.gradle\native\0.2.7\x86_64-windows-gnu\gradle-fileevents.dll
0x00007ff9b7940000 - 0x00007ff9b794a000 	C:\Users\KHAN\.vscode\extensions\redhat.java-1.53.0-win32-x64\jre\21.0.10-win32-x86_64\bin\management.dll
0x00007ff9b7910000 - 0x00007ff9b791c000 	C:\Users\KHAN\.vscode\extensions\redhat.java-1.53.0-win32-x64\jre\21.0.10-win32-x86_64\bin\management_ext.dll
0x00007ff9bba80000 - 0x00007ff9bba88000 	C:\Windows\System32\PSAPI.DLL
0x00007ff9b9f40000 - 0x00007ff9b9f7b000 	C:\Windows\SYSTEM32\IPHLPAPI.DLL
0x00007ff9bb9b0000 - 0x00007ff9bb9b8000 	C:\Windows\System32\NSI.dll
0x00007ff9b46b0000 - 0x00007ff9b46b9000 	C:\Users\KHAN\.vscode\extensions\redhat.java-1.53.0-win32-x64\jre\21.0.10-win32-x86_64\bin\extnet.dll
0x00007ff9ba4b0000 - 0x00007ff9ba4c8000 	C:\Windows\SYSTEM32\CRYPTSP.dll
0x00007ff9b9b60000 - 0x00007ff9b9b98000 	C:\Windows\system32\rsaenh.dll
0x00007ff9baa10000 - 0x00007ff9baa3e000 	C:\Windows\SYSTEM32\USERENV.dll
0x00007ff9ba4a0000 - 0x00007ff9ba4ac000 	C:\Windows\SYSTEM32\CRYPTBASE.dll
0x00007ff9b46c0000 - 0x00007ff9b46ce000 	C:\Users\KHAN\.vscode\extensions\redhat.java-1.53.0-win32-x64\jre\21.0.10-win32-x86_64\bin\sunmscapi.dll
0x00007ff9bac80000 - 0x00007ff9baddd000 	C:\Windows\System32\CRYPT32.dll
0x00007ff9ba5c0000 - 0x00007ff9ba5e7000 	C:\Windows\SYSTEM32\ncrypt.dll
0x00007ff9ba580000 - 0x00007ff9ba5bb000 	C:\Windows\SYSTEM32\NTASN1.dll
0x00007ff9a60c0000 - 0x00007ff9a60c7000 	C:\Windows\system32\wshunix.dll

JVMTI agents:
C:\Users\KHAN\.gradle\wrapper\dists\gradle-8.14.1-bin\baw1sv0jfoi8rxs14qo3h49cs\gradle-8.14.1\lib\agents\gradle-instrumentation-agent-8.14.1.jar path:C:\Users\KHAN\.vscode\extensions\redhat.java-1.53.0-win32-x64\jre\21.0.10-win32-x86_64\bin\instrument.dll, loaded, initialized, instrumentlib options:none

dbghelp: loaded successfully - version: 4.0.5 - missing functions: none
symbol engine: initialized successfully - sym options: 0x614 - pdb path: .;C:\Users\KHAN\.vscode\extensions\redhat.java-1.53.0-win32-x64\jre\21.0.10-win32-x86_64\bin;C:\Windows\SYSTEM32;C:\Windows\WinSxS\amd64_microsoft.windows.common-controls_6595b64144ccf1df_6.0.19041.6456_none_60b8a6cb71f64256;C:\Users\KHAN\.vscode\extensions\redhat.java-1.53.0-win32-x64\jre\21.0.10-win32-x86_64\bin\server;C:\Users\KHAN\.gradle\native\1def1411415f61bf3af743bc5b6707747c0891f09f0c88961ee8f79bc544acac\windows-amd64;C:\Users\KHAN\.gradle\native\0.2.7\x86_64-windows-gnu

VM Arguments:
jvm_args: --add-opens=java.base/java.lang=ALL-UNNAMED --add-opens=java.base/java.lang.invoke=ALL-UNNAMED --add-opens=java.base/java.util=ALL-UNNAMED --add-opens=java.prefs/java.util.prefs=ALL-UNNAMED --add-exports=jdk.compiler/com.sun.tools.javac.api=ALL-UNNAMED --add-exports=jdk.compiler/com.sun.tools.javac.util=ALL-UNNAMED --add-opens=java.base/java.util=ALL-UNNAMED --add-opens=java.prefs/java.util.prefs=ALL-UNNAMED --add-opens=java.base/java.nio.charset=ALL-UNNAMED --add-opens=java.base/java.net=ALL-UNNAMED --add-opens=java.base/java.util.concurrent.atomic=ALL-UNNAMED --add-opens=java.xml/javax.xml.namespace=ALL-UNNAMED -XX:MaxMetaspaceSize=256m -XX:+UseG1GC -Xmx1536m -Dfile.encoding=UTF-8 -Duser.country=US -Duser.language=en -Duser.variant -javaagent:C:\Users\KHAN\.gradle\wrapper\dists\gradle-8.14.1-bin\baw1sv0jfoi8rxs14qo3h49cs\gradle-8.14.1\lib\agents\gradle-instrumentation-agent-8.14.1.jar 
java_command: org.gradle.launcher.daemon.bootstrap.GradleDaemon 8.14.1
java_class_path (initial): C:\Users\KHAN\.gradle\wrapper\dists\gradle-8.14.1-bin\baw1sv0jfoi8rxs14qo3h49cs\gradle-8.14.1\lib\gradle-daemon-main-8.14.1.jar
Launcher Type: SUN_STANDARD

[Global flags]
     intx CICompilerCount                          = 3                                         {product} {ergonomic}
   size_t CompressedClassSpaceSize                 = 218103808                                 {product} {ergonomic}
     uint ConcGCThreads                            = 1                                         {product} {ergonomic}
     uint G1ConcRefinementThreads                  = 4                                         {product} {ergonomic}
   size_t G1HeapRegionSize                         = 1048576                                   {product} {ergonomic}
    uintx GCDrainStackTargetSize                   = 64                                        {product} {ergonomic}
   size_t InitialHeapSize                          = 134217728                                 {product} {ergonomic}
   size_t MarkStackSize                            = 4194304                                   {product} {ergonomic}
   size_t MaxHeapSize                              = 1610612736                                {product} {command line}
   size_t MaxMetaspaceSize                         = 268435456                                 {product} {command line}
   size_t MaxNewSize                               = 965738496                                 {product} {ergonomic}
   size_t MinHeapDeltaBytes                        = 1048576                                   {product} {ergonomic}
   size_t MinHeapSize                              = 8388608                                   {product} {ergonomic}
    uintx NonNMethodCodeHeapSize                   = 5832780                                {pd product} {ergonomic}
    uintx NonProfiledCodeHeapSize                  = 122912730                              {pd product} {ergonomic}
    uintx ProfiledCodeHeapSize                     = 122912730                              {pd product} {ergonomic}
    uintx ReservedCodeCacheSize                    = 251658240                              {pd product} {ergonomic}
     bool SegmentedCodeCache                       = true                                      {product} {ergonomic}
   size_t SoftMaxHeapSize                          = 1610612736                             {manageable} {ergonomic}
     bool UseCompressedOops                        = true                           {product lp64_product} {ergonomic}
     bool UseG1GC                                  = true                                      {product} {command line}
     bool UseLargePagesIndividualAllocation        = false                                  {pd product} {ergonomic}

Logging:
Log output configuration:
 #0: stdout all=warning uptime,level,tags foldmultilines=false
 #1: stderr all=off uptime,level,tags foldmultilines=false

Release file:
JAVA_VERSION="21.0.10" 
MODULES="java.base java.compiler java.datatransfer java.xml java.prefs java.desktop java.instrument java.logging java.management java.security.sasl java.naming java.rmi java.management.rmi java.net.http java.scripting java.security.jgss java.transaction.xa java.sql java.sql.rowset java.xml.crypto java.se java.smartcardio jdk.accessibility jdk.internal.jvmstat jdk.attach jdk.charsets jdk.internal.opt jdk.zipfs jdk.compiler jdk.crypto.ec jdk.crypto.cryptoki jdk.crypto.mscapi jdk.dynalink jdk.internal.ed jdk.editpad jdk.hotspot.agent jdk.httpserver jdk.internal.le jdk.internal.vm.ci jdk.internal.vm.compiler jdk.internal.vm.compiler.management jdk.jartool jdk.javadoc jdk.jcmd jdk.management jdk.management.agent jdk.jconsole jdk.jdeps jdk.jdwp.agent jdk.jdi jdk.jfr jdk.jshell jdk.jsobject jdk.jstatd jdk.localedata jdk.management.jfr jdk.naming.dns jdk.naming.rmi jdk.net jdk.nio.mapmode jdk.random jdk.sctp jdk.security.auth jdk.security.jgss jdk.unsupported jdk.unsupported.desktop jdk.xml.dom" 

Environment Variables:
JAVA_HOME=C:\Program Files\Microsoft\jdk-17.0.10.7-hotspot\
PATH=C:\Users\KHAN\AppData\Local\Programs\Microsoft VS Code;C:\Python312\Scripts\;C:\Python312\;C:\Program Files\Microsoft\jdk-17.0.10.7-hotspot\bin;C:\Windows\system32;C:\Windows;C:\Windows\System32\Wbem;C:\Windows\System32\WindowsPowerShell\v1.0\;C:\Windows\System32\OpenSSH\;C:\ProgramData\chocolatey\bin;C:\Program Files\Git\cmd;C:\Users\KHAN\AppData\Local\Android\Sdk\platform-tools;C:\Users\KHAN\AppData\Local\Android\Sdk\tools;C:\Program Files\nodejs\;C:\Program Files (x86)\Microsoft SQL Server\160\Tools\Binn\;C:\Program Files\Microsoft SQL Server\160\Tools\Binn\;C:\Program Files\Microsoft SQL Server\Client SDK\ODBC\170\Tools\Binn\;C:\Program Files\Microsoft SQL Server\160\DTS\Binn\;C:\Program Files\MongoDB\Server\8.2\bin;C:\tools\php85;C:\ProgramData\ComposerSetup\bin;C:\Users\KHAN\AppData\Local\Microsoft\WindowsApps;C:\Users\KHAN\AppData\Local\Programs\Microsoft VS Code\bin;C:\Users\KHAN\AppData\Local\Android\Sdk\platform-tools;C:\Users\KHAN\AppData\Local\Android\Sdk\platform-tools;C:\Users\KHAN\AppData\Roaming\npm;C:\Program Files\mongosh\;C:\Users\KHAN\AppData\Local\Programs\Antigravity\bin;C:\Users\KHAN\AppData\Roaming\Composer\vendor\bin
USERNAME=KHAN
OS=Windows_NT
PROCESSOR_IDENTIFIER=Intel64 Family 6 Model 58 Stepping 9, GenuineIntel
TMP=C:\Users\KHAN\AppData\Local\Temp
TEMP=C:\Users\KHAN\AppData\Local\Temp




Periodic native trim disabled

---------------  S Y S T E M  ---------------

OS:
 Windows 10 , 64 bit Build 19041 (10.0.19041.5915)
OS uptime: 3 days 1:21 hours

CPU: total 4 (initial active 4) (2 cores per cpu, 2 threads per core) family 6 model 58 stepping 9 microcode 0x21, cx8, cmov, fxsr, ht, mmx, sse, sse2, sse3, ssse3, sse4.1, sse4.2, popcnt, tsc, tscinvbit, avx, aes, erms, clmul, vzeroupper, clflush, rdtscp, f16c
Processor Information for the first 4 processors :
  Max Mhz: 2601, Current Mhz: 2601, Mhz Limit: 2601

Memory: 4k page, system-wide physical 8095M (232M free)
TotalPageFile size 23286M (AvailPageFile size 3M)
current process WorkingSet (physical memory assigned to process): 190M, peak: 190M
current process commit charge ("private bytes"): 260M, peak: 261M

vm_info: OpenJDK 64-Bit Server VM (21.0.10+7-LTS) for windows-amd64 JRE (21.0.10+7-LTS), built on 2026-01-20T00:00:00Z by "admin" with MS VC++ 17.12 (VS2022)

END.
