#
# There is insufficient memory for the Java Runtime Environment to continue.
# Native memory allocation (malloc) failed to allocate 263536 bytes for Chunk::new
# Possible reasons:
#   The system is out of physical RAM or swap space
#   The process is running with CompressedOops enabled, and the Java Heap may be blocking the growth of the native heap
# Possible solutions:
#   Reduce memory load on the system
#   Increase physical memory or swap space
#   Check if swap backing store is full
#   Decrease Java heap size (-Xmx/-Xms)
#   Decrease number of Java threads
#   Decrease Java thread stack sizes (-Xss)
#   Set larger code cache with -XX:ReservedCodeCacheSize=
#   JVM is running with Unscaled Compressed Oops mode in which the Java heap is
#     placed in the first 4GB address space. The Java Heap base address is the
#     maximum limit for the native heap growth. Please use -XX:HeapBaseMinAddress
#     to set the Java Heap base and to place the Java Heap above 4GB virtual address.
# This output file may be truncated or incomplete.
#
#  Out of Memory Error (arena.cpp:191), pid=10864, tid=19904
#
# JRE version: OpenJDK Runtime Environment Microsoft-8902769 (17.0.10+7) (build 17.0.10+7-LTS)
# Java VM: OpenJDK 64-Bit Server VM Microsoft-8902769 (17.0.10+7-LTS, mixed mode, sharing, tiered, compressed oops, compressed class ptrs, g1 gc, windows-amd64)
# No core dump will be written. Minidumps are not enabled by default on client versions of Windows
#

---------------  S U M M A R Y ------------

Command Line: --add-opens=java.base/java.lang=ALL-UNNAMED --add-opens=java.base/java.lang.invoke=ALL-UNNAMED --add-opens=java.base/java.util=ALL-UNNAMED --add-opens=java.prefs/java.util.prefs=ALL-UNNAMED --add-exports=jdk.compiler/com.sun.tools.javac.api=ALL-UNNAMED --add-exports=jdk.compiler/com.sun.tools.javac.util=ALL-UNNAMED --add-opens=java.base/java.util=ALL-UNNAMED --add-opens=java.prefs/java.util.prefs=ALL-UNNAMED --add-opens=java.base/java.nio.charset=ALL-UNNAMED --add-opens=java.base/java.net=ALL-UNNAMED --add-opens=java.base/java.util.concurrent.atomic=ALL-UNNAMED --add-opens=java.xml/javax.xml.namespace=ALL-UNNAMED -XX:MaxMetaspaceSize=256m -XX:+UseG1GC -Xmx1536m -Dfile.encoding=windows-1252 -Duser.country=US -Duser.language=en -Duser.variant -javaagent:C:\Users\KHAN\.gradle\wrapper\dists\gradle-8.14.1-bin\baw1sv0jfoi8rxs14qo3h49cs\gradle-8.14.1\lib\agents\gradle-instrumentation-agent-8.14.1.jar org.gradle.launcher.daemon.bootstrap.GradleDaemon 8.14.1

Host: Intel(R) Core(TM) i5-3320M CPU @ 2.60GHz, 4 cores, 7G,  Windows 10 , 64 bit Build 19041 (10.0.19041.5915)
Time: Fri Apr  3 03:13:43 2026 Pakistan Standard Time elapsed time: 59.436819 seconds (0d 0h 0m 59s)

---------------  T H R E A D  ---------------

Current thread (0x0000018cc8d7d670):  JavaThread "C2 CompilerThread0" daemon [_thread_in_native, id=19904, stack(0x0000004cde300000,0x0000004cde400000)]


Current CompileTask:
C2:  59437 5536   !   4       java.net.URLClassLoader$1::run (81 bytes)

Stack: [0x0000004cde300000,0x0000004cde400000]
Native frames: (J=compiled Java code, j=interpreted, Vv=VM code, C=native code)
V  [jvm.dll+0x67f829]
V  [jvm.dll+0x83750a]
V  [jvm.dll+0x838fce]
V  [jvm.dll+0x839633]
V  [jvm.dll+0x247cbf]
V  [jvm.dll+0xac524]
V  [jvm.dll+0xacb6c]
V  [jvm.dll+0x568a33]
V  [jvm.dll+0x333149]
V  [jvm.dll+0x3325ba]
V  [jvm.dll+0x21a401]
V  [jvm.dll+0x219821]
V  [jvm.dll+0x1a5176]
V  [jvm.dll+0x22957e]
V  [jvm.dll+0x22774c]
V  [jvm.dll+0x7ec5d7]
V  [jvm.dll+0x7e69da]
V  [jvm.dll+0x67e715]
C  [ucrtbase.dll+0x21bb2]
C  [KERNEL32.DLL+0x17374]
C  [ntdll.dll+0x4cc91]


---------------  P R O C E S S  ---------------

Threads class SMR info:
_java_thread_list=0x0000018cde2f8970, length=38, elements={
0x0000018cac4b63d0, 0x0000018cc8d61be0, 0x0000018cc8d627a0, 0x0000018cc8d78930,
0x0000018cc8d794f0, 0x0000018cc8d7bfc0, 0x0000018cc8d7c980, 0x0000018cc8d7d670,
0x0000018cc8ddd450, 0x0000018cc8dee960, 0x0000018cdb0208d0, 0x0000018cdb139830,
0x0000018cdb4a1150, 0x0000018cdbb62700, 0x0000018cdb3d6550, 0x0000018cdcd830b0,
0x0000018cdcd83960, 0x0000018cdbf845a0, 0x0000018cdbf86910, 0x0000018cdbf87330,
0x0000018cdbf86400, 0x0000018cdbf854d0, 0x0000018cdbf87840, 0x0000018cdbf85ef0,
0x0000018cdbf86e20, 0x0000018cdbf84090, 0x0000018cdbf84fc0, 0x0000018cdbf859e0,
0x0000018cde0cfcc0, 0x0000018cde0d1100, 0x0000018cde0d2030, 0x0000018cde0d2540,
0x0000018cde0cf2a0, 0x0000018cde0d1610, 0x0000018cde0cf7b0, 0x0000018cde0d01d0,
0x0000018cde0d0bf0, 0x0000018cdd66b370
}

Java Threads: ( => current thread )
  0x0000018cac4b63d0 JavaThread "main" [_thread_blocked, id=10104, stack(0x0000004cdd500000,0x0000004cdd600000)]
  0x0000018cc8d61be0 JavaThread "Reference Handler" daemon [_thread_blocked, id=12276, stack(0x0000004cddd00000,0x0000004cdde00000)]
  0x0000018cc8d627a0 JavaThread "Finalizer" daemon [_thread_blocked, id=4412, stack(0x0000004cdde00000,0x0000004cddf00000)]
  0x0000018cc8d78930 JavaThread "Signal Dispatcher" daemon [_thread_blocked, id=11440, stack(0x0000004cddf00000,0x0000004cde000000)]
  0x0000018cc8d794f0 JavaThread "Attach Listener" daemon [_thread_blocked, id=22288, stack(0x0000004cde000000,0x0000004cde100000)]
  0x0000018cc8d7bfc0 JavaThread "Service Thread" daemon [_thread_blocked, id=9940, stack(0x0000004cde100000,0x0000004cde200000)]
  0x0000018cc8d7c980 JavaThread "Monitor Deflation Thread" daemon [_thread_blocked, id=15256, stack(0x0000004cde200000,0x0000004cde300000)]
=>0x0000018cc8d7d670 JavaThread "C2 CompilerThread0" daemon [_thread_in_native, id=19904, stack(0x0000004cde300000,0x0000004cde400000)]
  0x0000018cc8ddd450 JavaThread "C1 CompilerThread0" daemon [_thread_blocked, id=19364, stack(0x0000004cde400000,0x0000004cde500000)]
  0x0000018cc8dee960 JavaThread "Sweeper thread" daemon [_thread_blocked, id=13332, stack(0x0000004cde500000,0x0000004cde600000)]
  0x0000018cdb0208d0 JavaThread "Common-Cleaner" daemon [_thread_blocked, id=7552, stack(0x0000004cde600000,0x0000004cde700000)]
  0x0000018cdb139830 JavaThread "Notification Thread" daemon [_thread_blocked, id=22500, stack(0x0000004cde700000,0x0000004cde800000)]
  0x0000018cdb4a1150 JavaThread "Daemon health stats" [_thread_blocked, id=4116, stack(0x0000004cdec00000,0x0000004cded00000)]
  0x0000018cdbb62700 JavaThread "Incoming local TCP Connector on port 64141" [_thread_in_native, id=17680, stack(0x0000004cded00000,0x0000004cdee00000)]
  0x0000018cdb3d6550 JavaThread "Daemon periodic checks" [_thread_blocked, id=5820, stack(0x0000004cdee00000,0x0000004cdef00000)]
  0x0000018cdcd830b0 JavaThread "Daemon" [_thread_blocked, id=1684, stack(0x0000004cdef00000,0x0000004cdf000000)]
  0x0000018cdcd83960 JavaThread "Handler for socket connection from /127.0.0.1:64141 to /127.0.0.1:64142" [_thread_in_native, id=15192, stack(0x0000004cdf000000,0x0000004cdf100000)]
  0x0000018cdbf845a0 JavaThread "Cancel handler" [_thread_blocked, id=16140, stack(0x0000004cdf100000,0x0000004cdf200000)]
  0x0000018cdbf86910 JavaThread "Daemon worker" [_thread_in_native, id=9904, stack(0x0000004cdf200000,0x0000004cdf300000)]
  0x0000018cdbf87330 JavaThread "Asynchronous log dispatcher for DefaultDaemonConnection: socket connection from /127.0.0.1:64141 to /127.0.0.1:64142" [_thread_blocked, id=9996, stack(0x0000004cdf300000,0x0000004cdf400000)]
  0x0000018cdbf86400 JavaThread "Stdin handler" [_thread_blocked, id=13348, stack(0x0000004cdf400000,0x0000004cdf500000)]
  0x0000018cdbf854d0 JavaThread "Daemon client event forwarder" [_thread_blocked, id=6656, stack(0x0000004cdf500000,0x0000004cdf600000)]
  0x0000018cdbf87840 JavaThread "Cache worker for journal cache (C:\Users\KHAN\.gradle\caches\journal-1)" [_thread_blocked, id=21384, stack(0x0000004cdf600000,0x0000004cdf700000)]
  0x0000018cdbf85ef0 JavaThread "File lock request listener" [_thread_in_native, id=11128, stack(0x0000004cdf700000,0x0000004cdf800000)]
  0x0000018cdbf86e20 JavaThread "Cache worker for file hash cache (C:\Users\KHAN\.gradle\caches\8.14.1\fileHashes)" [_thread_blocked, id=2672, stack(0x0000004cdf800000,0x0000004cdf900000)]
  0x0000018cdbf84090 JavaThread "Cache worker for file hash cache (C:\Users\KHAN\Shoppe\android\.gradle\8.14.1\fileHashes)" [_thread_blocked, id=10680, stack(0x0000004cdf900000,0x0000004cdfa00000)]
  0x0000018cdbf84fc0 JavaThread "Cache worker for Build Output Cleanup Cache (C:\Users\KHAN\Shoppe\android\.gradle\buildOutputCleanup)" [_thread_blocked, id=13388, stack(0x0000004cdfa00000,0x0000004cdfb00000)]
  0x0000018cdbf859e0 JavaThread "File watcher server" daemon [_thread_in_native, id=9380, stack(0x0000004cdfb00000,0x0000004cdfc00000)]
  0x0000018cde0cfcc0 JavaThread "File watcher consumer" daemon [_thread_blocked, id=20212, stack(0x0000004cdfc00000,0x0000004cdfd00000)]
  0x0000018cde0d1100 JavaThread "jar transforms" [_thread_blocked, id=14180, stack(0x0000004cdfd00000,0x0000004cdfe00000)]
  0x0000018cde0d2030 JavaThread "Cache worker for checksums cache (C:\Users\KHAN\Shoppe\android\.gradle\8.14.1\checksums)" [_thread_blocked, id=3624, stack(0x0000004cdfe00000,0x0000004cdff00000)]
  0x0000018cde0d2540 JavaThread "Cache worker for file content cache (C:\Users\KHAN\.gradle\caches\8.14.1\fileContent)" [_thread_blocked, id=16744, stack(0x0000004cdff00000,0x0000004ce0000000)]
  0x0000018cde0cf2a0 JavaThread "Cache worker for cache directory md-supplier (C:\Users\KHAN\.gradle\caches\8.14.1\md-supplier)" [_thread_blocked, id=19920, stack(0x0000004ce0000000,0x0000004ce0100000)]
  0x0000018cde0d1610 JavaThread "Cache worker for cache directory md-rule (C:\Users\KHAN\.gradle\caches\8.14.1\md-rule)" [_thread_blocked, id=20300, stack(0x0000004ce0100000,0x0000004ce0200000)]
  0x0000018cde0cf7b0 JavaThread "Cache worker for Build Output Cleanup Cache (C:\Users\KHAN\Shoppe\node_modules\@react-native\gradle-plugin\.gradle\buildOutputCleanup)" [_thread_blocked, id=18804, stack(0x0000004ce0200000,0x0000004ce0300000)]
  0x0000018cde0d01d0 JavaThread "Unconstrained build operations" [_thread_blocked, id=10264, stack(0x0000004ce0500000,0x0000004ce0600000)]
  0x0000018cde0d0bf0 JavaThread "Unconstrained build operations Thread 2" [_thread_blocked, id=16456, stack(0x0000004ce0600000,0x0000004ce0700000)]
  0x0000018cdd66b370 JavaThread "Unconstrained build operations Thread 3" [_thread_blocked, id=14612, stack(0x0000004ce0700000,0x0000004ce0800000)]

Other Threads:
  0x0000018cc8d5a850 VMThread "VM Thread" [stack: 0x0000004cddc00000,0x0000004cddd00000] [id=21424]
  0x0000018cac4b80e0 WatcherThread [stack: 0x0000004cde800000,0x0000004cde900000] [id=4612]
  0x0000018cac4fd300 GCTaskThread "GC Thread#0" [stack: 0x0000004cdd700000,0x0000004cdd800000] [id=22476]
  0x0000018cdb3b32e0 GCTaskThread "GC Thread#1" [stack: 0x0000004cde900000,0x0000004cdea00000] [id=3520]
  0x0000018cdb3b35a0 GCTaskThread "GC Thread#2" [stack: 0x0000004cdea00000,0x0000004cdeb00000] [id=1696]
  0x0000018cdb640720 GCTaskThread "GC Thread#3" [stack: 0x0000004cdeb00000,0x0000004cdec00000] [id=13044]
  0x0000018cac50bf10 ConcurrentGCThread "G1 Main Marker" [stack: 0x0000004cdd800000,0x0000004cdd900000] [id=4056]
  0x0000018cac50c7d0 ConcurrentGCThread "G1 Conc#0" [stack: 0x0000004cdd900000,0x0000004cdda00000] [id=14848]
  0x0000018cac564710 ConcurrentGCThread "G1 Refine#0" [stack: 0x0000004cdda00000,0x0000004cddb00000] [id=19576]
  0x0000018cc8c201a0 ConcurrentGCThread "G1 Service" [stack: 0x0000004cddb00000,0x0000004cddc00000] [id=22012]

Threads with active compile tasks:
C2 CompilerThread0    59490 5536   !   4       java.net.URLClassLoader$1::run (81 bytes)

VM state: not at safepoint (normal execution)

VM Mutex/Monitor currently owned by a thread: None

Heap address: 0x00000000a0000000, size: 1536 MB, Compressed Oops mode: 32-bit

CDS archive(s) mapped at: [0x0000018cc9000000-0x0000018cc9bb0000-0x0000018cc9bb0000), size 12255232, SharedBaseAddress: 0x0000018cc9000000, ArchiveRelocationMode: 1.
Compressed class space mapped at: 0x0000018cca000000-0x0000018cd7000000, reserved size: 218103808
Narrow klass base: 0x0000018cc9000000, Narrow klass shift: 0, Narrow klass range: 0x100000000

GC Precious Log:
 CPUs: 4 total, 4 available
 Memory: 8095M
 Large Page Support: Disabled
 NUMA Support: Disabled
 Compressed Oops: Enabled (32-bit)
 Heap Region Size: 1M
 Heap Min Capacity: 8M
 Heap Initial Capacity: 128M
 Heap Max Capacity: 1536M
 Pre-touch: Disabled
 Parallel Workers: 4
 Concurrent Workers: 1
 Concurrent Refinement Workers: 4
 Periodic GC: Disabled

Heap:
 garbage-first heap   total 86016K, used 57962K [0x00000000a0000000, 0x0000000100000000)
  region size 1024K, 23 young (23552K), 5 survivors (5120K)
 Metaspace       used 52501K, committed 53120K, reserved 278528K
  class space    used 7403K, committed 7680K, reserved 212992K

Heap Regions: E=young(eden), S=young(survivor), O=old, HS=humongous(starts), HC=humongous(continues), CS=collection set, F=free, OA=open archive, CA=closed archive, TAMS=top-at-mark-start (previous, next)
|   0|0x00000000a0000000, 0x00000000a0100000, 0x00000000a0100000|100%|HS|  |TAMS 0x00000000a0100000, 0x00000000a0000000| Complete 
|   1|0x00000000a0100000, 0x00000000a0200000, 0x00000000a0200000|100%|HC|  |TAMS 0x00000000a0200000, 0x00000000a0100000| Complete 
|   2|0x00000000a0200000, 0x00000000a0300000, 0x00000000a0300000|100%|HC|  |TAMS 0x00000000a0300000, 0x00000000a0200000| Complete 
|   3|0x00000000a0300000, 0x00000000a0400000, 0x00000000a0400000|100%| O|  |TAMS 0x00000000a0400000, 0x00000000a0300000| Untracked 
|   4|0x00000000a0400000, 0x00000000a0500000, 0x00000000a0500000|100%| O|  |TAMS 0x00000000a0500000, 0x00000000a0400000| Untracked 
|   5|0x00000000a0500000, 0x00000000a0600000, 0x00000000a0600000|100%| O|  |TAMS 0x00000000a0500000, 0x00000000a0500000| Untracked 
|   6|0x00000000a0600000, 0x00000000a0700000, 0x00000000a0700000|100%| O|  |TAMS 0x00000000a0700000, 0x00000000a0600000| Untracked 
|   7|0x00000000a0700000, 0x00000000a0800000, 0x00000000a0800000|100%|HS|  |TAMS 0x00000000a0800000, 0x00000000a0700000| Complete 
|   8|0x00000000a0800000, 0x00000000a0900000, 0x00000000a0900000|100%| O|  |TAMS 0x00000000a0900000, 0x00000000a0800000| Untracked 
|   9|0x00000000a0900000, 0x00000000a0a00000, 0x00000000a0a00000|100%| O|  |TAMS 0x00000000a0a00000, 0x00000000a0900000| Untracked 
|  10|0x00000000a0a00000, 0x00000000a0b00000, 0x00000000a0b00000|100%| O|  |TAMS 0x00000000a0b00000, 0x00000000a0a00000| Untracked 
|  11|0x00000000a0b00000, 0x00000000a0c00000, 0x00000000a0c00000|100%| O|  |TAMS 0x00000000a0c00000, 0x00000000a0b00000| Untracked 
|  12|0x00000000a0c00000, 0x00000000a0d00000, 0x00000000a0d00000|100%| O|  |TAMS 0x00000000a0d00000, 0x00000000a0c00000| Untracked 
|  13|0x00000000a0d00000, 0x00000000a0e00000, 0x00000000a0e00000|100%| O|  |TAMS 0x00000000a0e00000, 0x00000000a0d00000| Untracked 
|  14|0x00000000a0e00000, 0x00000000a0f00000, 0x00000000a0f00000|100%| O|  |TAMS 0x00000000a0f00000, 0x00000000a0e00000| Untracked 
|  15|0x00000000a0f00000, 0x00000000a0ffcc00, 0x00000000a1000000| 98%| O|  |TAMS 0x00000000a0ffcc00, 0x00000000a0f00000| Untracked 
|  16|0x00000000a1000000, 0x00000000a1100000, 0x00000000a1100000|100%| O|  |TAMS 0x00000000a1100000, 0x00000000a1000000| Untracked 
|  17|0x00000000a1100000, 0x00000000a1200000, 0x00000000a1200000|100%| O|  |TAMS 0x00000000a1200000, 0x00000000a1100000| Untracked 
|  18|0x00000000a1200000, 0x00000000a1300000, 0x00000000a1300000|100%| O|  |TAMS 0x00000000a1300000, 0x00000000a1200000| Untracked 
|  19|0x00000000a1300000, 0x00000000a1400000, 0x00000000a1400000|100%| O|  |TAMS 0x00000000a1400000, 0x00000000a1300000| Untracked 
|  20|0x00000000a1400000, 0x00000000a1500000, 0x00000000a1500000|100%| O|  |TAMS 0x00000000a1500000, 0x00000000a1400000| Untracked 
|  21|0x00000000a1500000, 0x00000000a1600000, 0x00000000a1600000|100%| O|  |TAMS 0x00000000a1600000, 0x00000000a1500000| Untracked 
|  22|0x00000000a1600000, 0x00000000a1700000, 0x00000000a1700000|100%| O|  |TAMS 0x00000000a1700000, 0x00000000a1600000| Untracked 
|  23|0x00000000a1700000, 0x00000000a1800000, 0x00000000a1800000|100%| O|  |TAMS 0x00000000a1800000, 0x00000000a1700000| Untracked 
|  24|0x00000000a1800000, 0x00000000a1900000, 0x00000000a1900000|100%| O|  |TAMS 0x00000000a1900000, 0x00000000a1800000| Untracked 
|  25|0x00000000a1900000, 0x00000000a1a00000, 0x00000000a1a00000|100%| O|  |TAMS 0x00000000a1a00000, 0x00000000a1900000| Untracked 
|  26|0x00000000a1a00000, 0x00000000a1b00000, 0x00000000a1b00000|100%| O|  |TAMS 0x00000000a1b00000, 0x00000000a1a00000| Untracked 
|  27|0x00000000a1b00000, 0x00000000a1c00000, 0x00000000a1c00000|100%| O|  |TAMS 0x00000000a1b5da00, 0x00000000a1b00000| Untracked 
|  28|0x00000000a1c00000, 0x00000000a1d00000, 0x00000000a1d00000|100%| O|  |TAMS 0x00000000a1c00000, 0x00000000a1c00000| Untracked 
|  29|0x00000000a1d00000, 0x00000000a1e00000, 0x00000000a1e00000|100%| O|  |TAMS 0x00000000a1d00000, 0x00000000a1d00000| Untracked 
|  30|0x00000000a1e00000, 0x00000000a1f00000, 0x00000000a1f00000|100%| O|  |TAMS 0x00000000a1e00000, 0x00000000a1e00000| Untracked 
|  31|0x00000000a1f00000, 0x00000000a2000000, 0x00000000a2000000|100%| O|  |TAMS 0x00000000a1f00000, 0x00000000a1f00000| Untracked 
|  32|0x00000000a2000000, 0x00000000a2100000, 0x00000000a2100000|100%| O|  |TAMS 0x00000000a2000000, 0x00000000a2000000| Untracked 
|  33|0x00000000a2100000, 0x00000000a2200000, 0x00000000a2200000|100%| O|  |TAMS 0x00000000a2100000, 0x00000000a2100000| Untracked 
|  34|0x00000000a2200000, 0x00000000a2300000, 0x00000000a2300000|100%| O|  |TAMS 0x00000000a2200000, 0x00000000a2200000| Untracked 
|  35|0x00000000a2300000, 0x00000000a2326000, 0x00000000a2400000| 14%| O|  |TAMS 0x00000000a2300000, 0x00000000a2300000| Untracked 
|  36|0x00000000a2400000, 0x00000000a2400000, 0x00000000a2500000|  0%| F|  |TAMS 0x00000000a2400000, 0x00000000a2400000| Untracked 
|  37|0x00000000a2500000, 0x00000000a2500000, 0x00000000a2600000|  0%| F|  |TAMS 0x00000000a2500000, 0x00000000a2500000| Untracked 
|  38|0x00000000a2600000, 0x00000000a2600000, 0x00000000a2700000|  0%| F|  |TAMS 0x00000000a2600000, 0x00000000a2600000| Untracked 
|  39|0x00000000a2700000, 0x00000000a2700000, 0x00000000a2800000|  0%| F|  |TAMS 0x00000000a2700000, 0x00000000a2700000| Untracked 
|  40|0x00000000a2800000, 0x00000000a2800000, 0x00000000a2900000|  0%| F|  |TAMS 0x00000000a2800000, 0x00000000a2800000| Untracked 
|  41|0x00000000a2900000, 0x00000000a2900000, 0x00000000a2a00000|  0%| F|  |TAMS 0x00000000a2900000, 0x00000000a2900000| Untracked 
|  42|0x00000000a2a00000, 0x00000000a2a00000, 0x00000000a2b00000|  0%| F|  |TAMS 0x00000000a2a00000, 0x00000000a2a00000| Untracked 
|  43|0x00000000a2b00000, 0x00000000a2b00000, 0x00000000a2c00000|  0%| F|  |TAMS 0x00000000a2b00000, 0x00000000a2b00000| Untracked 
|  44|0x00000000a2c00000, 0x00000000a2c00000, 0x00000000a2d00000|  0%| F|  |TAMS 0x00000000a2c00000, 0x00000000a2c00000| Untracked 
|  45|0x00000000a2d00000, 0x00000000a2d77fb8, 0x00000000a2e00000| 46%| S|CS|TAMS 0x00000000a2d00000, 0x00000000a2d00000| Complete 
|  46|0x00000000a2e00000, 0x00000000a2f00000, 0x00000000a2f00000|100%| S|CS|TAMS 0x00000000a2e00000, 0x00000000a2e00000| Complete 
|  47|0x00000000a2f00000, 0x00000000a2f00000, 0x00000000a3000000|  0%| F|  |TAMS 0x00000000a2f00000, 0x00000000a2f00000| Untracked 
|  48|0x00000000a3000000, 0x00000000a3000000, 0x00000000a3100000|  0%| F|  |TAMS 0x00000000a3000000, 0x00000000a3000000| Untracked 
|  49|0x00000000a3100000, 0x00000000a3200000, 0x00000000a3200000|100%| S|CS|TAMS 0x00000000a3100000, 0x00000000a3100000| Complete 
|  50|0x00000000a3200000, 0x00000000a3200000, 0x00000000a3300000|  0%| F|  |TAMS 0x00000000a3200000, 0x00000000a3200000| Untracked 
|  51|0x00000000a3300000, 0x00000000a3300000, 0x00000000a3400000|  0%| F|  |TAMS 0x00000000a3300000, 0x00000000a3300000| Untracked 
|  52|0x00000000a3400000, 0x00000000a3500000, 0x00000000a3500000|100%| S|CS|TAMS 0x00000000a3400000, 0x00000000a3400000| Complete 
|  53|0x00000000a3500000, 0x00000000a3600000, 0x00000000a3600000|100%| S|CS|TAMS 0x00000000a3500000, 0x00000000a3500000| Complete 
|  54|0x00000000a3600000, 0x00000000a3600000, 0x00000000a3700000|  0%| F|  |TAMS 0x00000000a3600000, 0x00000000a3600000| Untracked 
|  55|0x00000000a3700000, 0x00000000a3700000, 0x00000000a3800000|  0%| F|  |TAMS 0x00000000a3700000, 0x00000000a3700000| Untracked 
|  56|0x00000000a3800000, 0x00000000a3800000, 0x00000000a3900000|  0%| F|  |TAMS 0x00000000a3800000, 0x00000000a3800000| Untracked 
|  57|0x00000000a3900000, 0x00000000a3900000, 0x00000000a3a00000|  0%| F|  |TAMS 0x00000000a3900000, 0x00000000a3900000| Untracked 
|  58|0x00000000a3a00000, 0x00000000a3a00000, 0x00000000a3b00000|  0%| F|  |TAMS 0x00000000a3a00000, 0x00000000a3a00000| Untracked 
|  59|0x00000000a3b00000, 0x00000000a3b00000, 0x00000000a3c00000|  0%| F|  |TAMS 0x00000000a3b00000, 0x00000000a3b00000| Untracked 
|  60|0x00000000a3c00000, 0x00000000a3c00000, 0x00000000a3d00000|  0%| F|  |TAMS 0x00000000a3c00000, 0x00000000a3c00000| Untracked 
|  61|0x00000000a3d00000, 0x00000000a3d00000, 0x00000000a3e00000|  0%| F|  |TAMS 0x00000000a3d00000, 0x00000000a3d00000| Untracked 
|  62|0x00000000a3e00000, 0x00000000a3e00000, 0x00000000a3f00000|  0%| F|  |TAMS 0x00000000a3e00000, 0x00000000a3e00000| Untracked 
|  63|0x00000000a3f00000, 0x00000000a3f00000, 0x00000000a4000000|  0%| F|  |TAMS 0x00000000a3f00000, 0x00000000a3f00000| Untracked 
|  64|0x00000000a4000000, 0x00000000a4000000, 0x00000000a4100000|  0%| F|  |TAMS 0x00000000a4000000, 0x00000000a4000000| Untracked 
|  65|0x00000000a4100000, 0x00000000a4100000, 0x00000000a4200000|  0%| F|  |TAMS 0x00000000a4100000, 0x00000000a4100000| Untracked 
|  66|0x00000000a4200000, 0x00000000a424cca8, 0x00000000a4300000| 29%| E|  |TAMS 0x00000000a4200000, 0x00000000a4200000| Complete 
|  67|0x00000000a4300000, 0x00000000a4400000, 0x00000000a4400000|100%| E|CS|TAMS 0x00000000a4300000, 0x00000000a4300000| Complete 
|  68|0x00000000a4400000, 0x00000000a4500000, 0x00000000a4500000|100%| E|CS|TAMS 0x00000000a4400000, 0x00000000a4400000| Complete 
|  69|0x00000000a4500000, 0x00000000a4600000, 0x00000000a4600000|100%| E|CS|TAMS 0x00000000a4500000, 0x00000000a4500000| Complete 
|  70|0x00000000a4600000, 0x00000000a4700000, 0x00000000a4700000|100%| E|CS|TAMS 0x00000000a4600000, 0x00000000a4600000| Complete 
|  71|0x00000000a4700000, 0x00000000a4800000, 0x00000000a4800000|100%| E|CS|TAMS 0x00000000a4700000, 0x00000000a4700000| Complete 
|  72|0x00000000a4800000, 0x00000000a4900000, 0x00000000a4900000|100%| E|CS|TAMS 0x00000000a4800000, 0x00000000a4800000| Complete 
|  73|0x00000000a4900000, 0x00000000a4a00000, 0x00000000a4a00000|100%| E|CS|TAMS 0x00000000a4900000, 0x00000000a4900000| Complete 
|  74|0x00000000a4a00000, 0x00000000a4b00000, 0x00000000a4b00000|100%| E|CS|TAMS 0x00000000a4a00000, 0x00000000a4a00000| Complete 
|  79|0x00000000a4f00000, 0x00000000a5000000, 0x00000000a5000000|100%| E|CS|TAMS 0x00000000a4f00000, 0x00000000a4f00000| Complete 
|  80|0x00000000a5000000, 0x00000000a5100000, 0x00000000a5100000|100%| E|CS|TAMS 0x00000000a5000000, 0x00000000a5000000| Complete 
|  81|0x00000000a5100000, 0x00000000a5200000, 0x00000000a5200000|100%| E|CS|TAMS 0x00000000a5100000, 0x00000000a5100000| Complete 
|  82|0x00000000a5200000, 0x00000000a5300000, 0x00000000a5300000|100%| E|CS|TAMS 0x00000000a5200000, 0x00000000a5200000| Complete 
|  83|0x00000000a5300000, 0x00000000a5400000, 0x00000000a5400000|100%| E|CS|TAMS 0x00000000a5300000, 0x00000000a5300000| Complete 
|  84|0x00000000a5400000, 0x00000000a5500000, 0x00000000a5500000|100%| E|CS|TAMS 0x00000000a5400000, 0x00000000a5400000| Complete 
|  85|0x00000000a5500000, 0x00000000a5600000, 0x00000000a5600000|100%| E|CS|TAMS 0x00000000a5500000, 0x00000000a5500000| Complete 
|  86|0x00000000a5600000, 0x00000000a5700000, 0x00000000a5700000|100%| E|CS|TAMS 0x00000000a5600000, 0x00000000a5600000| Complete 
| 127|0x00000000a7f00000, 0x00000000a8000000, 0x00000000a8000000|100%| E|CS|TAMS 0x00000000a7f00000, 0x00000000a7f00000| Complete 

Card table byte_map: [0x0000018cc32d0000,0x0000018cc35d0000] _byte_map_base: 0x0000018cc2dd0000

Marking Bits (Prev, Next): (CMBitMap*) 0x0000018cac4fd5d0, (CMBitMap*) 0x0000018cac4fd610
 Prev Bits: [0x0000018cc38d0000, 0x0000018cc50d0000)
 Next Bits: [0x0000018cc50d0000, 0x0000018cc68d0000)

Polling page: 0x0000018caa1f0000

Metaspace:

Usage:
  Non-class:     44.04 MB used.
      Class:      7.23 MB used.
       Both:     51.27 MB used.

Virtual space:
  Non-class space:       64.00 MB reserved,      44.38 MB ( 69%) committed,  1 nodes.
      Class space:      208.00 MB reserved,       7.50 MB (  4%) committed,  1 nodes.
             Both:      272.00 MB reserved,      51.88 MB ( 19%) committed. 

Chunk freelists:
   Non-Class:  3.04 MB
       Class:  8.41 MB
        Both:  11.45 MB

MaxMetaspaceSize: 256.00 MB
CompressedClassSpaceSize: 208.00 MB
Initial GC threshold: 21.00 MB
Current GC threshold: 58.88 MB
CDS: on
MetaspaceReclaimPolicy: balanced
 - commit_granule_bytes: 65536.
 - commit_granule_words: 8192.
 - virtual_space_node_default_size: 8388608.
 - enlarge_chunks_in_place: 1.
 - new_chunks_are_fully_committed: 0.
 - uncommit_free_chunks: 1.
 - use_allocation_guard: 0.
 - handle_deallocations: 1.


Internal statistics:

num_allocs_failed_limit: 6.
num_arena_births: 688.
num_arena_deaths: 0.
num_vsnodes_births: 2.
num_vsnodes_deaths: 0.
num_space_committed: 830.
num_space_uncommitted: 0.
num_chunks_returned_to_freelist: 6.
num_chunks_taken_from_freelist: 2804.
num_chunk_merges: 6.
num_chunk_splits: 1889.
num_chunks_enlarged: 1314.
num_inconsistent_stats: 0.

CodeHeap 'non-profiled nmethods': size=120000Kb used=2717Kb max_used=3121Kb free=117282Kb
 bounds [0x0000018cbbaa0000, 0x0000018cbbdb0000, 0x0000018cc2fd0000]
CodeHeap 'profiled nmethods': size=120000Kb used=9783Kb max_used=9807Kb free=110216Kb
 bounds [0x0000018cb3fd0000, 0x0000018cb4980000, 0x0000018cbb500000]
CodeHeap 'non-nmethods': size=5760Kb used=2347Kb max_used=2389Kb free=3412Kb
 bounds [0x0000018cbb500000, 0x0000018cbb770000, 0x0000018cbbaa0000]
 total_blobs=5742 nmethods=4873 adapters=782
 compilation: enabled
              stopped_count=0, restarted_count=0
 full_count=0

Compilation events (20 events):
Event: 59.417 Thread 0x0000018cc8ddd450 5657       1       sun.nio.fs.WindowsNativeDispatcher$FirstFile::handle (5 bytes)
Event: 59.417 Thread 0x0000018cc8ddd450 nmethod 5657 0x0000018cbbbc9710 code [0x0000018cbbbc98a0, 0x0000018cbbbc9978]
Event: 59.417 Thread 0x0000018cc8ddd450 5658       1       sun.nio.fs.WindowsNativeDispatcher$FirstFile::name (5 bytes)
Event: 59.417 Thread 0x0000018cc8ddd450 nmethod 5658 0x0000018cbbbc9410 code [0x0000018cbbbc95a0, 0x0000018cbbbc9678]
Event: 59.418 Thread 0x0000018cc8ddd450 5659       3       com.google.common.cache.LocalCache$LoadingValueReference::<init> (6 bytes)
Event: 59.418 Thread 0x0000018cc8ddd450 nmethod 5659 0x0000018cb402e390 code [0x0000018cb402e5c0, 0x0000018cb402ee58]
Event: 59.418 Thread 0x0000018cc8ddd450 5660       3       com.google.common.base.Stopwatch::<init> (12 bytes)
Event: 59.419 Thread 0x0000018cc8ddd450 nmethod 5660 0x0000018cb402de90 code [0x0000018cb402e040, 0x0000018cb402e278]
Event: 59.419 Thread 0x0000018cc8ddd450 5661       3       com.google.common.cache.LocalCache$Segment::loadSync (19 bytes)
Event: 59.419 Thread 0x0000018cc8ddd450 nmethod 5661 0x0000018cb402d990 code [0x0000018cb402db40, 0x0000018cb402dd78]
Event: 59.419 Thread 0x0000018cc8ddd450 5662       3       com.esotericsoftware.kryo.io.Output::writeUtf8Length (405 bytes)
Event: 59.420 Thread 0x0000018cc8ddd450 nmethod 5662 0x0000018cb402cc10 code [0x0000018cb402ce40, 0x0000018cb402d5e8]
Event: 59.423 Thread 0x0000018cc8ddd450 5663       3       org.gradle.internal.serialize.AbstractDecoder::<init> (5 bytes)
Event: 59.423 Thread 0x0000018cc8ddd450 nmethod 5663 0x0000018cb402c890 code [0x0000018cb402ca20, 0x0000018cb402cb78]
Event: 59.424 Thread 0x0000018cc8ddd450 5664       3       org.gradle.internal.snapshot.VfsRelativePath::lengthOfCommonPrefix (173 bytes)
Event: 59.427 Thread 0x0000018cc8ddd450 nmethod 5664 0x0000018cb4051e10 code [0x0000018cb4052240, 0x0000018cb4054488]
Event: 59.427 Thread 0x0000018cc8ddd450 5666       1       org.gradle.api.internal.changedetection.state.DefaultRegularFileSnapshotContext::getRelativePathSegments (5 bytes)
Event: 59.427 Thread 0x0000018cc8ddd450 nmethod 5666 0x0000018cbbbc9110 code [0x0000018cbbbc92a0, 0x0000018cbbbc9378]
Event: 59.427 Thread 0x0000018cc8ddd450 5665       3       org.gradle.internal.snapshot.AbstractFileSystemLocationSnapshot::<init> (20 bytes)
Event: 59.428 Thread 0x0000018cc8ddd450 nmethod 5665 0x0000018cb402c390 code [0x0000018cb402c540, 0x0000018cb402c7b8]

GC Heap History (20 events):
Event: 35.549 GC heap before
{Heap before GC invocations=4 (full 0):
 garbage-first heap   total 131072K, used 62875K [0x00000000a0000000, 0x0000000100000000)
  region size 1024K, 47 young (48128K), 6 survivors (6144K)
 Metaspace       used 21126K, committed 21504K, reserved 278528K
  class space    used 3057K, committed 3200K, reserved 212992K
}
Event: 35.562 GC heap after
{Heap after GC invocations=5 (full 0):
 garbage-first heap   total 131072K, used 24508K [0x00000000a0000000, 0x0000000100000000)
  region size 1024K, 8 young (8192K), 8 survivors (8192K)
 Metaspace       used 21126K, committed 21504K, reserved 278528K
  class space    used 3057K, committed 3200K, reserved 212992K
}
Event: 40.396 GC heap before
{Heap before GC invocations=6 (full 0):
 garbage-first heap   total 86016K, used 67516K [0x00000000a0000000, 0x0000000100000000)
  region size 1024K, 50 young (51200K), 8 survivors (8192K)
 Metaspace       used 28236K, committed 28608K, reserved 278528K
  class space    used 3967K, committed 4160K, reserved 212992K
}
Event: 40.414 GC heap after
{Heap after GC invocations=7 (full 0):
 garbage-first heap   total 86016K, used 27430K [0x00000000a0000000, 0x0000000100000000)
  region size 1024K, 6 young (6144K), 6 survivors (6144K)
 Metaspace       used 28236K, committed 28608K, reserved 278528K
  class space    used 3967K, committed 4160K, reserved 212992K
}
Event: 40.537 GC heap before
{Heap before GC invocations=7 (full 0):
 garbage-first heap   total 86016K, used 28454K [0x00000000a0000000, 0x0000000100000000)
  region size 1024K, 7 young (7168K), 6 survivors (6144K)
 Metaspace       used 28427K, committed 28800K, reserved 278528K
  class space    used 3996K, committed 4160K, reserved 212992K
}
Event: 40.548 GC heap after
{Heap after GC invocations=8 (full 0):
 garbage-first heap   total 86016K, used 28009K [0x00000000a0000000, 0x0000000100000000)
  region size 1024K, 1 young (1024K), 1 survivors (1024K)
 Metaspace       used 28427K, committed 28800K, reserved 278528K
  class space    used 3996K, committed 4160K, reserved 212992K
}
Event: 42.938 GC heap before
{Heap before GC invocations=8 (full 0):
 garbage-first heap   total 86016K, used 64873K [0x00000000a0000000, 0x0000000100000000)
  region size 1024K, 38 young (38912K), 1 survivors (1024K)
 Metaspace       used 31813K, committed 32192K, reserved 278528K
  class space    used 4461K, committed 4608K, reserved 212992K
}
Event: 42.945 GC heap after
{Heap after GC invocations=9 (full 0):
 garbage-first heap   total 86016K, used 30529K [0x00000000a0000000, 0x0000000100000000)
  region size 1024K, 4 young (4096K), 4 survivors (4096K)
 Metaspace       used 31813K, committed 32192K, reserved 278528K
  class space    used 4461K, committed 4608K, reserved 212992K
}
Event: 45.875 GC heap before
{Heap before GC invocations=9 (full 0):
 garbage-first heap   total 86016K, used 66369K [0x00000000a0000000, 0x0000000100000000)
  region size 1024K, 35 young (35840K), 4 survivors (4096K)
 Metaspace       used 35482K, committed 35968K, reserved 278528K
  class space    used 4907K, committed 5120K, reserved 212992K
}
Event: 45.882 GC heap after
{Heap after GC invocations=10 (full 0):
 garbage-first heap   total 86016K, used 31832K [0x00000000a0000000, 0x0000000100000000)
  region size 1024K, 3 young (3072K), 3 survivors (3072K)
 Metaspace       used 35482K, committed 35968K, reserved 278528K
  class space    used 4907K, committed 5120K, reserved 212992K
}
Event: 48.960 GC heap before
{Heap before GC invocations=11 (full 0):
 garbage-first heap   total 86016K, used 68696K [0x00000000a0000000, 0x0000000100000000)
  region size 1024K, 37 young (37888K), 3 survivors (3072K)
 Metaspace       used 38545K, committed 39040K, reserved 278528K
  class space    used 5270K, committed 5504K, reserved 212992K
}
Event: 48.965 GC heap after
{Heap after GC invocations=12 (full 0):
 garbage-first heap   total 86016K, used 32724K [0x00000000a0000000, 0x0000000100000000)
  region size 1024K, 3 young (3072K), 3 survivors (3072K)
 Metaspace       used 38545K, committed 39040K, reserved 278528K
  class space    used 5270K, committed 5504K, reserved 212992K
}
Event: 51.606 GC heap before
{Heap before GC invocations=12 (full 0):
 garbage-first heap   total 86016K, used 68564K [0x00000000a0000000, 0x0000000100000000)
  region size 1024K, 38 young (38912K), 3 survivors (3072K)
 Metaspace       used 40675K, committed 41216K, reserved 278528K
  class space    used 5610K, committed 5888K, reserved 212992K
}
Event: 51.614 GC heap after
{Heap after GC invocations=13 (full 0):
 garbage-first heap   total 86016K, used 34482K [0x00000000a0000000, 0x0000000100000000)
  region size 1024K, 3 young (3072K), 3 survivors (3072K)
 Metaspace       used 40675K, committed 41216K, reserved 278528K
  class space    used 5610K, committed 5888K, reserved 212992K
}
Event: 55.003 GC heap before
{Heap before GC invocations=13 (full 0):
 garbage-first heap   total 86016K, used 69298K [0x00000000a0000000, 0x0000000100000000)
  region size 1024K, 37 young (37888K), 3 survivors (3072K)
 Metaspace       used 43943K, committed 44544K, reserved 278528K
  class space    used 6136K, committed 6400K, reserved 212992K
}
Event: 55.009 GC heap after
{Heap after GC invocations=14 (full 0):
 garbage-first heap   total 86016K, used 36059K [0x00000000a0000000, 0x0000000100000000)
  region size 1024K, 4 young (4096K), 4 survivors (4096K)
 Metaspace       used 43943K, committed 44544K, reserved 278528K
  class space    used 6136K, committed 6400K, reserved 212992K
}
Event: 56.736 GC heap before
{Heap before GC invocations=14 (full 0):
 garbage-first heap   total 86016K, used 68827K [0x00000000a0000000, 0x0000000100000000)
  region size 1024K, 36 young (36864K), 4 survivors (4096K)
 Metaspace       used 47409K, committed 48000K, reserved 278528K
  class space    used 6614K, committed 6912K, reserved 212992K
}
Event: 56.743 GC heap after
{Heap after GC invocations=15 (full 0):
 garbage-first heap   total 86016K, used 37995K [0x00000000a0000000, 0x0000000100000000)
  region size 1024K, 4 young (4096K), 4 survivors (4096K)
 Metaspace       used 47409K, committed 48000K, reserved 278528K
  class space    used 6614K, committed 6912K, reserved 212992K
}
Event: 58.537 GC heap before
{Heap before GC invocations=15 (full 0):
 garbage-first heap   total 86016K, used 68715K [0x00000000a0000000, 0x0000000100000000)
  region size 1024K, 34 young (34816K), 4 survivors (4096K)
 Metaspace       used 50866K, committed 51456K, reserved 278528K
  class space    used 7129K, committed 7424K, reserved 212992K
}
Event: 58.545 GC heap after
{Heap after GC invocations=16 (full 0):
 garbage-first heap   total 86016K, used 40554K [0x00000000a0000000, 0x0000000100000000)
  region size 1024K, 5 young (5120K), 5 survivors (5120K)
 Metaspace       used 50866K, committed 51456K, reserved 278528K
  class space    used 7129K, committed 7424K, reserved 212992K
}

Dll operation events (15 events):
Event: 0.028 Loaded shared library C:\Program Files\Microsoft\jdk-17.0.10.7-hotspot\bin\java.dll
Event: 0.419 Loaded shared library C:\Program Files\Microsoft\jdk-17.0.10.7-hotspot\bin\jsvml.dll
Event: 1.387 Loaded shared library C:\Program Files\Microsoft\jdk-17.0.10.7-hotspot\bin\zip.dll
Event: 1.436 Loaded shared library C:\Program Files\Microsoft\jdk-17.0.10.7-hotspot\bin\instrument.dll
Event: 1.446 Loaded shared library C:\Program Files\Microsoft\jdk-17.0.10.7-hotspot\bin\net.dll
Event: 1.449 Loaded shared library C:\Program Files\Microsoft\jdk-17.0.10.7-hotspot\bin\nio.dll
Event: 1.455 Loaded shared library C:\Program Files\Microsoft\jdk-17.0.10.7-hotspot\bin\zip.dll
Event: 6.916 Loaded shared library C:\Program Files\Microsoft\jdk-17.0.10.7-hotspot\bin\jimage.dll
Event: 8.618 Loaded shared library C:\Program Files\Microsoft\jdk-17.0.10.7-hotspot\bin\verify.dll
Event: 9.410 Loaded shared library C:\Users\KHAN\.gradle\native\1def1411415f61bf3af743bc5b6707747c0891f09f0c88961ee8f79bc544acac\windows-amd64\native-platform.dll
Event: 9.596 Loaded shared library C:\Users\KHAN\.gradle\native\0.2.7\x86_64-windows-gnu\gradle-fileevents.dll
Event: 18.717 Loaded shared library C:\Program Files\Microsoft\jdk-17.0.10.7-hotspot\bin\management.dll
Event: 18.724 Loaded shared library C:\Program Files\Microsoft\jdk-17.0.10.7-hotspot\bin\management_ext.dll
Event: 21.879 Loaded shared library C:\Program Files\Microsoft\jdk-17.0.10.7-hotspot\bin\extnet.dll
Event: 24.794 Loaded shared library C:\Program Files\Microsoft\jdk-17.0.10.7-hotspot\bin\sunmscapi.dll

Deoptimization events (20 events):
Event: 58.893 Thread 0x0000018cdbf86910 Uncommon trap: trap_request=0xffffff45 fr.pc=0x0000018cbbcfc18c relative=0x000000000000032c
Event: 58.893 Thread 0x0000018cdbf86910 Uncommon trap: reason=unstable_if action=reinterpret pc=0x0000018cbbcfc18c method=org.gradle.internal.reflect.PropertyAccessorType.isGetGetterName(Ljava/lang/String;)Z @ 14 c2
Event: 58.893 Thread 0x0000018cdbf86910 DEOPT PACKING pc=0x0000018cbbcfc18c sp=0x0000004cdf2f6800
Event: 58.893 Thread 0x0000018cdbf86910 DEOPT UNPACKING pc=0x0000018cbb5569a3 sp=0x0000004cdf2f6758 mode 2
Event: 58.942 Thread 0x0000018cdbf86910 DEOPT PACKING pc=0x0000018cb4450750 sp=0x0000004cdf2f6a90
Event: 58.943 Thread 0x0000018cdbf86910 DEOPT UNPACKING pc=0x0000018cbb557143 sp=0x0000004cdf2f5f70 mode 0
Event: 58.994 Thread 0x0000018cdbf86910 Uncommon trap: trap_request=0xffffff45 fr.pc=0x0000018cbbc6d568 relative=0x00000000000000e8
Event: 58.994 Thread 0x0000018cdbf86910 Uncommon trap: reason=unstable_if action=reinterpret pc=0x0000018cbbc6d568 method=org.objectweb.asm.ByteVector.putShort(I)Lorg/objectweb/asm/ByteVector; @ 13 c2
Event: 58.994 Thread 0x0000018cdbf86910 DEOPT PACKING pc=0x0000018cbbc6d568 sp=0x0000004cdf2f6940
Event: 58.994 Thread 0x0000018cdbf86910 DEOPT UNPACKING pc=0x0000018cbb5569a3 sp=0x0000004cdf2f68d8 mode 2
Event: 58.995 Thread 0x0000018cdbf86910 Uncommon trap: trap_request=0xffffff45 fr.pc=0x0000018cbbcbaf80 relative=0x00000000000008c0
Event: 58.995 Thread 0x0000018cdbf86910 Uncommon trap: reason=unstable_if action=reinterpret pc=0x0000018cbbcbaf80 method=org.objectweb.asm.MethodWriter.visitLabel(Lorg/objectweb/asm/Label;)V @ 37 c2
Event: 58.995 Thread 0x0000018cdbf86910 DEOPT PACKING pc=0x0000018cbbcbaf80 sp=0x0000004cdf2f66c0
Event: 58.995 Thread 0x0000018cdbf86910 DEOPT UNPACKING pc=0x0000018cbb5569a3 sp=0x0000004cdf2f66c0 mode 2
Event: 58.995 Thread 0x0000018cdbf86910 Uncommon trap: trap_request=0xffffff45 fr.pc=0x0000018cbbdab920 relative=0x0000000000000460
Event: 58.995 Thread 0x0000018cdbf86910 Uncommon trap: reason=unstable_if action=reinterpret pc=0x0000018cbbdab920 method=org.objectweb.asm.MethodWriter.visitVarInsn(II)V @ 108 c2
Event: 58.995 Thread 0x0000018cdbf86910 DEOPT PACKING pc=0x0000018cbbdab920 sp=0x0000004cdf2f6760
Event: 58.995 Thread 0x0000018cdbf86910 DEOPT UNPACKING pc=0x0000018cbb5569a3 sp=0x0000004cdf2f6728 mode 2
Event: 59.205 Thread 0x0000018cdbf86910 DEOPT PACKING pc=0x0000018cb4403dcb sp=0x0000004cdf2f2a60
Event: 59.205 Thread 0x0000018cdbf86910 DEOPT UNPACKING pc=0x0000018cbb557143 sp=0x0000004cdf2f1f80 mode 0

Classes unloaded (0 events):
No events

Classes redefined (0 events):
No events

Internal exceptions (20 events):
Event: 53.783 Thread 0x0000018cdbf86910 Exception <a 'java/lang/NoSuchMethodError'{0x00000000a42f12b0}: 'int java.lang.invoke.DirectMethodHandle$Holder.invokeSpecialIFC(java.lang.Object, java.lang.Object, java.lang.Object)'> (0x00000000a42f12b0) 
thrown [s\src\hotspot\share\interpreter\linkResolver.cpp, line 759]
Event: 54.127 Thread 0x0000018cdbf86910 Exception <a 'java/lang/NoSuchMethodError'{0x00000000a3dc7df0}: 'java.lang.Object java.lang.invoke.DirectMethodHandle$Holder.newInvokeSpecial(java.lang.Object, java.lang.Object, long, java.lang.Object)'> (0x00000000a3dc7df0) 
thrown [s\src\hotspot\share\interpreter\linkResolver.cpp, line 759]
Event: 54.128 Thread 0x0000018cdbf86910 Exception <a 'java/lang/NoSuchMethodError'{0x00000000a3dcd370}: 'java.lang.Object java.lang.invoke.DirectMethodHandle$Holder.invokeSpecial(java.lang.Object, java.lang.Object, java.lang.Object, long, java.lang.Object)'> (0x00000000a3dcd370) 
thrown [s\src\hotspot\share\interpreter\linkResolver.cpp, line 759]
Event: 54.128 Thread 0x0000018cdbf86910 Exception <a 'java/lang/NoSuchMethodError'{0x00000000a3dd2248}: 'java.lang.Object java.lang.invoke.Invokers$Holder.linkToTargetMethod(java.lang.Object, long, java.lang.Object, java.lang.Object)'> (0x00000000a3dd2248) 
thrown [s\src\hotspot\share\interpreter\linkResolver.cpp, line 759]
Event: 54.136 Thread 0x0000018cdbf86910 Exception <a 'java/lang/NoSuchMethodError'{0x00000000a3dfef88}: 'void java.lang.invoke.DirectMethodHandle$Holder.invokeStatic(java.lang.Object, java.lang.Object, java.lang.Object, int, java.lang.Object)'> (0x00000000a3dfef88) 
thrown [s\src\hotspot\share\interpreter\linkResolver.cpp, line 759]
Event: 54.240 Thread 0x0000018cdbf86910 Exception <a 'java/lang/NoSuchMethodError'{0x00000000a3a00418}: 'int java.lang.invoke.DirectMethodHandle$Holder.invokeInterface(java.lang.Object, java.lang.Object, java.lang.Object, java.lang.Object, java.lang.Object)'> (0x00000000a3a00418) 
thrown [s\src\hotspot\share\interpreter\linkResolver.cpp, line 759]
Event: 54.484 Thread 0x0000018cdbf86910 Exception <a 'java/lang/NoSuchMethodError'{0x00000000a38ba440}: 'java.lang.Object java.lang.invoke.DirectMethodHandle$Holder.invokeSpecial(java.lang.Object, java.lang.Object, long, java.lang.Object, java.lang.Object)'> (0x00000000a38ba440) 
thrown [s\src\hotspot\share\interpreter\linkResolver.cpp, line 759]
Event: 54.857 Thread 0x0000018cdbf86910 Exception <a 'java/lang/NoSuchMethodError'{0x00000000a3325438}: 'java.lang.Object java.lang.invoke.DirectMethodHandle$Holder.newInvokeSpecial(java.lang.Object, java.lang.Object, java.lang.Object, java.lang.Object, int, java.lang.Object)'> (0x00000000a3325438) 
thrown [s\src\hotspot\share\interpreter\linkResolver.cpp, line 759]
Event: 54.858 Thread 0x0000018cdbf86910 Exception <a 'java/lang/NoSuchMethodError'{0x00000000a332e788}: 'java.lang.Object java.lang.invoke.Invokers$Holder.linkToTargetMethod(java.lang.Object, java.lang.Object, java.lang.Object, int, java.lang.Object, java.lang.Object)'> (0x00000000a332e788) 
thrown [s\src\hotspot\share\interpreter\linkResolver.cpp, line 759]
Event: 55.245 Thread 0x0000018cdbf86910 Exception <a 'java/lang/NoSuchMethodError'{0x00000000a54116a0}: 'java.lang.Object java.lang.invoke.DirectMethodHandle$Holder.invokeSpecialIFC(java.lang.Object, java.lang.Object, java.lang.Object)'> (0x00000000a54116a0) 
thrown [s\src\hotspot\share\interpreter\linkResolver.cpp, line 759]
Event: 57.134 Thread 0x0000018cdbf86910 Exception <a 'java/lang/ClassNotFoundException'{0x00000000a5036830}: sun/misc/SharedSecrets> (0x00000000a5036830) 
thrown [s\src\hotspot\share\classfile\systemDictionary.cpp, line 256]
Event: 57.354 Thread 0x0000018cdbf86910 Exception <a 'sun/nio/fs/WindowsException'{0x00000000a49dfaf8}> (0x00000000a49dfaf8) 
thrown [s\src\hotspot\share\prims\jni.cpp, line 516]
Event: 57.355 Thread 0x0000018cdbf86910 Exception <a 'sun/nio/fs/WindowsException'{0x00000000a49dfd68}> (0x00000000a49dfd68) 
thrown [s\src\hotspot\share\prims\jni.cpp, line 516]
Event: 57.357 Thread 0x0000018cdbf86910 Exception <a 'sun/nio/fs/WindowsException'{0x00000000a49e2e90}> (0x00000000a49e2e90) 
thrown [s\src\hotspot\share\prims\jni.cpp, line 516]
Event: 57.357 Thread 0x0000018cdbf86910 Exception <a 'sun/nio/fs/WindowsException'{0x00000000a49e31f0}> (0x00000000a49e31f0) 
thrown [s\src\hotspot\share\prims\jni.cpp, line 516]
Event: 57.359 Thread 0x0000018cdbf86910 Exception <a 'sun/nio/fs/WindowsException'{0x00000000a49ef6e0}> (0x00000000a49ef6e0) 
thrown [s\src\hotspot\share\prims\jni.cpp, line 516]
Event: 57.359 Thread 0x0000018cdbf86910 Exception <a 'sun/nio/fs/WindowsException'{0x00000000a49efa40}> (0x00000000a49efa40) 
thrown [s\src\hotspot\share\prims\jni.cpp, line 516]
Event: 57.968 Thread 0x0000018cdbf86910 Exception <a 'java/lang/NoSuchMethodError'{0x00000000a4094330}: 'void java.lang.invoke.DirectMethodHandle$Holder.invokeStatic(java.lang.Object, java.lang.Object, java.lang.Object, java.lang.Object, java.lang.Object, java.lang.Object, java.lang.Object)'> (0x00000000a4094330) 
thrown [s\src\hotspot\share\interpreter\linkResolver.cpp, line 759]
Event: 58.884 Thread 0x0000018cdbf86910 Exception <a 'java/lang/NoSuchMethodError'{0x00000000a51ee050}: 'long java.lang.invoke.DirectMethodHandle$Holder.invokeStatic(java.lang.Object, long)'> (0x00000000a51ee050) 
thrown [s\src\hotspot\share\interpreter\linkResolver.cpp, line 759]
Event: 58.995 Thread 0x0000018cdbf86910 Implicit null exception at 0x0000018cbbdab577 to 0x0000018cbbdab904

VM Operations (20 events):
Event: 54.462 Executing VM operation: HandshakeAllThreads
Event: 54.462 Executing VM operation: HandshakeAllThreads done
Event: 54.849 Executing VM operation: HandshakeAllThreads
Event: 54.850 Executing VM operation: HandshakeAllThreads done
Event: 54.850 Executing VM operation: Cleanup
Event: 54.850 Executing VM operation: Cleanup done
Event: 55.003 Executing VM operation: G1CollectForAllocation
Event: 55.009 Executing VM operation: G1CollectForAllocation done
Event: 56.018 Executing VM operation: Cleanup
Event: 56.034 Executing VM operation: Cleanup done
Event: 56.736 Executing VM operation: G1CollectForAllocation
Event: 56.743 Executing VM operation: G1CollectForAllocation done
Event: 57.747 Executing VM operation: Cleanup
Event: 57.764 Executing VM operation: Cleanup done
Event: 58.268 Executing VM operation: HandshakeAllThreads
Event: 58.268 Executing VM operation: HandshakeAllThreads done
Event: 58.340 Executing VM operation: ICBufferFull
Event: 58.340 Executing VM operation: ICBufferFull done
Event: 58.537 Executing VM operation: G1CollectForAllocation
Event: 58.545 Executing VM operation: G1CollectForAllocation done

Events (20 events):
Event: 55.502 loading class java/util/stream/SortedOps$SizedRefSortingSink
Event: 55.503 loading class java/util/stream/SortedOps$AbstractRefSortingSink
Event: 55.503 loading class java/util/stream/SortedOps$AbstractRefSortingSink done
Event: 55.503 loading class java/util/stream/SortedOps$SizedRefSortingSink done
Event: 57.020 loading class java/util/ArrayList$SubList$1
Event: 57.020 loading class java/util/ArrayList$SubList$1 done
Event: 57.134 loading class sun/misc/SharedSecrets
Event: 57.134 loading class sun/misc/SharedSecrets done
Event: 57.395 loading class java/nio/channels/Channels$ReadableByteChannelImpl
Event: 57.396 loading class java/nio/channels/Channels$ReadableByteChannelImpl done
Event: 57.471 loading class java/util/EmptyStackException
Event: 57.471 loading class java/util/EmptyStackException done
Event: 57.486 loading class java/io/InvalidClassException
Event: 57.486 loading class java/io/InvalidClassException done
Event: 57.995 loading class java/util/Comparators$NaturalOrderComparator
Event: 57.995 loading class java/util/Comparators$NaturalOrderComparator done
Event: 58.267 loading class java/io/FileWriter
Event: 58.268 loading class java/io/FileWriter done
Event: 58.883 loading class java/util/function/LongUnaryOperator
Event: 58.884 loading class java/util/function/LongUnaryOperator done


Dynamic libraries:
0x00007ff6c7f30000 - 0x00007ff6c7f3e000 	C:\Program Files\Microsoft\jdk-17.0.10.7-hotspot\bin\java.exe
0x00007ff8b8f50000 - 0x00007ff8b9148000 	C:\Windows\SYSTEM32\ntdll.dll
0x00007ff8b7770000 - 0x00007ff8b7832000 	C:\Windows\System32\KERNEL32.DLL
0x00007ff8b6750000 - 0x00007ff8b6a46000 	C:\Windows\System32\KERNELBASE.dll
0x00007ff8b6be0000 - 0x00007ff8b6ce0000 	C:\Windows\System32\ucrtbase.dll
0x00007ff8ac5f0000 - 0x00007ff8ac607000 	C:\Program Files\Microsoft\jdk-17.0.10.7-hotspot\bin\jli.dll
0x00007ff8b7840000 - 0x00007ff8b79e1000 	C:\Windows\System32\USER32.dll
0x00007ff8b6a50000 - 0x00007ff8b6a72000 	C:\Windows\System32\win32u.dll
0x00007ff8b7150000 - 0x00007ff8b717b000 	C:\Windows\System32\GDI32.dll
0x00007ff8b6630000 - 0x00007ff8b6749000 	C:\Windows\System32\gdi32full.dll
0x00007ff8b6d70000 - 0x00007ff8b6e0d000 	C:\Windows\System32\msvcp_win.dll
0x00007ff8ac5d0000 - 0x00007ff8ac5eb000 	C:\Program Files\Microsoft\jdk-17.0.10.7-hotspot\bin\VCRUNTIME140.dll
0x00007ff8a7770000 - 0x00007ff8a7a0b000 	C:\Windows\WinSxS\amd64_microsoft.windows.common-controls_6595b64144ccf1df_6.0.19041.6456_none_60b8a6cb71f64256\COMCTL32.dll
0x00007ff8b7200000 - 0x00007ff8b729e000 	C:\Windows\System32\msvcrt.dll
0x00007ff8b6f70000 - 0x00007ff8b6f9f000 	C:\Windows\System32\IMM32.DLL
0x00007ff8b2cc0000 - 0x00007ff8b2ccc000 	C:\Program Files\Microsoft\jdk-17.0.10.7-hotspot\bin\vcruntime140_1.dll
0x00007ff899610000 - 0x00007ff89969d000 	C:\Program Files\Microsoft\jdk-17.0.10.7-hotspot\bin\msvcp140.dll
0x00007ff860570000 - 0x00007ff8611d5000 	C:\Program Files\Microsoft\jdk-17.0.10.7-hotspot\bin\server\jvm.dll
0x00007ff8b7470000 - 0x00007ff8b7521000 	C:\Windows\System32\ADVAPI32.dll
0x00007ff8b72a0000 - 0x00007ff8b733f000 	C:\Windows\System32\sechost.dll
0x00007ff8b7030000 - 0x00007ff8b7150000 	C:\Windows\System32\RPCRT4.dll
0x00007ff8b6a80000 - 0x00007ff8b6aa7000 	C:\Windows\System32\bcrypt.dll
0x00007ff8b5b70000 - 0x00007ff8b5bbb000 	C:\Windows\SYSTEM32\POWRPROF.dll
0x00007ff8b2480000 - 0x00007ff8b2489000 	C:\Windows\SYSTEM32\WSOCK32.dll
0x00007ff8b7db0000 - 0x00007ff8b7e1b000 	C:\Windows\System32\WS2_32.dll
0x00007ff8a6d00000 - 0x00007ff8a6d27000 	C:\Windows\SYSTEM32\WINMM.dll
0x00007ff8a6dc0000 - 0x00007ff8a6dca000 	C:\Windows\SYSTEM32\VERSION.dll
0x00007ff8b59e0000 - 0x00007ff8b59f2000 	C:\Windows\SYSTEM32\UMPDC.dll
0x00007ff8b4de0000 - 0x00007ff8b4df2000 	C:\Windows\SYSTEM32\kernel.appcore.dll
0x00007ff8b26e0000 - 0x00007ff8b26ea000 	C:\Program Files\Microsoft\jdk-17.0.10.7-hotspot\bin\jimage.dll
0x00007ff8b3b80000 - 0x00007ff8b3d81000 	C:\Windows\SYSTEM32\DBGHELP.DLL
0x00007ff8a08e0000 - 0x00007ff8a0914000 	C:\Windows\SYSTEM32\dbgcore.DLL
0x00007ff8b6ce0000 - 0x00007ff8b6d62000 	C:\Windows\System32\bcryptPrimitives.dll
0x00007ff8b2a80000 - 0x00007ff8b2a8e000 	C:\Program Files\Microsoft\jdk-17.0.10.7-hotspot\bin\instrument.dll
0x00007ff8a2bc0000 - 0x00007ff8a2be5000 	C:\Program Files\Microsoft\jdk-17.0.10.7-hotspot\bin\java.dll
0x00007ff88feb0000 - 0x00007ff88ff87000 	C:\Program Files\Microsoft\jdk-17.0.10.7-hotspot\bin\jsvml.dll
0x00007ff8b7fd0000 - 0x00007ff8b8740000 	C:\Windows\System32\SHELL32.dll
0x00007ff8b4630000 - 0x00007ff8b4dd5000 	C:\Windows\SYSTEM32\windows.storage.dll
0x00007ff8b79f0000 - 0x00007ff8b7d44000 	C:\Windows\System32\combase.dll
0x00007ff8b6010000 - 0x00007ff8b603b000 	C:\Windows\SYSTEM32\Wldp.dll
0x00007ff8b73a0000 - 0x00007ff8b746d000 	C:\Windows\System32\OLEAUT32.dll
0x00007ff8b8870000 - 0x00007ff8b891d000 	C:\Windows\System32\SHCORE.dll
0x00007ff8b8a40000 - 0x00007ff8b8a9b000 	C:\Windows\System32\shlwapi.dll
0x00007ff8b6510000 - 0x00007ff8b6534000 	C:\Windows\SYSTEM32\profapi.dll
0x00007ff8a68e0000 - 0x00007ff8a68f8000 	C:\Program Files\Microsoft\jdk-17.0.10.7-hotspot\bin\zip.dll
0x00007ff8ac460000 - 0x00007ff8ac479000 	C:\Program Files\Microsoft\jdk-17.0.10.7-hotspot\bin\net.dll
0x00007ff8ae0f0000 - 0x00007ff8ae1fa000 	C:\Windows\SYSTEM32\WINHTTP.dll
0x00007ff8b5d70000 - 0x00007ff8b5dda000 	C:\Windows\system32\mswsock.dll
0x00007ff8a94b0000 - 0x00007ff8a94c6000 	C:\Program Files\Microsoft\jdk-17.0.10.7-hotspot\bin\nio.dll
0x00007ff8affc0000 - 0x00007ff8affd0000 	C:\Program Files\Microsoft\jdk-17.0.10.7-hotspot\bin\verify.dll
0x00007ff8a52b0000 - 0x00007ff8a52d7000 	C:\Users\KHAN\.gradle\native\1def1411415f61bf3af743bc5b6707747c0891f09f0c88961ee8f79bc544acac\windows-amd64\native-platform.dll
0x00007ff8a6930000 - 0x00007ff8a69a8000 	C:\Users\KHAN\.gradle\native\0.2.7\x86_64-windows-gnu\gradle-fileevents.dll
0x00007ff8afbb0000 - 0x00007ff8afbb9000 	C:\Program Files\Microsoft\jdk-17.0.10.7-hotspot\bin\management.dll
0x00007ff8afb90000 - 0x00007ff8afb9b000 	C:\Program Files\Microsoft\jdk-17.0.10.7-hotspot\bin\management_ext.dll
0x00007ff8b7180000 - 0x00007ff8b7188000 	C:\Windows\System32\PSAPI.DLL
0x00007ff8b5a00000 - 0x00007ff8b5a3b000 	C:\Windows\SYSTEM32\IPHLPAPI.DLL
0x00007ff8b7740000 - 0x00007ff8b7748000 	C:\Windows\System32\NSI.dll
0x00007ff8ae610000 - 0x00007ff8ae627000 	C:\Windows\SYSTEM32\dhcpcsvc6.DLL
0x00007ff8afe10000 - 0x00007ff8afe2d000 	C:\Windows\SYSTEM32\dhcpcsvc.DLL
0x00007ff8b5a50000 - 0x00007ff8b5b1a000 	C:\Windows\SYSTEM32\DNSAPI.dll
0x00007ff8acec0000 - 0x00007ff8acec9000 	C:\Program Files\Microsoft\jdk-17.0.10.7-hotspot\bin\extnet.dll
0x00007ff8b5f70000 - 0x00007ff8b5f88000 	C:\Windows\SYSTEM32\CRYPTSP.dll
0x00007ff8b5620000 - 0x00007ff8b5658000 	C:\Windows\system32\rsaenh.dll
0x00007ff8b6490000 - 0x00007ff8b64be000 	C:\Windows\SYSTEM32\USERENV.dll
0x00007ff8b5f60000 - 0x00007ff8b5f6c000 	C:\Windows\SYSTEM32\CRYPTBASE.dll
0x00007ff8b26d0000 - 0x00007ff8b26de000 	C:\Program Files\Microsoft\jdk-17.0.10.7-hotspot\bin\sunmscapi.dll
0x00007ff8b6e10000 - 0x00007ff8b6f6d000 	C:\Windows\System32\CRYPT32.dll
0x00007ff8b6080000 - 0x00007ff8b60a7000 	C:\Windows\SYSTEM32\ncrypt.dll
0x00007ff8b6040000 - 0x00007ff8b607b000 	C:\Windows\SYSTEM32\NTASN1.dll
0x00007ff8aad40000 - 0x00007ff8aad47000 	C:\Windows\system32\wshunix.dll

dbghelp: loaded successfully - version: 4.0.5 - missing functions: none
symbol engine: initialized successfully - sym options: 0x614 - pdb path: .;C:\Program Files\Microsoft\jdk-17.0.10.7-hotspot\bin;C:\Windows\SYSTEM32;C:\Windows\WinSxS\amd64_microsoft.windows.common-controls_6595b64144ccf1df_6.0.19041.6456_none_60b8a6cb71f64256;C:\Program Files\Microsoft\jdk-17.0.10.7-hotspot\bin\server;C:\Users\KHAN\.gradle\native\1def1411415f61bf3af743bc5b6707747c0891f09f0c88961ee8f79bc544acac\windows-amd64;C:\Users\KHAN\.gradle\native\0.2.7\x86_64-windows-gnu

VM Arguments:
jvm_args: --add-opens=java.base/java.lang=ALL-UNNAMED --add-opens=java.base/java.lang.invoke=ALL-UNNAMED --add-opens=java.base/java.util=ALL-UNNAMED --add-opens=java.prefs/java.util.prefs=ALL-UNNAMED --add-exports=jdk.compiler/com.sun.tools.javac.api=ALL-UNNAMED --add-exports=jdk.compiler/com.sun.tools.javac.util=ALL-UNNAMED --add-opens=java.base/java.util=ALL-UNNAMED --add-opens=java.prefs/java.util.prefs=ALL-UNNAMED --add-opens=java.base/java.nio.charset=ALL-UNNAMED --add-opens=java.base/java.net=ALL-UNNAMED --add-opens=java.base/java.util.concurrent.atomic=ALL-UNNAMED --add-opens=java.xml/javax.xml.namespace=ALL-UNNAMED -XX:MaxMetaspaceSize=256m -XX:+UseG1GC -Xmx1536m -Dfile.encoding=windows-1252 -Duser.country=US -Duser.language=en -Duser.variant -javaagent:C:\Users\KHAN\.gradle\wrapper\dists\gradle-8.14.1-bin\baw1sv0jfoi8rxs14qo3h49cs\gradle-8.14.1\lib\agents\gradle-instrumentation-agent-8.14.1.jar 
java_command: org.gradle.launcher.daemon.bootstrap.GradleDaemon 8.14.1
java_class_path (initial): C:\Users\KHAN\.gradle\wrapper\dists\gradle-8.14.1-bin\baw1sv0jfoi8rxs14qo3h49cs\gradle-8.14.1\lib\gradle-daemon-main-8.14.1.jar
Launcher Type: SUN_STANDARD

[Global flags]
     intx CICompilerCount                          = 3                                         {product} {ergonomic}
   size_t CompressedClassSpaceSize                 = 218103808                                 {product} {ergonomic}
     uint ConcGCThreads                            = 1                                         {product} {ergonomic}
     uint G1ConcRefinementThreads                  = 4                                         {product} {ergonomic}
   size_t G1HeapRegionSize                         = 1048576                                   {product} {ergonomic}
    uintx GCDrainStackTargetSize                   = 64                                        {product} {ergonomic}
   size_t InitialHeapSize                          = 134217728                                 {product} {ergonomic}
   size_t MarkStackSize                            = 4194304                                   {product} {ergonomic}
   size_t MaxHeapSize                              = 1610612736                                {product} {command line}
   size_t MaxMetaspaceSize                         = 268435456                                 {product} {command line}
   size_t MaxNewSize                               = 965738496                                 {product} {ergonomic}
   size_t MinHeapDeltaBytes                        = 1048576                                   {product} {ergonomic}
   size_t MinHeapSize                              = 8388608                                   {product} {ergonomic}
    uintx NonNMethodCodeHeapSize                   = 5832780                                {pd product} {ergonomic}
    uintx NonProfiledCodeHeapSize                  = 122912730                              {pd product} {ergonomic}
    uintx ProfiledCodeHeapSize                     = 122912730                              {pd product} {ergonomic}
    uintx ReservedCodeCacheSize                    = 251658240                              {pd product} {ergonomic}
     bool SegmentedCodeCache                       = true                                      {product} {ergonomic}
   size_t SoftMaxHeapSize                          = 1610612736                             {manageable} {ergonomic}
     bool UseCompressedClassPointers               = true                           {product lp64_product} {ergonomic}
     bool UseCompressedOops                        = true                           {product lp64_product} {ergonomic}
     bool UseG1GC                                  = true                                      {product} {command line}
     bool UseLargePagesIndividualAllocation        = false                                  {pd product} {ergonomic}

Logging:
Log output configuration:
 #0: stdout all=warning uptime,level,tags
 #1: stderr all=off uptime,level,tags

Environment Variables:
JAVA_HOME=C:\Program Files\Microsoft\jdk-17.0.10.7-hotspot\
PATH=C:\Users\KHAN\Shoppe\node_modules\.bin;C:\Users\KHAN\Shoppe\node_modules\.bin;C:\Users\KHAN\node_modules\.bin;C:\Users\node_modules\.bin;C:\node_modules\.bin;C:\Users\KHAN\AppData\Roaming\npm\node_modules\npm\node_modules\@npmcli\run-script\lib\node-gyp-bin;C:\Python312\Scripts\;C:\Python312\;C:\Program Files\Microsoft\jdk-17.0.10.7-hotspot\bin;C:\Windows\system32;C:\Windows;C:\Windows\System32\Wbem;C:\Windows\System32\WindowsPowerShell\v1.0\;C:\Windows\System32\OpenSSH\;C:\ProgramData\chocolatey\bin;C:\Program Files\Git\cmd;C:\Users\KHAN\AppData\Local\Android\Sdk\platform-tools;C:\Users\KHAN\AppData\Local\Android\Sdk\tools;C:\Program Files\nodejs\;C:\Program Files (x86)\Microsoft SQL Server\160\Tools\Binn\;C:\Program Files\Microsoft SQL Server\160\Tools\Binn\;C:\Program Files\Microsoft SQL Server\Client SDK\ODBC\170\Tools\Binn\;C:\Program Files\Microsoft SQL Server\160\DTS\Binn\;C:\Program Files\MongoDB\Server\8.2\bin;C:\tools\php85;C:\ProgramData\ComposerSetup\bin;C:\Users\KHAN\AppData\Local\Microsoft\WindowsApps;C:\Users\KHAN\AppData\Local\Programs\Microsoft VS Code\bin;C:\Users\KHAN\AppData\Local\Android\Sdk\platform-tools;C:\Users\KHAN\AppData\Local\Android\Sdk\platform-tools;C:\Users\KHAN\AppData\Roaming\npm;C:\Program Files\mongosh\;C:\Users\KHAN\AppData\Local\Programs\Antigravity\bin;C:\Users\KHAN\AppData\Roaming\Composer\vendor\bin
USERNAME=KHAN
LANG=en_US.UTF-8
OS=Windows_NT
PROCESSOR_IDENTIFIER=Intel64 Family 6 Model 58 Stepping 9, GenuineIntel
TMP=C:\Users\KHAN\AppData\Local\Temp
TEMP=C:\Users\KHAN\AppData\Local\Temp



Periodic native trim disabled


---------------  S Y S T E M  ---------------

OS:
 Windows 10 , 64 bit Build 19041 (10.0.19041.5915)
OS uptime: 22 days 3:58 hours

CPU: total 4 (initial active 4) (2 cores per cpu, 2 threads per core) family 6 model 58 stepping 9 microcode 0x21, cx8, cmov, fxsr, ht, mmx, sse, sse2, sse3, ssse3, sse4.1, sse4.2, popcnt, tsc, tscinvbit, avx, aes, erms, clmul, vzeroupper, clflush
Processor Information for all 4 processors :
  Max Mhz: 2601, Current Mhz: 2601, Mhz Limit: 2601

Memory: 4k page, system-wide physical 8095M (277M free)
TotalPageFile size 23286M (AvailPageFile size 5M)
current process WorkingSet (physical memory assigned to process): 248M, peak: 248M
current process commit charge ("private bytes"): 282M, peak: 283M

vm_info: OpenJDK 64-Bit Server VM (17.0.10+7-LTS) for windows-amd64 JRE (17.0.10+7-LTS), built on Jan 10 2024 19:47:12 by "MicrosoftCorporation" with MS VC++ 16.10 / 16.11 (VS2019)

END.
